--- Job model.gms Start 02/26/24 00:20:02 44.3.0 8b8fb1cb LEX-LEG x86 64bit/Linux
--- Applying:
    /local/scratch/a/peng372/opt/gams/44.3/gmsprmun.txt
--- GAMS Parameters defined
    Input /tmp/tmpscbf7fv0/model.gms
    Output /tmp/tmpscbf7fv0/output.lst
    ScrDir /tmp/tmpscbf7fv0/225a/
    SysDir /local/scratch/a/peng372/opt/gams/44.3/
    CurDir /tmp/tmpscbf7fv0/
    LogOption 3
Licensee: Prof. Ignacio E. Grossmann                     G240103|0002AS-GEN
          Carnegie Mellon University, Dept. of Chemical Engineering  DCE375
          /local/scratch/a/peng372/opt/gams/44.3/gamslice.txt
          License Admin: Ignacio E. Grossmann,                             
          Evaluation license: Not for commercial or production use
Processor information: 1 socket(s), 48 core(s), and 96 thread(s) available
GAMS 44.3.0   Copyright (C) 1987-2023 GAMS Development. All rights reserved
--- Starting compilation
--- model.gms(16365) 5 Mb
--- $echo File /tmp/tmpscbf7fv0/knitro.opt
--- model.gms(24231) 6 Mb
--- Starting execution: elapsed 0:00:00.042
--- model.gms(16364) 7 Mb
--- Generating MINLP model GAMS_MODEL
--- model.gms(16371) 11 Mb
---   6,057 rows  1,750 columns  24,741 non-zeroes
---   36,812 nl-code  5,733 nl-non-zeroes
---   102 discrete-columns
--- Range statistics (absolute non-zero finite values)
--- RHS       [min, max] : [ 1.000E+00, 1.000E+06] - Zero values observed as well
--- Bound     [min, max] : [ 1.000E+00, 3.000E+02] - Zero values observed as well
--- Matrix    [min, max] : [ 3.448E-02, 1.000E+06] - Zero values observed as well
--- model.gms(16371) 9 Mb
--- Executing KNITRO (Solvelink=5): elapsed 0:00:00.064

KNITRO           44.3.0 8b8fb1cb Sep 1, 2023           LEG x86 64bit/Linux    

--- Artelys Knitro Optimizer 13.2.0

Reading parameter(s) from "/tmp/tmpscbf7fv0/knitro.opt"
>>  mip_multistart 1
Finished reading from "/tmp/tmpscbf7fv0/knitro.opt"

--- GMO Q Extraction (ThreePass): 0.00s
--- GMO setup time: 0.00s
--- Set initial levels for 0 / 1749 variables.
--- Set initial marginals for 0 / 1749 variables.
--- Set initial marginals for 0 / 6056 equations.

=======================================
          Commercial License
         Artelys Knitro 13.2.0
=======================================

No start point provided -- Knitro computing one.

concurrent_evals:        0
datacheck:               0
hessian_no_f:            1
maxtime_real:            3600
numthreads:              1
mip_maxtime_real:        3600
mip_multistart           1
mip_opt_gap_abs:         0
Knitro changing mip_method from AUTO to 1.
Knitro changing mip_rootalg from AUTO to 1.
Knitro changing mip_lpalg from AUTO to 3.
Knitro changing mip_branchrule from AUTO to 2.
Knitro changing mip_selectrule from AUTO to 2.
Knitro changing mip_mir from AUTO to 2.
Knitro changing mip_clique from AUTO to 0.
Knitro changing mip_zerohalf from AUTO to 0.
Knitro changing mip_liftproject from AUTO to 0.
Knitro changing mip_knapsack from AUTO to 1.
Knitro changing mip_gomory from AUTO to 0.
Knitro changing mip_rounding from AUTO to 3.
Knitro changing mip_heuristic_strategy from AUTO to 1.
Knitro changing mip_heuristic_feaspump from AUTO to 1.
Knitro changing mip_heuristic_misqp from AUTO to 0.
Knitro changing mip_heuristic_mpec from AUTO to 1.
Knitro changing mip_heuristic_diving from AUTO to 0.
Knitro changing mip_heuristic_lns from AUTO to 0.
Knitro changing mip_pseudoinit from AUTO to 1.

Problem Characteristics
-----------------------
Objective goal:  Minimize
Objective type:  quadratic
Number of variables:                               1749
    bounded below only:                               0
    bounded above only:                               0
    bounded below and above:                       1749
    fixed:                                            0
    free:                                             0
Number of binary variables:                         102
Number of integer variables:                          0
Number of constraints:                             6056
    linear equalities:                              844
    quadratic equalities:                             0
    gen. nonlinear equalities:                        0
    linear one-sided inequalities:                  298
    quadratic one-sided inequalities:              1638
    gen. nonlinear one-sided inequalities:         3276
    linear two-sided inequalities:                    0
    quadratic two-sided inequalities:                 0
    gen. nonlinear two-sided inequalities:            0
Number of nonzeros in Jacobian:                   23921
Number of nonzeros in Hessian:                      819

Knitro detected 24 GUB constraints
Knitro derived 4 knapsack covers after examining 323 constraints
Knitro using Branch and Bound method with 1 thread.

       Nodes        Best solution   Best bound      Gap       Time 
   Expl  |  Unexpl      value         value                  (secs)
   ---------------  -------------   ----------      ---      ------
      0       0                           -inf                0.052
      1       2                       -801.187                0.200
      1       2     -31.6794   FP     -801.187   2429.05%     6.265
     10       5     -31.6794          -704.423   2123.60%    17.405
     20      11     -31.6794          -420.475   1227.28%    87.760
     26      13     -137.180 LEAF     -308.052    124.56%   100.971
     27      12     -212.009 LEAF     -301.561     42.24%   101.345
     30       9     -212.009          -290.320     36.94%   103.562
     37       2     -212.009          -212.009      0.00%   145.658

EXIT: Optimal solution found (assuming convexity).

Final Statistics for MIP
------------------------
Final objective value               =  -2.12008786975813e+02
Final bound value                   =  -2.12008786975813e+02
Final optimality gap (abs / rel)    =  0.00e+00 / 0.00e+00 (0.00%)
# of root cutting plane rounds      =  0
# of restarts                       =  0
# of nodes processed                =  37 (138.232s)
# of strong branching evaluations   =  0 (0.000s)
# of function evaluations           =  29419 (12.090s)
# of gradient evaluations           =  11812 (7.938s)
# of hessian evaluations            =  11897 (6.199s)
# of hessian-vector evaluations     =  0
# of subproblems processed          =  43 (145.553s)
Total program time (secs)           =  145.65759 (145.627 CPU time)
Time spent in evaluations (secs)    =  26.22797

Cuts statistics (gen / add)
---------------------------
Knapsack cuts                       =  4 / 0
Mixed-integer rounding cuts         =  0 / 0

Heuristics statistics (calls / successes / time)
------------------------------------------------
Feasibility pump                    =  1 / 1 / 6.063s
Rounding heuristic                  =  0 / 0 / 0.032s
MPEC heuristic                      =  1 / 0 / 1.262s

===========================================================================

--- Reading solution for model GAMS_MODEL
--- Executing after solve: elapsed 0:02:25.741
--- model.gms(16374) 9 Mb
--- model.gms(24231) 11 Mb
--- Putfile results /tmp/tmpscbf7fv0/results.dat
--- Putfile statresults /tmp/tmpscbf7fv0/resultsstat.dat
*** Status: Normal completion
--- Job model.gms Stop 02/26/24 00:22:28 elapsed 0:02:25.756

Problem: 
- Name: /tmp/tmpscbf7fv0/model.gms
  Lower bound: -212.00878697581257
  Upper bound: -212.00878697581254
  Number of objectives: 1
  Number of constraints: 6057.0
  Number of variables: 1750.0
  Number of binary variables: None
  Number of integer variables: 102.0
  Number of continuous variables: 1648.0
  Number of nonzeros: 24741.0
  Sense: minimize
Solver: 
- Name: GAMS (44, 3, 0, 0)
  Status: ok
  Return code: 0
  Message: None
  User time: 145.69700004067272
  System time: None
  Wallclock time: None
  Termination condition: optimal
  Termination message: None
Solution: 
- number of solutions: 0
  number of solutions displayed: 0

