--- Job model.gms Start 02/26/24 00:19:35 44.3.0 8b8fb1cb LEX-LEG x86 64bit/Linux
--- Applying:
    /local/scratch/a/peng372/opt/gams/44.3/gmsprmun.txt
--- GAMS Parameters defined
    Input /tmp/tmp7z9hukkf/model.gms
    Output /tmp/tmp7z9hukkf/output.lst
    ScrDir /tmp/tmp7z9hukkf/225a/
    SysDir /local/scratch/a/peng372/opt/gams/44.3/
    CurDir /tmp/tmp7z9hukkf/
    LogOption 3
Licensee: Prof. Ignacio E. Grossmann                     G240103|0002AS-GEN
          Carnegie Mellon University, Dept. of Chemical Engineering  DCE375
          /local/scratch/a/peng372/opt/gams/44.3/gamslice.txt
          License Admin: Ignacio E. Grossmann,                             
          Evaluation license: Not for commercial or production use
Processor information: 1 socket(s), 48 core(s), and 96 thread(s) available
GAMS 44.3.0   Copyright (C) 1987-2023 GAMS Development. All rights reserved
--- Starting compilation
--- model.gms(16365) 5 Mb
--- $echo File /tmp/tmp7z9hukkf/dicopt.opt
--- model.gms(24231) 6 Mb
--- Starting execution: elapsed 0:00:00.042
--- model.gms(16364) 7 Mb
--- Generating MINLP model GAMS_MODEL
--- model.gms(16371) 11 Mb
--- Reset Solvelink = 2
---   6,057 rows  1,750 columns  24,741 non-zeroes
---   36,812 nl-code  5,733 nl-non-zeroes
---   102 discrete-columns
--- Range statistics (absolute non-zero finite values)
--- RHS       [min, max] : [ 1.000E+00, 1.000E+06] - Zero values observed as well
--- Bound     [min, max] : [ 1.000E+00, 3.000E+02] - Zero values observed as well
--- Matrix    [min, max] : [ 3.448E-02, 1.000E+06] - Zero values observed as well
--- model.gms(16371) 9 Mb
--- Executing DICOPT (Solvelink=2): elapsed 0:00:00.070
-------------------------------------------------------------------------------
Dicopt 2         44.3.0 8b8fb1cb Sep 1, 2023           LEG x86 64bit/Linux    
-------------------------------------------------------------------------------
Reading parameter(s) from "/tmp/tmp7z9hukkf/dicopt.opt"
>>  stop 1
Finished reading from "/tmp/tmp7z9hukkf/dicopt.opt"

--- DICOPT: Starting major iteration 1
--- DICOPT: Setting up first (relaxed) NLP.

COIN-OR Ipopt    44.3.0 8b8fb1cb Sep 1, 2023           LEG x86 64bit/Linux    

COIN-OR Interior Point Optimizer (Ipopt Library 3.14.12)
written by A. Waechter, commercially supported by GAMS Development Corp.

******************************************************************************
This program contains Ipopt, a library for large-scale nonlinear optimization.
 Ipopt is released as open source code under the Eclipse Public License (EPL).
         For more information visit https://github.com/coin-or/Ipopt
******************************************************************************

This is Ipopt version 3.14.12, running with linear solver ma27.

Number of nonzeros in equality constraint Jacobian...:     4123
Number of nonzeros in inequality constraint Jacobian.:    19798
Number of nonzeros in Lagrangian Hessian.............:      819

Total number of variables............................:     1749
                     variables with only lower bounds:        0
                variables with lower and upper bounds:     1749
                     variables with only upper bounds:        0
Total number of equality constraints.................:      844
Total number of inequality constraints...............:     5212
        inequality constraints with only lower bounds:        0
   inequality constraints with lower and upper bounds:        0
        inequality constraints with only upper bounds:     5212

iter    objective    inf_pr   inf_du lg(mu)  ||d||  lg(rg) alpha_du alpha_pr  ls
   0 -8.9999998e-04 9.90e-01 1.00e+00   0.0 0.00e+00    -  0.00e+00 0.00e+00   0
   1 -1.1418373e-03 9.79e-01 1.61e+00  -1.2 9.90e+01    -  1.06e-02 1.97e-02f  1
   2 -1.3710350e-03 9.63e-01 1.99e+00  -1.2 9.71e+01    -  2.14e-02 1.65e-02f  1
   3 -4.0863121e-03 8.35e-01 3.51e+00  -1.2 9.55e+01    -  5.53e-02 1.31e-01f  1
   4 -2.1420017e-02 5.07e-01 2.92e+00  -1.2 8.30e+01    -  1.75e-01 3.88e-01f  1
   5 -4.5718649e-02 3.39e-01 2.37e+00  -1.3 5.07e+01    -  4.00e-01 3.31e-01f  1
   6 -1.1357796e-01 1.26e-01 9.71e-01  -1.5 3.39e+01    -  6.64e-01 6.27e-01h  1
   7 -2.3168511e-01 3.02e-02 2.94e-01  -2.0 1.26e+01    -  7.19e-01 7.61e-01h  1
   8 -4.5009077e-01 6.05e-03 7.33e-01  -2.6 3.41e+00    -  7.24e-01 7.99e-01h  1
   9 -1.4682644e+01 6.98e+04 6.23e+00  -3.1 3.25e+02    -  1.58e-02 4.91e-01f  1
iter    objective    inf_pr   inf_du lg(mu)  ||d||  lg(rg) alpha_du alpha_pr  ls
  10 -1.8369419e+01 4.59e+04 1.14e+01  -3.1 2.02e+01  -2.0 1.02e-01 4.32e-01h  1
  11 -1.9354981e+01 4.38e+04 1.10e+00  -3.2 1.47e+01  -1.6 3.34e-01 5.07e-02h  1
  12 -1.9737356e+01 3.87e+04 8.70e+00  -3.4 1.41e+01  -1.1 4.74e-01 1.38e-01h  1
  13 -4.3988027e+01 3.27e+04 6.64e+00  -3.6 1.59e+01  -1.6 1.29e-01 1.66e-01f  1
  14 -4.5222223e+01 3.13e+04 1.56e+02  -3.7 1.64e+01  -1.2 6.73e-01 4.30e-02h  1
  15 -2.9240307e+02 3.10e+04 1.54e+02  -4.2 5.55e+02  -1.7 4.67e-03 1.02e-02f  1
  16 -3.0097866e+02 2.90e+04 2.01e+02  -4.2 1.64e+01  -1.3 7.95e-01 6.87e-02f  1
  17 -3.1209277e+02 2.88e+04 1.15e+03  -1.0 5.27e+01  -1.7 1.16e-01 5.50e-03f  1
  18 -3.3406687e+02 2.48e+04 9.80e+02  -4.9 1.64e+01  -1.3 4.96e-01 1.51e-01f  1
  19 -5.1335997e+02 2.25e+04 8.87e+02  -5.2 4.46e+01  -1.8 6.33e-02 9.47e-02f  1
iter    objective    inf_pr   inf_du lg(mu)  ||d||  lg(rg) alpha_du alpha_pr  ls
  20 -5.1192436e+02 1.72e+04 1.14e+02  -1.3 1.62e+01  -1.4 1.77e-01 2.72e-01h  1
  21 -5.4094954e+02 1.38e+04 8.88e+01  -5.3 1.62e+01  -1.8 2.52e-01 2.21e-01f  1
  22 -5.4110566e+02 1.36e+04 1.57e+03  -1.6 2.12e+01  -1.4 2.56e-01 1.15e-02h  1
  23 -5.9811288e+02 9.05e+03 9.21e+02  -5.6 2.26e+01  -1.9 8.34e-02 4.12e-01f  1
  24 -5.9996485e+02 6.86e+03 2.87e+02  -1.7 2.33e+01  -1.5 2.25e-01 2.78e-01h  1
  25 -6.0526669e+02 6.37e+03 5.60e+03  -1.3 3.15e+01  -1.9 2.64e-01 7.20e-02f  1
  26 -6.5473610e+02 5.97e+03 3.29e+03  -0.7 1.71e+02  -2.4 4.03e-02 6.00e-02f  1
  27 -6.5836090e+02 4.23e+03 1.72e+03  -1.1 2.09e+01  -2.0 3.23e-01 3.32e-01h  1
  28 -6.6394568e+02 3.96e+03 1.83e+04  -1.2 2.66e+01  -2.5 3.65e-01 6.62e-02h  1
  29 -6.7827908e+02 3.70e+03 2.02e+04  -1.6 8.61e+01  -2.9 1.97e-01 6.88e-02f  1
iter    objective    inf_pr   inf_du lg(mu)  ||d||  lg(rg) alpha_du alpha_pr  ls
  30 -6.9331064e+02 3.41e+03 2.21e+04  -2.0 9.66e+01  -3.4 4.17e-01 8.28e-02f  1
  31 -7.1069790e+02 2.85e+03 2.49e+04  -2.1 7.51e+01  -3.0 9.70e-01 1.80e-01f  1
  32 -7.2320025e+02 2.54e+03 2.21e+04  -7.7 7.05e+01  -3.5 4.00e-01 1.14e-01f  1
  33 -7.3981324e+02 2.06e+03 1.75e+04  -3.9 6.37e+01  -3.0 5.87e-01 2.10e-01f  1
  34 -7.5506941e+02 1.73e+03 1.32e+04  -2.4 6.86e+01  -3.5 2.79e-02 1.77e-01f  1
  35 -7.5817209e+02 1.34e+03 9.67e+04  -1.3 8.79e+01  -3.1 1.00e+00 2.60e-01h  1
  36 -7.2242052e+02 7.02e+02 2.38e+05  -0.8 9.09e+01  -3.6 9.55e-01 5.64e-01H  1
  37 -7.0630398e+02 6.70e+02 5.00e+06  -0.1 4.27e+02  -4.0 8.89e-01 4.60e-02f  1
  38 -6.7271185e+02 5.51e+02 7.29e+06  -0.3 1.61e+02    -  1.00e+00 1.96e-01f  1
  39 -6.1764702e+02 3.86e+02 8.01e+06  -0.3 1.56e+02    -  1.00e+00 3.52e-01f  2
iter    objective    inf_pr   inf_du lg(mu)  ||d||  lg(rg) alpha_du alpha_pr  ls
  40 -5.3616337e+02 1.87e+02 4.67e+06  -0.3 9.02e+01    -  1.00e+00 7.05e-01H  1
  41 -5.1732122e+02 1.56e+02 1.77e+07  -0.3 1.44e+02    -  1.00e+00 4.27e-01h  1
  42 -6.5239867e+02 1.02e+02 4.21e+06  -0.9 8.98e+01    -  1.00e+00 8.57e-01f  1
  43 -7.0053789e+02 4.42e+01 2.42e+07  -1.0 8.86e+01    -  1.00e+00 6.23e-01h  1
  44 -7.1408190e+02 1.93e+01 6.92e+07  -1.0 4.14e+01    -  1.00e+00 5.70e-01h  1
  45 -7.2008895e+02 7.95e+00 1.24e+08  -1.0 1.89e+01    -  1.00e+00 5.91e-01h  1
  46 -7.7057110e+02 1.27e+00 4.70e+06  -1.6 8.12e+01    -  1.00e+00 8.41e-01f  1
  47 -7.9177765e+02 2.20e-01 4.63e+07  -2.2 1.25e+02    -  1.00e+00 8.27e-01h  1
  48 -7.9842715e+02 3.96e-02 2.53e+07  -2.7 2.47e+01    -  1.00e+00 8.20e-01h  1
  49 -8.0097601e+02 1.79e-03 2.54e+06  -3.9 1.22e+01    -  1.00e+00 9.55e-01h  1
iter    objective    inf_pr   inf_du lg(mu)  ||d||  lg(rg) alpha_du alpha_pr  ls
  50 -8.0118392e+02 7.66e-13 2.33e-06  -5.4 5.06e-01    -  1.00e+00 1.00e+00h  1
  51 -8.0118693e+02 9.64e-13 9.50e+01 -11.0 5.89e-03    -  9.99e-01 1.00e+00h  1
  52 -8.0118693e+02 6.29e-04 6.12e+02  -6.5 8.08e-03  -4.5 2.34e-01 7.74e-02f  1
  53 -8.0118691e+02 3.09e-04 3.39e+02  -7.2 4.95e-02    -  1.87e-01 1.00e+00h  1
In iteration 53, 1 Slack too small, adjusting variable bound
  54 -8.0118692e+02 8.90e-05 2.27e+02  -7.2 7.30e-03    -  3.52e-01 9.58e-01h  1
  55 -8.0118699e+02 5.23e-05 4.97e+02  -7.2 5.65e-03    -  1.37e-01 1.00e+00h  1
  56 -8.0118605e+02 4.68e-03 1.11e+04  -5.2 2.97e-01    -  3.26e-02 1.00e+00f  1
  57 -8.0118602e+02 2.55e-09 3.94e+03  -6.1 3.23e-01    -  4.01e-01 6.48e-01h  1
  58 -8.0118727e+02 2.65e-03 5.42e-10  -6.1 4.10e-02    -  1.00e+00 1.00e+00f  1
In iteration 58, 2 Slacks too small, adjusting variable bounds
  59 -8.0118694e+02 5.33e-07 1.35e-02 -11.0 7.16e-02    -  9.99e-01 1.00e+00h  1
iter    objective    inf_pr   inf_du lg(mu)  ||d||  lg(rg) alpha_du alpha_pr  ls
  60 -8.0118693e+02 7.79e-13 1.75e+11  -9.4 1.33e-02    -  7.57e-07 1.00e+00h  1
  61 -8.0118693e+02 3.74e+00 5.53e+02  -9.4 3.74e+00    -  1.78e-06 1.00e+00f  1
  62 -8.0118693e+02 2.96e-01 3.14e+00  -9.4 3.81e+00    -  1.00e+00 9.04e-01h  1
In iteration 62, 1 Slack too small, adjusting variable bound
  63 -8.0118693e+02 3.51e-01 2.63e+00  -9.4 3.43e-01    -  1.00e+00 1.60e-01f  1
In iteration 63, 1 Slack too small, adjusting variable bound
  64 -8.0118693e+02 8.76e-02 9.27e-01  -9.4 4.07e-01    -  1.00e+00 6.48e-01h  1
In iteration 64, 1 Slack too small, adjusting variable bound
  65 -8.0118693e+02 5.26e-02 3.94e-01  -9.4 6.09e-02    -  1.00e+00 5.75e-01h  1
In iteration 65, 1 Slack too small, adjusting variable bound
  66 -8.0118693e+02 1.53e-02 1.63e-01  -9.4 6.33e-02    -  1.00e+00 5.88e-01h  1
In iteration 66, 1 Slack too small, adjusting variable bound
  67 -8.0118693e+02 8.97e-03 6.79e-02  -9.4 1.09e-02    -  1.00e+00 5.86e-01h  1
In iteration 67, 1 Slack too small, adjusting variable bound
  68 -8.0118693e+02 2.61e-03 2.94e-02  -9.4 1.08e-02    -  1.00e+00 5.88e-01h  1
In iteration 68, 1 Slack too small, adjusting variable bound
  69 -8.0118693e+02 1.51e-03 1.53e-02  -9.4 1.85e-03    -  1.00e+00 5.91e-01h  1
iter    objective    inf_pr   inf_du lg(mu)  ||d||  lg(rg) alpha_du alpha_pr  ls
  70 -8.0118694e+02 5.13e-05 4.29e-01 -10.3 1.55e-03    -  1.00e+00 9.43e-01h  1
In iteration 70, 1 Slack too small, adjusting variable bound
  71 -8.0118694e+02 1.48e-05 1.14e-01 -10.4 4.29e-05    -  1.00e+00 8.09e-01h  1
  72 -8.0118694e+02 8.31e-13 3.49e-10 -10.4 2.76e-05    -  1.00e+00 1.00e+00h  1

Number of Iterations....: 72

                                   (scaled)                 (unscaled)
Objective...............:  -8.0118693517184420e+02   -8.0118693517184420e+02
Dual infeasibility......:   3.4855118791199402e-10    3.4855118791199402e-10
Constraint violation....:   3.6760446378294140e-13    8.3064433632834982e-13
Variable bound violation:   2.0862330529780593e-08    2.0862330529780593e-08
Complementarity.........:   6.0873522740545124e-11    6.0873522740545124e-11
Overall NLP error.......:   3.4855118791199402e-10    3.4855118791199402e-10


Number of objective function evaluations             = 78
Number of objective gradient evaluations             = 73
Number of equality constraint evaluations            = 78
Number of inequality constraint evaluations          = 78
Number of equality constraint Jacobian evaluations   = 1
Number of inequality constraint Jacobian evaluations = 73
Number of Lagrangian Hessian evaluations             = 72
Total seconds in IPOPT                               = 0.847

EXIT: Optimal Solution Found.
--- DICOPT: Setting up first MIP

IBM ILOG CPLEX   44.3.0 8b8fb1cb Sep 1, 2023           LEG x86 64bit/Linux    

--- GAMS/CPLEX licensed for continuous and discrete problems.
--- GMO setup time: 0.00s
--- Space for names approximately 0.21 Mb
--- Use option 'names no' to turn use of names off
--- GMO memory 3.46 Mb (peak 3.51 Mb)
--- Dictionary memory 0.00 Mb
--- Cplex 22.1.1.0 link memory 0.20 Mb (peak 0.89 Mb)
--- Starting Cplex

Version identifier: 22.1.1.0 | 2022-11-28 | 9160aff4d
CPXPARAM_Advance                                 0
CPXPARAM_Threads                                 1
CPXPARAM_MIP_Display                             4
CPXPARAM_MIP_Pool_Capacity                       0
CPXPARAM_TimeLimit                               3599.1534190177917
CPXPARAM_MIP_Tolerances_AbsMIPGap                0
CPXPARAM_MIP_Tolerances_MIPGap                   0
Generic callback                                 0x50
Tried aggregator 2 times.
MIP Presolve eliminated 4893 rows and 4793 columns.
Aggregator did 28 substitutions.
Reduced MIP has 1136 rows, 1846 columns, and 5145 nonzeros.
Reduced MIP has 42 binaries, 0 generals, 0 SOSs, and 0 indicators.
Presolve time = 0.00 sec. (7.55 ticks)
Probing changed sense of 7 constraints.
Probing time = 0.00 sec. (0.40 ticks)
Tried aggregator 1 time.
Detecting symmetries...
MIP Presolve eliminated 144 rows and 42 columns.
Reduced MIP has 992 rows, 1804 columns, and 4773 nonzeros.
Reduced MIP has 0 binaries, 0 generals, 0 SOSs, and 0 indicators.
Presolve time = 0.00 sec. (3.10 ticks)
MIP emphasis: balance optimality and feasibility.
MIP search method: dynamic search.
Parallel mode: none, using 1 thread.
Initializing dual steep norms . . .

Iteration log . . .
Iteration:     1   Dual objective     =          -828.809229
Root relaxation solution time = 0.00 sec. (1.99 ticks)

        Nodes                                         Cuts/
   Node  Left     Objective  IInf  Best Integer    Best Bound    ItCnt     Gap

*     0     0      integral     0     -801.1869     -801.1869       94    0.00%
Elapsed time = 0.01 sec. (18.51 ticks, tree = 0.00 MB)
Found incumbent of value -801.186934 after 0.01 sec. (18.51 ticks)

Root node processing (before b&c):
  Real time             =    0.01 sec. (18.62 ticks)
Sequential b&c:
  Real time             =    0.00 sec. (0.00 ticks)
                          ------------
Total (root+branch&cut) =    0.01 sec. (18.62 ticks)

--- MIP status (101): integer optimal solution.
--- Cplex Time: 0.01sec (det. 18.64 ticks)

--- Returning a primal only solution to GAMS (marginals all set to NA).
--- Fixing integer variables and solving final LP...

Version identifier: 22.1.1.0 | 2022-11-28 | 9160aff4d
CPXPARAM_Advance                                 2
CPXPARAM_Threads                                 1
CPXPARAM_MIP_Display                             4
CPXPARAM_MIP_Pool_Capacity                       0
CPXPARAM_TimeLimit                               3599.1534190177917
CPXPARAM_MIP_Tolerances_AbsMIPGap                0
CPXPARAM_MIP_Tolerances_MIPGap                   0
Tried aggregator 1 time.
LP Presolve eliminated 5057 rows and 4855 columns.
Aggregator did 8 substitutions.
Reduced LP has 992 rows, 1804 columns, and 4773 nonzeros.
Presolve time = 0.00 sec. (5.54 ticks)
Initializing dual steep norms . . .

Iteration log . . .
Iteration:     1   Dual objective     =          -829.151585

--- Fixed MIP status (1): optimal.
--- Cplex Time: 0.01sec (det. 10.45 ticks)


Proven optimal solution
MIP Solution:         -801.186934    (94 iterations, 0 nodes)
Final Solve:          -801.186934    (94 iterations)

Best possible:        -801.186934
Absolute gap:            0.000001
Relative gap:            0.000000

--- DICOPT: Starting major iteration 2
--- DICOPT: Setting up next NLP

COIN-OR Ipopt    44.3.0 8b8fb1cb Sep 1, 2023           LEG x86 64bit/Linux    

COIN-OR Interior Point Optimizer (Ipopt Library 3.14.12)
written by A. Waechter, commercially supported by GAMS Development Corp.
This is Ipopt version 3.14.12, running with linear solver ma27.

Number of nonzeros in equality constraint Jacobian...:     4067
Number of nonzeros in inequality constraint Jacobian.:    14742
Number of nonzeros in Lagrangian Hessian.............:      819

Total number of variables............................:     1647
                     variables with only lower bounds:        0
                variables with lower and upper bounds:     1647
                     variables with only upper bounds:        0
Total number of equality constraints.................:      844
Total number of inequality constraints...............:     5212
        inequality constraints with only lower bounds:        0
   inequality constraints with lower and upper bounds:        0
        inequality constraints with only upper bounds:     5212

iter    objective    inf_pr   inf_du lg(mu)  ||d||  lg(rg) alpha_du alpha_pr  ls
   0 -7.8532149e+02 7.26e+04 1.00e+00   0.0 0.00e+00    -  0.00e+00 0.00e+00   0
   1 -7.6497094e+02 3.74e+04 1.33e+01  -0.6 1.03e+04    -  1.29e-01 7.00e-01h  1
   2 -7.4294965e+02 1.53e+04 2.21e+01  -0.7 3.09e+03    -  5.89e-01 8.91e-01h  1
   3 -7.3989979e+02 1.33e+04 4.60e+01  -1.1 4.53e+02    -  3.11e-02 1.36e-01h  1
   4 -7.3262371e+02 9.39e+03 1.13e+02  -1.1 5.66e+02    -  5.84e-02 3.46e-01h  1
   5 -7.1660542e+02 4.62e+03 1.76e+02  -1.1 3.70e+02    -  3.61e-01 7.06e-01h  1
   6 -6.9138486e+02 2.58e+03 4.03e+02  -1.3 1.29e+02    -  1.92e-01 5.70e-01h  1
   7 -6.8082799e+02 2.04e+03 5.18e+02  -1.4 5.48e+01    -  7.21e-02 2.10e-01h  1
   8 -6.7692117e+02 1.87e+03 2.33e+02  -1.4 4.45e+01    -  2.37e-01 8.55e-02h  1
   9 -6.7076456e+02 1.66e+03 2.94e+02  -1.6 1.37e+02    -  4.81e-02 1.22e-01h  1
iter    objective    inf_pr   inf_du lg(mu)  ||d||  lg(rg) alpha_du alpha_pr  ls
  10 -6.6414643e+02 1.47e+03 6.32e+01  -1.6 1.46e+02    -  2.76e-01 1.22e-01h  1
  11 -6.4784390e+02 1.17e+03 3.47e+01  -1.7 2.65e+02    -  2.49e-01 2.34e-01h  1
  12 -6.2231947e+02 9.70e+02 2.93e+01  -1.8 2.59e+02    -  1.86e-01 1.88e-01h  1
  13 -6.0792381e+02 9.20e+02 4.36e+01  -1.9 2.80e+02    -  1.55e-01 5.33e-02h  3
  14 -5.9608471e+02 8.92e+02 1.13e+02  -2.0 2.84e+02    -  1.52e-01 3.06e-02h  4
  15 -5.7965441e+02 8.61e+02 1.77e+02  -2.1 2.86e+02    -  1.79e-01 3.53e-02h  4
  16 -5.6965917e+02 8.45e+02 2.53e+02  -2.2 2.88e+02    -  2.37e-01 1.96e-02h  5
  17 -5.5283322e+02 8.17e+02 2.95e+02  -2.3 2.89e+02    -  2.44e-01 3.36e-02h  4
  18 -5.3799285e+02 7.89e+02 3.72e+02  -2.4 2.90e+02    -  3.85e-01 3.42e-02h  4
  19 -5.1184737e+02 7.30e+02 5.13e+02  -2.6 2.89e+02    -  3.40e-01 7.89e-02h  3
iter    objective    inf_pr   inf_du lg(mu)  ||d||  lg(rg) alpha_du alpha_pr  ls
  20 -4.6342966e+02 5.86e+02 7.52e+02  -2.8 2.86e+02    -  5.67e-01 2.19e-01h  1
  21 -4.3371806e+02 4.80e+02 1.38e+03  -3.2 2.48e+02    -  5.51e-01 2.36e-01h  1
  22 -4.2008123e+02 4.15e+02 3.42e+03  -3.5 1.56e+02    -  4.74e-01 1.71e-01h  1
  23 -4.1536424e+02 3.55e+02 1.00e+04  -3.8 1.19e+02    -  5.07e-01 1.82e-01h  1
  24 -4.1837372e+02 3.34e+02 1.53e+05   0.0 1.10e+02    -  9.51e-01 6.75e-02h  1
  25 -4.3250311e+02 3.16e+02 9.55e+05   0.5 1.90e+02    -  1.00e+00 6.63e-02h  1
  26 -4.2739719e+02 2.68e+02 4.46e+06   1.1 8.44e+01    -  1.00e+00 1.92e-01h  1
  27 -2.9421154e+02 1.43e+02 1.88e+06   1.4 1.35e+02    -  1.00e+00 6.48e-01H  1
  28 -2.8130322e+02 1.18e+02 1.72e+06  -4.7 1.01e+02    -  4.17e-01 1.89e-01h  1
  29 -2.7607528e+02 1.08e+02 2.09e+06  -4.9 8.59e+01    -  2.19e-02 8.15e-02h  1
iter    objective    inf_pr   inf_du lg(mu)  ||d||  lg(rg) alpha_du alpha_pr  ls
  30 -2.7385229e+02 1.05e+02 3.05e+06   1.1 8.35e+01    -  4.56e-01 3.41e-02h  1
  31 -2.6955264e+02 1.03e+02 5.29e+06   2.8 2.77e+02    -  6.09e-01 9.61e-03f  1
  32 -2.5702090e+02 9.11e+01 4.88e+06   2.9 1.34e+02    -  6.19e-02 1.22e-01f  1
  33 -2.1829166e+02 7.32e+01 3.28e+06   2.9 7.43e+01    -  3.29e-01 5.56e-01h  1
  34 -2.1459926e+02 6.62e+01 2.03e+06   2.9 8.84e+01    -  2.93e-01 1.60e-01h  1
  35 -2.0171655e+02 5.43e+01 1.35e+06   2.8 7.18e+01    -  3.64e-01 4.02e-01h  1
  36 -1.8406946e+02 4.64e+01 6.74e+05   3.0 7.89e+01    -  1.00e+00 3.23e-01H  1
  37 -1.8104310e+02 4.55e+01 5.78e+05   2.2 3.50e+01    -  1.00e+00 3.28e-01h  1
  38 -1.6714885e+02 4.48e+01 7.58e+05   3.4 3.24e+02    -  9.06e-01 3.24e-02f  5
  39 -1.6544700e+02 2.35e+01 2.05e+05   3.3 5.63e+01    -  7.40e-01 2.77e-01h  1
iter    objective    inf_pr   inf_du lg(mu)  ||d||  lg(rg) alpha_du alpha_pr  ls
  40 -1.4735407e+02 4.45e+01 9.06e+03   3.2 2.31e+01    -  1.00e+00 1.00e+00h  1
  41 -1.4868081e+02 2.09e+01 2.32e+04  -2.8 5.37e+01    -  5.71e-01 4.84e-01h  1
  42 -1.4478914e+02 1.99e+01 6.39e+04   2.5 1.20e+01    -  8.01e-02 5.78e-02H  1
  43 -1.4246575e+02 1.10e+01 5.15e+04   2.2 1.39e+01    -  1.00e+00 5.28e-01h  1
  44 -1.1700489e+02 1.11e+01 1.59e+05   3.9 4.17e+01    -  3.35e-01 1.73e-01f  1
  45 -1.3512016e+02 7.43e+00 1.76e+02   3.3 6.31e+00    -  1.00e+00 1.00e+00h  1
  46 -1.3391324e+02 6.97e+00 8.35e+04   2.6 3.04e+00    -  7.61e-01 2.65e-01h  1
  47 -1.2995691e+02 4.82e+00 5.56e+04   1.9 1.29e+01    -  2.54e-01 3.98e-01h  1
  48 -1.2405061e+02 3.90e+00 2.93e+04   1.2 6.01e+00    -  2.44e-01 3.53e-01h  1
  49 -1.1971931e+02 2.51e+00 3.12e+04   2.5 1.02e+01    -  9.92e-01 3.83e-01h  1
iter    objective    inf_pr   inf_du lg(mu)  ||d||  lg(rg) alpha_du alpha_pr  ls
  50 -1.1282324e+02 1.26e+00 3.97e+04   2.2 1.46e+01    -  1.00e+00 3.82e-01h  1
  51 -1.0223903e+02 6.93e-01 6.25e+04   1.9 1.38e+01    -  1.00e+00 5.01e-01H  1
  52 -9.8460598e+01 4.47e-01 4.47e+03   1.7 5.25e+00    -  1.00e+00 9.74e-01H  1
  53 -9.2784950e+01 1.05e+00 2.73e+01   1.0 7.22e-01    -  9.99e-01 1.00e+00h  1
  54 -1.0059671e+02 3.54e-01 2.06e+03  -5.0 7.07e-01    -  8.65e-01 9.62e-01f  1
  55 -1.0656145e+02 2.23e-01 1.41e+03  -0.4 1.15e+01    -  1.00e+00 3.70e-01f  1
  56 -1.1327138e+02 5.48e-02 2.89e+02  -0.5 3.89e+00    -  9.24e-01 7.27e-01h  1
  57 -1.1597197e+02 1.34e-02 4.34e+01  -1.2 2.17e+00    -  1.00e+00 7.45e-01h  1
  58 -1.1697639e+02 8.13e-04 1.44e+01  -2.8 3.38e-01    -  1.00e+00 9.28e-01h  1
  59 -1.1707340e+02 2.45e-04 4.42e+00  -4.5 4.58e-02    -  1.00e+00 9.91e-01h  1
In iteration 59, 1460 Slacks too small, adjusting variable bounds
iter    objective    inf_pr   inf_du lg(mu)  ||d||  lg(rg) alpha_du alpha_pr  ls
  60 -1.1707437e+02 1.29e-11 4.86e+00  -6.3 7.49e-04    -  1.00e+00 9.96e-01h  1
In iteration 60, 1638 Slacks too small, adjusting variable bounds
  61 -1.1707438e+02 4.43e-13 8.70e+00  -8.4 2.87e-06    -  1.00e+00 9.98e-01h  1
In iteration 61, 1638 Slacks too small, adjusting variable bounds
  62 -1.1707438e+02 5.53e-13 9.93e-10 -10.0 1.86e-08    -  1.00e+00 1.00e+00h  1

Number of Iterations....: 62

                                   (scaled)                 (unscaled)
Objective...............:  -1.1707438083272993e+02   -1.1707438083272993e+02
Dual infeasibility......:   9.9287890898288744e-10    9.9287890898288744e-10
Constraint violation....:   2.4488034676681060e-13    5.5333515547317802e-13
Variable bound violation:   3.9713121680051700e-10    3.9713121680051700e-10
Complementarity.........:   1.1205209747303083e-10    1.1205209747303083e-10
Overall NLP error.......:   8.9397670411132009e-13    9.9287890898288744e-10


Number of objective function evaluations             = 117
Number of objective gradient evaluations             = 63
Number of equality constraint evaluations            = 117
Number of inequality constraint evaluations          = 117
Number of equality constraint Jacobian evaluations   = 1
Number of inequality constraint Jacobian evaluations = 63
Number of Lagrangian Hessian evaluations             = 62
Total seconds in IPOPT                               = 0.450

EXIT: Optimal Solution Found.
--- DICOPT: Checking convergence
--- DICOPT: Setting up next MIP
--- GMO Resort Time 0ms
--- DICOPT: Log File:
 Major Major     Objective    CPU time  Itera- Evaluation Solver
 Step  Iter       Function     (Sec)    tions   Errors
  NLP    1      -801.18694      0.85       72      0      ipopth
  MIP    1      -801.18693      0.02       94      0      cplex
  NLP    2      -117.07438<     0.45       62      0      ipopth

IBM ILOG CPLEX   44.3.0 8b8fb1cb Sep 1, 2023           LEG x86 64bit/Linux    

--- GAMS/CPLEX licensed for continuous and discrete problems.
--- GMO setup time: 0.00s
--- Space for names approximately 0.40 Mb
--- Use option 'names no' to turn use of names off
--- GMO memory 5.58 Mb (peak 5.67 Mb)
--- Dictionary memory 0.00 Mb
--- Cplex 22.1.1.0 link memory 0.35 Mb (peak 1.61 Mb)
--- Starting Cplex

Version identifier: 22.1.1.0 | 2022-11-28 | 9160aff4d
CPXPARAM_Advance                                 0
CPXPARAM_Threads                                 1
CPXPARAM_MIP_Display                             4
CPXPARAM_MIP_Pool_Capacity                       0
CPXPARAM_TimeLimit                               3598.6823098659515
CPXPARAM_MIP_Tolerances_AbsMIPGap                0
CPXPARAM_MIP_Tolerances_MIPGap                   0
Generic callback                                 0x50
Tried aggregator 2 times.
MIP Presolve eliminated 8170 rows and 8052 columns.
MIP Presolve modified 2936 coefficients.
Aggregator did 29 substitutions.
Reduced MIP has 2774 rows, 3500 columns, and 13991 nonzeros.
Reduced MIP has 42 binaries, 0 generals, 0 SOSs, and 0 indicators.
Presolve time = 0.01 sec. (19.97 ticks)
Found incumbent of value 1.6246842e+14 after 0.02 sec. (26.91 ticks)
Probing changed sense of 7 constraints.
Probing time = 0.00 sec. (2.16 ticks)
Tried aggregator 1 time.
Detecting symmetries...
MIP Presolve eliminated 35 rows and 14 columns.
MIP Presolve modified 34 coefficients.
Reduced MIP has 2739 rows, 3486 columns, and 13880 nonzeros.
Reduced MIP has 28 binaries, 0 generals, 0 SOSs, and 0 indicators.
Presolve time = 0.01 sec. (11.69 ticks)
Probing time = 0.00 sec. (1.61 ticks)
Clique table members: 195.
MIP emphasis: balance optimality and feasibility.
MIP search method: dynamic search.
Parallel mode: none, using 1 thread.
Initializing dual steep norms . . .

Iteration log . . .
Iteration:     1   Dual objective     =          -471.924078

Iteration log . . .
Iteration:     1   Dual objective     =          -444.458464
Root relaxation solution time = 0.00 sec. (5.24 ticks)

        Nodes                                         Cuts/
   Node  Left     Objective  IInf  Best Integer    Best Bound    ItCnt     Gap

*     0+    0                       1.62468e+14     -829.0461           100.00%
Found incumbent of value 1.6246842e+14 after 0.04 sec. (53.86 ticks)
      0     0     -444.4585    17   1.62468e+14     -444.4585      111  100.00%
*     0+    0                         -439.9843     -444.4585             1.02%
Found incumbent of value -439.984283 after 0.04 sec. (61.43 ticks)
      0     0     -444.4585    27     -439.9843   MIRcuts: 73      142    1.02%
      0     0     -444.3947    20     -439.9843     Cuts: 631      817    1.00%
*     0+    0                         -439.9843     -444.3947             1.00%
Found incumbent of value -439.984283 after 0.09 sec. (160.76 ticks)
      0     0     -444.3720    20     -439.9843   MIRcuts: 79      856    1.00%
*     0+    0                         -439.9843     -444.3720             1.00%
Found incumbent of value -439.984283 after 0.15 sec. (271.51 ticks)
Detecting symmetries...
      0     2     -444.3720    20     -439.9843     -444.3704      856    1.00%
Elapsed time = 0.16 sec. (297.99 ticks, tree = 0.01 MB)

Clique cuts applied:  1
Mixed integer rounding cuts applied:  725
Gomory fractional cuts applied:  1

Root node processing (before b&c):
  Real time             =    0.16 sec. (298.02 ticks)
Sequential b&c:
  Real time             =    0.01 sec. (18.78 ticks)
                          ------------
Total (root+branch&cut) =    0.17 sec. (316.79 ticks)

--- MIP status (101): integer optimal solution.
--- Cplex Time: 0.17sec (det. 316.83 ticks)

--- Returning a primal only solution to GAMS (marginals all set to NA).
--- Fixing integer variables and solving final LP...

Version identifier: 22.1.1.0 | 2022-11-28 | 9160aff4d
CPXPARAM_Advance                                 2
CPXPARAM_Threads                                 1
CPXPARAM_MIP_Display                             4
CPXPARAM_MIP_Pool_Capacity                       0
CPXPARAM_TimeLimit                               3598.6823098659515
CPXPARAM_MIP_Tolerances_AbsMIPGap                0
CPXPARAM_MIP_Tolerances_MIPGap                   0
Tried aggregator 1 time.
LP Presolve eliminated 9607 rows and 9402 columns.
Aggregator did 9 substitutions.
Reduced LP has 1357 rows, 2172 columns, and 7039 nonzeros.
Presolve time = 0.01 sec. (9.86 ticks)
Initializing dual steep norms . . .

Iteration log . . .
Iteration:     1   Dual objective     =          -471.924296
Iteration:   108   Dual objective     =          -444.341997

--- Fixed MIP status (1): optimal.
--- Cplex Time: 0.01sec (det. 19.36 ticks)


Proven optimal solution
MIP Solution:         -439.984283    (1340 iterations, 5 nodes)
Final Solve:          -439.984283    (187 iterations)

Best possible:        -439.984283
Absolute gap:            0.000000
Relative gap:            0.000000

--- DICOPT: Starting major iteration 3
--- DICOPT: Setting up next NLP

COIN-OR Ipopt    44.3.0 8b8fb1cb Sep 1, 2023           LEG x86 64bit/Linux    

COIN-OR Interior Point Optimizer (Ipopt Library 3.14.12)
written by A. Waechter, commercially supported by GAMS Development Corp.
This is Ipopt version 3.14.12, running with linear solver ma27.

Number of nonzeros in equality constraint Jacobian...:     4067
Number of nonzeros in inequality constraint Jacobian.:    14742
Number of nonzeros in Lagrangian Hessian.............:      819

Total number of variables............................:     1647
                     variables with only lower bounds:        0
                variables with lower and upper bounds:     1647
                     variables with only upper bounds:        0
Total number of equality constraints.................:      844
Total number of inequality constraints...............:     5212
        inequality constraints with only lower bounds:        0
   inequality constraints with lower and upper bounds:        0
        inequality constraints with only upper bounds:     5212

iter    objective    inf_pr   inf_du lg(mu)  ||d||  lg(rg) alpha_du alpha_pr  ls
   0 -7.6578339e+02 3.21e+02 1.00e+00   0.0 0.00e+00    -  0.00e+00 0.00e+00   0
   1 -7.5559496e+02 3.20e+02 1.12e+00  -0.7 1.03e+04    -  9.06e-01 9.59e-01h  1
   2 -7.5468315e+02 3.09e+02 3.60e+00  -1.7 5.93e+02    -  1.78e-02 6.89e-02h  1
   3 -7.4927923e+02 1.87e+02 2.10e+01  -1.7 6.72e+02    -  4.42e-02 4.02e-01h  1
   4 -7.4199825e+02 1.57e+02 2.22e+01  -1.7 4.07e+02    -  1.30e-01 1.91e-01h  1
   5 -7.0229810e+02 7.02e+01 5.12e+01  -1.8 3.29e+02    -  1.27e-01 5.94e-01h  1
   6 -6.4999193e+02 5.25e+01 5.49e+01  -1.8 2.66e+02    -  1.75e-01 2.63e-01h  1
   7 -4.4783619e+02 2.66e+01 1.10e+02  -1.9 2.95e+02    -  2.05e-01 6.17e-01h  1
   8 -3.7668636e+02 2.02e+01 1.77e+02  -2.0 4.81e+01    -  4.34e-02 2.65e-01h  1
   9 -3.5152084e+02 1.80e+01 2.13e+02  -2.0 7.49e+01    -  1.14e-02 1.11e-01h  1
iter    objective    inf_pr   inf_du lg(mu)  ||d||  lg(rg) alpha_du alpha_pr  ls
  10 -3.4489479e+02 1.75e+01 1.43e+02  -2.0 5.23e+01    -  6.04e-01 3.15e-02h  1
  11 -2.3879975e+02 8.71e+00 9.18e+01  -2.4 5.09e+01    -  6.89e-01 5.57e-01h  1
  12 -1.6674102e+02 3.91e+00 1.79e+01  -3.0 3.11e+01    -  1.05e-01 5.93e-01h  1
  13 -1.6413031e+02 3.86e+00 4.44e+04   0.9 9.55e+02    -  3.22e-02 8.13e-03f  1
  14 -1.3409588e+02 2.19e+00 9.35e+03  -3.0 1.53e+01    -  8.00e-01 4.46e-01h  1
  15 -1.3304085e+02 2.13e+00 4.25e+03  -3.7 8.68e+00    -  8.54e-01 2.38e-02h  1
  16 -1.2573208e+02 1.77e+00 2.00e+03  -4.5 8.48e+00    -  9.11e-01 1.72e-01h  1
  17 -9.5804463e+01 3.14e-01 1.54e+02  -5.6 7.03e+00    -  9.62e-01 8.99e-01h  1
  18 -9.0378807e+01 1.93e-01 3.31e+04  -0.2 1.69e+01    -  7.72e-01 2.11e-01f  1
  19 -8.5420347e+01 4.59e-01 2.43e+04  -0.4 1.18e+02    -  2.54e-01 6.46e-01h  1
iter    objective    inf_pr   inf_du lg(mu)  ||d||  lg(rg) alpha_du alpha_pr  ls
  20 -8.6979022e+01 4.41e-01 7.58e+01  -1.3 5.95e+01    -  1.00e+00 8.72e-01h  1
  21 -8.7358725e+01 1.13e-01 2.82e+01  -1.8 3.00e+01    -  1.00e+00 7.57e-01h  1
  22 -8.7503938e+01 3.45e-03 1.42e-01  -3.3 5.17e+00    -  1.00e+00 9.69e-01h  1
  23 -8.7530453e+01 2.60e-04 2.91e-01  -3.9 1.63e-01    -  9.98e-01 9.24e-01h  1
  24 -8.7533852e+01 7.26e-07 3.00e-02  -5.8 1.56e-02    -  1.00e+00 9.93e-01h  1
  25 -8.7533892e+01 5.68e-13 5.92e-11  -7.5 1.41e-04    -  1.00e+00 1.00e+00h  1
  26 -8.7533906e+01 3.85e-13 2.01e-01 -11.0 7.84e-06    -  7.37e-01 1.00e+00h  1
  27 -8.7533931e+01 3.48e-13 1.20e-13  -7.9 1.82e-05    -  1.00e+00 1.00e+00f  1

Number of Iterations....: 27

                                   (scaled)                 (unscaled)
Objective...............:  -8.7533930747695493e+01   -8.7533930747695493e+01
Dual infeasibility......:   1.1962653090336062e-13    1.1962653090336062e-13
Constraint violation....:   2.7465200154173561e-13    3.4816594052244909e-13
Variable bound violation:   0.0000000000000000e+00    0.0000000000000000e+00
Complementarity.........:   2.3361412924995486e-08    2.3361412924995486e-08
Overall NLP error.......:   2.8661637995228110e-09    2.3361412924995486e-08


Number of objective function evaluations             = 28
Number of objective gradient evaluations             = 28
Number of equality constraint evaluations            = 28
Number of inequality constraint evaluations          = 28
Number of equality constraint Jacobian evaluations   = 1
Number of inequality constraint Jacobian evaluations = 28
Number of Lagrangian Hessian evaluations             = 27
Total seconds in IPOPT                               = 0.183

EXIT: Optimal Solution Found.
--- DICOPT: Checking convergence
--- DICOPT: Setting up next MIP
--- DICOPT: Log File:
 Major Major     Objective    CPU time  Itera- Evaluation Solver
 Step  Iter       Function     (Sec)    tions   Errors
  NLP    1      -801.18694      0.85       72      0      ipopth
  MIP    1      -801.18693      0.02       94      0      cplex
  NLP    2      -117.07438<     0.45       62      0      ipopth
  MIP    2      -439.98428      0.19     1340      0      cplex
  NLP    3       -87.53393      0.18       27      0      ipopth

IBM ILOG CPLEX   44.3.0 8b8fb1cb Sep 1, 2023           LEG x86 64bit/Linux    

--- GAMS/CPLEX licensed for continuous and discrete problems.
--- GMO setup time: 0.00s
--- Space for names approximately 0.40 Mb
--- Use option 'names no' to turn use of names off
--- GMO memory 5.58 Mb (peak 5.67 Mb)
--- Dictionary memory 0.00 Mb
--- Cplex 22.1.1.0 link memory 0.35 Mb (peak 1.62 Mb)
--- Starting Cplex

Version identifier: 22.1.1.0 | 2022-11-28 | 9160aff4d
CPXPARAM_Advance                                 0
CPXPARAM_Threads                                 1
CPXPARAM_MIP_Display                             4
CPXPARAM_MIP_Pool_Capacity                       0
CPXPARAM_TimeLimit                               3598.3125848770142
CPXPARAM_MIP_Tolerances_AbsMIPGap                0
CPXPARAM_MIP_Tolerances_MIPGap                   0
Generic callback                                 0x50
Tried aggregator 2 times.
MIP Presolve eliminated 8170 rows and 8052 columns.
MIP Presolve modified 2978 coefficients.
Aggregator did 29 substitutions.
Reduced MIP has 2775 rows, 3500 columns, and 14019 nonzeros.
Reduced MIP has 42 binaries, 0 generals, 0 SOSs, and 0 indicators.
Presolve time = 0.01 sec. (20.40 ticks)
Found incumbent of value 1.6246842e+14 after 0.02 sec. (27.34 ticks)
Probing changed sense of 7 constraints.
Probing time = 0.00 sec. (2.20 ticks)
Tried aggregator 1 time.
Detecting symmetries...
MIP Presolve eliminated 35 rows and 14 columns.
MIP Presolve modified 49 coefficients.
Reduced MIP has 2740 rows, 3486 columns, and 13898 nonzeros.
Reduced MIP has 28 binaries, 0 generals, 0 SOSs, and 0 indicators.
Presolve time = 0.01 sec. (11.80 ticks)
Probing time = 0.00 sec. (1.63 ticks)
Clique table members: 195.
MIP emphasis: balance optimality and feasibility.
MIP search method: dynamic search.
Parallel mode: none, using 1 thread.
Initializing dual steep norms . . .

Iteration log . . .
Iteration:     1   Dual objective     =          -471.924078
Iteration:   115   Dual objective     =          -444.473190
Root relaxation solution time = 0.00 sec. (5.13 ticks)

        Nodes                                         Cuts/
   Node  Left     Objective  IInf  Best Integer    Best Bound    ItCnt     Gap

*     0+    0                       1.62468e+14     -829.0461           100.00%
Found incumbent of value 1.6246842e+14 after 0.04 sec. (54.35 ticks)
      0     0     -444.4585    23   1.62468e+14     -444.4585      119  100.00%
*     0+    0                         -424.4667     -444.4585             4.71%
Found incumbent of value -424.466731 after 0.04 sec. (65.74 ticks)
      0     0     -444.4113    27     -424.4667  MIRcuts: 163      287    4.70%
      0     0     -444.1467    23     -424.4667     Cuts: 281      496    4.64%
*     0+    0                         -424.4667     -444.1467             4.64%
Found incumbent of value -424.466732 after 0.08 sec. (148.46 ticks)
      0     0     -444.0602    23     -424.4667   MIRcuts: 31      532    4.62%
Detecting symmetries...
      0     2     -444.0602    23     -424.4667     -444.0595      532    4.62%
Elapsed time = 0.16 sec. (311.80 ticks, tree = 0.01 MB)
*     3     1      integral     0     -424.4667     -428.7513      990    1.01%
Found incumbent of value -424.466732 after 0.17 sec. (332.56 ticks)

Implied bound cuts applied:  1
Mixed integer rounding cuts applied:  383
Gomory fractional cuts applied:  1

Root node processing (before b&c):
  Real time             =    0.16 sec. (311.85 ticks)
Sequential b&c:
  Real time             =    0.01 sec. (27.18 ticks)
                          ------------
Total (root+branch&cut) =    0.18 sec. (339.03 ticks)

--- MIP status (101): integer optimal solution.
--- Cplex Time: 0.18sec (det. 339.07 ticks)

--- Returning a primal only solution to GAMS (marginals all set to NA).
--- Fixing integer variables and solving final LP...

Version identifier: 22.1.1.0 | 2022-11-28 | 9160aff4d
CPXPARAM_Advance                                 2
CPXPARAM_Threads                                 1
CPXPARAM_MIP_Display                             4
CPXPARAM_MIP_Pool_Capacity                       0
CPXPARAM_TimeLimit                               3598.3125848770142
CPXPARAM_MIP_Tolerances_AbsMIPGap                0
CPXPARAM_MIP_Tolerances_MIPGap                   0
Tried aggregator 1 time.
LP Presolve eliminated 9426 rows and 9218 columns.
Aggregator did 9 substitutions.
Reduced LP has 1539 rows, 2356 columns, and 7767 nonzeros.
Presolve time = 0.01 sec. (9.89 ticks)
Initializing dual steep norms . . .

Iteration log . . .
Iteration:     1   Dual objective     =          -471.924296
Iteration:   117   Dual objective     =          -443.414007
Iteration:   250   Dual objective     =          -426.778544

--- Fixed MIP status (1): optimal.
--- Cplex Time: 0.01sec (det. 21.81 ticks)


Proven optimal solution
MIP Solution:         -424.466732    (1060 iterations, 5 nodes)
Final Solve:          -424.466731    (279 iterations)

Best possible:        -424.466732
Absolute gap:            0.000001
Relative gap:            0.000000

--- DICOPT: Starting major iteration 4
--- DICOPT: Setting up next NLP

COIN-OR Ipopt    44.3.0 8b8fb1cb Sep 1, 2023           LEG x86 64bit/Linux    

COIN-OR Interior Point Optimizer (Ipopt Library 3.14.12)
written by A. Waechter, commercially supported by GAMS Development Corp.
This is Ipopt version 3.14.12, running with linear solver ma27.

Number of nonzeros in equality constraint Jacobian...:     4067
Number of nonzeros in inequality constraint Jacobian.:    14742
Number of nonzeros in Lagrangian Hessian.............:      819

Total number of variables............................:     1647
                     variables with only lower bounds:        0
                variables with lower and upper bounds:     1647
                     variables with only upper bounds:        0
Total number of equality constraints.................:      844
Total number of inequality constraints...............:     5212
        inequality constraints with only lower bounds:        0
   inequality constraints with lower and upper bounds:        0
        inequality constraints with only upper bounds:     5212

iter    objective    inf_pr   inf_du lg(mu)  ||d||  lg(rg) alpha_du alpha_pr  ls
   0 -7.4417741e+02 3.21e+02 1.00e+00   0.0 0.00e+00    -  0.00e+00 0.00e+00   0
   1 -7.3555168e+02 3.20e+02 1.12e+00  -0.7 1.03e+04    -  9.06e-01 9.59e-01h  1
   2 -7.3516086e+02 3.09e+02 3.60e+00  -1.7 5.93e+02    -  1.78e-02 6.90e-02h  1
   3 -7.3326754e+02 1.72e+02 2.40e+01  -1.7 6.72e+02    -  4.42e-02 4.62e-01h  1
   4 -7.2720308e+02 1.47e+02 2.43e+01  -1.7 3.71e+02    -  1.29e-01 1.77e-01h  1
   5 -6.8732151e+02 6.06e+01 6.01e+01  -1.8 3.59e+02    -  1.30e-01 6.52e-01h  1
   6 -6.4131099e+02 5.10e+01 5.87e+01  -1.8 3.20e+02    -  1.75e-01 2.23e-01h  1
   7 -4.7928085e+02 3.13e+01 1.12e+02  -1.9 2.99e+02    -  2.16e-01 5.44e-01h  1
   8 -4.4334874e+02 2.70e+01 1.58e+02  -2.0 2.72e+02    -  2.42e-03 1.47e-01h  1
   9 -4.3670588e+02 2.62e+01 1.11e+02  -2.0 2.66e+02    -  5.57e-01 2.99e-02h  1
iter    objective    inf_pr   inf_du lg(mu)  ||d||  lg(rg) alpha_du alpha_pr  ls
  10 -3.4526897e+02 1.59e+01 9.01e+01  -2.4 4.52e+02    -  5.71e-01 4.39e-01h  1
  11 -2.5364994e+02 7.36e+00 1.34e+01  -2.8 3.99e+02    -  4.19e-01 5.88e-01h  1
  12 -2.5109813e+02 7.32e+00 1.66e+04   0.9 2.11e+03    -  1.55e-02 3.74e-03f  1
  13 -2.4853447e+02 7.13e+00 4.53e+03  -3.0 2.80e+01    -  7.55e-01 2.66e-02h  1
  14 -2.0925596e+02 4.09e+00 1.71e+03  -3.6 3.51e+01    -  7.69e-01 4.46e-01h  1
  15 -1.7273062e+02 2.27e+00 1.77e+04   0.1 7.06e+01    -  8.87e-02 4.14e-01h  1
  16 -1.7214180e+02 2.23e+00 8.27e+03  -4.3 5.46e+01    -  6.65e-01 1.99e-02h  1
  17 -1.4753397e+02 2.47e-01 2.97e+02  -0.8 4.51e+01    -  9.92e-01 9.07e-01h  1
  18 -1.4784276e+02 2.32e-01 1.94e+02  -1.7 1.94e+01    -  2.65e-01 6.43e-02h  1
  19 -1.4822364e+02 1.56e-01 8.50e+02  -0.8 2.12e+01    -  1.00e+00 3.59e-01h  1
iter    objective    inf_pr   inf_du lg(mu)  ||d||  lg(rg) alpha_du alpha_pr  ls
  20 -1.4824423e+02 1.53e-01 7.49e+02  -6.8 1.29e+01    -  1.20e-01 1.95e-02h  1
  21 -1.4667419e+02 2.04e-02 8.29e+02  -1.1 6.75e+00    -  1.00e+00 9.17e-01h  1
  22 -1.4639640e+02 1.45e-02 4.41e+02  -0.9 2.13e+00    -  1.00e+00 2.75e-01h  1
  23 -1.4654489e+02 2.88e-03 3.65e+01  -1.4 1.09e+00    -  1.00e+00 8.06e-01h  1
  24 -1.4679918e+02 1.58e-04 5.22e-01  -2.8 3.49e-01    -  1.00e+00 9.47e-01h  1
  25 -1.4687316e+02 1.13e-05 3.14e-02  -4.6 6.94e-02    -  1.00e+00 9.41e-01h  1
  26 -1.4687848e+02 1.19e-11 1.77e-02  -6.0 7.45e-03    -  1.00e+00 9.98e-01h  1
  27 -1.4687850e+02 8.47e-13 6.81e-13  -7.3 2.02e-05    -  1.00e+00 1.00e+00h  1
  28 -1.4687851e+02 8.76e-13 2.37e-01  -8.1 2.31e-05    -  6.43e-01 1.00e+00h  1
  29 -1.4687853e+02 4.69e-13 1.65e-13  -7.8 2.57e-05    -  1.00e+00 1.00e+00h  1

Number of Iterations....: 29

                                   (scaled)                 (unscaled)
Objective...............:  -1.4687853463476984e+02   -1.4687853463476984e+02
Dual infeasibility......:   1.6511791933737641e-13    1.6511791933737641e-13
Constraint violation....:   2.5765041311339295e-13    4.6851411639181606e-13
Variable bound violation:   0.0000000000000000e+00    0.0000000000000000e+00
Complementarity.........:   3.2284666364096305e-08    3.2284666364096305e-08
Overall NLP error.......:   3.3221438628071740e-09    3.2284666364096305e-08


Number of objective function evaluations             = 30
Number of objective gradient evaluations             = 30
Number of equality constraint evaluations            = 30
Number of inequality constraint evaluations          = 30
Number of equality constraint Jacobian evaluations   = 1
Number of inequality constraint Jacobian evaluations = 30
Number of Lagrangian Hessian evaluations             = 29
Total seconds in IPOPT                               = 0.196

EXIT: Optimal Solution Found.
--- DICOPT: Checking convergence
--- DICOPT: Setting up next MIP
--- GMO Resort Time 1ms
--- DICOPT: Log File:
 Major Major     Objective    CPU time  Itera- Evaluation Solver
 Step  Iter       Function     (Sec)    tions   Errors
  NLP    1      -801.18694      0.85       72      0      ipopth
  MIP    1      -801.18693      0.02       94      0      cplex
  NLP    2      -117.07438<     0.45       62      0      ipopth
  MIP    2      -439.98428      0.19     1340      0      cplex
  NLP    3       -87.53393      0.18       27      0      ipopth
  MIP    3      -424.46673      0.19     1060      0      cplex
  NLP    4      -146.87853<     0.20       29      0      ipopth

IBM ILOG CPLEX   44.3.0 8b8fb1cb Sep 1, 2023           LEG x86 64bit/Linux    

--- GAMS/CPLEX licensed for continuous and discrete problems.
--- GMO setup time: 0.00s
--- Space for names approximately 0.60 Mb
--- Use option 'names no' to turn use of names off
--- GMO memory 8.21 Mb (peak 8.34 Mb)
--- Dictionary memory 0.00 Mb
--- Cplex 22.1.1.0 link memory 0.50 Mb (peak 2.35 Mb)
--- Starting Cplex

Version identifier: 22.1.1.0 | 2022-11-28 | 9160aff4d
CPXPARAM_Advance                                 0
CPXPARAM_Threads                                 1
CPXPARAM_MIP_Display                             4
CPXPARAM_MIP_Pool_Capacity                       0
CPXPARAM_TimeLimit                               3597.9236128330231
CPXPARAM_MIP_Tolerances_AbsMIPGap                0
CPXPARAM_MIP_Tolerances_MIPGap                   0
Generic callback                                 0x50
Tried aggregator 2 times.
MIP Presolve eliminated 10170 rows and 10048 columns.
MIP Presolve modified 8490 coefficients.
Aggregator did 28 substitutions.
Reduced MIP has 5692 rows, 6419 columns, and 30063 nonzeros.
Reduced MIP has 42 binaries, 0 generals, 0 SOSs, and 0 indicators.
Presolve time = 0.02 sec. (34.71 ticks)
Found incumbent of value 1.8578282e+14 after 0.03 sec. (48.97 ticks)
Probing changed sense of 7 constraints.
Probing time = 0.00 sec. (5.55 ticks)
Tried aggregator 1 time.
Detecting symmetries...
MIP Presolve eliminated 35 rows and 14 columns.
MIP Presolve modified 120 coefficients.
Reduced MIP has 5657 rows, 6405 columns, and 29932 nonzeros.
Reduced MIP has 28 binaries, 0 generals, 0 SOSs, and 0 indicators.
Presolve time = 0.02 sec. (24.70 ticks)
Probing time = 0.00 sec. (4.26 ticks)
Clique table members: 195.
MIP emphasis: balance optimality and feasibility.
MIP search method: dynamic search.
Parallel mode: none, using 1 thread.
Initializing dual steep norms . . .

Iteration log . . .
Iteration:     1   Scaled dual infeas =             1.000000
Perturbation started.
Iteration:   101   Scaled dual infeas =             1.000000
Iteration:   352   Scaled dual infeas =             0.999998
Iteration:   553   Scaled dual infeas =             0.999997
Iteration:   877   Scaled dual infeas =             0.999980
Iteration:   960   Dual objective     =          -534.415839
Iteration:  1338   Dual objective     =          -460.495476
Iteration:  1440   Dual objective     =          -444.153307
Removing perturbation.
Root relaxation solution time = 0.03 sec. (44.54 ticks)

        Nodes                                         Cuts/
   Node  Left     Objective  IInf  Best Integer    Best Bound    ItCnt     Gap

*     0+    0                       1.85783e+14                            --- 
Found incumbent of value 1.8578282e+14 after 0.09 sec. (141.52 ticks)
      0     0     -444.0603    26   1.85783e+14     -444.0603     1475  100.00%
*     0+    0                         -411.9715     -444.0603             7.79%
Found incumbent of value -411.971453 after 0.10 sec. (161.81 ticks)
      0     0     -441.8972    19     -411.9715    Cuts: 1514     1804    7.26%
      0     0     -439.6308    28     -411.9715     Cuts: 853     2716    6.71%
      0     0     -437.7394    28     -411.9715      Cuts: 68     2880    6.25%
*     0+    0                         -411.9715     -437.7394             6.25%
Found incumbent of value -411.971453 after 0.38 sec. (611.97 ticks)
      0     0     -436.0697    28     -411.9715     Cuts: 268     2948    5.85%
*     0+    0                         -411.9715     -436.0697             5.85%
Found incumbent of value -411.971453 after 0.43 sec. (693.61 ticks)
      0     0     -434.2706    28     -411.9715     Cuts: 245     3096    5.41%
Detecting symmetries...
      0     0     -431.9031    28     -411.9715     Cuts: 528     3221    4.84%
      0     0     -430.0113    28     -411.9715     Cuts: 823     3290    4.38%
      0     0     -426.1642    28     -411.9715     Cuts: 254     3508    3.45%
      0     0     -421.7341    28     -411.9715     Cuts: 449     3572    2.37%
      0     0     -420.8723    28     -411.9715     Cuts: 214     3685    2.16%
      0     0     -420.6916    28     -411.9715     Cuts: 124     3701    2.12%
      0     0     -420.4911    28     -411.9715      Cuts: 18     3722    2.07%
      0     0     -420.1658    28     -411.9715     Cuts: 156     3798    1.99%
      0     0     -420.0593    21     -411.9715    Cuts: 1332     3840    1.96%
      0     0     -419.9004    28     -411.9715     Cuts: 204     3865    1.92%
      0     0     -419.8681    22     -411.9715     Cuts: 112     3876    1.92%
      0     0     -419.5372    28     -411.9715    Cuts: 1020     4493    1.84%
      0     0     -419.4674    28     -411.9715     Cuts: 205     4563    1.82%
Detecting symmetries...
      0     2     -419.4674    28     -411.9715     -419.3455     4563    1.79%
Elapsed time = 1.43 sec. (2205.98 ticks, tree = 0.01 MB)

Clique cuts applied:  15
Implied bound cuts applied:  2
Flow cuts applied:  45
Mixed integer rounding cuts applied:  874
Gomory fractional cuts applied:  1

Root node processing (before b&c):
  Real time             =    1.42 sec. (2193.29 ticks)
Sequential b&c:
  Real time             =    0.02 sec. (45.48 ticks)
                          ------------
Total (root+branch&cut) =    1.44 sec. (2238.77 ticks)

--- MIP status (101): integer optimal solution.
--- Cplex Time: 1.44sec (det. 2238.82 ticks)

--- Returning a primal only solution to GAMS (marginals all set to NA).
--- Fixing integer variables and solving final LP...

Version identifier: 22.1.1.0 | 2022-11-28 | 9160aff4d
CPXPARAM_Advance                                 2
CPXPARAM_Threads                                 1
CPXPARAM_MIP_Display                             4
CPXPARAM_MIP_Pool_Capacity                       0
CPXPARAM_TimeLimit                               3597.9236128330231
CPXPARAM_MIP_Tolerances_AbsMIPGap                0
CPXPARAM_MIP_Tolerances_MIPGap                   0
Tried aggregator 1 time.
LP Presolve eliminated 14337 rows and 14131 columns.
Aggregator did 8 substitutions.
Reduced LP has 1545 rows, 2360 columns, and 9405 nonzeros.
Presolve time = 0.01 sec. (13.44 ticks)
Initializing dual steep norms . . .

Iteration log . . .
Iteration:     1   Dual objective     =          -472.039519
Perturbation started.
Iteration:   101   Dual objective     =          -472.039519
Iteration:   201   Dual objective     =          -443.798880
Removing perturbation.
Iteration:   295   Scaled dual infeas =             0.010801
Iteration:   938   Scaled dual infeas =             0.007722
Iteration:  1663   Scaled dual infeas =             0.003379
Iteration:  2190   Scaled dual infeas =             0.000551
Iteration:  2261   Dual objective     =          -411.971530
Removing shift (2).

--- Fixed MIP status (1): optimal.
--- Cplex Time: 0.05sec (det. 183.07 ticks)


Proven optimal solution
MIP Solution:         -411.971453    (4658 iterations, 5 nodes)
Final Solve:          -411.971369    (4245 iterations)

Best possible:        -411.971453
Absolute gap:            0.000084
Relative gap:            0.000000

--- DICOPT: Starting major iteration 5
--- DICOPT: Setting up next NLP

COIN-OR Ipopt    44.3.0 8b8fb1cb Sep 1, 2023           LEG x86 64bit/Linux    

COIN-OR Interior Point Optimizer (Ipopt Library 3.14.12)
written by A. Waechter, commercially supported by GAMS Development Corp.
This is Ipopt version 3.14.12, running with linear solver ma27.

Number of nonzeros in equality constraint Jacobian...:     4067
Number of nonzeros in inequality constraint Jacobian.:    14742
Number of nonzeros in Lagrangian Hessian.............:      819

Total number of variables............................:     1647
                     variables with only lower bounds:        0
                variables with lower and upper bounds:     1647
                     variables with only upper bounds:        0
Total number of equality constraints.................:      844
Total number of inequality constraints...............:     5212
        inequality constraints with only lower bounds:        0
   inequality constraints with lower and upper bounds:        0
        inequality constraints with only upper bounds:     5212

iter    objective    inf_pr   inf_du lg(mu)  ||d||  lg(rg) alpha_du alpha_pr  ls
   0 -6.9054754e+02 7.26e+04 1.00e+00   0.0 0.00e+00    -  0.00e+00 0.00e+00   0
   1 -5.8840794e+02 3.10e+04 2.70e+01  -0.4 1.03e+04    -  1.60e-01 8.63e-01h  1
   2 -5.0206452e+02 1.39e+04 5.09e+01  -0.5 1.41e+03    -  5.96e-01 7.88e-01h  1
   3 -4.5536992e+02 8.82e+03 2.20e+02  -0.9 5.65e+02    -  2.09e-02 4.53e-01h  1
   4 -4.0436866e+02 5.24e+03 2.83e+01  -0.9 3.15e+02    -  6.18e-01 5.20e-01h  1
   5 -3.5768496e+02 3.16e+03 1.80e+02  -1.3 1.51e+02    -  8.36e-01 5.07e-01h  1
   6 -3.5426715e+02 3.05e+03 1.97e+02  -2.1 7.47e+01    -  1.99e-01 3.89e-02h  1
   7 -3.3637929e+02 2.48e+03 1.31e+02  -2.2 2.99e+02    -  1.81e-02 2.07e-01h  1
   8 -3.2556400e+02 2.18e+03 1.30e+02  -2.2 2.40e+02    -  2.23e-01 1.28e-01h  1
   9 -3.2438479e+02 2.17e+03 4.15e+04   1.6 1.35e+04    -  3.44e-02 2.10e-03f  1
iter    objective    inf_pr   inf_du lg(mu)  ||d||  lg(rg) alpha_du alpha_pr  ls
  10 -2.9026901e+02 1.43e+03 2.62e+04  -2.3 1.83e+02    -  3.68e-01 4.16e-01h  1
  11 -2.7152233e+02 1.12e+03 1.71e+04  -2.5 1.70e+02    -  3.92e-01 2.43e-01h  1
  12 -2.7085829e+02 1.10e+03 1.88e+04   1.2 1.65e+03    -  2.15e-02 9.81e-03f  1
  13 -2.6968992e+02 1.09e+03 1.20e+04  -2.7 2.07e+02    -  3.85e-01 1.56e-02h  1
  14 -2.6502125e+02 1.00e+03 1.15e+05   0.9 8.00e+02    -  9.92e-01 6.02e-02f  1
  15 -2.4224449e+02 7.45e+02 8.91e+04  -4.8 2.96e+02    -  2.24e-01 3.09e-01h  1
  16 -2.2122940e+02 5.71e+02 1.67e+05   1.4 3.17e+02    -  1.00e+00 3.32e-01h  1
  17 -1.9227784e+02 4.22e+02 6.36e+03   1.7 2.11e+02    -  1.00e+00 4.44e-01h  1
  18 -1.4729318e+02 2.78e+02 1.40e+03   1.3 1.14e+02    -  1.00e+00 7.86e-01h  1
  19 -1.3711609e+02 2.21e+02 3.31e+04   2.0 2.24e+02    -  1.00e+00 2.10e-01h  1
iter    objective    inf_pr   inf_du lg(mu)  ||d||  lg(rg) alpha_du alpha_pr  ls
  20 -9.8786650e+01 8.43e+01 4.30e+03   1.5 1.89e+02    -  1.00e+00 8.45e-01h  1
  21 -7.1706295e+01 4.06e+01 1.80e+03   1.1 7.50e+01    -  1.00e+00 7.77e-01h  1
  22 -4.9655627e+01 1.23e+01 2.06e+02   0.2 3.25e+01    -  1.00e+00 8.97e-01h  1
  23 -3.5547397e+01 2.68e+00 1.13e+01  -1.1 9.13e+00    -  1.00e+00 9.52e-01h  1
  24 -2.9642550e+01 3.46e-01 2.42e+00  -2.4 1.91e+00    -  1.00e+00 9.71e-01h  1
  25 -2.8535992e+01 1.04e-02 2.30e-02  -3.3 2.00e-01    -  1.00e+00 1.00e+00h  1
  26 -2.8574107e+01 6.47e-05 9.16e-05  -5.2 2.50e-02    -  1.00e+00 1.00e+00h  1
In iteration 26, 1270 Slacks too small, adjusting variable bounds
  27 -2.8596740e+01 4.48e-06 1.63e+02 -10.8 7.10e-03    -  6.51e-01 1.00e+00h  1
  28 -2.8596738e+01 1.76e-13 7.28e-12  -6.9 3.85e-06    -  1.00e+00 1.00e+00f  1

Number of Iterations....: 28

                                   (scaled)                 (unscaled)
Objective...............:  -2.8596738023389833e+01   -2.8596738023389833e+01
Dual infeasibility......:   7.2759576141834259e-12    1.3499479312173435e-12
Constraint violation....:   7.8073353176809488e-14    1.7641037997846999e-13
Variable bound violation:   0.0000000000000000e+00    0.0000000000000000e+00
Complementarity.........:   2.3166229589076964e-07    2.3166229589076964e-07
Overall NLP error.......:   2.2406132582691616e-09    2.3166229589076964e-07


Number of objective function evaluations             = 29
Number of objective gradient evaluations             = 29
Number of equality constraint evaluations            = 29
Number of inequality constraint evaluations          = 29
Number of equality constraint Jacobian evaluations   = 1
Number of inequality constraint Jacobian evaluations = 29
Number of Lagrangian Hessian evaluations             = 28
Total seconds in IPOPT                               = 0.190

EXIT: Optimal Solution Found.
--- DICOPT: Checking convergence
--- DICOPT: Setting up next MIP
--- DICOPT: Log File:
 Major Major     Objective    CPU time  Itera- Evaluation Solver
 Step  Iter       Function     (Sec)    tions   Errors
  NLP    1      -801.18694      0.85       72      0      ipopth
  MIP    1      -801.18693      0.02       94      0      cplex
  NLP    2      -117.07438<     0.45       62      0      ipopth
  MIP    2      -439.98428      0.19     1340      0      cplex
  NLP    3       -87.53393      0.18       27      0      ipopth
  MIP    3      -424.46673      0.19     1060      0      cplex
  NLP    4      -146.87853<     0.20       29      0      ipopth
  MIP    4      -411.97137      1.50     4658      0      cplex
  NLP    5       -28.59674      0.19       28      0      ipopth

IBM ILOG CPLEX   44.3.0 8b8fb1cb Sep 1, 2023           LEG x86 64bit/Linux    

--- GAMS/CPLEX licensed for continuous and discrete problems.
--- GMO setup time: 0.00s
--- Space for names approximately 0.60 Mb
--- Use option 'names no' to turn use of names off
--- GMO memory 8.21 Mb (peak 8.34 Mb)
--- Dictionary memory 0.00 Mb
--- Cplex 22.1.1.0 link memory 0.50 Mb (peak 2.35 Mb)
--- Starting Cplex

Version identifier: 22.1.1.0 | 2022-11-28 | 9160aff4d
CPXPARAM_Advance                                 0
CPXPARAM_Threads                                 1
CPXPARAM_MIP_Display                             4
CPXPARAM_MIP_Pool_Capacity                       0
CPXPARAM_TimeLimit                               3596.2355096340179
CPXPARAM_MIP_Tolerances_AbsMIPGap                0
CPXPARAM_MIP_Tolerances_MIPGap                   0
Generic callback                                 0x50
Tried aggregator 2 times.
MIP Presolve eliminated 10170 rows and 10048 columns.
MIP Presolve modified 8505 coefficients.
Aggregator did 28 substitutions.
Reduced MIP has 5693 rows, 6419 columns, and 30097 nonzeros.
Reduced MIP has 42 binaries, 0 generals, 0 SOSs, and 0 indicators.
Presolve time = 0.02 sec. (35.10 ticks)
Found incumbent of value 1.8578282e+14 after 0.04 sec. (59.86 ticks)
Probing fixed 2 vars, tightened 0 bounds.
Probing changed sense of 7 constraints.
Probing time = 0.00 sec. (6.12 ticks)
Cover probing fixed 0 vars, tightened 3 bounds.
Tried aggregator 2 times.
Detecting symmetries...
MIP Presolve eliminated 55 rows and 21 columns.
MIP Presolve modified 168 coefficients.
Aggregator did 1 substitutions.
Reduced MIP has 5637 rows, 6397 columns, and 29862 nonzeros.
Reduced MIP has 20 binaries, 0 generals, 0 SOSs, and 0 indicators.
Presolve time = 0.03 sec. (44.31 ticks)
Probing time = 0.00 sec. (3.41 ticks)
Clique table members: 104.
MIP emphasis: balance optimality and feasibility.
MIP search method: dynamic search.
Parallel mode: none, using 1 thread.
Initializing dual steep norms . . .

Iteration log . . .
Iteration:     1   Scaled dual infeas =             1.000000
Perturbation started.
Iteration:   101   Scaled dual infeas =             1.000000
Iteration:   334   Scaled dual infeas =             0.999998
Iteration:   527   Scaled dual infeas =             0.999997
Iteration:   792   Scaled dual infeas =             0.999987
Iteration:   945   Dual objective     =          -581.314583
Iteration:  1280   Dual objective     =          -468.718108
Iteration:  1431   Dual objective     =          -444.061493
Removing perturbation.
Root relaxation solution time = 0.03 sec. (41.94 ticks)

        Nodes                                         Cuts/
   Node  Left     Objective  IInf  Best Integer    Best Bound    ItCnt     Gap

*     0+    0                       1.85783e+14                            --- 
Found incumbent of value 1.8578282e+14 after 0.11 sec. (169.76 ticks)
      0     0     -444.0603    18   1.85783e+14     -444.0603     1435  100.00%
*     0+    0                          -43.4420     -444.0603           922.19%
Found incumbent of value -43.442025 after 0.18 sec. (363.00 ticks)
      0     0     -441.4880    20      -43.4420    Cuts: 1090     2051  916.27%
*     0+    0                         -275.5674     -441.4880            60.21%
Found incumbent of value -275.567402 after 0.28 sec. (547.63 ticks)
      0     0     -439.3633    14     -275.5674    Cuts: 1146     2352   59.44%
*     0+    0                         -411.9715     -439.3633             6.65%
Found incumbent of value -411.971452 after 0.34 sec. (661.53 ticks)
      0     0     -437.2269    14     -411.9715     Cuts: 656     2715    6.13%
      0     0     -435.3040    14     -411.9715      Cuts: 70     2784    5.66%
      0     0     -432.6324    14     -411.9715     Cuts: 150     2888    5.02%
Detecting symmetries...
      0     0     -430.2199    14     -411.9715     Cuts: 135     2945    4.43%
      0     0     -427.4580    14     -411.9715      Cuts: 66     3003    3.76%
      0     0     -424.0676    14     -411.9715      Cuts: 61     3058    2.94%
      0     0     -420.6212    20     -411.9715     Cuts: 229     3135    2.10%
      0     0     -420.1955    19     -411.9715      Cuts: 18     3253    2.00%
      0     0     -419.7566    14     -411.9715     Cuts: 762     3284    1.89%
      0     0     -419.4019    14     -411.9715     Cuts: 275     3403    1.80%
      0     0     -419.0722    14     -411.9715      Cuts: 94     3422    1.72%
      0     0     -418.6617    14     -411.9715      Cuts: 35     3450    1.62%
      0     0     -418.2515    14     -411.9715     Cuts: 156     3475    1.52%
      0     0     -417.6295    14     -411.9715      Cuts: 28     3506    1.37%
      0     0     -417.4123    14     -411.9715     Cuts: 252     3530    1.32%
      0     0     -416.9186    14     -411.9715      Cuts: 27     3554    1.20%
      0     0     -416.7095    14     -411.9715     Cuts: 115     3580    1.15%
      0     0     -416.2768    14     -411.9715      Cuts: 26     3599    1.05%
      0     0     -416.2403    14     -411.9715      Cuts: 59     3613    1.04%
      0     0     -415.9270    14     -411.9715      Cuts: 13     3631    0.96%
      0     0     -415.8267    14     -411.9715      Cuts: 87     3641    0.94%
      0     0     -415.8267    14     -411.9715   MIRcuts: 22     3650    0.94%
Detecting symmetries...
      0     2     -415.8267    14     -411.9715     -415.6411     3650    0.89%
Elapsed time = 1.61 sec. (2686.58 ticks, tree = 0.01 MB)

Clique cuts applied:  2
Implied bound cuts applied:  1
Flow cuts applied:  31
Mixed integer rounding cuts applied:  1048
Zero-half cuts applied:  8
Gomory fractional cuts applied:  2

Root node processing (before b&c):
  Real time             =    1.60 sec. (2667.37 ticks)
Sequential b&c:
  Real time             =    0.02 sec. (35.61 ticks)
                          ------------
Total (root+branch&cut) =    1.62 sec. (2702.98 ticks)

--- MIP status (101): integer optimal solution.
--- Cplex Time: 1.62sec (det. 2703.03 ticks)

--- Returning a primal only solution to GAMS (marginals all set to NA).
--- Fixing integer variables and solving final LP...

Version identifier: 22.1.1.0 | 2022-11-28 | 9160aff4d
CPXPARAM_Advance                                 2
CPXPARAM_Threads                                 1
CPXPARAM_MIP_Display                             4
CPXPARAM_MIP_Pool_Capacity                       0
CPXPARAM_TimeLimit                               3596.2355096340179
CPXPARAM_MIP_Tolerances_AbsMIPGap                0
CPXPARAM_MIP_Tolerances_MIPGap                   0
Tried aggregator 1 time.
LP Presolve eliminated 14156 rows and 13947 columns.
Aggregator did 8 substitutions.
Reduced LP has 1727 rows, 2544 columns, and 10133 nonzeros.
Presolve time = 0.01 sec. (13.46 ticks)
Initializing dual steep norms . . .

Iteration log . . .
Iteration:     1   Dual objective     =          -472.039519
Perturbation started.
Iteration:   101   Dual objective     =          -472.039519
Iteration:   200   Dual objective     =          -447.589900
Iteration:   366   Dual objective     =          -411.985977
Removing perturbation.
Iteration:   384   Scaled dual infeas =             0.009263
Iteration:   951   Scaled dual infeas =             0.006924
Iteration:  1406   Scaled dual infeas =             0.001888
Iteration:  1557   Dual objective     =          -411.971509
Removing shift (1).

--- Fixed MIP status (1): optimal.
--- Cplex Time: 0.04sec (det. 101.89 ticks)


Proven optimal solution
MIP Solution:         -411.971452    (3741 iterations, 3 nodes)
Final Solve:          -411.971438    (2747 iterations)

Best possible:        -411.971452
Absolute gap:            0.000014
Relative gap:            0.000000

--- DICOPT: Starting major iteration 6
--- DICOPT: Setting up next NLP

COIN-OR Ipopt    44.3.0 8b8fb1cb Sep 1, 2023           LEG x86 64bit/Linux    

COIN-OR Interior Point Optimizer (Ipopt Library 3.14.12)
written by A. Waechter, commercially supported by GAMS Development Corp.
This is Ipopt version 3.14.12, running with linear solver ma27.

Number of nonzeros in equality constraint Jacobian...:     4067
Number of nonzeros in inequality constraint Jacobian.:    14742
Number of nonzeros in Lagrangian Hessian.............:      819

Total number of variables............................:     1647
                     variables with only lower bounds:        0
                variables with lower and upper bounds:     1647
                     variables with only upper bounds:        0
Total number of equality constraints.................:      844
Total number of inequality constraints...............:     5212
        inequality constraints with only lower bounds:        0
   inequality constraints with lower and upper bounds:        0
        inequality constraints with only upper bounds:     5212

iter    objective    inf_pr   inf_du lg(mu)  ||d||  lg(rg) alpha_du alpha_pr  ls
   0 -6.9054754e+02 7.26e+04 1.00e+00   0.0 0.00e+00    -  0.00e+00 0.00e+00   0
   1 -6.1497330e+02 3.66e+04 2.04e+01  -0.4 1.03e+04    -  1.54e-01 7.20e-01h  1
   2 -5.2894253e+02 1.49e+04 2.63e+01  -0.5 2.88e+03    -  6.71e-01 8.91e-01h  1
   3 -5.1288352e+02 1.26e+04 7.00e+01  -1.0 5.17e+02    -  2.21e-02 1.68e-01h  1
   4 -4.8164941e+02 8.99e+03 8.11e+01  -1.0 4.98e+02    -  2.45e-01 3.34e-01h  1
   5 -4.5692603e+02 6.97e+03 3.97e+01  -1.1 3.33e+02    -  3.00e-01 2.52e-01h  1
   6 -3.8655407e+02 3.68e+03 1.85e+02  -1.3 2.49e+02    -  2.01e-01 6.22e-01h  1
   7 -3.6133559e+02 2.91e+03 1.55e+02  -1.4 9.46e+01    -  2.16e-01 2.32e-01h  1
   8 -3.5889998e+02 2.84e+03 7.76e+01  -1.5 7.29e+01    -  1.17e-01 2.53e-02h  1
   9 -3.5655518e+02 2.77e+03 6.78e+01  -1.5 2.03e+02    -  3.57e-02 2.48e-02h  1
iter    objective    inf_pr   inf_du lg(mu)  ||d||  lg(rg) alpha_du alpha_pr  ls
  10 -3.5001922e+02 2.59e+03 8.67e+01  -1.6 1.67e+02    -  3.63e-02 6.98e-02h  1
  11 -3.4218968e+02 2.37e+03 7.08e+01  -1.6 2.74e+02    -  9.78e-02 8.61e-02h  1
  12 -3.3703937e+02 2.24e+03 2.30e+01  -1.6 2.51e+02    -  1.82e-01 5.83e-02h  1
  13 -3.1799533e+02 1.79e+03 8.43e+01  -1.7 2.36e+02    -  5.21e-02 2.23e-01h  1
  14 -3.0260328e+02 1.48e+03 7.06e+01  -1.7 1.84e+02    -  3.93e-01 1.93e-01h  1
  15 -2.8335733e+02 1.14e+03 4.27e+01  -1.9 2.16e+02    -  2.34e-01 2.56e-01h  1
  16 -2.6254615e+02 8.48e+02 1.14e+02  -2.1 2.46e+02    -  4.89e-01 2.96e-01h  1
  17 -2.4353851e+02 6.34e+02 1.35e+02  -2.3 2.66e+02    -  5.09e-01 2.90e-01h  1
  18 -2.2651173e+02 4.97e+02 1.34e+02  -2.7 2.48e+02    -  5.61e-01 2.77e-01h  1
  19 -2.0544726e+02 3.82e+02 1.80e+02  -3.0 1.73e+02    -  7.70e-01 3.64e-01h  1
iter    objective    inf_pr   inf_du lg(mu)  ||d||  lg(rg) alpha_du alpha_pr  ls
  20 -2.0520931e+02 3.81e+02 6.17e+04   0.3 1.06e+04    -  2.49e-01 1.77e-03f  1
  21 -1.9815081e+02 3.59e+02 6.27e+03   0.7 3.11e+02    -  1.00e+00 9.93e-02f  1
  22 -1.7007151e+02 2.45e+02 2.90e+04   0.9 9.95e+01    -  1.00e+00 5.22e-01h  1
  23 -1.5375379e+02 1.69e+02 1.80e+04   1.4 1.84e+02    -  1.00e+00 3.26e-01h  1
  24 -1.4193898e+02 1.34e+02 7.69e+04   2.2 2.49e+02    -  1.00e+00 2.22e-01h  1
  25 -1.2187691e+02 9.59e+01 4.19e+05   3.3 2.06e+02    -  9.58e-01 2.93e-01f  1
  26 -9.3413240e+01 5.40e+01 1.46e+05   3.3 8.37e+01    -  6.50e-01 6.40e-01h  1
  27 -7.2232506e+01 2.69e+01 4.20e+04   2.9 3.52e+01    -  1.00e+00 6.24e-01h  1
  28 -4.8740374e+01 9.56e+00 5.14e+03   2.2 1.90e+01    -  1.00e+00 8.89e-01h  1
  29 -3.6062413e+01 2.47e+00 9.11e+03   0.9 6.83e+00    -  1.00e+00 8.69e-01h  1
iter    objective    inf_pr   inf_du lg(mu)  ||d||  lg(rg) alpha_du alpha_pr  ls
  30 -3.0372635e+01 4.49e-01 2.80e+03  -0.4 1.60e+00    -  1.00e+00 9.05e-01h  1
  31 -2.8991114e+01 3.54e-02 2.00e+02  -1.5 3.68e-01    -  1.00e+00 9.75e-01h  1
  32 -2.9045598e+01 2.30e-03 2.68e+00  -2.6 9.64e-02    -  1.00e+00 9.96e-01h  1
  33 -2.9297278e+01 6.73e-04 8.05e+00  -4.2 1.32e-01    -  1.00e+00 9.81e-01h  1
  34 -2.9326899e+01 1.19e-05 1.46e+01  -6.2 9.72e-03    -  1.00e+00 9.87e-01h  1
In iteration 34, 2 Slacks too small, adjusting variable bounds
  35 -2.9327200e+01 3.78e-13 3.37e+01  -7.7 1.05e-04    -  1.00e+00 9.90e-01h  1
  36 -2.9326902e+01 1.65e-13 6.11e+02  -4.5 2.93e-04    -  9.28e-01 1.00e+00f  1
  37 -2.9326990e+01 2.63e-13 1.85e+03  -4.6 8.63e-05    -  5.33e-02 1.00e+00f  1
  38 -2.9326515e+01 1.17e-12 4.23e+03  -3.1 7.22e-03    -  1.00e+00 6.42e-02f  1
  39 -2.9253370e+01 2.14e-05 4.57e-05  -2.1 7.16e-02    -  1.00e+00 1.00e+00f  1
iter    objective    inf_pr   inf_du lg(mu)  ||d||  lg(rg) alpha_du alpha_pr  ls
  40 -2.9244254e+01 1.07e-05 1.69e+03  -1.9 1.96e-02    -  1.00e+00 5.00e-01f  2
  41 -2.9235705e+01 3.81e-07 1.13e-06  -1.9 9.30e-03    -  1.00e+00 1.00e+00h  1
  42 -2.9308164e+01 7.36e-13 5.86e-05  -2.9 7.40e-02    -  1.00e+00 1.00e+00H  1
In iteration 42, 1088 Slacks too small, adjusting variable bounds
  43 -2.9326958e+01 6.43e-07 1.14e+00  -8.9 1.71e-02    -  9.98e-01 1.00e+00h  1
  44 -2.9327083e+01 3.37e-13 1.75e-10  -4.9 5.87e-05    -  1.00e+00 1.00e+00f  1
In iteration 44, 1123 Slacks too small, adjusting variable bounds
  45 -2.9327203e+01 3.08e-13 1.00e+03 -10.8 1.17e-04    -  3.95e-01 1.00e+00h  1
  46 -2.9319830e+01 4.09e-08 4.49e+04  -3.1 7.22e-03    -  8.40e-02 9.96e-01f  1
  47 -2.9313478e+01 8.51e-07 4.29e+04  -1.7 1.79e-01    -  4.49e-02 3.48e-02f  1
  48 -2.9316402e+01 4.83e-13 4.24e+04  -3.0 5.40e-03    -  1.90e-02 5.28e-01f  1
  49 -2.9319014e+01 1.93e-11 3.90e+04  -3.0 2.55e-03    -  8.89e-02 1.00e+00f  1
iter    objective    inf_pr   inf_du lg(mu)  ||d||  lg(rg) alpha_du alpha_pr  ls
  50 -2.9319016e+01 4.83e-06 3.35e+04  -3.0 4.70e-05    -  1.42e-01 8.71e-01h  1
  51 -2.9319016e+01 2.00e-06 2.79e+04  -3.0 1.47e-04    -  1.71e-01 1.98e-02f  3
  52 -2.9319017e+01 2.90e-06 2.53e+04  -3.0 4.40e-05    -  7.44e-02 4.13e-01h  1
  53 -2.9319017e+01 2.47e-06 2.25e+04  -3.0 2.58e-05    -  1.55e-01 1.89e-02f  5
  54 -2.9319017e+01 1.65e-06 1.47e+04  -3.0 3.70e-05    -  7.76e-02 4.79e-01h  1
  55 -2.9319017e+01 1.50e-06 1.45e+04  -3.0 1.49e-05    -  1.00e+00 1.35e-02f  6
  56 -2.9319017e+01 1.55e-13 9.20e-09  -3.0 1.47e-05    -  1.00e+00 1.00e+00h  1
  57 -2.9326876e+01 2.49e-11 5.33e-07  -4.6 7.70e-03    -  1.00e+00 1.00e+00h  1
In iteration 57, 1088 Slacks too small, adjusting variable bounds
  58 -2.9327203e+01 7.66e-13 1.77e+02 -10.4 3.04e-04    -  8.25e-01 1.00e+00h  1
  59 -2.9326351e+01 1.49e-13 6.11e-09  -4.0 8.31e-04    -  1.00e+00 1.00e+00f  1
In iteration 59, 1088 Slacks too small, adjusting variable bounds
iter    objective    inf_pr   inf_du lg(mu)  ||d||  lg(rg) alpha_du alpha_pr  ls
  60 -2.9327202e+01 3.59e-12 1.77e-02 -10.0 8.30e-04    -  1.00e+00 1.00e+00h  1
  61 -2.9327142e+01 2.07e-13 8.73e-11  -5.2 5.84e-05    -  1.00e+00 1.00e+00f  1
In iteration 61, 2 Slacks too small, adjusting variable bounds
  62 -2.9327202e+01 1.98e-13 8.73e-11  -7.3 5.86e-05    -  1.00e+00 1.00e+00H  1

Number of Iterations....: 62

                                   (scaled)                 (unscaled)
Objective...............:  -2.9327202480344553e+01   -2.9327202480344553e+01
Dual infeasibility......:   8.7311491370201111e-11    5.8207660913467407e-11
Constraint violation....:   8.7500251418289966e-14    1.9771089587960989e-13
Variable bound violation:   0.0000000000000000e+00    0.0000000000000000e+00
Complementarity.........:   8.7609224675985727e-08    8.7609224675985727e-08
Overall NLP error.......:   2.1679788517672096e-10    8.7609224675985727e-08


Number of objective function evaluations             = 77
Number of objective gradient evaluations             = 63
Number of equality constraint evaluations            = 77
Number of inequality constraint evaluations          = 77
Number of equality constraint Jacobian evaluations   = 1
Number of inequality constraint Jacobian evaluations = 63
Number of Lagrangian Hessian evaluations             = 62
Total seconds in IPOPT                               = 0.399

EXIT: Optimal Solution Found.
--- DICOPT: Checking convergence
--- DICOPT: Setting up next MIP
--- GMO Resort Time 1ms
--- DICOPT: Log File:
 Major Major     Objective    CPU time  Itera- Evaluation Solver
 Step  Iter       Function     (Sec)    tions   Errors
  NLP    1      -801.18694      0.85       72      0      ipopth
  MIP    1      -801.18693      0.02       94      0      cplex
  NLP    2      -117.07438<     0.45       62      0      ipopth
  MIP    2      -439.98428      0.19     1340      0      cplex
  NLP    3       -87.53393      0.18       27      0      ipopth
  MIP    3      -424.46673      0.19     1060      0      cplex
  NLP    4      -146.87853<     0.20       29      0      ipopth
  MIP    4      -411.97137      1.50     4658      0      cplex
  NLP    5       -28.59674      0.19       28      0      ipopth
  MIP    5      -411.97144      1.66     3741      0      cplex
  NLP    6       -29.32720      0.40       62      0      ipopth

IBM ILOG CPLEX   44.3.0 8b8fb1cb Sep 1, 2023           LEG x86 64bit/Linux    

--- GAMS/CPLEX licensed for continuous and discrete problems.
--- GMO setup time: 0.00s
--- Space for names approximately 0.79 Mb
--- Use option 'names no' to turn use of names off
--- GMO memory 10.83 Mb (peak 11.00 Mb)
--- Dictionary memory 0.00 Mb
--- Cplex 22.1.1.0 link memory 0.65 Mb (peak 3.09 Mb)
--- Starting Cplex

Version identifier: 22.1.1.0 | 2022-11-28 | 9160aff4d
CPXPARAM_Advance                                 0
CPXPARAM_Threads                                 1
CPXPARAM_MIP_Display                             4
CPXPARAM_MIP_Pool_Capacity                       0
CPXPARAM_TimeLimit                               3594.1736915111542
CPXPARAM_MIP_Tolerances_AbsMIPGap                0
CPXPARAM_MIP_Tolerances_MIPGap                   0
Generic callback                                 0x50
Tried aggregator 2 times.
MIP Presolve eliminated 10900 rows and 10776 columns.
MIP Presolve modified 16542 coefficients.
Aggregator did 28 substitutions.
Reduced MIP has 9879 rows, 10605 columns, and 51675 nonzeros.
Reduced MIP has 42 binaries, 0 generals, 0 SOSs, and 0 indicators.
Presolve time = 0.03 sec. (54.31 ticks)
Found incumbent of value 1.8605052e+14 after 0.05 sec. (74.22 ticks)
Probing fixed 5 vars, tightened 0 bounds.
Probing changed sense of 7 constraints.
Probing time = 0.00 sec. (11.25 ticks)
Cover probing fixed 0 vars, tightened 6 bounds.
Tried aggregator 2 times.
Detecting symmetries...
MIP Presolve eliminated 253 rows and 205 columns.
MIP Presolve modified 243 coefficients.
Aggregator did 1 substitutions.
Reduced MIP has 9625 rows, 10399 columns, and 50471 nonzeros.
Reduced MIP has 18 binaries, 0 generals, 0 SOSs, and 0 indicators.
Presolve time = 0.07 sec. (86.63 ticks)
Probing time = 0.00 sec. (5.51 ticks)
Clique table members: 81.
MIP emphasis: balance optimality and feasibility.
MIP search method: dynamic search.
Parallel mode: none, using 1 thread.
Initializing dual steep norms . . .

Iteration log . . .
Iteration:     1   Scaled dual infeas =             1.000000
Perturbation started.
Iteration:   101   Scaled dual infeas =             1.000000
Iteration:   398   Scaled dual infeas =             0.999998
Iteration:   746   Scaled dual infeas =             0.219364
Iteration:   983   Scaled dual infeas =             0.121386
Iteration:   988   Dual objective     =          -343.317672
Iteration:  1276   Dual objective     =          -293.837753
Iteration:  1507   Dual objective     =          -266.995288
Removing perturbation.
Root relaxation solution time = 0.04 sec. (67.32 ticks)

        Nodes                                         Cuts/
   Node  Left     Objective  IInf  Best Integer    Best Bound    ItCnt     Gap

*     0+    0                       1.86051e+14                            --- 
Found incumbent of value 1.8605052e+14 after 0.17 sec. (265.44 ticks)
      0     0     -266.9089    18   1.86051e+14     -266.9089     1531  100.00%
*     0+    0                          536.8223     -266.9089           149.72%
Found incumbent of value 536.822318 after 0.23 sec. (383.71 ticks)
      0     0     -265.1843    18      536.8223    Cuts: 1253     2036  149.40%
*     0+    0                          -43.4420     -265.1843           510.43%
Found incumbent of value -43.442008 after 0.58 sec. (1124.92 ticks)
      0     0     -262.9123    18      -43.4420    Cuts: 1032     2489  505.20%
      0     0     -261.3003    18      -43.4420     Cuts: 213     2561  501.49%
      0     0     -259.6547    18      -43.4420     Cuts: 105     2653  497.70%
      0     0     -258.3813    18      -43.4420     Cuts: 103     2754  494.77%
Detecting symmetries...
      0     0     -257.8190    18      -43.4420     Cuts: 165     2821  493.48%
      0     0     -257.3187    18      -43.4420     Cuts: 130     2900  492.33%
      0     0     -256.6814    18      -43.4420     Cuts: 199     2940  490.86%
      0     0     -256.1761    18      -43.4420      Cuts: 97     3012  489.70%
      0     0     -255.5349    18      -43.4420     Cuts: 963     3096  488.22%
      0     0     -255.2332    18      -43.4420     Cuts: 104     3145  487.53%
      0     0     -254.7465    18      -43.4420     Cuts: 387     3202  486.41%
      0     0     -254.2189    18      -43.4420     Cuts: 385     3535  485.19%
      0     0     -253.2531    18      -43.4420     Cuts: 110     3634  482.97%
      0     0     -252.5210    14      -43.4420     Cuts: 128     3731  481.28%
      0     0     -251.9233    18      -43.4420     Cuts: 640     3824  479.91%
      0     0     -251.4912    14      -43.4420      Cuts: 99     3899  478.91%
      0     0     -250.7017    18      -43.4420     Cuts: 640     3948  477.10%
      0     0     -250.2043    14      -43.4420      Cuts: 83     4003  475.95%
      0     0     -249.4567    18      -43.4420     Cuts: 641     4085  474.23%
      0     0     -248.8464    18      -43.4420      Cuts: 77     4201  472.82%
      0     0     -248.1758    18      -43.4420     Cuts: 750     4266  471.28%
      0     0     -247.5624    14      -43.4420      Cuts: 66     4334  469.87%
      0     0     -246.2046    18      -43.4420     Cuts: 793     4479  466.74%
      0     0     -245.8192    18      -43.4420     Cuts: 110     4525  465.86%
      0     0     -245.3355    14      -43.4420     Cuts: 181     4614  464.74%
      0     0     -244.8043    18      -43.4420     Cuts: 530     4706  463.52%
      0     0     -243.7114    14      -43.4420     Cuts: 295     4829  461.00%
      0     0     -242.8937    18      -43.4420     Cuts: 795     5015  459.12%
      0     0     -242.2750    18      -43.4420     Cuts: 281     5130  457.70%
      0     0     -241.7419    14      -43.4420     Cuts: 434     5300  456.47%
      0     0     -240.3466    18      -43.4420     Cuts: 723     5739  453.26%
      0     0     -239.8523    18      -43.4420     Cuts: 358     6074  452.12%
      0     0     -239.4512    18      -43.4420     Cuts: 296     6147  451.20%
      0     0     -239.2914    18      -43.4420      Cuts: 67     6280  450.83%
      0     0     -239.0311    18      -43.4420      Cuts: 65     6339  450.23%
      0     0     -238.8686    18      -43.4420     Cuts: 225     6386  449.86%
      0     0     -238.5327    18      -43.4420     Cuts: 100     6683  449.08%
      0     0     -238.0748    18      -43.4420     Cuts: 622     6742  448.03%
      0     0     -237.7689    18      -43.4420     Cuts: 117     7047  447.32%
      0     0     -237.5136    18      -43.4420      Cuts: 99     7158  446.74%
      0     0     -237.1708    18      -43.4420     Cuts: 410     7302  445.95%
      0     0     -236.8205    18      -43.4420     Cuts: 103     7435  445.14%
      0     0     -236.6233    18      -43.4420      Cuts: 91     7724  444.69%
      0     0     -236.1670    18      -43.4420     Cuts: 406     8030  443.64%
      0     0     -235.9106    18      -43.4420     Cuts: 144     8267  443.05%
      0     0     -235.5966    18      -43.4420     Cuts: 222     8359  442.32%
      0     0     -235.2455    18      -43.4420     Cuts: 144     8551  441.52%
      0     0     -234.7284    18      -43.4420     Cuts: 290     8800  440.33%
      0     0     -234.3493    18      -43.4420     Cuts: 271     9017  439.45%
      0     0     -233.8248    18      -43.4420     Cuts: 144     9150  438.25%
      0     0     -233.4166    18      -43.4420     Cuts: 731     9279  437.31%
      0     0     -232.9503    18      -43.4420     Cuts: 154     9335  436.23%
      0     0     -232.5516    18      -43.4420     Cuts: 363     9460  435.32%
      0     0     -232.1997    18      -43.4420     Cuts: 228     9526  434.50%
      0     0     -231.6327    18      -43.4420     Cuts: 166     9678  433.20%
      0     0     -231.2912    14      -43.4420     Cuts: 779     9864  432.41%
      0     0     -231.2435    18      -43.4420     Cuts: 430     9954  432.30%
      0     0     -231.2235    18      -43.4420     Cuts: 182    10039  432.26%
*     0+    0                          -43.4421     -231.2235           432.26%
Found incumbent of value -43.442101 after 17.75 sec. (33725.33 ticks)
Detecting symmetries...
      0     2     -231.2235    18      -43.4421     -231.2234    10039  432.26%
Elapsed time = 18.58 sec. (35642.00 ticks, tree = 0.01 MB)
      3     5     -211.0207    10      -43.4421     -222.4613    11684  412.09%
      5     7     -194.6948     8      -43.4421     -217.8393    13309  401.45%
      6     6        cutoff            -43.4421     -217.8393    14773  401.45%
      8     6        cutoff            -43.4421     -217.8393    16133  401.45%
     10     6        cutoff            -43.4421     -217.8393    17167  401.45%
     13     5     -210.7029    10      -43.4421     -212.4781    18441  389.11%
                                                 Impl Bds: 59                  
     20     4     -203.1106    10      -43.4421     -211.0005    20590  385.71%
     27     3     -132.3410     6      -43.4421     -182.2075    22923  319.43%
     36     0        cutoff            -43.4421      -43.4421    25337    0.00%

Clique cuts applied:  1
Implied bound cuts applied:  65
Flow cuts applied:  411
Mixed integer rounding cuts applied:  818
Gomory fractional cuts applied:  1

Root node processing (before b&c):
  Real time             =   18.58 sec. (35636.53 ticks)
Sequential b&c:
  Real time             =    1.22 sec. (2575.72 ticks)
                          ------------
Total (root+branch&cut) =   19.80 sec. (38212.25 ticks)

--- MIP status (101): integer optimal solution.
--- Cplex Time: 19.80sec (det. 38212.31 ticks)

--- Returning a primal only solution to GAMS (marginals all set to NA).
--- Fixing integer variables and solving final LP...

Version identifier: 22.1.1.0 | 2022-11-28 | 9160aff4d
CPXPARAM_Advance                                 2
CPXPARAM_Threads                                 1
CPXPARAM_MIP_Display                             4
CPXPARAM_MIP_Pool_Capacity                       0
CPXPARAM_TimeLimit                               3594.1736915111542
CPXPARAM_MIP_Tolerances_AbsMIPGap                0
CPXPARAM_MIP_Tolerances_MIPGap                   0
Tried aggregator 1 time.
LP Presolve eliminated 15253 rows and 15032 columns.
Aggregator did 8 substitutions.
Reduced LP has 5546 rows, 6375 columns, and 26215 nonzeros.
Presolve time = 0.02 sec. (20.59 ticks)
Initializing dual steep norms . . .

Iteration log . . .
Iteration:     1   Dual objective     =          -294.888183
Perturbation started.
Iteration:   101   Dual objective     =          -294.888183
Iteration:   354   Dual objective     =          -265.129006
Iteration:   615   Dual objective     =          -245.400784
Iteration:   853   Dual objective     =          -222.088956
Iteration:  1055   Dual objective     =          -180.041002
Iteration:  1293   Dual objective     =          -133.897072
Iteration:  1408   Dual objective     =          -130.246663
Iteration:  1485   Dual objective     =          -130.246648
Iteration:  1549   Dual objective     =          -130.246641
Iteration:  1611   Dual objective     =          -118.415122
Iteration:  1673   Dual objective     =          -118.415116
Iteration:  1744   Dual objective     =          -118.415111
Iteration:  1806   Dual objective     =           -44.409237
Iteration:  1868   Dual objective     =           -44.409235
Iteration:  1930   Dual objective     =           -44.409233
Iteration:  1992   Dual objective     =           -44.409232
Iteration:  2054   Dual objective     =           -44.409231
Iteration:  2176   Dual objective     =           -44.409169
Iteration:  2256   Dual objective     =           -44.409140
Iteration:  2337   Dual objective     =           -44.040159
Iteration:  2451   Dual objective     =           -43.570232
Removing perturbation.
Iteration:  2546   Scaled dual infeas =             0.000001
Iteration:  2547   Dual objective     =           -43.442024

--- Fixed MIP status (1): optimal.
--- Cplex Time: 0.12sec (det. 288.41 ticks)


Proven optimal solution
MIP Solution:          -43.442101    (25337 iterations, 37 nodes)
Final Solve:           -43.442024    (2547 iterations)

Best possible:         -43.442101
Absolute gap:            0.000077
Relative gap:            0.000002

--- DICOPT: Starting major iteration 7
--- Search stopped on crossover
--- DICOPT: Log File:
 Major Major     Objective    CPU time  Itera- Evaluation Solver
 Step  Iter       Function     (Sec)    tions   Errors
  NLP    1      -801.18694      0.85       72      0      ipopth
  MIP    1      -801.18693      0.02       94      0      cplex
  NLP    2      -117.07438<     0.45       62      0      ipopth
  MIP    2      -439.98428      0.19     1340      0      cplex
  NLP    3       -87.53393      0.18       27      0      ipopth
  MIP    3      -424.46673      0.19     1060      0      cplex
  NLP    4      -146.87853<     0.20       29      0      ipopth
  MIP    4      -411.97137      1.50     4658      0      cplex
  NLP    5       -28.59674      0.19       28      0      ipopth
  MIP    5      -411.97144      1.66     3741      0      cplex
  NLP    6       -29.32720      0.40       62      0      ipopth
  MIP    6       -43.44202     19.93    25337      0      cplex
--- DICOPT: Terminating...
--- DICOPT: Stopped on crossover

      The search was stopped because a crossover occurred.
      The bound provided by the MIP master problem exceeds or
      is within optcr of the objective value of the incumbent.

--- DICOPT: Best integer solution found: -146.878535
--- Reading solution for model GAMS_MODEL
--- Executing after solve: elapsed 0:00:26.043
--- model.gms(16374) 9 Mb
--- model.gms(24231) 11 Mb
--- Putfile results /tmp/tmp7z9hukkf/results.dat
--- Putfile statresults /tmp/tmp7z9hukkf/resultsstat.dat
*** Status: Normal completion
--- Job model.gms Stop 02/26/24 00:20:01 elapsed 0:00:26.059

Problem: 
- Name: /tmp/tmp7z9hukkf/model.gms
  Lower bound: -146.87853463476984
  Upper bound: -146.87853463476984
  Number of objectives: 1
  Number of constraints: 6057.0
  Number of variables: 1750.0
  Number of binary variables: None
  Number of integer variables: 102.0
  Number of continuous variables: 1648.0
  Number of nonzeros: 24741.0
  Sense: minimize
Solver: 
- Name: GAMS (44, 3, 0, 0)
  Status: ok
  Return code: 0
  Message: None
  User time: 25.998000078834593
  System time: None
  Wallclock time: None
  Termination condition: optimal
  Termination message: None
Solution: 
- number of solutions: 0
  number of solutions displayed: 0

