Starting GDPopt version 22.5.13 using LDSDA algorithm
iterlim: None
time_limit: 3600
tee: true
logger: <Logger pyomo.contrib.gdpopt (INFO)>
mip_solver: gurobi
mip_solver_args:
nlp_solver: ipopt
nlp_solver_args:
minlp_solver: gams
minlp_solver_args:
  solver: knitro
local_minlp_solver: bonmin
local_minlp_solver_args:
small_dual_tolerance: 1e-08
integer_tolerance: 1e-05
constraint_tolerance: 1e-06
variable_tolerance: 1e-08
subproblem_initialization_method: <function restore_vars_to_original_values at 0x7fe4d799a3e0>
call_before_subproblem_solve: <class 'pyomo.contrib.gdpopt.util._DoNothing'>
call_after_subproblem_solve: <class 'pyomo.contrib.gdpopt.util._DoNothing'>
call_after_subproblem_feasible: <class 'pyomo.contrib.gdpopt.util._DoNothing'>
force_subproblem_nlp: false
subproblem_presolve: true
tighten_nlp_var_bounds: false
round_discrete_vars: true
max_fbbt_iterations: 3
bound_tolerance: 1e-06
direction_norm: Linf
starting_point: [1, 2, 3, 3, 3, 3, 3, 3, 3]
logical_constraint_list: None
disjunction_list: ['d[1]', 'd[2]', 'd[3]', 'd[4]', 'd[5]', 'd[6]', 'd[7]', 'd[8]', 'd[9]']

If you use this software, you may cite the following:
            - Implementation:
            Chen, Q; Johnson, ES; Bernal, DE; Valentin, R; Kale, S;
            Bates, J; Siirola, JD; Grossmann, IE.
            Pyomo.GDP: an ecosystem for logic based modeling and optimization
            development.
            Optimization and Engineering, 2021.

- LDSDA algorithm:
        Bernal DE, Ovalle D, Liñán DA, Ricardez-Sandoval LA, Gómez JM, Grossmann IE.
        Process Superstructure Optimization through Discrete Steepest Descent Optimization: a GDP Analysis and Applications in Process Intensification.
        Computer Aided Chemical Engineering 2022 Jan 1 (Vol. 49, pp. 1279-1284). Elsevier.
        https://doi.org/10.1016/B978-0-323-85159-6.50213-X
Original model has 3003 constraints (2184 nonlinear) and 9 disjunctions, with 1671 variables, of which 24 are binary, 0 are integer, and 1647 are continuous.
Reformulation Summary:
┌─────────────────┬──────┬──────┬─────────────────────────────────────────────────────────────────────────────────────────────────────┐
│   Ext Var Index │   LB │   UB │ Associated Boolean Vars                                                                             │
├─────────────────┼──────┼──────┼─────────────────────────────────────────────────────────────────────────────────────────────────────┤
│               0 │    1 │    3 │ ['stage_mode[1,1].indicator_var', 'stage_mode[1,2].indicator_var', 'stage_mode[1,3].indicator_var'] │
│               1 │    1 │    3 │ ['stage_mode[2,1].indicator_var', 'stage_mode[2,2].indicator_var', 'stage_mode[2,3].indicator_var'] │
│               2 │    1 │    3 │ ['stage_mode[3,1].indicator_var', 'stage_mode[3,2].indicator_var', 'stage_mode[3,3].indicator_var'] │
│               3 │    1 │    3 │ ['stage_mode[4,1].indicator_var', 'stage_mode[4,2].indicator_var', 'stage_mode[4,3].indicator_var'] │
│               4 │    1 │    3 │ ['stage_mode[5,1].indicator_var', 'stage_mode[5,2].indicator_var', 'stage_mode[5,3].indicator_var'] │
│               5 │    1 │    3 │ ['stage_mode[6,1].indicator_var', 'stage_mode[6,2].indicator_var', 'stage_mode[6,3].indicator_var'] │
│               6 │    1 │    3 │ ['stage_mode[7,1].indicator_var', 'stage_mode[7,2].indicator_var', 'stage_mode[7,3].indicator_var'] │
│               7 │    1 │    3 │ ['stage_mode[8,1].indicator_var', 'stage_mode[8,2].indicator_var', 'stage_mode[8,3].indicator_var'] │
│               8 │    1 │    3 │ ['stage_mode[9,1].indicator_var', 'stage_mode[9,2].indicator_var', 'stage_mode[9,3].indicator_var'] │
└─────────────────┴──────┴──────┴─────────────────────────────────────────────────────────────────────────────────────────────────────┘
=====================================================================================================
Iteration |   Search Type   |  External Variables  | Lower Bound | Upper Bound |   Gap    | Time(s)

        0     Initial point   (1, 2, 3, 3, 3, 3, 3, 3, 3)          -inf    -197.14013       inf%      1.56  *
        1   Neighbor search   (1, 1, 2, 2, 2, 2, 2, 2, 2)          -inf    -197.14013       inf%      2.66  
        1   Neighbor search   (1, 1, 2, 2, 2, 2, 2, 2, 3)          -inf    -197.14013       inf%      3.83  
        1   Neighbor search   (1, 1, 2, 2, 2, 2, 2, 3, 3)          -inf    -197.14013       inf%      5.54  
        1   Neighbor search   (1, 1, 2, 2, 2, 2, 3, 3, 3)          -inf    -197.14013       inf%      7.40  
        1   Neighbor search   (1, 1, 2, 2, 2, 3, 3, 3, 3)          -inf    -197.14013       inf%     10.84  
        1   Neighbor search   (1, 1, 2, 2, 3, 3, 3, 3, 3)          -inf    -197.14013       inf%     16.66  
        1   Neighbor search   (1, 1, 2, 3, 3, 3, 3, 3, 3)          -inf    -197.14013       inf%     27.18  
        1   Neighbor search   (1, 2, 2, 2, 2, 2, 2, 2, 2)          -inf    -197.14013       inf%     47.52  
        1   Neighbor search   (1, 2, 2, 2, 2, 2, 2, 2, 3)          -inf    -197.14013       inf%     48.60  
        1   Neighbor search   (1, 2, 2, 2, 2, 2, 2, 3, 3)          -inf    -197.14013       inf%     50.26  
        1   Neighbor search   (1, 2, 2, 2, 2, 2, 3, 3, 3)          -inf    -197.14013       inf%     52.22  
        1   Neighbor search   (1, 2, 2, 2, 2, 3, 3, 3, 3)          -inf    -207.62612       inf%     55.82  *
        1   Neighbor search   (1, 2, 2, 2, 3, 3, 3, 3, 3)          -inf    -212.00879       inf%     61.68  *
        1   Neighbor search   (1, 2, 2, 3, 3, 3, 3, 3, 3)          -inf    -212.00879       inf%     72.64  
        1   Neighbor search   (2, 3, 3, 3, 3, 3, 3, 3, 3)          -inf    -212.00879       inf%    245.24  
        2   Neighbor search   (1, 1, 1, 1, 2, 2, 2, 2, 2)          -inf    -212.00879       inf%    246.61  
        2   Neighbor search   (1, 1, 1, 1, 2, 2, 2, 2, 3)          -inf    -212.00879       inf%    247.67  
        2   Neighbor search   (1, 1, 1, 1, 2, 2, 2, 3, 3)          -inf    -212.00879       inf%    249.49  
        2   Neighbor search   (1, 1, 1, 1, 2, 2, 3, 3, 3)          -inf    -212.00879       inf%    251.68  
        2   Neighbor search   (1, 1, 1, 1, 2, 3, 3, 3, 3)          -inf    -212.00879       inf%    254.94  
        2   Neighbor search   (1, 1, 1, 2, 2, 2, 2, 2, 2)          -inf    -212.00879       inf%    261.03  
        2   Neighbor search   (1, 1, 1, 2, 2, 2, 2, 2, 3)          -inf    -212.00879       inf%    262.10  
        2   Neighbor search   (1, 1, 1, 2, 2, 2, 2, 3, 3)          -inf    -212.00879       inf%    263.75  
        2   Neighbor search   (1, 1, 1, 2, 2, 2, 3, 3, 3)          -inf    -212.00879       inf%    265.99  
        2   Neighbor search   (1, 1, 1, 2, 2, 3, 3, 3, 3)          -inf    -212.00879       inf%    269.25  
        2   Neighbor search   (1, 1, 1, 2, 3, 3, 3, 3, 3)          -inf    -212.00879       inf%    275.19  

Solved in 2 iterations and 547.03257 seconds
Optimal objective value -212.0087867601
Relative optimality gap inf%

Problem: 
- Name: unknown
  Lower bound: -inf
  Upper bound: -212.00878676011433
  Number of objectives: 1
  Number of constraints: 3003
  Number of variables: 1671
  Number of binary variables: 24
  Number of integer variables: 0
  Number of continuous variables: 1647
  Number of nonzeros: None
  Sense: 1
  Number of disjunctions: 9
Solver: 
- Name: GDPopt (22, 5, 13) - LDSDA
  Status: ok
  User time: 547.0325115667656
  Wallclock time: 547.0325115667656
  Termination condition: unknown
  Iterations: 2
  Timing: main_timer_start_time: 5890584.340567242
total: 547.0325115667656

