--- Job model.gms Start 03/07/24 11:44:47 44.3.0 8b8fb1cb LEX-LEG x86 64bit/Linux
--- Applying:
    /local/scratch/a/peng372/opt/gams/44.3/gmsprmun.txt
--- GAMS Parameters defined
    Input /tmp/tmptommculv/model.gms
    Output /tmp/tmptommculv/output.lst
    ScrDir /tmp/tmptommculv/225a/
    SysDir /local/scratch/a/peng372/opt/gams/44.3/
    CurDir /tmp/tmptommculv/
    LogOption 3
Licensee: Prof. Ignacio E. Grossmann                     G240103|0002AS-GEN
          Carnegie Mellon University, Dept. of Chemical Engineering  DCE375
          /local/scratch/a/peng372/opt/gams/44.3/gamslice.txt
          License Admin: Ignacio E. Grossmann,                             
          Evaluation license: Not for commercial or production use
Processor information: 1 socket(s), 48 core(s), and 96 thread(s) available
GAMS 44.3.0   Copyright (C) 1987-2023 GAMS Development. All rights reserved
--- Starting compilation
--- model.gms(10430) 3 Mb
--- $echo File /tmp/tmptommculv/dicopt.opt
--- model.gms(15290) 4 Mb
--- Starting execution: elapsed 0:00:00.022
--- model.gms(10429) 5 Mb
--- Generating MINLP model GAMS_MODEL
--- model.gms(10436) 8 Mb
--- Reset Solvelink = 2
---   3,104 rows  1,697 columns  8,580 non-zeroes
---   16,185 nl-code  2,184 nl-non-zeroes
---   27 discrete-columns
--- Range statistics (absolute non-zero finite values)
--- RHS       [min, max] : [ 1.000E+00, 1.000E+00] - Zero values observed as well
--- Bound     [min, max] : [ 1.000E+00, 3.000E+02] - Zero values observed as well
--- Matrix    [min, max] : [ 5.000E-02, 3.000E+02] - Zero values observed as well
--- model.gms(10436) 6 Mb
--- Executing DICOPT (Solvelink=2): elapsed 0:00:00.038
-------------------------------------------------------------------------------
Dicopt 2         44.3.0 8b8fb1cb Sep 1, 2023           LEG x86 64bit/Linux    
-------------------------------------------------------------------------------
Reading parameter(s) from "/tmp/tmptommculv/dicopt.opt"
>>  stop 1
Finished reading from "/tmp/tmptommculv/dicopt.opt"

--- DICOPT: Starting major iteration 1
--- DICOPT: Setting up first (relaxed) NLP.

COIN-OR Ipopt    44.3.0 8b8fb1cb Sep 1, 2023           LEG x86 64bit/Linux    

COIN-OR Interior Point Optimizer (Ipopt Library 3.14.12)
written by A. Waechter, commercially supported by GAMS Development Corp.

******************************************************************************
This program contains Ipopt, a library for large-scale nonlinear optimization.
 Ipopt is released as open source code under the Eclipse Public License (EPL).
         For more information visit https://github.com/coin-or/Ipopt
******************************************************************************

This is Ipopt version 3.14.12, running with linear solver ma27.

Number of nonzeros in equality constraint Jacobian...:     5163
Number of nonzeros in inequality constraint Jacobian.:     3143
Number of nonzeros in Lagrangian Hessian.............:     1739

Total number of variables............................:     1696
                     variables with only lower bounds:        0
                variables with lower and upper bounds:     1696
                     variables with only upper bounds:        0
Total number of equality constraints.................:     1394
Total number of inequality constraints...............:     1709
        inequality constraints with only lower bounds:        0
   inequality constraints with lower and upper bounds:        0
        inequality constraints with only upper bounds:     1709

iter    objective    inf_pr   inf_du lg(mu)  ||d||  lg(rg) alpha_du alpha_pr  ls
   0 -2.9999999e-04 2.50e+00 1.00e+00   0.0 0.00e+00    -  0.00e+00 0.00e+00   0
   1 -1.0629426e-03 2.45e+00 2.15e+00  -4.0 9.95e+01    -  9.03e-03 1.97e-02h  1
   2 -1.8006445e-02 2.36e+00 2.74e+00  -0.1 9.73e+01    -  2.80e-02 3.97e-02f  1
   3 -1.1907913e-01 2.19e+00 2.32e+00  -0.1 9.37e+01    -  7.18e-02 7.24e-02f  1
   4 -6.7641110e-01 1.83e+00 1.83e+01  -0.2 8.70e+01    -  2.39e-01 1.76e-01f  1
   5 -3.2571958e+00 1.13e+00 8.56e+01  -0.3 7.17e+01    -  6.93e-01 4.46e-01f  1
   6 -3.5164782e+00 1.07e+00 1.71e+03  -0.8 3.97e+01    -  6.98e-01 5.70e-02h  1
   7 -3.5180928e+00 1.07e+00 7.34e+04  -5.2 3.73e+01    -  2.48e-02 6.52e-04h  1
   8 -5.0359209e+00 1.06e+00 4.94e+05   1.9 3.59e+03    -  7.76e-03 3.86e-04f  1
   9 -7.3972825e+00 1.19e+00 4.94e+07   2.8 4.40e+03    -  6.80e-02 4.49e-04f  1
iter    objective    inf_pr   inf_du lg(mu)  ||d||  lg(rg) alpha_du alpha_pr  ls
  10 -7.4418801e+00 1.19e+00 6.31e+08   3.7 8.70e+02    -  5.29e-03 1.13e-04h  3
  11 -7.4807502e+00 1.19e+00 8.43e+10   3.9 9.97e+02    -  4.58e-02 8.75e-05h  3
  12 -7.6847125e+00 1.21e+00 8.43e+10   5.0 1.73e+03    -  2.64e-04 2.64e-04s 11
  13r-7.6847125e+00 1.21e+00 1.00e+03   5.0 0.00e+00    -  0.00e+00 3.57e-07R  4
  14r-7.6848647e+00 5.54e-01 4.98e+02  -1.3 9.92e+01    -  9.59e-01 9.86e-01f  1
  15 -7.6932820e+00 5.54e-01 2.25e+05   1.2 4.03e+01    -  7.18e-01 2.40e-04h  1
  16 -7.7474398e+00 5.50e-01 6.90e+05  -4.4 3.74e+01    -  2.28e-02 7.34e-03h  1
  17 -8.6243189e+00 3.65e-01 6.42e+06   2.2 8.58e+01    -  1.10e-01 1.50e-02h  1
  18 -8.6701344e+00 3.65e-01 5.29e+09   2.4 5.43e+01    -  1.00e+00 1.44e-03h  1
  19 -8.6765543e+00 3.65e-01 1.38e+14   4.1 3.87e+02    -  1.00e+00 3.80e-05h  1
iter    objective    inf_pr   inf_du lg(mu)  ||d||  lg(rg) alpha_du alpha_pr  ls
  20 -8.6776465e+00 3.65e-01 9.80e+15   5.0 5.80e+01    -  2.61e-03 3.64e-05h  1
  21r-8.6776465e+00 3.65e-01 1.00e+03   5.0 0.00e+00    -  0.00e+00 4.63e-07R  4
  22r-8.6771413e+00 3.63e-01 3.23e+01  -1.2 9.84e+01    -  9.68e-01 9.88e-01f  1
  23r-9.5317618e+00 3.98e-01 1.62e+03   0.8 3.02e+00    -  2.01e-01 8.25e-01f  1
  24r-9.6248770e+00 3.40e-01 7.36e+02   0.4 1.75e+00    -  9.07e-01 4.50e-01f  1
  25r-1.3739377e+01 4.30e-01 1.20e+02   0.7 2.40e+01    -  8.39e-01 7.96e-01f  1
  26r-1.5437369e+01 3.15e-01 3.05e+02  -4.8 1.77e+01    -  3.93e-01 7.39e-01f  1
  27 -1.5766942e+01 1.99e-01 9.02e-01  -4.0 2.27e+00    -  5.29e-01 3.69e-01h  1
  28 -1.5809595e+01 1.98e-01 5.99e+02  -0.2 1.64e+00    -  9.88e-01 7.81e-03f  1
  29 -1.8578626e+01 1.21e-01 1.53e+02  -1.0 2.83e+00    -  1.00e+00 7.70e-01H  1
iter    objective    inf_pr   inf_du lg(mu)  ||d||  lg(rg) alpha_du alpha_pr  ls
  30 -4.6127476e+01 1.73e+01 1.45e+02  -7.0 2.01e+02  -4.0 2.80e-02 5.27e-02f  1
  31 -4.7549677e+01 1.67e+01 3.26e+03  -1.2 3.40e+01    -  2.44e-01 3.58e-02h  1
  32 -4.4116607e+01 1.52e+01 4.00e+04  -0.5 3.35e+01    -  1.00e+00 8.87e-02h  1
  33 -4.4125944e+01 1.51e+01 3.78e+06  -0.8 1.29e+01    -  1.00e+00 1.06e-02h  1
  34 -4.4120699e+01 1.51e+01 3.68e+09  -0.6 1.36e+01    -  1.00e+00 1.03e-03h  1
  35 -4.4080704e+01 1.51e+01 4.66e+12   1.0 1.10e+03    -  5.90e-02 4.62e-05h  1
  36 -4.4080041e+01 1.51e+01 5.30e+16  -0.3 2.79e+01    -  7.81e-01 6.80e-05h  1
  37r-4.4080041e+01 1.51e+01 1.00e+03   1.2 0.00e+00    -  0.00e+00 4.65e-07R  2
  38r-4.1402824e+01 4.57e+00 1.56e+03   2.2 1.49e+04    -  8.09e-03 1.00e-03f  1
  39 -4.1398522e+01 4.56e+00 9.18e+03   0.2 1.53e+00    -  9.90e-01 9.31e-04h  1
iter    objective    inf_pr   inf_du lg(mu)  ||d||  lg(rg) alpha_du alpha_pr  ls
  40 -3.7906375e+01 4.47e+00 2.14e+05   0.9 5.67e+01    -  1.00e+00 3.70e-02h  2
  41 -3.4559309e+01 4.01e+00 1.32e+06   1.2 2.31e+01    -  1.00e+00 1.37e-01h  1
  42 -3.4494625e+01 3.94e+00 7.13e+07   0.8 4.22e+00    -  1.00e+00 1.76e-02h  1
  43 -3.4449033e+01 3.93e+00 2.48e+10   1.0 9.44e+00    -  1.00e+00 2.90e-03h  1
  44 -3.4446843e+01 3.93e+00 7.80e+14   1.9 5.72e+01    -  1.00e+00 3.15e-05h  1
  45r-3.4446843e+01 3.93e+00 1.00e+03   5.0 0.00e+00    -  0.00e+00 4.14e-07R  6
  46r-3.3284213e+01 2.02e+00 7.54e+03  -1.3 1.02e+02    -  7.72e-01 9.72e-01f  1
  47 -3.3283438e+01 2.02e+00 1.84e+04  -0.1 8.24e+00    -  9.87e-01 5.39e-04h  1
  48 -3.0394874e+01 1.87e+00 7.56e+05   0.9 3.62e+01    -  1.00e+00 3.86e-02h  1
  49 -3.0254263e+01 1.81e+00 2.08e+07   0.8 1.14e+01    -  1.00e+00 3.35e-02h  1
iter    objective    inf_pr   inf_du lg(mu)  ||d||  lg(rg) alpha_du alpha_pr  ls
  50 -3.0248776e+01 1.81e+00 7.71e+09   0.1 9.79e+00    -  1.00e+00 2.67e-03h  1
  51 -3.0248414e+01 1.81e+00 6.82e+13   0.1 1.07e+01    -  1.00e+00 1.12e-04h  1
  52 -2.6437898e+01 1.46e+00 5.89e+18   5.0 4.14e+05    -  1.00e+00 1.15e-05h  1
  53r-2.6437898e+01 1.46e+00 1.00e+03   5.0 0.00e+00    -  0.00e+00 3.52e-07R  2
  54r-2.9869703e+01 4.91e+05 5.34e+07   2.8 9.97e+01    -  9.80e-01 9.75e-01f  1
  55r-3.8329665e+01 2.08e+05 2.27e+07   2.4 2.46e+01    -  8.36e-01 7.46e-01f  1
  56r-4.2186401e+01 9.54e+04 1.04e+07   1.7 2.24e+01    -  8.33e-01 6.88e-01f  1
  57r-4.2014550e+01 5.10e+04 5.54e+06   1.3 2.92e+01    -  6.72e-01 5.66e-01f  1
  58r-4.2835233e+01 4.19e+04 4.56e+06   1.5 3.42e+01    -  8.17e-01 1.89e-01f  1
  59r-4.0641297e+01 1.24e+04 1.35e+06   1.3 1.30e+00    -  1.00e+00 1.00e+00f  1
iter    objective    inf_pr   inf_du lg(mu)  ||d||  lg(rg) alpha_du alpha_pr  ls
  60r-3.7749596e+01 3.68e+03 4.01e+05   1.2 9.51e-01    -  1.00e+00 1.00e+00f  1
  61r-3.5049719e+01 1.09e+03 1.19e+05   1.1 5.87e-01    -  1.00e+00 1.00e+00f  1
  62r-3.4982867e+01 3.23e+02 3.54e+04   1.0 2.46e+00    -  1.00e+00 1.00e+00f  1
  63r-3.4333161e+01 9.57e+01 1.06e+04   1.0 3.61e+00    -  1.00e+00 1.00e+00f  1
  64r-3.4240607e+01 2.84e+01 3.21e+03   0.9 3.52e+00    -  1.00e+00 1.00e+00f  1
  65r-3.4000442e+01 8.40e+00 9.74e+02   0.9 5.12e+00    -  1.00e+00 1.00e+00f  1
  66r-3.3783887e+01 2.49e+00 2.71e+02   0.8 9.86e+00    -  1.00e+00 1.00e+00f  1
  67r-3.3069296e+01 7.38e-01 2.83e+01   0.7 1.28e+01    -  9.85e-01 1.00e+00f  1
  68 -3.1743520e+01 6.24e-01 1.96e+02  -0.0 3.95e+01    -  9.88e-01 1.77e-01h  1
  69 -3.2505006e+01 5.95e-01 3.69e+03   1.1 3.83e+01    -  1.00e+00 5.10e-02h  3
iter    objective    inf_pr   inf_du lg(mu)  ||d||  lg(rg) alpha_du alpha_pr  ls
  70 -3.0072097e+01 3.24e-01 5.29e+03   1.4 4.01e+01    -  1.00e+00 5.45e-01h  1
  71 -3.0009263e+01 3.20e-01 1.39e+06   1.6 1.63e+01    -  1.00e+00 1.47e-02h  1
  72 -3.0010904e+01 3.19e-01 8.51e+06   3.4 5.00e+01    -  6.01e-03 1.05e-03f  1
  73 -2.9992974e+01 3.18e-01 2.31e+09   2.9 1.91e+01    -  1.00e+00 4.31e-03h  1
  74 -2.9993021e+01 3.18e-01 1.83e+13   4.5 3.46e+01    -  1.00e+00 1.26e-04h  1
  75r-2.9993021e+01 3.18e-01 1.00e+03   5.0 0.00e+00    -  0.00e+00 3.40e-07R  3
  76r-2.9992122e+01 2.57e-01 1.61e+02  -1.2 9.84e+01    -  9.84e-01 9.89e-01f  1
  77 -2.9977520e+01 2.56e-01 1.47e+04  -0.1 1.29e+01    -  9.89e-01 4.84e-03h  1
  78 -2.9958031e+01 2.55e-01 1.76e+04  -5.4 1.36e+01    -  4.83e-03 4.02e-03h  1
  79 -3.0002318e+01 2.53e-01 6.69e+06   1.8 2.83e+01    -  1.00e+00 4.95e-03f  1
iter    objective    inf_pr   inf_du lg(mu)  ||d||  lg(rg) alpha_du alpha_pr  ls
  80 -2.9939998e+01 2.50e-01 5.64e+08   1.7 1.54e+01    -  1.00e+00 1.17e-02h  1
  81 -2.9939172e+01 2.50e-01 3.37e+12   2.7 1.76e+01    -  1.00e+00 1.65e-04h  1
  82r-2.9939172e+01 2.50e-01 1.00e+03   3.7 0.00e+00    -  0.00e+00 3.99e-07R  4
  83r-2.9400719e+01 2.36e-01 3.41e+02  -2.5 5.25e+00    -  9.45e-01 9.65e-01f  1
  84r-2.9120896e+01 2.25e-01 2.13e+02  -0.1 1.16e+00    -  7.13e-01 6.37e-01f  1
  85 -2.9064865e+01 2.21e-01 5.15e+02  -0.1 1.20e+01    -  9.91e-01 1.78e-02h  1
  86 -2.7350396e+01 1.12e-01 7.28e+02   0.3 1.29e+01    -  9.97e-01 5.95e-01h  1
  87 -2.6926018e+01 1.70e-01 1.29e+02  -0.5 4.97e+00    -  1.00e+00 7.43e-01h  1
  88 -2.7380118e+01 1.63e-01 3.60e+03  -6.4 5.74e+00    -  4.83e-01 5.85e-02h  1
  89 -2.7711993e+01 1.60e-01 3.38e+04  -0.4 1.28e+01    -  1.00e+00 1.96e-02h  3
iter    objective    inf_pr   inf_du lg(mu)  ||d||  lg(rg) alpha_du alpha_pr  ls
  90 -2.8387781e+01 1.50e-01 2.26e+05  -0.5 4.67e+00    -  1.00e+00 1.29e-01h  1
  91 -2.8412187e+01 1.50e-01 4.93e+07  -0.5 5.41e+00    -  1.00e+00 4.00e-03h  1
  92 -2.8362662e+01 1.49e-01 3.48e+10   1.0 1.02e+02    -  1.00e+00 3.53e-04h  3
  93 -2.8321407e+01 1.49e-01 1.49e+13   2.7 1.22e+02    -  1.00e+00 2.89e-04h  4
  94 -2.8289028e+01 1.49e-01 7.22e+15   4.3 1.11e+02    -  1.00e+00 2.56e-04h  4
  95 -2.8263081e+01 1.49e-01 3.98e+18   5.0 1.15e+01    -  1.00e+00 1.79e-03h  1
  96 -2.8263017e+01 1.49e-01 5.54e+21   5.0 3.17e+00    -  2.56e-02 1.82e-05h  1
  97r-2.8263017e+01 1.49e-01 1.00e+03   5.0 0.00e+00    -  0.00e+00 9.60e-08R  2
  98r-2.8263019e+01 1.29e-01 1.21e+01  -1.1 9.83e+01    -  9.88e-01 9.89e-01f  1
  99 -2.8263061e+01 1.29e-01 1.32e+04  -0.1 1.04e+00    -  9.90e-01 7.48e-04h  1
iter    objective    inf_pr   inf_du lg(mu)  ||d||  lg(rg) alpha_du alpha_pr  ls
 100 -2.7483821e+01 1.21e-01 3.71e+05   0.7 8.31e+00    -  1.00e+00 6.16e-02h  1
 101 -2.7437666e+01 1.17e-01 1.16e+07   0.5 1.89e+00    -  1.00e+00 3.30e-02h  1
 102 -2.7424677e+01 1.17e-01 1.80e+10   1.5 1.73e+01    -  1.00e+00 6.52e-04h  1
 103 -2.7176646e+01 1.17e-01 2.36e+13   3.7 2.93e+02    -  1.00e+00 7.77e-04h  1
 104 -2.7175306e+01 1.17e-01 2.03e+16   5.0 3.60e+01    -  2.83e-02 3.26e-05h  1
 105r-2.7175306e+01 1.17e-01 1.00e+03   5.0 0.00e+00    -  0.00e+00 1.63e-07R  2
 106r-2.7175012e+01 1.05e-01 1.20e+01  -1.2 9.83e+01    -  9.88e-01 9.89e-01f  1
 107 -2.7175237e+01 1.05e-01 1.73e+04  -0.1 1.03e+00    -  9.90e-01 5.86e-04f  1
 108 -2.6780838e+01 9.93e-02 5.29e+05   0.7 5.68e+00    -  1.00e+00 5.21e-02h  1
 109 -2.6758615e+01 9.72e-02 2.52e+07   0.5 1.54e+00    -  1.00e+00 2.16e-02h  1
iter    objective    inf_pr   inf_du lg(mu)  ||d||  lg(rg) alpha_du alpha_pr  ls
 110 -2.6743321e+01 9.71e-02 5.64e+10   1.9 3.08e+01    -  1.00e+00 4.55e-04h  1
 111 -2.6698208e+01 9.71e-02 6.83e+13   3.4 4.96e+01    -  1.00e+00 8.37e-04h  1
 112r-2.6698208e+01 9.71e-02 1.00e+03   5.0 0.00e+00    -  0.00e+00 2.64e-07R  6
 113r-2.6697643e+01 8.68e-02 1.05e+01  -1.3 9.82e+01    -  9.90e-01 9.90e-01f  1
 114 -2.6697682e+01 8.68e-02 1.66e+06   1.9 1.03e+02    -  9.40e-01 6.07e-06f  1
 115 -2.6574864e+01 8.12e-02 1.09e+07   1.9 2.01e+00    -  3.06e-01 6.36e-02h  1
 116 -2.6559435e+01 8.08e-02 2.53e+09   2.2 2.81e+00    -  1.00e+00 5.12e-03h  1
 117 -2.6534386e+01 8.07e-02 3.32e+12   3.6 2.96e+01    -  1.00e+00 7.63e-04h  1
 118 -2.6522657e+01 8.07e-02 3.92e+15   4.6 1.18e+01    -  1.00e+00 8.45e-04h  1
 119r-2.6522657e+01 8.07e-02 1.00e+03   5.0 0.00e+00    -  0.00e+00 2.65e-07R  6
iter    objective    inf_pr   inf_du lg(mu)  ||d||  lg(rg) alpha_du alpha_pr  ls
 120r-2.6522372e+01 7.24e-02 1.13e+01  -1.2 9.82e+01    -  9.89e-01 9.90e-01f  1
 121 -2.6522784e+01 7.23e-02 1.50e+04  -0.1 1.06e+00    -  9.89e-01 7.48e-04h  1
 122 -2.6102151e+01 6.95e-02 6.33e+05   0.9 6.69e+00    -  1.00e+00 4.46e-02h  1
 123 -2.6069751e+01 6.72e-02 1.98e+07   0.9 1.36e+00    -  1.00e+00 3.26e-02h  1
 124 -2.6063781e+01 6.71e-02 2.20e+10   1.8 5.70e+00    -  1.00e+00 9.08e-04h  1
 125 -2.6040667e+01 6.71e-02 3.13e+13   3.9 1.26e+02    -  1.00e+00 1.80e-04h  3
 126 -2.6034625e+01 6.71e-02 7.88e+14   5.0 9.13e+00    -  1.47e-02 5.79e-04h  1
 127r-2.6034625e+01 6.71e-02 1.00e+03   5.0 0.00e+00    -  0.00e+00 3.65e-07R  5
 128r-2.6034340e+01 5.96e-02 1.02e+01  -1.2 9.82e+01    -  9.90e-01 9.90e-01f  1
 129 -2.6034830e+01 5.96e-02 1.68e+04  -0.1 1.10e+00    -  9.89e-01 6.90e-04f  1
iter    objective    inf_pr   inf_du lg(mu)  ||d||  lg(rg) alpha_du alpha_pr  ls
 130 -2.5776842e+01 5.70e-02 7.88e+05   1.0 5.10e+00    -  1.00e+00 3.96e-02h  1
 131 -2.5741463e+01 5.54e-02 2.87e+07   1.2 1.50e+00    -  1.00e+00 2.82e-02h  1
 132 -2.5736585e+01 5.53e-02 2.49e+10   2.0 3.66e+00    -  1.00e+00 1.16e-03h  1
 133 -2.5680986e+01 5.52e-02 3.67e+13   4.2 7.86e+01    -  1.00e+00 7.05e-04h  1
 134 -2.5680803e+01 5.52e-02 1.04e+16   5.0 3.45e+00    -  1.28e-02 4.46e-05h  1
 135r-2.5680803e+01 5.52e-02 1.00e+03   5.0 0.00e+00    -  0.00e+00 2.31e-07R  2
 136r-2.5680556e+01 4.98e-02 1.08e+01  -1.2 9.82e+01    -  9.89e-01 9.90e-01f  1
 137r-2.5666843e+01 1.23e-02 3.09e+00  -3.2 1.03e+00    -  9.45e-01 9.84e-01f  1
 138 -2.5667122e+01 1.23e-02 9.10e+03  -0.1 9.44e-01    -  9.90e-01 4.16e-04f  2
 139 -2.5752313e+01 1.19e-02 6.15e+04  -0.8 2.14e+00    -  1.00e+00 3.71e-02h  3
iter    objective    inf_pr   inf_du lg(mu)  ||d||  lg(rg) alpha_du alpha_pr  ls
 140 -2.5764879e+01 1.19e-02 4.04e+05  -1.0 1.62e+01    -  1.00e+00 5.84e-04h  9
 141 -2.5769829e+01 1.19e-02 2.67e+06  -0.1 5.18e+01    -  1.00e+00 7.40e-05h 12
 142 -2.5854055e+01 1.14e-02 1.68e+07  -0.9 3.05e+00    -  1.00e+00 3.79e-02h  3
 143 -2.5863019e+01 1.14e-02 1.32e+08  -0.9 2.94e+01    -  1.00e+00 2.39e-04h 10
 144 -2.5874473e+01 1.14e-02 1.05e+09  -0.6 1.66e+01    -  1.00e+00 4.88e-04h  9
 145 -2.5903138e+01 1.13e-02 8.31e+09  -0.1 7.81e+00    -  1.00e+00 3.91e-03h  6
 146 -2.5806732e+01 9.96e-03 5.89e+10   0.5 2.03e+00    -  1.00e+00 1.22e-01h  1
 147 -2.5792829e+01 9.94e-03 2.16e+13   1.4 6.12e+00    -  1.00e+00 2.54e-03h  1
 148r-2.5792829e+01 9.94e-03 1.00e+03   5.0 0.00e+00    -  0.00e+00 2.69e-07R 12
 149r-2.5798311e+01 1.10e-02 1.03e+01  -1.3 9.82e+01    -  9.90e-01 9.90e-01f  1
iter    objective    inf_pr   inf_du lg(mu)  ||d||  lg(rg) alpha_du alpha_pr  ls
 150r-2.5678243e+01 5.34e-03 2.05e+00  -3.3 9.90e-01    -  9.17e-01 9.87e-01f  1
 151 -2.5678521e+01 5.34e-03 9.92e+03  -0.1 7.11e-01    -  9.91e-01 3.25e-04f  2
 152 -2.5735901e+01 5.22e-03 5.56e+04  -0.8 2.28e+00    -  1.00e+00 2.27e-02h  4
 153 -2.5741717e+01 5.22e-03 2.83e+05  -1.0 2.33e+01    -  1.00e+00 1.90e-04h 11
 154 -2.5746500e+01 5.22e-03 1.44e+06  -0.5 3.71e+01    -  1.00e+00 9.57e-05h 12
 155 -2.5768169e+01 5.20e-03 7.26e+06  -1.1 6.62e+00    -  1.00e+00 3.06e-03h  7
 156 -6.3792646e+01 1.26e+02 5.85e+06  -0.0 1.16e+02    -  1.94e-01 1.94e-01s 20
 157 -6.3807703e+01 1.26e+02 2.52e+09  -1.1 1.34e+01    -  1.00e+00 3.72e-03h  1
 158 -6.3613051e+01 1.26e+02 2.91e+11  -0.3 1.30e+02    -  1.82e-01 1.56e-03h  1
 159 -6.3612026e+01 1.26e+02 2.71e+14  -0.9 6.93e+01    -  1.92e-01 2.06e-04h  1
iter    objective    inf_pr   inf_du lg(mu)  ||d||  lg(rg) alpha_du alpha_pr  ls
 160r-6.3612026e+01 1.26e+02 1.00e+03   2.1 0.00e+00    -  0.00e+00 3.08e-07R  4
 161r-6.3192837e+01 4.01e+01 1.55e+03   1.6 1.25e+05    -  3.08e-02 9.96e-04f  1
 162 -6.3190601e+01 4.01e+01 3.96e+04   0.2 4.55e+00    -  9.80e-01 1.48e-04h  1
 163 -6.2889867e+01 3.63e+01 4.01e+05  -0.8 8.61e+00    -  9.08e-01 9.75e-02h  1
 164 -6.2902914e+01 3.62e+01 1.54e+08  -1.2 1.85e+01    -  9.71e-01 2.28e-03h  1
 165 -6.2386684e+01 3.61e+01 1.33e+10  -0.1 4.41e+02    -  1.62e-01 1.86e-03h  1
 166 -6.2385040e+01 3.61e+01 3.31e+13  -0.9 3.03e+01    -  1.00e+00 3.99e-04h  1
 167r-6.2385040e+01 3.61e+01 1.00e+03   1.6 0.00e+00    -  0.00e+00 3.20e-07R  5
 168r-6.0757702e+01 1.06e+01 1.25e+03   1.6 3.59e+04    -  1.93e-02 9.95e-04f  1
 169 -6.0755837e+01 1.06e+01 2.90e+04  -0.1 2.88e+00    -  9.83e-01 2.04e-04h  1
iter    objective    inf_pr   inf_du lg(mu)  ||d||  lg(rg) alpha_du alpha_pr  ls
 170 -6.0393738e+01 9.71e+00 3.70e+05  -0.7 4.39e+00    -  1.00e+00 8.45e-02h  1
 171 -6.0418321e+01 9.68e+00 1.44e+08  -1.1 1.56e+01    -  1.00e+00 2.32e-03h  1
 172 -5.9641345e+01 9.67e+00 1.71e+10   0.0 3.63e+02    -  2.15e-01 1.79e-03h  1
 173 -5.9605777e+01 9.67e+00 4.87e+13  -0.3 1.07e+02    -  1.00e+00 3.50e-04h  1
 174r-5.9605777e+01 9.67e+00 1.00e+03   1.0 0.00e+00    -  0.00e+00 2.60e-07R  5
 175r-5.5919675e+01 2.71e+00 1.23e+03   2.0 9.55e+03    -  7.35e-03 1.00e-03f  1
 176 -5.5915794e+01 2.70e+00 1.13e+04  -0.1 2.59e+00    -  9.84e-01 5.80e-04h  1
 177 -5.0659626e+01 2.59e+00 1.34e+05   0.1 1.84e+01    -  1.00e+00 1.25e-01h  1
 178 -5.0663530e+01 2.53e+00 4.30e+06  -0.9 4.92e+00    -  1.00e+00 2.52e-02h  1
 179 -5.0773350e+01 2.50e+00 4.97e+08  -1.0 1.73e+01    -  1.00e+00 8.75e-03h  1
iter    objective    inf_pr   inf_du lg(mu)  ||d||  lg(rg) alpha_du alpha_pr  ls
 180 -5.0223189e+01 2.50e+00 7.07e+10   0.3 3.94e+02    -  1.42e-01 9.94e-04h  1
 181 -4.9936397e+01 2.50e+00 2.96e+14   1.0 1.48e+03    -  1.00e+00 2.38e-04h  1
 182r-4.9936397e+01 2.50e+00 1.00e+03   2.1 0.00e+00    -  0.00e+00 2.98e-07R  4
 183r-4.7647059e+01 6.46e-01 1.11e+03   0.8 4.99e+01    -  1.48e-01 5.11e-02f  1
 184 -4.7641286e+01 6.45e-01 2.86e+03  -0.1 3.12e+00    -  9.86e-01 1.26e-03f  1
 185 -4.7597638e+01 4.90e-01 8.27e+03  -0.9 2.73e+00    -  1.00e+00 2.64e-01h  1
 186 -4.0845093e+01 1.04e+00 5.85e+04   0.2 1.72e+02    -  4.21e-01 2.55e-02f  3
 187 -3.9352311e+01 9.42e-01 3.23e+05  -0.2 2.56e+01    -  6.23e-01 1.03e-01h  1
 188 -3.9314282e+01 9.38e-01 9.12e+07  -0.2 1.66e+01    -  1.00e+00 3.49e-03h  1
 189 -3.9307011e+01 9.38e-01 1.62e+10  -0.2 1.57e+01    -  1.22e-01 6.81e-04h  1
iter    objective    inf_pr   inf_du lg(mu)  ||d||  lg(rg) alpha_du alpha_pr  ls
 190 -3.9303234e+01 9.38e-01 4.56e+13  -0.2 1.57e+01    -  1.00e+00 3.53e-04h  1
 191r-3.9303234e+01 9.38e-01 1.00e+03  -0.0 0.00e+00    -  0.00e+00 2.85e-07R  6
 192r-3.8770376e+01 2.71e-01 1.07e+03   0.5 1.01e+03    -  2.22e-02 1.00e-03f  1
 193 -3.8770294e+01 2.71e-01 2.87e+05  -0.1 1.90e+00    -  9.88e-01 2.52e-05f  1
 194 -3.8588050e+01 2.70e-01 4.23e+07   0.3 2.31e+01    -  1.00e+00 6.92e-03h  1
 195 -3.8486183e+01 2.69e-01 1.33e+11   1.6 5.19e+02    -  1.00e+00 3.16e-04h  1
 196 -3.8454493e+01 2.69e-01 7.74e+14   3.3 1.13e+03    -  1.00e+00 4.26e-05h  3
 197 -3.8410381e+01 2.69e-01 5.97e+18   4.7 5.35e+02    -  1.00e+00 1.28e-04h  1
 198r-3.8410381e+01 2.69e-01 1.00e+03   5.0 0.00e+00    -  0.00e+00 3.21e-07R  3
 199r-3.8407979e+01 2.44e-01 5.99e+01  -1.2 9.84e+01    -  9.77e-01 9.89e-01f  1
iter    objective    inf_pr   inf_du lg(mu)  ||d||  lg(rg) alpha_du alpha_pr  ls
 200r-3.8277761e+01 2.67e-02 4.82e+01  -3.1 1.23e+00    -  8.80e-01 9.78e-01f  1
 201 -3.8276944e+01 2.67e-02 9.90e+03  -0.1 1.94e+00    -  9.90e-01 3.97e-04f  2
 202 -3.8441637e+01 2.31e-02 6.61e+04  -0.8 1.77e+00    -  1.00e+00 1.33e-01h  1
 203 -3.8609603e+01 2.29e-02 1.20e+06  -0.8 1.04e+01    -  1.00e+00 1.28e-02h  3
 204 -3.8959788e+01 2.24e-02 2.88e+07  -1.0 1.02e+01    -  1.00e+00 2.04e-02h  2
 205 -3.9009419e+01 2.24e-02 1.25e+09  -1.1 2.24e+01    -  1.00e+00 1.40e-03h  5
 206 -3.9045539e+01 2.23e-02 5.75e+10  -0.7 1.03e+01    -  1.00e+00 2.67e-03h  4
 207 -3.8920787e+01 2.23e-02 2.95e+12   0.4 2.26e+02    -  1.00e+00 6.01e-04h  6
 208 -3.8781153e+01 2.23e-02 1.56e+14   1.8 7.20e+02    -  1.00e+00 2.93e-04f  7
 209 -1.9090655e+01 1.74e+01 8.30e+15   5.0 3.64e+04    -  1.00e+00 9.77e-04f  1
iter    objective    inf_pr   inf_du lg(mu)  ||d||  lg(rg) alpha_du alpha_pr  ls
 210 -1.9102183e+01 1.71e+01 2.74e+17   4.3 1.25e+01    -  5.99e-01 1.76e-02h  1
 211 -1.9102659e+01 1.71e+01 1.27e+21   4.3 1.69e+01    -  8.99e-01 1.91e-04h  1
 212r-1.9102659e+01 1.71e+01 1.00e+03   4.3 0.00e+00    -  0.00e+00 2.56e-07R  4
 213r-1.9043511e+01 2.98e+00 2.02e+04  -1.8 4.84e+01    -  7.58e-01 6.43e-01f  1
 214 -1.9043567e+01 2.98e+00 3.28e+07   3.6 7.46e+03    -  7.71e-02 7.70e-09f  2
 215 -1.9383452e+01 2.91e+00 1.11e+09   2.9 1.77e+01    -  7.98e-01 2.53e-02h  1
 216 -1.9388504e+01 2.91e+00 1.08e+12   2.9 2.23e+01    -  7.06e-01 7.19e-04h  1
 217 -1.9391003e+01 2.91e+00 1.83e+15   2.9 7.77e+00    -  8.07e-01 4.70e-04h  1
 218 -1.9391176e+01 2.91e+00 3.28e+18   2.9 1.97e+01    -  5.23e-02 2.89e-05h  1
 219r-1.9391176e+01 2.91e+00 1.00e+03   2.9 0.00e+00    -  0.00e+00 1.45e-07R  2
iter    objective    inf_pr   inf_du lg(mu)  ||d||  lg(rg) alpha_du alpha_pr  ls
 220r-2.0662613e+01 4.78e+02 2.31e+06   2.3 1.83e+01    -  6.15e-01 2.59e-01f  1
 221r-2.0425839e+01 2.56e+02 1.24e+06   1.3 4.61e+00    -  6.52e-01 5.63e-01f  1
 222r-2.3039181e+01 1.10e+02 5.33e+05   1.4 1.15e+01    -  9.37e-01 7.37e-01f  1
 223r-2.1156838e+01 4.72e+01 2.29e+05   0.5 4.99e+00    -  8.54e-01 7.38e-01f  1
 224r-2.2051119e+01 2.10e+01 1.02e+05   0.6 1.22e+01    -  8.94e-01 7.11e-01f  1
 225r-1.9593769e+01 6.21e+00 3.03e+04   0.4 1.08e+01    -  1.00e+00 1.00e+00f  1
 226r-1.7131715e+01 1.84e+00 9.16e+03   0.3 1.39e+01    -  1.00e+00 1.00e+00f  1
 227 -1.7139349e+01 1.84e+00 6.77e+04   2.2 3.13e+02    -  6.51e-01 2.12e-05h  1
 228 -2.0234232e+01 1.36e+00 1.50e+05   2.2 1.81e+01    -  1.00e+00 2.85e-01h  1
 229 -2.0252781e+01 1.36e+00 2.20e+07   2.2 6.04e+00    -  4.14e-01 4.42e-03h  1
iter    objective    inf_pr   inf_du lg(mu)  ||d||  lg(rg) alpha_du alpha_pr  ls
 230 -2.0252277e+01 1.36e+00 2.55e+07   2.2 7.72e+00    -  3.30e-04 2.84e-04h  1
 231 -2.0252565e+01 1.36e+00 1.28e+08   2.2 6.31e+00    -  1.12e-03 3.50e-04h  1
 232 -2.0252950e+01 1.36e+00 6.82e+08   2.2 6.26e+00    -  1.36e-03 3.56e-04h  1
 233r-2.0252950e+01 1.36e+00 1.00e+03   2.2 0.00e+00    -  0.00e+00 4.52e-07R  4
 234r-2.0265233e+01 3.78e-01 3.49e+03   0.9 1.30e+01    -  8.34e-01 1.10e-01f  1
 235 -2.0285395e+01 3.78e-01 3.23e+04   1.5 4.73e+01    -  9.40e-01 2.77e-04f  1
 236 -2.1149788e+01 3.71e-01 1.60e+05   1.5 5.74e+00    -  1.00e+00 1.96e-01h  1
 237 -2.1161151e+01 3.69e-01 6.51e+05   1.5 5.35e+00    -  1.29e-02 3.82e-03h  1
 238 -2.1167049e+01 3.68e-01 2.38e+06   1.5 5.32e+00    -  8.79e-03 2.94e-03h  1
 239 -2.1185300e+01 3.66e-01 3.96e+06   1.5 5.32e+00    -  1.02e-02 6.99e-03h  1
iter    objective    inf_pr   inf_du lg(mu)  ||d||  lg(rg) alpha_du alpha_pr  ls
 240 -2.1185908e+01 3.66e-01 8.63e+08   1.5 5.29e+00    -  2.37e-02 2.29e-04h  1
 241r-2.1185908e+01 3.66e-01 1.00e+03   1.5 0.00e+00    -  0.00e+00 3.50e-07R  4
 242r-2.1144290e+01 1.13e-01 3.45e+03   0.4 4.62e+00    -  8.61e-01 8.19e-02f  1
 243 -2.1158130e+01 1.13e-01 3.29e+04   0.8 7.93e+00    -  9.85e-01 1.03e-03f  1
 244 -2.1337391e+01 1.07e-01 7.79e+04   0.8 4.75e+00    -  1.20e-01 5.03e-02h  1
 245 -2.1374662e+01 1.06e-01 2.14e+05   0.8 4.69e+00    -  2.57e-02 1.18e-02h  1
 246 -2.1418210e+01 1.05e-01 1.01e+06   0.8 4.68e+00    -  4.60e-02 1.37e-02h  1
 247 -2.1419008e+01 1.05e-01 6.14e+08   0.8 4.66e+00    -  1.06e-01 2.50e-04h  1
 248r-2.1419008e+01 1.05e-01 1.00e+03   0.8 0.00e+00    -  0.00e+00 3.37e-07R  5
 249r-2.1436465e+01 6.54e-02 4.09e+03   0.5 3.01e+00    -  5.93e-01 6.49e-02f  1
iter    objective    inf_pr   inf_du lg(mu)  ||d||  lg(rg) alpha_du alpha_pr  ls
 250 -2.1444942e+01 6.54e-02 3.20e+04   0.8 7.20e+00    -  9.87e-01 6.48e-04f  1
 251 -2.1686618e+01 6.06e-02 1.02e+05   0.8 4.68e+00    -  2.28e-01 7.35e-02h  1
 252 -2.1795429e+01 5.84e-02 4.33e+05   0.8 4.60e+00    -  1.32e-01 3.58e-02h  1
 253 -2.1829277e+01 5.77e-02 2.20e+07   0.8 4.54e+00    -  4.63e-01 1.15e-02h  1
 254 -2.1830092e+01 5.77e-02 3.18e+10   0.8 4.64e+00    -  4.04e-01 2.81e-04h  1
 255r-2.1830092e+01 5.77e-02 1.00e+03   0.8 0.00e+00    -  0.00e+00 3.60e-07R  5
 256r-2.1790271e+01 5.51e-02 2.42e+03   0.2 9.01e-01    -  1.00e+00 1.87e-01f  1
 257r-2.1394257e+01 1.30e-02 6.55e+02   0.1 4.63e+00    -  9.65e-01 6.16e-01f  1
 258 -2.1398678e+01 1.30e-02 6.07e+03   0.8 6.18e+00    -  9.90e-01 5.06e-04f  2
 259 -2.1559566e+01 1.23e-02 1.14e+04   0.8 4.58e+00    -  1.00e+00 4.93e-02h  5
iter    objective    inf_pr   inf_du lg(mu)  ||d||  lg(rg) alpha_du alpha_pr  ls
 260 -2.1725623e+01 1.49e-02 1.66e+04   0.8 4.98e+00    -  1.00e+00 5.25e-02h  5
 261 -2.1887188e+01 1.94e-02 2.19e+04   0.8 4.68e+00    -  1.00e+00 5.35e-02h  5
 262 -2.2040857e+01 2.29e-02 2.73e+04   0.8 4.49e+00    -  1.00e+00 5.31e-02h  5
 263 -2.2187065e+01 2.57e-02 3.27e+04   0.8 4.31e+00    -  1.00e+00 5.28e-02h  5
 264 -2.2326153e+01 2.77e-02 3.83e+04   0.8 4.21e+00    -  1.00e+00 5.24e-02h  5
 265 -2.2591281e+01 3.72e-02 4.16e+04   0.8 4.10e+00    -  1.00e+00 1.04e-01h  4
 266 -2.2830176e+01 4.39e-02 4.54e+04   0.8 3.88e+00    -  1.00e+00 1.02e-01h  4
 267 -2.4644292e+01 1.27e-01 9.46e+03   0.8 3.65e+00    -  1.00e+00 8.30e-01H  1
 268 -2.4673715e+01 1.19e-01 1.50e+05   0.8 8.96e-01    -  3.77e-01 5.86e-02h  1
 269 -2.4751427e+01 1.00e-01 7.63e+05   0.8 8.46e-01    -  6.46e-01 1.64e-01h  1
iter    objective    inf_pr   inf_du lg(mu)  ||d||  lg(rg) alpha_du alpha_pr  ls
 270 -2.4756151e+01 9.92e-02 5.73e+07   0.8 7.12e-01    -  1.00e+00 1.18e-02h  1
 271 -2.4757112e+01 9.90e-02 2.36e+10   0.8 7.04e-01    -  1.00e+00 2.44e-03h  1
 272 -2.4757146e+01 9.90e-02 1.30e+13   0.8 7.03e-01    -  5.01e-02 8.98e-05h  1
 273 -2.4757193e+01 9.90e-02 2.68e+16   0.8 7.03e-01    -  2.56e-01 1.23e-04h  1
 274r-2.4757193e+01 9.90e-02 1.00e+03   0.8 0.00e+00    -  0.00e+00 3.17e-07R  4
 275r-2.4751543e+01 2.26e-02 2.38e+02  -5.2 1.66e+00    -  9.26e-01 6.08e-02f  1
 276 -2.4751543e+01 2.26e-02 1.77e+06   0.8 2.39e+01    -  9.10e-05 3.54e-10f  2
 277r-2.4751543e+01 2.26e-02 1.00e+03   0.8 0.00e+00    -  0.00e+00 2.58e-07R  5
 278r-2.4735833e+01 3.10e-03 8.89e+01  -4.3 1.09e-01    -  9.67e-01 2.38e-01f  1
 279 -2.4735833e+01 3.10e-03 4.72e+08   0.8 3.46e+01    -  9.05e-01 1.81e-08f  2
iter    objective    inf_pr   inf_du lg(mu)  ||d||  lg(rg) alpha_du alpha_pr  ls
 280 -2.4735871e+01 3.10e-03 2.74e+12   0.8 6.14e-01    -  5.74e-01 9.77e-05h  1
 281r-2.4735871e+01 3.10e-03 1.00e+03   0.8 0.00e+00    -  0.00e+00 2.50e-07R  5
 282r-2.4728655e+01 1.90e-03 4.93e+01  -1.0 1.06e-02    -  9.71e-01 7.69e-01f  1
 283 -2.4807103e+01 1.69e-03 9.47e+00  -4.0 1.53e-01    -  9.60e-01 1.03e-01h  1
 284 -2.5231233e+01 1.82e-03 6.53e+03  -0.9 6.35e+00    -  9.80e-01 1.28e-02h  1
 285 -2.5248583e+01 1.83e-03 3.83e+04  -0.7 1.93e+01    -  1.00e+00 6.90e-04h  9
 286 -2.5275824e+01 1.84e-03 1.31e+05  -1.1 9.51e+00    -  1.00e+00 1.91e-03h  8
 287 -5.6541474e+01 5.92e+01 1.15e+05   0.1 1.57e+02    -  1.24e-01 1.24e-01s 19
 288 -5.4552540e+01 5.11e+01 7.10e+05  -0.6 1.08e+01    -  1.00e+00 1.49e-01h  1
 289 -5.4233293e+01 5.00e+01 1.97e+07  -0.6 1.06e+01    -  1.00e+00 2.30e-02h  1
iter    objective    inf_pr   inf_du lg(mu)  ||d||  lg(rg) alpha_du alpha_pr  ls
 290 -5.4183660e+01 4.98e+01 5.69e+09  -0.6 1.02e+01    -  1.00e+00 3.56e-03h  1
 291 -5.4156598e+01 4.97e+01 6.48e+11  -0.6 1.02e+01    -  2.26e-01 1.97e-03h  1
 292 -5.4138246e+01 4.96e+01 1.79e+14  -0.6 1.02e+01    -  3.69e-01 1.34e-03h  1
In iteration 292, 1 Slack too small, adjusting variable bound
 293 -5.4137993e+01 4.96e+01 2.02e+18  -0.6 1.02e+01    -  2.09e-01 1.84e-05h  1
 294r-5.4137993e+01 4.96e+01 1.00e+03   1.7 0.00e+00    -  0.00e+00 9.20e-08R  2
 295r-5.3364223e+01 1.35e+01 1.73e+03   1.2 4.91e+04    -  4.41e-02 1.00e-03f  1
 296 -5.3364128e+01 1.35e+01 9.45e+02  -0.6 5.21e+00    -  2.57e-02 4.24e-05h  1
 297 -5.3218805e+01 1.26e+01 2.97e+04  -0.6 5.19e+00    -  7.56e-01 6.69e-02h  1
 298 -5.2925723e+01 1.17e+01 2.50e+05  -0.6 3.24e+00    -  9.83e-01 7.90e-02h  1
 299 -5.2882068e+01 1.16e+01 4.06e+07  -0.6 1.11e+01    -  9.49e-01 4.65e-03h  1
iter    objective    inf_pr   inf_du lg(mu)  ||d||  lg(rg) alpha_du alpha_pr  ls
 300 -5.2872090e+01 1.16e+01 5.23e+10  -0.6 4.28e+01    -  1.00e+00 7.74e-04h  1
 301 -5.2858303e+01 1.16e+01 2.59e+13  -0.6 2.41e+01    -  5.39e-01 1.08e-03h  1
 302 -5.2857985e+01 1.16e+01 5.43e+17  -0.6 1.24e+01    -  5.30e-01 2.50e-05h  1
 303r-5.2857985e+01 1.16e+01 1.00e+03   1.1 0.00e+00    -  0.00e+00 1.25e-07R  2
 304r-5.0875004e+01 3.25e+00 1.35e+03   1.6 1.15e+04    -  2.17e-02 1.00e-03f  1
 305 -5.0879086e+01 3.04e+00 1.50e+01  -4.0 3.46e+00    -  8.75e-01 6.29e-02h  1
 306 -5.0903701e+01 3.02e+00 1.09e+04  -1.0 3.21e+00    -  9.83e-01 6.71e-03h  1
 307 -5.7122978e+01 2.33e+00 3.71e+04  -1.1 1.93e+01    -  1.00e+00 2.33e-01h  1
 308 -5.8234691e+01 2.27e+00 5.59e+05  -1.4 2.26e+01    -  1.00e+00 3.05e-02h  1
 309 -5.8475369e+01 2.26e+00 1.04e+08  -1.6 2.78e+01    -  1.00e+00 5.59e-03h  1
iter    objective    inf_pr   inf_du lg(mu)  ||d||  lg(rg) alpha_du alpha_pr  ls
 310 -5.8467725e+01 2.26e+00 4.20e+11  -0.7 3.24e+01    -  1.00e+00 2.46e-04h  1
 311 -5.8459078e+01 2.26e+00 3.50e+15  -0.3 7.08e+01    -  6.61e-01 7.87e-05h  1
 312r-5.8459078e+01 2.26e+00 1.00e+03   0.4 0.00e+00    -  0.00e+00 3.46e-07R  3
 313r-5.6017029e+01 6.08e-01 1.66e+03   1.5 2.23e+03    -  2.54e-02 1.00e-03f  1
 314 -5.6061727e+01 5.76e-01 2.03e+01  -4.0 9.34e-01    -  9.34e-01 5.19e-02h  1
 315 -5.6118526e+01 5.72e-01 1.45e+04  -1.0 3.74e+00    -  9.83e-01 7.47e-03h  1
 316 -5.8048520e+01 5.81e-01 5.46e+04  -1.3 1.71e+01    -  1.00e+00 6.36e-02h  3
 317 -6.9011470e+01 1.91e+00 1.52e+05  -1.7 3.09e+01    -  1.00e+00 2.16e-01f  1
 318 -6.9560930e+01 1.88e+00 7.33e+06  -1.8 2.21e+01    -  1.00e+00 1.59e-02h  1
 319 -6.9728186e+01 1.87e+00 1.72e+09  -2.0 2.55e+01    -  1.00e+00 4.32e-03h  1
iter    objective    inf_pr   inf_du lg(mu)  ||d||  lg(rg) alpha_du alpha_pr  ls
 320 -6.9493312e+01 1.87e+00 3.42e+11  -0.6 6.73e+01    -  6.58e-01 3.30e-03h  1
 321 -6.9443117e+01 1.87e+00 2.61e+14  -0.6 5.23e+01    -  5.22e-01 6.79e-04h  1
 322r-6.9443117e+01 1.87e+00 1.00e+03   0.3 0.00e+00    -  0.00e+00 4.26e-07R  5
 323r-6.8852243e+01 4.85e-01 1.51e+03   0.5 1.86e+03    -  1.64e-01 9.93e-04f  1
 324 -6.8868839e+01 4.76e-01 7.91e+01  -4.0 7.69e-01    -  9.33e-01 1.81e-02h  1
 325 -6.8912174e+01 4.74e-01 4.11e+04  -1.2 3.93e+00    -  9.80e-01 5.75e-03h  1
 326 -7.0785591e+01 4.75e-01 5.21e+05  -1.5 1.54e+01    -  1.00e+00 6.14e-02h  1
 327 -7.0835371e+01 4.75e-01 4.22e+08  -1.9 2.55e+01    -  1.00e+00 1.30e-03h  1
 328 -7.0791923e+01 4.74e-01 1.75e+11  -0.9 2.53e+01    -  1.00e+00 2.40e-03h  1
 329 -7.0768571e+01 4.74e-01 4.95e+14  -0.6 6.43e+01    -  7.57e-01 2.65e-04h  1
iter    objective    inf_pr   inf_du lg(mu)  ||d||  lg(rg) alpha_du alpha_pr  ls
 330r-7.0768571e+01 4.74e-01 1.00e+03  -0.3 0.00e+00    -  0.00e+00 3.31e-07R  4
 331r-6.9953680e+01 1.29e-01 2.28e+03   0.7 4.69e+02    -  9.14e-02 1.00e-03f  1
 332 -6.9978001e+01 1.27e-01 6.32e+01  -4.0 5.38e-01    -  9.32e-01 2.20e-02h  1
 333 -7.0020343e+01 1.26e-01 3.74e+04  -1.2 3.74e+00    -  9.81e-01 6.19e-03h  1
 334 -7.0724386e+01 1.23e-01 2.71e+05  -1.5 1.40e+01    -  1.00e+00 2.45e-02h  3
 335 -7.3863524e+01 2.22e-01 3.26e+06  -1.9 2.62e+01    -  1.00e+00 7.93e-02f  1
 336 -7.3817935e+01 2.21e-01 2.07e+09  -0.9 3.11e+01    -  1.00e+00 1.73e-03h  1
 337 -7.3570848e+01 2.22e-01 3.83e+11  -0.6 5.32e+01    -  6.46e-01 3.45e-03h  1
 338 -7.3541301e+01 2.21e-01 9.94e+14  -0.4 7.55e+01    -  6.03e-01 2.31e-04h  1
 339r-7.3541301e+01 2.21e-01 1.00e+03  -0.7 0.00e+00    -  0.00e+00 2.90e-07R  4
iter    objective    inf_pr   inf_du lg(mu)  ||d||  lg(rg) alpha_du alpha_pr  ls
 340r-7.3170531e+01 5.79e-02 1.99e+03   0.4 2.19e+02    -  1.11e-01 1.00e-03f  1
 341 -7.3188669e+01 5.70e-02 9.52e+01  -4.0 5.15e-01    -  9.30e-01 1.61e-02h  1
 342 -7.3214876e+01 5.68e-02 5.51e+04  -1.2 3.73e+00    -  9.81e-01 4.86e-03h  1
 343 -7.3697886e+01 5.69e-02 6.32e+05  -1.5 1.24e+01    -  1.00e+00 1.89e-02h  3
 344 -7.5934371e+01 1.01e-01 1.00e+07  -1.9 2.44e+01    -  1.00e+00 6.05e-02f  1
 345 -7.5908138e+01 1.01e-01 6.44e+09  -1.0 2.34e+01    -  1.00e+00 1.67e-03h  1
 346 -7.5731443e+01 1.01e-01 2.36e+12  -0.6 5.96e+01    -  8.47e-01 2.29e-03h  1
 347 -7.5729038e+01 1.01e-01 2.66e+16  -0.8 2.46e+01    -  7.99e-01 7.03e-05h  1
 348r-7.5729038e+01 1.01e-01 1.00e+03  -1.0 0.00e+00    -  0.00e+00 3.52e-07R  2
 349r-7.5672960e+01 2.59e-02 1.02e+03  -6.9 1.02e+02    -  6.74e-02 9.90e-04f  1
iter    objective    inf_pr   inf_du lg(mu)  ||d||  lg(rg) alpha_du alpha_pr  ls
 350r-7.5672960e+01 2.59e-02 1.00e+03  -1.6 0.00e+00    -  0.00e+00 3.51e-07R  2
 351r-7.5644144e+01 6.51e-03 9.78e+02  -4.3 2.63e+01    -  8.70e-02 9.92e-04f  1
 352r-7.5644144e+01 6.51e-03 9.99e+02  -2.2 0.00e+00    -  0.00e+00 3.07e-07R  5
 353r-7.5637965e+01 1.64e-03 9.87e+02  -4.3 6.52e+00    -  3.71e-02 9.89e-04f  1
 354 -7.5637996e+01 1.64e-03 9.30e+05  -4.0 4.84e-01    -  9.25e-01 2.66e-05h  1
 355 -7.5638033e+01 1.64e-03 9.01e+10  -1.2 4.16e+00    -  9.79e-01 1.01e-05h  1
 356r-7.5638033e+01 1.64e-03 1.00e+03  -1.5 0.00e+00    -  0.00e+00 7.58e-08R  2
 357r-7.5404715e+01 8.44e-04 1.26e+03  -1.3 8.45e+00    -  7.60e-01 1.78e-02f  1
 358 -7.5404679e+01 8.44e-04 1.07e+06  -0.1 4.61e+00    -  9.52e-01 3.04e-06f  2
 359 -6.5361751e+01 9.10e-01 6.15e+06   0.7 9.57e+01    -  2.26e-01 4.93e-02f  1
iter    objective    inf_pr   inf_du lg(mu)  ||d||  lg(rg) alpha_du alpha_pr  ls
 360 -6.5182487e+01 9.09e-01 6.27e+09   0.7 5.58e+01    -  1.00e+00 1.36e-03h  1
 361 -6.5136021e+01 9.08e-01 5.82e+12   0.7 2.83e+01    -  7.96e-01 8.51e-04h  1
 362 -6.5130036e+01 9.08e-01 4.80e+16   0.7 2.98e+01    -  9.48e-01 1.14e-04h  1
 363 -6.5117120e+01 9.08e-01 1.49e+20   0.7 2.73e+01    -  8.24e-01 2.64e-04h  1
 364r-6.5117120e+01 9.08e-01 1.00e+03   0.7 0.00e+00    -  0.00e+00 5.75e-09R  2
 365r-6.4922482e+01 2.31e-01 1.26e+03   0.5 1.69e+02    -  4.23e-01 5.33e-03f  1
 366 -6.4922378e+01 2.31e-01 1.55e+02   0.7 1.81e+01    -  1.70e-04 1.57e-06f  1
 367 -6.4895632e+01 2.31e-01 1.01e+06   0.7 1.71e+01    -  8.72e-01 5.22e-04h  1
 368 -6.4130825e+01 2.30e-01 3.22e+06   0.7 2.03e+01    -  7.77e-01 1.73e-02f  5
 369 -6.3306059e+01 2.32e-01 6.67e+06   0.7 2.49e+01    -  1.00e+00 1.56e-02f  6
iter    objective    inf_pr   inf_du lg(mu)  ||d||  lg(rg) alpha_du alpha_pr  ls
 370 -6.2400898e+01 2.36e-01 1.04e+07   0.7 2.71e+01    -  8.24e-01 1.88e-02h  6
 371 -6.1940324e+01 2.37e-01 1.65e+07   0.7 2.71e+01    -  1.00e+00 9.74e-03h  7
 372 -6.1072900e+01 2.41e-01 2.35e+07   0.7 2.60e+01    -  8.95e-01 1.95e-02h  6
 373 -6.0204715e+01 2.47e-01 3.87e+07   0.7 2.60e+01    -  1.00e+00 1.95e-02h  6
 374 -5.9388537e+01 2.50e-01 6.31e+07   0.7 2.46e+01    -  9.47e-01 1.94e-02h  6
 375 -5.8584097e+01 2.54e-01 1.05e+08   0.7 2.46e+01    -  1.00e+00 1.92e-02h  6
 376 -5.7826075e+01 2.56e-01 1.74e+08   0.7 2.34e+01    -  1.00e+00 1.90e-02h  6
 377 -5.7075913e+01 2.58e-01 2.89e+08   0.7 2.37e+01    -  1.00e+00 1.88e-02h  6
 378 -3.6850322e+01 3.85e+00 1.97e+08   0.7 2.23e+01    -  1.00e+00 5.99e-01w  1
 379 -3.6282175e+01 3.68e+00 1.09e+10   0.7 8.45e+00    -  1.00e+00 4.41e-02w  1
iter    objective    inf_pr   inf_du lg(mu)  ||d||  lg(rg) alpha_du alpha_pr  ls
 380 -3.5503993e+01 3.45e+00 1.72e+11   0.7 7.43e+00    -  1.00e+00 6.49e-02w  1
 381 -5.6365513e+01 2.59e-01 4.82e+08   0.7 7.08e+00    -  1.00e+00 1.87e-02h  5
 382 -5.5663774e+01 2.60e-01 8.06e+08   0.7 2.26e+01    -  1.00e+00 1.86e-02h  6
 383 -5.4994749e+01 2.60e-01 1.35e+09   0.7 2.13e+01    -  1.00e+00 1.85e-02h  6
 384 -5.4336475e+01 2.60e-01 2.28e+09   0.7 2.13e+01    -  1.00e+00 1.84e-02h  6
 385 -5.3704805e+01 2.59e-01 3.86e+09   0.7 2.03e+01    -  1.00e+00 1.83e-02h  6
 386 -5.3085717e+01 2.59e-01 6.56e+09   0.7 2.01e+01    -  1.00e+00 1.82e-02h  6
 387 -5.1895169e+01 2.63e-01 1.10e+10   0.7 1.94e+01    -  1.00e+00 3.63e-02h  5
 388 -5.0790337e+01 2.66e-01 1.92e+10   0.7 1.86e+01    -  1.00e+00 3.52e-02h  5
 389 -4.9745992e+01 2.67e-01 3.38e+10   0.7 1.78e+01    -  1.00e+00 3.50e-02h  5
iter    objective    inf_pr   inf_du lg(mu)  ||d||  lg(rg) alpha_du alpha_pr  ls
 390 -4.8753988e+01 2.68e-01 6.03e+10   0.7 1.70e+01    -  1.00e+00 3.47e-02h  5
 391 -3.5017123e+01 1.78e+00 5.05e+10   0.7 1.63e+01    -  1.00e+00 5.50e-01w  1
 392 -3.4373277e+01 1.67e+00 1.30e+12   0.7 6.65e+00    -  7.70e-01 6.13e-02w  1
MA27BD returned iflag=-4 and requires more memory.
 Increase liw from 147110 to 294220 and la from 124555 to 252160 and factorize again.
MA27BD returned iflag=-4 and requires more memory.
 Increase liw from 294220 to 588440 and la from 252160 to 504568 and factorize again.
MA27BD returned iflag=-4 and requires more memory.
 Increase liw from 588440 to 1176880 and la from 504568 to 1011580 and factorize again.
MA27BD returned iflag=-4 and requires more memory.
 Increase liw from 1176880 to 2353760 and la from 1011580 to 2028368 and factorize again.
 393 -3.4371530e+01 1.67e+00 1.31e+12   0.7 3.36e-01  11.8 1.17e-03 9.92e-04w  1
 394 -4.7816096e+01 2.67e-01 1.08e+11   0.7 3.35e-01  11.4 1.00e+00 3.44e-02h  4
 395 -4.6926489e+01 2.65e-01 1.97e+11   0.7 1.56e+01    -  1.00e+00 3.41e-02h  5
 396 -4.6083961e+01 2.63e-01 3.61e+11   0.7 1.51e+01    -  1.00e+00 3.38e-02h  5
 397 -4.4493647e+01 2.67e-01 6.45e+11   0.7 1.45e+01    -  1.00e+00 6.69e-02h  4
 398 -4.3118005e+01 2.66e-01 1.25e+12   0.7 1.34e+01    -  1.00e+00 6.32e-02h  4
 399 -4.1862103e+01 2.62e-01 2.46e+12   0.7 1.25e+01    -  1.00e+00 6.26e-02h  4
iter    objective    inf_pr   inf_du lg(mu)  ||d||  lg(rg) alpha_du alpha_pr  ls
 400 -4.0721267e+01 2.56e-01 4.95e+12   0.7 1.17e+01    -  1.00e+00 6.16e-02h  4
 401 -3.8661847e+01 2.59e-01 9.49e+12   0.7 1.09e+01    -  1.00e+00 1.21e-01h  3
 402 -3.7065361e+01 2.55e-01 2.13e+13   0.7 9.50e+00    -  1.00e+00 1.09e-01h  3
 403 -3.7063194e+01 2.53e-01 2.12e+13   0.7 7.60e-02  10.9 7.64e-03 6.45e-03h  1
 404 -3.7062949e+01 2.53e-01 2.21e+13   0.7 7.56e-02  10.4 2.61e-02 7.45e-04h  1
 405 -3.7061082e+01 2.51e-01 2.26e+13   0.7 7.55e-02  10.8 2.34e-02 5.72e-03h  1
 406 -3.7058785e+01 2.50e-01 2.33e+13   0.7 7.50e-02  11.3 3.03e-02 7.11e-03h  1
 407 -3.7051377e+01 2.44e-01 2.48e+13   0.7 7.46e-02  10.8 7.67e-02 2.32e-02h  1
 408 -3.7035168e+01 2.31e-01 3.23e+13   0.7 7.29e-02  10.3 2.52e-01 5.21e-02h  1
 409 -3.6971458e+01 1.81e-01 4.35e+13   0.7 6.92e-02   9.8 5.18e-01 2.16e-01h  1
iter    objective    inf_pr   inf_du lg(mu)  ||d||  lg(rg) alpha_du alpha_pr  ls
 410 -3.6960876e+01 1.73e-01 4.89e+13   0.7 5.46e-02   9.4 9.61e-02 4.61e-02h  1
 411 -3.6915617e+01 1.37e-01 4.61e+13   0.7 5.27e-02   8.9 2.51e-01 2.10e-01h  1
 412 -3.6875464e+01 1.03e-01 1.07e+14   0.7 4.28e-02   8.4 4.20e-01 2.44e-01h  1
 413 -3.6875259e+01 1.03e-01 1.41e+14   0.7 3.09e-02  12.4 1.17e-02 1.54e-03h  1
 414 -3.6874059e+01 1.02e-01 2.68e+14   0.7 3.09e-02  12.0 4.41e-02 9.09e-03h  1
 415 -3.6872797e+01 1.01e-01 8.37e+14   0.7 3.06e-02  11.5 1.22e-01 9.66e-03h  1
 416 -3.6860394e+01 9.15e-02 3.95e+15   0.7 3.03e-02  11.0 4.00e-01 9.59e-02h  1
 417 -3.6860139e+01 9.13e-02 1.52e+16   0.7 2.74e-02  13.2 2.74e-02 2.18e-03h  1
 418 -3.6859218e+01 9.06e-02 1.05e+17   0.7 2.74e-02  13.7 6.10e-02 7.87e-03h  1
 419 -3.6858910e+01 9.04e-02 5.18e+18   0.7 2.72e-02  13.2 1.16e-01 2.66e-03h  1
In iteration 419, 1 Slack too small, adjusting variable bound
iter    objective    inf_pr   inf_du lg(mu)  ||d||  lg(rg) alpha_du alpha_pr  ls
 420 -3.6858905e+01 9.04e-02 1.37e+22   0.7 2.71e-02  13.6 1.25e-01 4.81e-05h  1
In iteration 420, 2 Slacks too small, adjusting variable bounds
 421 -3.6858807e+01 9.03e-02 4.91e+23   0.7 2.71e-02  13.1 3.06e-02 8.47e-04h  1
Scaling factors are invalid - setting them all to 1.
Scaling factors are invalid - setting them all to 1.
Scaling factors are invalid - setting them all to 1.
Scaling factors are invalid - setting them all to 1.
Scaling factors are invalid - setting them all to 1.
Scaling factors are invalid - setting them all to 1.
Scaling factors are invalid - setting them all to 1.
Scaling factors are invalid - setting them all to 1.
WARNING: Problem in step computation; switching to emergency mode.
 422r-3.6858807e+01 9.03e-02 1.00e+03   0.7 0.00e+00  19.0 0.00e+00 0.00e+00R  1
 423r-3.6824900e+01 2.10e-02 5.10e+01  -1.4 1.76e+00    -  9.75e-01 5.21e-02f  1
 424 -3.6824897e+01 2.10e-02 3.25e+02   0.7 3.19e+01    -  5.27e-05 2.67e-07f  1
 425 -3.6822940e+01 2.10e-02 6.71e+06   0.7 4.07e+00    -  9.93e-01 1.26e-04h  1
 426 -3.6576235e+01 2.08e-02 1.35e+07   0.7 8.62e+00    -  1.00e+00 1.87e-02f  6
 427 -3.6288503e+01 2.07e-02 2.03e+07   0.7 8.39e+00    -  1.00e+00 2.32e-02f  6
 428 -3.5988434e+01 2.05e-02 2.72e+07   0.7 8.15e+00    -  1.00e+00 2.52e-02h  6
 429 -3.5684617e+01 2.04e-02 3.42e+07   0.7 7.92e+00    -  1.00e+00 2.64e-02h  6
iter    objective    inf_pr   inf_du lg(mu)  ||d||  lg(rg) alpha_du alpha_pr  ls
 430 -3.5382200e+01 2.02e-02 4.12e+07   0.7 7.69e+00    -  1.00e+00 2.71e-02h  6
 431 -3.5083856e+01 2.01e-02 4.83e+07   0.7 7.46e+00    -  1.00e+00 2.76e-02h  6
 432 -3.4791124e+01 1.99e-02 5.55e+07   0.7 7.24e+00    -  1.00e+00 2.80e-02h  6
 433 -3.4504892e+01 1.97e-02 6.28e+07   0.7 7.02e+00    -  1.00e+00 2.83e-02h  6
 434 -3.4225668e+01 1.96e-02 7.01e+07   0.7 6.80e+00    -  1.00e+00 2.85e-02h  6
 435 -3.3953728e+01 1.94e-02 7.75e+07   0.7 6.59e+00    -  1.00e+00 2.87e-02h  6
 436 -2.6130998e+01 6.10e-01 6.62e+06   0.7 6.39e+00    -  1.00e+00 9.24e-01w  1
 437 -2.5475023e+01 1.56e-01 3.25e+07   0.7 5.55e-01    -  1.00e+00 7.78e-01w  1
 438 -2.5404331e+01 1.02e-01 4.30e+08   0.7 1.15e-01    -  1.00e+00 3.49e-01w  1
 439 -2.5301441e+01 2.31e-02 3.08e+08   0.7 7.43e-02    -  1.00e+00 7.78e-01h  1
iter    objective    inf_pr   inf_du lg(mu)  ||d||  lg(rg) alpha_du alpha_pr  ls
 440 -2.5290451e+01 1.46e-02 2.85e+09   0.7 1.62e-02    -  1.00e+00 3.70e-01h  1
 441 -2.5276097e+01 3.39e-03 2.15e+09   0.7 1.02e-02    -  1.00e+00 7.68e-01h  1
 442 -2.5274167e+01 1.88e-03 1.42e+10   0.7 2.35e-03    -  1.00e+00 4.45e-01h  1
 443 -2.5777780e+01 7.95e-05 1.09e+01  -0.7 5.13e-01    -  1.00e+00 1.00e+00H  1
 444 -5.2593948e+01 2.78e+01 4.93e+01  -6.6 1.65e+01    -  4.07e-01 1.00e+00f  1
 445 -8.0693693e+01 4.04e+01 1.15e+14  -1.1 2.02e+01    -  1.18e-04 8.70e-01f  1
 446 -8.0741934e+01 4.03e+01 1.15e+14  -2.8 3.05e+01    -  1.36e-06 1.69e-03f  1
 447 -7.3733036e+01 4.04e+01 1.14e+14   0.2 4.17e+02    -  1.75e-02 9.49e-03f  1
 448 -7.3449855e+01 4.01e+01 1.14e+14  -0.8 3.74e+01    -  1.83e-08 8.31e-03f  1
 449 -7.3397746e+01 4.01e+01 1.14e+14  -0.8 5.77e+05    -  8.56e-08 4.65e-05f  1
iter    objective    inf_pr   inf_du lg(mu)  ||d||  lg(rg) alpha_du alpha_pr  ls
 450 -7.2971525e+01 4.01e+01 1.14e+14  -0.8 5.78e+05    -  6.00e-06 1.21e-04f  1
 451 -7.2131146e+01 5.94e+01 1.14e+14  -0.8 5.78e+05    -  6.93e-08 1.41e-04f  1
 452 -7.1525415e+01 6.91e+01 1.14e+14  -0.8 5.78e+05    -  1.22e-05 5.06e-05f  1
 453 -6.8657524e+01 1.14e+02 1.14e+14  -0.8 5.78e+05    -  1.35e-07 2.34e-04f  1
 454 -6.8640052e+01 1.14e+02 1.14e+14  -0.8 5.77e+05    -  9.99e-06 8.63e-07f  2
 455 -6.8631102e+01 1.14e+02 1.14e+14  -0.8 5.77e+05    -  1.32e-07 4.10e-07f  2
 456 -6.8626542e+01 1.14e+02 1.14e+14  -0.8 5.77e+05    -  1.32e-07 1.75e-07f  2
 457r-6.8626542e+01 1.14e+02 1.00e+03   2.4 0.00e+00    -  0.00e+00 8.84e-08R  2
 458r-6.9084637e+01 5.19e+01 1.22e+03   2.2 1.11e+04    -  9.84e-05 5.65e-03f  1
 459r-7.3252070e+01 2.81e+01 3.97e+03   2.4 7.41e+03    -  4.28e-03 6.03e-03f  1
iter    objective    inf_pr   inf_du lg(mu)  ||d||  lg(rg) alpha_du alpha_pr  ls
 460r-7.3005321e+01 2.67e+01 8.67e+03  -3.8 5.43e+02   0.0 1.04e-03 6.42e-03f  1
 461r-7.2287649e+01 7.92e+01 8.00e+05   1.6 1.90e+02   1.3 3.42e-03 1.99e-02f  1
 462r-7.1627132e+01 7.78e+01 7.86e+05   1.9 1.75e+02   0.9 2.41e-01 1.76e-02f  1
 463r-7.0523884e+01 7.32e+01 7.39e+05   1.1 3.64e+02   0.4 6.62e-01 6.06e-02f  1
 464r-6.9818841e+01 6.86e+01 6.93e+05   0.1 4.28e+03    -  2.17e-01 6.44e-02f  1
 465 -6.9303064e+01 6.65e+01 1.87e+01  -0.8 1.36e+02    -  2.41e-01 3.13e-02h  1
 466 -6.6246080e+01 5.53e+01 6.42e+01  -0.8 1.32e+02    -  5.71e-01 1.79e-01h  1
 467 -6.6204033e+01 5.52e+01 6.97e+03  -0.8 1.08e+02    -  2.60e-01 2.32e-03h  1
 468 -6.6054528e+01 5.47e+01 4.58e+03  -0.8 1.25e+02    -  3.46e-04 7.98e-03h  1
 469 -6.6048837e+01 5.47e+01 4.63e+03  -0.8 1.71e+02    -  7.41e-04 3.06e-04h  1
iter    objective    inf_pr   inf_du lg(mu)  ||d||  lg(rg) alpha_du alpha_pr  ls
 470 -6.5084034e+01 5.23e+01 1.38e+03  -0.8 1.94e+02    -  9.83e-04 5.21e-02h  1
 471 -6.5071848e+01 5.23e+01 4.32e+06  -0.8 1.71e+02    -  5.21e-01 7.00e-04h  1
 472 -6.5071108e+01 5.23e+01 1.15e+07  -0.8 1.67e+02    -  5.99e-05 2.25e-05h  1
 473r-6.5071108e+01 5.23e+01 1.00e+03   1.9 0.00e+00    -  0.00e+00 4.02e-07R  3
 474r-6.5077960e+01 2.96e+01 9.86e+02   1.6 3.79e+04    -  2.82e-02 8.26e-04f  1
 475 -6.5050133e+01 2.96e+01 3.04e+03  -0.8 6.65e+01    -  5.67e-01 2.18e-03h  1
 476 -6.5048695e+01 2.96e+01 2.34e+04  -0.8 1.31e+02    -  7.19e-04 9.32e-05h  1
 477r-6.5048695e+01 2.96e+01 1.00e+03   1.7 0.00e+00    -  0.00e+00 2.94e-07R  5
 478r-6.4903223e+01 1.49e+01 9.94e+02   1.7 2.88e+04    -  1.98e-02 1.71e-03f  1
 479 -6.4827000e+01 1.48e+01 1.17e+03  -0.8 1.73e+01    -  5.62e-01 6.01e-03h  1
iter    objective    inf_pr   inf_du lg(mu)  ||d||  lg(rg) alpha_du alpha_pr  ls
 480 -6.4774099e+01 1.46e+01 2.76e+03  -0.8 6.28e+01    -  8.06e-03 3.46e-03h  1
 481 -6.4767762e+01 1.46e+01 1.95e+05  -0.8 6.26e+01    -  2.01e-02 4.14e-04h  1
 482 -6.4765850e+01 1.46e+01 1.02e+06  -0.8 6.20e+01    -  6.02e-04 1.17e-04h  1
 483 -6.4765214e+01 1.46e+01 2.06e+06  -0.8 2.41e+02    -  3.40e-05 1.80e-05h  1
 484r-6.4765214e+01 1.46e+01 1.00e+03   1.2 0.00e+00    -  0.00e+00 1.07e-07R  2
 485r-6.4751962e+01 1.46e+01 9.98e+02   2.2 1.02e+04    -  7.35e-03 5.64e-05f  1
 486r-6.3935878e+01 9.67e+00 9.87e+02   1.5 1.07e+03    -  2.64e-02 8.56e-03f  1
 487 -6.3600218e+01 9.40e+00 3.60e+02  -0.8 1.50e+01    -  6.90e-01 2.76e-02h  1
 488 -6.3581469e+01 9.37e+00 2.05e+03  -0.8 2.84e+01    -  5.77e-03 1.17e-03h  1
 489 -6.2461516e+01 7.02e+00 1.60e+03  -0.8 3.43e+01    -  1.66e-02 7.04e-02h  1
iter    objective    inf_pr   inf_du lg(mu)  ||d||  lg(rg) alpha_du alpha_pr  ls
 490 -6.2413946e+01 6.93e+00 9.71e+04  -0.8 2.71e+01    -  8.02e-01 3.20e-03h  1
 491 -6.2377279e+01 6.88e+00 9.45e+05  -0.8 2.68e+01    -  2.21e-02 2.26e-03h  1
 492 -6.2374082e+01 6.87e+00 2.11e+06  -0.8 3.60e+01    -  2.38e-04 1.11e-04h  1
 493r-6.2374082e+01 6.87e+00 1.00e+03   0.9 0.00e+00    -  0.00e+00 3.10e-07R  3
 494r-6.2366457e+01 6.81e+00 9.93e+02   1.5 6.85e+03    -  2.61e-02 2.84e-04f  1
 495 -6.2352186e+01 6.80e+00 2.78e+03  -0.8 1.36e+01    -  1.38e-01 1.29e-03h  1
 496 -6.2347884e+01 6.79e+00 7.06e+04  -0.8 2.61e+01    -  9.46e-03 3.78e-04h  1
 497 -6.2347591e+01 6.79e+00 5.08e+06  -0.8 2.57e+01    -  1.70e-03 2.43e-05h  1
 498r-6.2347591e+01 6.79e+00 1.00e+03   0.8 0.00e+00    -  0.00e+00 3.08e-07R  4
 499r-6.2342511e+01 6.74e+00 9.99e+02   1.1 2.04e+03    -  2.06e-02 3.82e-05f  1
iter    objective    inf_pr   inf_du lg(mu)  ||d||  lg(rg) alpha_du alpha_pr  ls
 500r-6.1532707e+01 3.03e+00 1.04e+03   0.8 4.63e+02    -  5.53e-02 1.51e-02f  1
 501 -6.1286436e+01 2.96e+00 8.39e+02  -0.8 1.36e+01    -  8.41e-01 2.32e-02h  1
 502 -6.1208992e+01 2.95e+00 6.98e+01  -0.8 1.37e+01    -  1.89e-03 4.84e-03h  1
 503 -6.0064161e+01 2.78e+00 9.56e+03  -0.8 1.37e+01    -  9.03e-01 7.24e-02h  1
 504 -6.0038222e+01 2.78e+00 1.46e+06  -0.8 1.41e+01    -  2.65e-01 2.12e-03h  1
 505 -6.0033859e+01 2.77e+00 3.82e+06  -0.8 1.31e+01    -  6.15e-04 2.34e-04h  1
 506 -6.0033241e+01 2.77e+00 6.03e+07  -0.8 7.73e+01    -  1.35e-04 1.14e-05h  1
 507r-6.0033241e+01 2.77e+00 1.00e+03   0.4 0.00e+00    -  0.00e+00 5.87e-08R  2
 508r-5.9838010e+01 9.16e-01 9.87e+02  -5.6 2.47e+03    -  1.41e-02 1.11e-03f  1
 509 -5.9838010e+01 9.16e-01 7.12e+06  -0.8 1.44e+01    -  7.84e-04 1.59e-08f  2
iter    objective    inf_pr   inf_du lg(mu)  ||d||  lg(rg) alpha_du alpha_pr  ls
 510r-5.9838010e+01 9.16e-01 1.00e+03  -0.0 0.00e+00    -  0.00e+00 2.36e-07R  2
 511r-5.9671755e+01 3.19e-01 9.94e+02   0.2 7.54e+02    -  1.99e-02 1.20e-03f  1
 512 -5.9667973e+01 3.19e-01 2.18e+04  -0.8 1.21e+01    -  2.28e-01 4.04e-04f  1
 513 -5.9663970e+01 3.19e-01 4.35e+06  -0.8 1.21e+01    -  8.14e-02 4.08e-04h  1
 514 -5.9663828e+01 3.19e-01 1.68e+09  -0.8 1.21e+01    -  5.38e-03 1.38e-05h  1
 515r-5.9663828e+01 3.19e-01 1.00e+03  -0.5 0.00e+00    -  0.00e+00 7.26e-08R  2
 516r-5.9490986e+01 2.41e-01 9.97e+02   0.7 2.20e+02    -  2.58e-02 9.67e-04f  1
 517 -5.9482092e+01 2.41e-01 2.71e+04  -0.8 1.21e+01    -  8.65e-01 9.62e-04f  1
 518 -5.9448271e+01 2.41e-01 4.34e+06  -0.8 1.26e+01    -  3.89e-01 2.42e-03h  1
 519 -5.9447037e+01 2.41e-01 2.23e+09  -0.8 1.28e+01    -  4.74e-02 9.15e-05h  1
iter    objective    inf_pr   inf_du lg(mu)  ||d||  lg(rg) alpha_du alpha_pr  ls
 520r-5.9447037e+01 2.41e-01 1.00e+03  -0.6 0.00e+00    -  0.00e+00 4.83e-07R  2
 521r-5.9032327e+01 2.58e-01 9.96e+02   1.2 1.44e+02    -  5.59e-02 2.59e-03f  1
 522r-5.7471071e+01 2.13e-01 1.08e+03  -0.5 3.00e+01    -  7.54e-02 3.80e-02f  1
 523 -5.7417195e+01 2.12e-01 4.05e+02  -0.8 1.11e+01    -  1.91e-01 6.52e-03h  1
 524 -5.7030335e+01 2.02e-01 7.37e+03  -0.8 1.11e+01    -  5.98e-01 4.56e-02h  1
 525 -5.6835746e+01 1.98e-01 9.00e+04  -0.8 1.08e+01    -  2.42e-01 2.11e-02h  1
 526 -5.6802274e+01 1.97e-01 2.15e+07  -0.8 1.07e+01    -  8.36e-01 3.68e-03h  1
 527 -5.6801738e+01 1.97e-01 2.07e+10  -0.8 1.19e+01    -  5.68e-02 5.84e-05h  1
 528r-5.6801738e+01 1.97e-01 1.00e+03  -0.7 0.00e+00    -  0.00e+00 3.39e-07R  2
 529r-5.6478574e+01 2.03e-01 9.92e+02   1.0 1.48e+02    -  1.03e-01 5.27e-03f  1
iter    objective    inf_pr   inf_du lg(mu)  ||d||  lg(rg) alpha_du alpha_pr  ls
 530r-5.4675340e+01 1.67e-01 9.26e+02   0.3 1.76e+01    -  5.85e-02 7.12e-02f  1
 531 -5.4577794e+01 1.65e-01 5.25e+02  -0.8 1.01e+01    -  8.53e-01 1.37e-02h  1
 532 -5.3355021e+01 1.42e-01 5.80e+03  -0.8 1.05e+01    -  9.05e-01 1.38e-01h  1
 533 -5.3025904e+01 1.34e-01 5.60e+04  -0.8 1.08e+01    -  5.16e-01 5.97e-02h  1
 534 -5.2963762e+01 1.32e-01 4.41e+06  -0.8 1.10e+01    -  1.00e+00 1.32e-02h  1
 535 -5.2963139e+01 1.32e-01 2.32e+09  -0.8 1.47e+01    -  1.51e-01 2.82e-04h  1
 536r-5.2963139e+01 1.32e-01 1.00e+03  -0.8 0.00e+00    -  0.00e+00 3.14e-07R  5
 537r-5.2235802e+01 1.34e-01 1.82e+03   0.4 8.89e+01    -  5.19e-01 8.21e-03f  1
 538r-4.7174746e+01 1.46e-01 1.57e+03  -0.5 5.07e+01    -  1.94e-01 1.38e-01f  1
 539r-3.8781572e+01 5.46e-01 9.58e+02   0.2 1.37e+01    -  1.00e+00 5.37e-01f  1
iter    objective    inf_pr   inf_du lg(mu)  ||d||  lg(rg) alpha_du alpha_pr  ls
 540r-3.7796929e+01 9.14e-02 2.56e+02  -0.0 1.67e+00    -  1.00e+00 8.48e-01f  1
 541r-3.6848634e+01 1.56e-02 9.70e+01  -0.0 1.21e+00    -  1.00e+00 1.00e+00f  1
 542 -3.6877503e+01 1.47e-02 2.08e+02  -0.8 5.03e-01    -  9.75e-01 5.89e-02h  1
 543 -3.7039855e+01 1.44e-02 4.35e+02  -0.8 5.17e+00    -  9.94e-01 2.34e-02h  6
 544 -3.7118008e+01 1.43e-02 6.76e+02  -0.8 1.48e+01    -  1.00e+00 5.75e-03h  8
 545 -3.7194115e+01 1.43e-02 9.16e+02  -0.8 1.37e+01    -  1.00e+00 5.90e-03h  7
 546 -3.7256740e+01 1.42e-02 1.07e+03  -0.8 1.31e+01    -  6.57e-01 4.98e-03h  8
 547 -3.7304501e+01 1.42e-02 2.68e+03  -0.8 1.31e+01    -  1.00e+00 3.81e-03h  7
 548 -3.7375155e+01 1.41e-02 2.81e+03  -0.8 1.30e+01    -  1.00e+00 5.65e-03h  8
 549 -3.7445542e+01 1.41e-02 3.01e+03  -0.8 1.29e+01    -  1.00e+00 5.66e-03h  8
iter    objective    inf_pr   inf_du lg(mu)  ||d||  lg(rg) alpha_du alpha_pr  ls
 550 -3.7515958e+01 1.40e-02 3.63e+03  -0.8 1.28e+01    -  5.31e-01 5.69e-03h  8
 551 -3.7570815e+01 1.40e-02 5.83e+03  -0.8 1.27e+01    -  1.00e+00 4.46e-03h  8
 552 -3.7640863e+01 1.40e-02 6.42e+03  -0.8 1.27e+01    -  7.53e-01 5.71e-03h  8
 553 -4.6032119e+01 5.51e+00 3.37e+03  -0.8 1.26e+01    -  1.00e+00 6.50e-01w  1
 554 -4.7336478e+01 3.72e+00 1.85e+04  -0.8 2.60e+00    -  1.00e+00 3.26e-01w  1
 555 -4.8100943e+01 2.69e+00 1.06e+05  -0.8 2.10e+00    -  1.00e+00 2.78e-01w  1
 556 -3.7702757e+01 1.41e-02 9.57e+03  -0.8 1.55e+00    -  1.00e+00 5.08e-03h  7
 557 -3.7772774e+01 1.43e-02 1.02e+04  -0.8 1.25e+01    -  4.72e-01 5.77e-03h  8
 558 -3.7837189e+01 1.45e-02 1.48e+04  -0.8 1.24e+01    -  1.00e+00 5.34e-03h  8
 559 -3.7906915e+01 1.47e-02 1.57e+04  -0.8 1.23e+01    -  3.71e-01 5.81e-03h  8
iter    objective    inf_pr   inf_du lg(mu)  ||d||  lg(rg) alpha_du alpha_pr  ls
 560 -3.7972641e+01 1.49e-02 2.22e+04  -0.8 1.23e+01    -  1.00e+00 5.50e-03h  8
 561 -3.8041880e+01 1.50e-02 2.35e+04  -0.8 1.22e+01    -  3.14e-01 5.83e-03h  8
 562 -3.8108121e+01 1.52e-02 3.26e+04  -0.8 1.21e+01    -  1.00e+00 5.61e-03h  8
 563 -3.8176734e+01 1.54e-02 3.47e+04  -0.8 1.20e+01    -  2.84e-01 5.84e-03h  8
 564 -3.8243013e+01 1.55e-02 4.75e+04  -0.8 1.19e+01    -  1.00e+00 5.67e-03h  8
 565 -3.8310918e+01 1.57e-02 5.08e+04  -0.8 1.18e+01    -  2.71e-01 5.84e-03h  8
 566 -4.7282905e+01 5.81e+00 2.86e+04  -0.8 1.17e+01    -  1.00e+00 7.31e-01w  1
 567 -4.7631307e+01 5.10e+00 4.55e+05  -0.8 1.79e+00    -  1.00e+00 1.24e-01w  1
 568 -4.7845613e+01 4.65e+00 5.95e+06  -0.8 1.72e+00    -  1.00e+00 8.71e-02w  1
 569 -3.8376940e+01 1.58e-02 6.90e+04  -0.8 1.57e+00    -  1.00e+00 5.71e-03h  7
iter    objective    inf_pr   inf_du lg(mu)  ||d||  lg(rg) alpha_du alpha_pr  ls
 570 -3.8444093e+01 1.60e-02 7.41e+04  -0.8 1.17e+01    -  2.69e-01 5.84e-03h  8
 571 -3.8509676e+01 1.61e-02 1.00e+05  -0.8 1.16e+01    -  1.00e+00 5.73e-03h  8
 572 -3.8576056e+01 1.63e-02 1.08e+05  -0.8 1.15e+01    -  2.74e-01 5.83e-03h  8
 573 -3.8641083e+01 1.64e-02 1.46e+05  -0.8 1.14e+01    -  1.00e+00 5.75e-03h  8
 574 -3.8706654e+01 1.65e-02 1.59e+05  -0.8 1.13e+01    -  2.84e-01 5.83e-03h  8
 575 -3.8771053e+01 1.66e-02 2.14e+05  -0.8 1.13e+01    -  1.00e+00 5.75e-03h  8
 576 -3.8835787e+01 1.68e-02 2.33e+05  -0.8 1.12e+01    -  2.97e-01 5.81e-03h  8
 577 -3.8899512e+01 1.69e-02 3.15e+05  -0.8 1.11e+01    -  1.00e+00 5.76e-03h  8
 578 -3.8963427e+01 1.70e-02 3.46e+05  -0.8 1.10e+01    -  3.12e-01 5.80e-03h  8
 579 -4.7494874e+01 4.72e+00 1.91e+05  -0.8 1.09e+01    -  1.00e+00 7.37e-01w  1
iter    objective    inf_pr   inf_du lg(mu)  ||d||  lg(rg) alpha_du alpha_pr  ls
 580 -4.7664881e+01 4.41e+00 6.18e+06  -0.8 1.67e+00    -  1.00e+00 6.56e-02w  1
 581 -4.7786683e+01 4.19e+00 1.23e+08  -0.8 1.68e+00    -  1.00e+00 5.03e-02w  1
 582 -3.9026450e+01 1.71e-02 4.66e+05  -0.8 1.60e+00    -  1.00e+00 5.76e-03h  7
 583 -3.9089563e+01 1.72e-02 5.15e+05  -0.8 1.09e+01    -  3.30e-01 5.80e-03h  8
 584 -3.9151868e+01 1.73e-02 6.95e+05  -0.8 1.08e+01    -  1.00e+00 5.75e-03h  8
 585 -3.9214192e+01 1.74e-02 7.73e+05  -0.8 1.07e+01    -  3.48e-01 5.79e-03h  8
 586 -3.9275771e+01 1.74e-02 1.04e+06  -0.8 1.06e+01    -  1.00e+00 5.75e-03h  8
 587 -3.9337317e+01 1.75e-02 1.17e+06  -0.8 1.06e+01    -  3.68e-01 5.78e-03h  8
 588 -3.9459045e+01 1.80e-02 1.57e+06  -0.8 1.05e+01    -  1.00e+00 1.15e-02h  7
 589 -3.9578951e+01 1.85e-02 1.76e+06  -0.8 1.03e+01    -  3.81e-01 1.14e-02h  7
iter    objective    inf_pr   inf_du lg(mu)  ||d||  lg(rg) alpha_du alpha_pr  ls
 590 -3.9696244e+01 1.89e-02 2.41e+06  -0.8 1.02e+01    -  1.00e+00 1.13e-02h  7
 591 -3.9813488e+01 1.94e-02 2.76e+06  -0.8 1.00e+01    -  4.31e-01 1.14e-02h  7
 592 -4.7528187e+01 3.36e+00 1.43e+06  -0.8 9.90e+00    -  1.00e+00 7.24e-01w  1
 593 -4.7707387e+01 3.12e+00 4.70e+07  -0.8 1.71e+00    -  1.00e+00 7.03e-02w  1
 594 -4.7875221e+01 2.90e+00 6.53e+08  -0.8 1.69e+00    -  1.00e+00 7.06e-02w  1
 595 -3.9928232e+01 1.98e-02 3.78e+06  -0.8 1.58e+00    -  1.00e+00 1.13e-02h  6
 596 -4.0042737e+01 2.01e-02 4.40e+06  -0.8 9.77e+00    -  4.81e-01 1.14e-02h  7
 597 -4.0154890e+01 2.05e-02 6.03e+06  -0.8 9.63e+00    -  1.00e+00 1.13e-02h  7
 598 -4.0266668e+01 2.08e-02 7.15e+06  -0.8 9.51e+00    -  5.34e-01 1.14e-02h  7
 599 -4.0376248e+01 2.11e-02 9.82e+06  -0.8 9.37e+00    -  1.00e+00 1.13e-02h  7
iter    objective    inf_pr   inf_du lg(mu)  ||d||  lg(rg) alpha_du alpha_pr  ls
 600 -4.0485333e+01 2.14e-02 1.19e+07  -0.8 9.25e+00    -  5.90e-01 1.14e-02h  7
 601 -4.0592377e+01 2.16e-02 1.63e+07  -0.8 9.12e+00    -  1.00e+00 1.13e-02h  7
 602 -4.0698818e+01 2.18e-02 2.01e+07  -0.8 9.00e+00    -  6.49e-01 1.13e-02h  7
 603 -4.0803373e+01 2.21e-02 2.77e+07  -0.8 8.87e+00    -  1.00e+00 1.13e-02h  7
 604 -4.0907225e+01 2.22e-02 3.49e+07  -0.8 8.75e+00    -  7.12e-01 1.13e-02h  7
 605 -4.7727019e+01 2.25e+00 1.63e+07  -0.8 8.63e+00    -  1.00e+00 7.19e-01w  1
 606 -4.7879978e+01 2.11e+00 6.46e+08  -0.8 1.64e+00    -  1.00e+00 6.50e-02w  1
 607 -4.7996501e+01 2.00e+00 1.18e+10  -0.8 1.61e+00    -  1.00e+00 5.27e-02w  1
 608 -4.1009348e+01 2.24e-02 4.81e+07  -0.8 1.52e+00    -  1.00e+00 1.12e-02h  6
 609 -4.1110673e+01 2.26e-02 6.20e+07  -0.8 8.52e+00    -  7.80e-01 1.13e-02h  7
iter    objective    inf_pr   inf_du lg(mu)  ||d||  lg(rg) alpha_du alpha_pr  ls
 610 -4.1210423e+01 2.27e-02 8.55e+07  -0.8 8.40e+00    -  1.00e+00 1.12e-02h  7
 611 -4.1309285e+01 2.29e-02 1.13e+08  -0.8 8.29e+00    -  8.53e-01 1.12e-02h  7
 612 -4.1406724e+01 2.30e-02 1.56e+08  -0.8 8.18e+00    -  1.00e+00 1.12e-02h  7
 613 -4.1503186e+01 2.31e-02 2.11e+08  -0.8 8.07e+00    -  9.33e-01 1.12e-02h  7
 614 -4.1598376e+01 2.32e-02 2.92e+08  -0.8 7.97e+00    -  1.00e+00 1.12e-02h  7
 615 -4.1692503e+01 2.33e-02 4.04e+08  -0.8 7.86e+00    -  1.00e+00 1.12e-02h  7
 616 -4.1785485e+01 2.33e-02 5.59e+08  -0.8 7.76e+00    -  1.00e+00 1.12e-02h  7
 617 -4.1877344e+01 2.34e-02 7.74e+08  -0.8 7.66e+00    -  1.00e+00 1.12e-02h  7
 618 -4.7903439e+01 1.56e+00 3.26e+08  -0.8 7.56e+00    -  1.00e+00 7.13e-01w  1
 619 -4.8042576e+01 1.46e+00 1.45e+10  -0.8 1.58e+00    -  1.00e+00 6.37e-02w  1
iter    objective    inf_pr   inf_du lg(mu)  ||d||  lg(rg) alpha_du alpha_pr  ls
 620 -4.8131945e+01 1.40e+00 3.14e+11  -0.8 1.52e+00    -  1.00e+00 4.35e-02w  1
 621 -4.1968101e+01 2.35e-02 1.07e+09  -0.8 1.46e+00    -  1.00e+00 1.11e-02h  6
 622 -4.2057771e+01 2.35e-02 1.49e+09  -0.8 7.46e+00    -  1.00e+00 1.11e-02h  7
 623 -4.2235076e+01 2.41e-02 2.05e+09  -0.8 7.36e+00    -  1.00e+00 2.22e-02h  6
 624 -4.2405677e+01 2.47e-02 2.88e+09  -0.8 7.17e+00    -  1.00e+00 2.19e-02h  6
 625 -4.2572703e+01 2.51e-02 4.04e+09  -0.8 6.99e+00    -  1.00e+00 2.19e-02h  6
 626 -4.2736042e+01 2.55e-02 5.69e+09  -0.8 6.81e+00    -  1.00e+00 2.19e-02h  6
 627 -4.2895740e+01 2.58e-02 8.03e+09  -0.8 6.64e+00    -  1.00e+00 2.19e-02h  6
 628 -4.3051854e+01 2.61e-02 1.13e+10  -0.8 6.47e+00    -  1.00e+00 2.18e-02h  6
 629 -4.3204451e+01 2.63e-02 1.61e+10  -0.8 6.31e+00    -  1.00e+00 2.18e-02h  6
iter    objective    inf_pr   inf_du lg(mu)  ||d||  lg(rg) alpha_du alpha_pr  ls
 630 -4.3353607e+01 2.65e-02 2.28e+10  -0.8 6.16e+00    -  1.00e+00 2.18e-02h  6
 631 -4.8151285e+01 8.41e-01 1.01e+10  -0.8 6.00e+00    -  1.00e+00 6.96e-01w  1
 632 -4.8303840e+01 7.75e-01 3.58e+11  -0.8 1.47e+00    -  1.00e+00 7.82e-02w  1
 633 -4.8422003e+01 7.25e-01 5.23e+12  -0.8 1.38e+00    -  1.00e+00 6.54e-02w  1
 634 -4.3499402e+01 2.66e-02 3.24e+10  -0.8 1.29e+00    -  1.00e+00 2.17e-02h  5
 635 -4.3641919e+01 2.67e-02 4.60e+10  -0.8 5.86e+00    -  1.00e+00 2.17e-02h  6
 636 -4.3781239e+01 2.68e-02 6.56e+10  -0.8 5.71e+00    -  1.00e+00 2.17e-02h  6
 637 -4.3917446e+01 2.68e-02 9.35e+10  -0.8 5.57e+00    -  1.00e+00 2.17e-02h  6
 638 -4.4050620e+01 2.68e-02 1.33e+11  -0.8 5.44e+00    -  1.00e+00 2.17e-02h  6
 639 -4.4180844e+01 2.67e-02 1.91e+11  -0.8 5.31e+00    -  1.00e+00 2.16e-02h  6
iter    objective    inf_pr   inf_du lg(mu)  ||d||  lg(rg) alpha_du alpha_pr  ls
 640 -4.4308194e+01 2.66e-02 2.72e+11  -0.8 5.18e+00    -  1.00e+00 2.16e-02h  6
 641 -4.4557495e+01 2.74e-02 3.81e+11  -0.8 5.06e+00    -  1.00e+00 4.32e-02h  5
 642 -4.4789724e+01 2.79e-02 5.53e+11  -0.8 4.81e+00    -  1.00e+00 4.20e-02h  5
 643 -4.5013451e+01 2.82e-02 8.02e+11  -0.8 4.59e+00    -  1.00e+00 4.23e-02h  5
 644 -4.8517512e+01 3.87e-01 3.92e+11  -0.8 4.38e+00    -  1.00e+00 6.78e-01w  1
 645 -4.8690763e+01 3.45e-01 9.16e+12  -0.8 1.24e+00    -  1.00e+00 1.09e-01w  1
 646 -4.8860609e+01 3.05e-01 7.34e+13  -0.8 1.12e+00    -  1.00e+00 1.19e-01w  1
 647 -4.5228313e+01 2.83e-02 1.16e+12  -0.8 9.84e-01    -  1.00e+00 4.23e-02h  4
 648 -4.5434652e+01 2.83e-02 1.52e+12  -0.8 4.18e+00    -  1.00e+00 4.24e-02h  5
 649 -4.5616273e+01 2.82e-02 1.53e+12  -0.8 3.99e+00    -  1.00e+00 3.90e-02h  5
iter    objective    inf_pr   inf_du lg(mu)  ||d||  lg(rg) alpha_du alpha_pr  ls
 650 -4.5880498e+01 2.84e-02 1.58e+12  -0.8 3.82e+00    -  1.00e+00 5.90e-02h  4
 651 -4.6081588e+01 2.82e-02 1.65e+12  -0.8 3.58e+00    -  1.00e+00 4.77e-02h  4
 652 -4.6404948e+01 2.87e-02 1.91e+12  -0.8 3.40e+00    -  8.68e-01 8.04e-02h  3
 653 -4.6696077e+01 2.87e-02 2.27e+12  -0.8 3.11e+00    -  1.00e+00 7.87e-02h  3
 654 -4.6958037e+01 2.83e-02 2.77e+12  -0.8 2.85e+00    -  1.00e+00 7.68e-02h  3
 655 -4.7198273e+01 2.76e-02 3.45e+12  -0.8 2.62e+00    -  1.00e+00 7.62e-02h  3
 656 -4.7646391e+01 2.84e-02 7.74e+12  -0.8 2.41e+00    -  1.00e+00 1.54e-01h  2
 657 -4.8721665e+01 4.44e-02 1.52e+13  -0.8 2.03e+00    -  1.00e+00 4.33e-01w  1
 658 -4.9063423e+01 3.61e-02 1.32e+13  -0.8 1.13e+00    -  3.81e-01 2.44e-01w  1
 659 -4.9063423e+01 3.60e-02 7.40e+11  -0.8 1.28e-04  16.0 1.00e+00 2.97e-01w  1
iter    objective    inf_pr   inf_du lg(mu)  ||d||  lg(rg) alpha_du alpha_pr  ls
 660 -4.8182430e+01 2.92e-02 1.65e+13  -0.8 3.20e-02  15.5 1.00e+00 2.17e-01h  1
 661 -4.8871293e+01 2.42e-02 1.27e+13  -0.8 1.58e+00    -  4.86e-01 3.55e-01H  1
 662 -4.8871228e+01 2.42e-02 1.34e+13  -0.8 3.77e-02  15.0 8.18e-02 1.55e-03h  1
 663 -4.8871228e+01 2.42e-02 1.23e+13  -0.8 3.76e-02  15.5 6.57e-02 1.18e-05h  1
 664 -4.8871227e+01 2.42e-02 1.33e+13  -0.8 4.38e-02  15.0 1.67e-02 1.18e-05h  1
 665 -4.8870952e+01 2.40e-02 1.99e+13  -0.8 3.92e-02  15.4 6.46e-02 6.51e-03h  1
 666 -4.8870949e+01 2.40e-02 6.53e+13  -0.8 3.84e-02  15.8 8.41e-02 8.61e-05h  1
 667 -4.8870927e+01 2.40e-02 7.64e+13  -0.8 3.86e-02  15.4 7.70e-02 5.24e-04h  1
 668 -4.8870329e+01 2.37e-02 1.05e+14  -0.8 3.82e-02  15.8 9.27e-02 1.45e-02h  1
 669 -4.8870324e+01 2.37e-02 1.11e+14  -0.8 3.80e-02  15.3 9.50e-02 1.28e-04h  1
iter    objective    inf_pr   inf_du lg(mu)  ||d||  lg(rg) alpha_du alpha_pr  ls
 670 -4.8870147e+01 2.36e-02 1.39e+14  -0.8 3.74e-02  15.7 1.21e-01 4.40e-03h  1
 671 -4.8869544e+01 2.32e-02 1.37e+14  -0.8 3.76e-02  15.3 1.12e-01 1.49e-02h  1
 672 -4.8869539e+01 2.32e-02 1.37e+14  -0.8 4.17e-02  14.8 1.63e-02 1.05e-04h  1
 673 -4.8869257e+01 2.31e-02 1.29e+14  -0.8 3.67e-02  15.2 1.58e-01 7.16e-03h  1
 674 -4.8869188e+01 2.30e-02 1.26e+14  -0.8 3.82e-02  14.7 4.11e-02 1.78e-03h  1
 675 -4.8868919e+01 2.29e-02 1.03e+14  -0.8 3.62e-02  15.2 2.82e-01 7.11e-03h  1
 676 -4.8867494e+01 2.20e-02 8.73e+13  -0.8 3.54e-02  14.7 1.49e-01 3.87e-02h  1
 677 -4.8867459e+01 2.19e-02 7.84e+13  -0.8 3.39e-02  15.1 1.07e-01 9.95e-04h  1
 678 -4.8864240e+01 1.99e-02 7.62e+13  -0.8 3.37e-02  14.6 3.53e-02 9.10e-02h  1
 679 -4.8863865e+01 1.97e-02 6.96e+13  -0.8 3.08e-02  15.1 8.11e-02 1.17e-02h  1
iter    objective    inf_pr   inf_du lg(mu)  ||d||  lg(rg) alpha_du alpha_pr  ls
 680 -4.8863402e+01 1.94e-02 5.44e+13  -0.8 3.04e-02  15.5 2.51e-01 1.46e-02h  1
 681 -4.8863074e+01 1.92e-02 5.20e+13  -0.8 3.10e-02  15.0 3.82e-02 1.02e-02h  1
 682 -4.8863055e+01 1.92e-02 5.85e+13  -0.8 2.97e-02  15.4 2.58e-01 6.31e-04h  1
 683r-4.8863055e+01 1.92e-02 1.00e+03  -0.8 0.00e+00  15.9 0.00e+00 2.76e-07R  6
 684r-4.8812228e+01 4.85e-03 1.55e+03  -0.8 4.72e+00    -  9.67e-01 8.50e-03f  1
 685 -4.8812555e+01 4.85e-03 9.51e+03  -0.8 4.74e-01    -  9.45e-01 5.13e-04f  1
 686 -4.9264622e+01 9.44e-03 3.46e+03  -0.8 3.56e-01    -  9.98e-01 8.32e-01h  1
 687 -4.9441429e+01 7.54e-03 7.52e+04  -0.8 8.83e-01    -  1.00e+00 2.04e-01h  1
 688 -5.0031883e+01 1.99e-03 2.75e+04  -0.8 6.95e-01    -  1.00e+00 8.56e-01H  1
 689 -5.0038086e+01 1.99e-03 4.24e+05  -1.1 8.87e+00    -  1.00e+00 3.97e-04h 11
iter    objective    inf_pr   inf_du lg(mu)  ||d||  lg(rg) alpha_du alpha_pr  ls
 690 -7.8447136e+01 1.04e+01 2.36e+05  -1.5 2.70e+01    -  1.00e+00 5.95e-01f  1
 691 -9.8610458e+01 1.61e+01 1.20e+05  -1.6 2.08e+01    -  1.00e+00 7.74e-01h  1
 692 -1.0438520e+02 3.04e+00 1.10e+05  -1.8 9.52e+00    -  1.00e+00 8.93e-01h  1
 693 -1.0644801e+02 1.99e+00 2.43e+06  -2.1 1.44e+01    -  1.00e+00 3.81e-01h  1
 694 -1.0992300e+02 1.12e+00 7.15e+05  -2.3 8.53e+00    -  1.00e+00 8.92e-01H  1
 695 -1.1093601e+02 7.32e-01 1.12e+06  -3.0 5.70e+00    -  1.00e+00 7.69e-01h  1
 696 -1.1126725e+02 2.30e-01 5.55e-02  -3.2 1.66e+00    -  1.00e+00 9.98e-01h  1
 697 -1.1135973e+02 1.26e-01 7.49e+05  -3.7 5.60e-01    -  1.00e+00 8.49e-01h  1
 698 -1.1140482e+02 3.41e-02 4.73e-03  -4.1 2.68e-01    -  1.00e+00 1.00e+00h  1
 699 -1.1141877e+02 5.07e-04 3.36e+07  -4.5 1.73e-01    -  2.06e-01 9.98e-01h  1
iter    objective    inf_pr   inf_du lg(mu)  ||d||  lg(rg) alpha_du alpha_pr  ls
 700 -1.1119242e+02 1.83e-01 3.35e+07  -2.1 8.74e+00    -  2.60e-03 1.21e-01f  1
 701 -1.1131456e+02 1.31e-01 1.21e+07  -3.8 2.06e+00    -  1.00e+00 6.40e-01h  1
 702 -1.1137315e+02 4.64e-02 1.20e+07  -3.8 6.51e-01    -  1.26e-03 8.53e-01h  1
 703 -1.1137324e+02 4.59e-02 1.19e+07  -3.8 5.10e-01    -  8.47e-03 9.77e-03h  1
 704 -1.1137890e+02 1.55e-02 4.02e+06  -3.8 4.32e-01    -  6.73e-01 6.63e-01h  1
 705 -1.1138018e+02 1.37e-02 3.59e+06  -3.8 1.83e-01    -  1.24e-04 1.18e-01f  1
 706 -1.1138055e+02 3.55e-03 3.06e+06  -3.8 2.03e-01    -  1.08e-01 1.00e+00f  1
 707 -1.1138183e+02 1.79e-03 1.13e+06  -3.8 2.98e-02    -  6.29e-01 4.97e-01h  1
 708 -1.1138309e+02 4.94e-05 1.13e+06  -3.8 1.43e-02    -  2.93e-04 9.72e-01f  1
 709 -1.1138318e+02 4.67e-05 8.21e+05  -3.8 4.26e-02    -  2.78e-01 4.68e-02f  1
iter    objective    inf_pr   inf_du lg(mu)  ||d||  lg(rg) alpha_du alpha_pr  ls
 710 -1.1141709e+02 2.86e-03 3.44e+05  -4.8 1.51e-01    -  1.00e+00 8.72e-01f  1
 711 -1.1142189e+02 3.07e-05 8.55e+00  -4.8 3.45e-02    -  1.00e+00 1.00e+00h  1
 712 -1.1142481e+02 2.14e-05 6.56e+01  -6.3 2.18e-02    -  1.00e+00 6.68e-01h  1
 713 -1.1142575e+02 1.33e-06 2.20e-05  -5.6 5.02e-03    -  1.00e+00 1.00e+00h  1
 714 -1.1142623e+02 6.93e-07 8.97e+07 -11.0 3.34e-03    -  1.37e-02 7.53e-01h  1
 715 -1.1142587e+02 9.03e-07 8.93e+07  -3.5 4.35e-01    -  6.78e-03 4.34e-03f  1
 716 -1.1142527e+02 5.80e-07 3.00e+06  -5.4 3.05e-03    -  5.78e-02 1.00e+00h  1
 717 -1.1142527e+02 5.34e-07 3.00e+06  -5.4 1.19e-03    -  3.01e-07 7.93e-02f  1
 718 -1.1142528e+02 2.98e-07 1.61e+06  -5.4 1.07e-03    -  6.38e-01 4.42e-01f  2
 719 -1.1142528e+02 2.74e-09 7.21e+04  -5.4 3.84e-04    -  7.71e-01 1.00e+00h  1
iter    objective    inf_pr   inf_du lg(mu)  ||d||  lg(rg) alpha_du alpha_pr  ls
 720 -1.1142528e+02 3.19e-10 6.19e+04  -5.4 3.45e-05    -  3.84e-05 1.00e+00f  1
 721 -1.1142528e+02 9.42e-11 1.78e+05  -5.4 1.10e-05    -  3.57e-01 1.00e+00h  1
 722 -1.1142520e+02 2.19e-06 1.73e+05  -5.4 4.52e-03    -  1.55e-05 9.54e-02f  3
 723 -1.1142491e+02 9.99e-06 1.14e+05  -5.4 4.42e-03    -  3.42e-01 3.42e-01s 21
 724 -1.1142489e+02 1.05e-05 1.04e+05  -5.4 1.04e-03    -  8.68e-02 8.68e-02s 21
 725 -1.1142529e+02 3.09e-07 1.09e+05  -5.4 1.94e-03    -  1.00e+00 0.00e+00S 21
 726 -1.1142528e+02 1.10e-07 4.79e+04  -5.4 9.88e-05    -  7.17e-01 6.46e-01h  1
 727 -1.1142528e+02 2.70e-06 1.51e+04  -5.4 3.40e-05    -  6.85e-01 1.00e+00f  1
 728 -1.1142525e+02 2.02e-06 1.02e+04  -5.4 6.71e-04    -  6.04e-01 2.07e-01f  3
 729 -1.1142528e+02 1.58e-09 1.06e-10  -5.4 1.38e-04    -  1.00e+00 1.00e+00h  1
iter    objective    inf_pr   inf_du lg(mu)  ||d||  lg(rg) alpha_du alpha_pr  ls
 730 -1.1142614e+02 1.25e-06 2.01e+04  -6.7 5.44e-03    -  9.30e-01 8.21e-01f  1
 731 -1.1142614e+02 1.25e-06 2.01e+04  -6.4 3.02e-03    -  3.91e-06 8.70e-07h  3
 732r-1.1142614e+02 1.25e-06 1.00e+03  -5.9 0.00e+00    -  0.00e+00 3.04e-07R  3
 733r-1.1142614e+02 3.12e-07 4.22e+01  -9.0 1.25e-03    -  9.75e-01 9.90e-04f  1
In iteration 733, 1 Slack too small, adjusting variable bound
 734 -1.1142614e+02 3.12e-07 1.83e+04  -6.4 2.25e-04    -  9.88e-01 5.21e-04h  1
 735 -1.1142625e+02 1.43e-08 4.07e+01  -6.4 7.72e-04    -  9.78e-01 1.00e+00h  1
 736 -1.1142635e+02 3.86e-08 3.96e-01  -7.5 5.59e-04    -  9.90e-01 8.10e-01h  1
 737 -1.1142636e+02 2.25e-08 1.46e+04  -9.5 1.44e-04    -  2.43e-01 4.36e-01h  1
 738 -1.1142638e+02 1.94e-09 8.46e+02  -9.7 8.10e-05    -  5.80e-01 9.65e-01h  1
 739 -1.1142638e+02 4.10e-10 1.79e+02 -10.0 8.23e-06    -  8.08e-01 7.89e-01h  1
iter    objective    inf_pr   inf_du lg(mu)  ||d||  lg(rg) alpha_du alpha_pr  ls
 740 -1.1142638e+02 4.10e-10 2.42e+02  -4.9 1.97e-02    -  1.40e-04 4.27e-05f  1
 741 -1.1142638e+02 4.11e-10 2.29e+02  -4.9 1.93e-02    -  2.14e-04 2.33e-04f  1
 742 -1.1142638e+02 4.21e-10 7.83e+01  -4.9 1.93e-02    -  4.73e-04 7.06e-04f  1
 743 -1.1142637e+02 4.74e-10 8.98e+02  -4.9 1.93e-02    -  2.88e-03 1.61e-03f  1
 744 -1.1142634e+02 1.63e-09 1.33e+03  -4.9 1.91e-02    -  4.01e-03 7.43e-03f  1
 745 -1.1142629e+02 6.52e-09 1.62e+03  -4.9 1.89e-02    -  1.99e-02 1.54e-02f  1
 746 -1.1142610e+02 6.69e-08 4.56e+03  -4.9 1.86e-02    -  4.53e-02 5.50e-02f  1
 747 -1.1142610e+02 6.69e-08 9.29e+03  -4.9 1.76e-02    -  1.10e-06 4.06e-07f  3
 748 -1.1142562e+02 4.27e-07 1.42e+04  -4.9 1.75e-02    -  1.33e-01 1.43e-01f  1
 749 -1.1142278e+02 1.35e-05 5.63e+03  -4.9 1.47e-02    -  6.03e-01 1.00e+00f  1
iter    objective    inf_pr   inf_du lg(mu)  ||d||  lg(rg) alpha_du alpha_pr  ls
 750 -1.1142277e+02 8.63e-07 1.05e-04  -4.9 6.58e-03    -  1.00e+00 1.00e+00h  1
 751 -1.1142528e+02 1.08e-05 9.52e-01  -7.3 1.81e-02    -  9.89e-01 6.95e-01f  1
 752 -1.1142635e+02 2.04e-06 1.89e+04  -7.3 5.77e-03    -  7.77e-01 9.85e-01h  1
 753 -1.1142636e+02 1.22e-07 9.64e+03  -7.3 6.07e-04    -  8.00e-01 9.40e-01h  1
 754 -1.1142637e+02 8.69e-10 2.42e-06  -7.3 6.82e-05    -  1.00e+00 1.00e+00h  1
 755 -1.1142637e+02 1.68e-10 1.60e-07  -7.3 2.63e-05    -  1.00e+00 1.00e+00h  1
 756 -1.1142638e+02 1.95e-10 3.24e+02 -11.0 7.19e-05    -  9.48e-01 8.12e-01h  1
 757 -1.1142638e+02 1.93e-10 1.56e+01  -8.6 1.05e-05    -  1.00e+00 1.01e-02f  6
 758 -1.1142638e+02 9.80e-11 2.89e+00  -8.6 1.03e-05    -  1.00e+00 5.00e-01h  2
 759 -1.1142638e+02 9.80e-11 5.13e+00  -8.6 5.17e-06    -  1.00e+00 1.91e-06h 20
iter    objective    inf_pr   inf_du lg(mu)  ||d||  lg(rg) alpha_du alpha_pr  ls
 760 -1.1142638e+02 1.48e-10 2.24e-08  -8.6 5.17e-06    -  1.00e+00 1.00e+00s 22
 761 -1.1142638e+02 1.48e-10 7.91e+00  -9.0 2.17e-06    -  1.00e+00 1.56e-02h  7
 762 -1.1142638e+02 1.48e-10 8.13e+00  -9.0 2.14e-06    -  1.00e+00 3.05e-05h 16
 763 -1.1142638e+02 1.80e-10 2.32e-09  -9.0 2.14e-06    -  1.00e+00 1.00e+00s 22

Number of Iterations....: 763

                                   (scaled)                 (unscaled)
Objective...............:  -1.1142637861994864e+02   -1.1142637861994864e+02
Dual infeasibility......:   2.3158652821610290e-09    2.3158652821610290e-09
Constraint violation....:   1.7990878674573430e-10    1.7990878674573430e-10
Variable bound violation:   9.4410698974902807e-11    9.4410698974902807e-11
Complementarity.........:   9.4811594293228862e-10    9.4811594293228862e-10
Overall NLP error.......:   2.3158652821610290e-09    2.3158652821610290e-09


Number of objective function evaluations             = 2487
Number of objective gradient evaluations             = 721
Number of equality constraint evaluations            = 2487
Number of inequality constraint evaluations          = 2487
Number of equality constraint Jacobian evaluations   = 818
Number of inequality constraint Jacobian evaluations = 1
Number of Lagrangian Hessian evaluations             = 763
Total seconds in IPOPT                               = 21.356

EXIT: Optimal Solution Found.
--- DICOPT: Setting up first MIP

IBM ILOG CPLEX   44.3.0 8b8fb1cb Sep 1, 2023           LEG x86 64bit/Linux    

--- GAMS/CPLEX licensed for continuous and discrete problems.
--- GMO setup time: 0.00s
--- Space for names approximately 0.09 Mb
--- Use option 'names no' to turn use of names off
--- GMO memory 1.17 Mb (peak 1.20 Mb)
--- Dictionary memory 0.00 Mb
--- Cplex 22.1.1.0 link memory 0.09 Mb (peak 0.35 Mb)
--- Starting Cplex

Version identifier: 22.1.1.0 | 2022-11-28 | 9160aff4d
CPXPARAM_Advance                                 0
CPXPARAM_Threads                                 1
CPXPARAM_MIP_Display                             4
CPXPARAM_MIP_Pool_Capacity                       0
CPXPARAM_TimeLimit                               878.64421606063843
CPXPARAM_MIP_Tolerances_AbsMIPGap                0
CPXPARAM_MIP_Tolerances_MIPGap                   0
Generic callback                                 0x50
Tried aggregator 3 times.
MIP Presolve eliminated 722 rows and 418 columns.
MIP Presolve modified 155 coefficients.
Aggregator did 194 substitutions.
Reduced MIP has 2188 rows, 2180 columns, and 7195 nonzeros.
Reduced MIP has 2 binaries, 0 generals, 0 SOSs, and 0 indicators.
Presolve time = 0.01 sec. (11.26 ticks)
Found incumbent of value 753616.432777 after 0.01 sec. (14.62 ticks)
Probing time = 0.00 sec. (0.39 ticks)
Tried aggregator 1 time.
Detecting symmetries...
Reduced MIP has 2188 rows, 2180 columns, and 7195 nonzeros.
Reduced MIP has 2 binaries, 0 generals, 0 SOSs, and 0 indicators.
Presolve time = 0.00 sec. (4.74 ticks)
Probing time = 0.00 sec. (0.39 ticks)
Clique table members: 1.
MIP emphasis: balance optimality and feasibility.
MIP search method: dynamic search.
Parallel mode: none, using 1 thread.
Initializing dual steep norms . . .

Iteration log . . .
Iteration:     1   Dual objective     =          -192.098010
Perturbation started.
Iteration:   101   Dual objective     =          -192.098010
Iteration:   304   Dual objective     =          -190.276943
Iteration:   520   Dual objective     =          -189.992302
Iteration:   599   Dual objective     =          -188.962389
Iteration:   749   Dual objective     =          -188.946908
Iteration:   890   Dual objective     =          -162.431782
Iteration:  1012   Dual objective     =          -149.497415
Iteration:  1106   Dual objective     =          -128.320011
Iteration:  1196   Dual objective     =          -116.736248
Iteration:  1288   Dual objective     =          -113.458089
Removing perturbation.
Iteration:  1326   Dual objective     =          -111.426379
Root relaxation solution time = 0.02 sec. (47.93 ticks)

        Nodes                                         Cuts/
   Node  Left     Objective  IInf  Best Integer    Best Bound    ItCnt     Gap

*     0+    0                       753616.4328     -192.0980           100.03%
Found incumbent of value 753616.432777 after 0.04 sec. (71.99 ticks)
      0     0     -111.4264     2   753616.4328     -111.4264     1327  100.01%
*     0+    0                        21926.1550     -111.4264           100.51%
Found incumbent of value 21926.154954 after 0.06 sec. (105.20 ticks)
      0     0      -64.7032     2    21926.1550      Cuts: 25     1494  100.30%
*     0+    0                         1187.9319      -64.7032           105.45%
Found incumbent of value 1187.931868 after 0.08 sec. (149.76 ticks)
      0     0      -20.6771     1     1187.9319       Cuts: 8     1689  101.74%
*     0+    0                           11.9212      -20.6771           273.45%
Found incumbent of value 11.921203 after 0.10 sec. (185.75 ticks)
      0     0      -20.5515     1       11.9212  Flowcuts: 20     1709  272.39%
      0     0      -20.2678     1       11.9212    MIRcuts: 1     1711  270.01%
      0     0      -19.6089     1       11.9212      Cuts: 39     1731  264.49%
Detecting symmetries...
      0     0      -19.6077     1       11.9212      Cuts: 17     1747  264.48%
Detecting symmetries...
      0     1      -19.6077     1       11.9212      -12.0661     1747  201.22%
Elapsed time = 0.17 sec. (292.61 ticks, tree = 0.01 MB)

Implied bound cuts applied:  23
Flow cuts applied:  37
Mixed integer rounding cuts applied:  38
Lift and project cuts applied:  1
Gomory fractional cuts applied:  1

Root node processing (before b&c):
  Real time             =    0.17 sec. (292.56 ticks)
Sequential b&c:
  Real time             =    0.00 sec. (3.21 ticks)
                          ------------
Total (root+branch&cut) =    0.17 sec. (295.77 ticks)

--- MIP status (101): integer optimal solution.
--- Cplex Time: 0.17sec (det. 295.78 ticks)

--- Returning a primal only solution to GAMS (marginals all set to NA).
--- Fixing integer variables and solving final LP...

Version identifier: 22.1.1.0 | 2022-11-28 | 9160aff4d
CPXPARAM_Advance                                 2
CPXPARAM_Threads                                 1
CPXPARAM_MIP_Display                             4
CPXPARAM_MIP_Pool_Capacity                       0
CPXPARAM_TimeLimit                               878.64421606063843
CPXPARAM_MIP_Tolerances_AbsMIPGap                0
CPXPARAM_MIP_Tolerances_MIPGap                   0
Tried aggregator 1 time.
LP Presolve eliminated 2017 rows and 1163 columns.
Aggregator did 546 substitutions.
Reduced LP has 541 rows, 1083 columns, and 2701 nonzeros.
Presolve time = 0.00 sec. (2.62 ticks)
Initializing dual steep norms . . .

Iteration log . . .
Iteration:     1   Dual objective     =          -185.181696
Iteration:    68   Dual objective     =          -104.325630
Iteration:   201   Dual objective     =           -94.059551
Perturbation started.
Iteration:   202   Dual objective     =           -94.059551
Iteration:   312   Dual objective     =           -67.272511
Iteration:   399   Dual objective     =           -27.623950
Removing perturbation.

--- Fixed MIP status (1): optimal.
--- Cplex Time: 0.01sec (det. 9.08 ticks)


Proven optimal solution
MIP Solution:           11.921203    (1814 iterations, 2 nodes)
Final Solve:            11.921205    (473 iterations)

Best possible:          11.921203
Absolute gap:            0.000002
Relative gap:            0.000000

--- DICOPT: Starting major iteration 2
--- DICOPT: Setting up next NLP

COIN-OR Ipopt    44.3.0 8b8fb1cb Sep 1, 2023           LEG x86 64bit/Linux    

COIN-OR Interior Point Optimizer (Ipopt Library 3.14.12)
written by A. Waechter, commercially supported by GAMS Development Corp.
This is Ipopt version 3.14.12, running with linear solver ma27.

Number of nonzeros in equality constraint Jacobian...:     4676
Number of nonzeros in inequality constraint Jacobian.:     1686
Number of nonzeros in Lagrangian Hessian.............:      819

Total number of variables............................:     1669
                     variables with only lower bounds:        0
                variables with lower and upper bounds:     1669
                     variables with only upper bounds:        0
Total number of equality constraints.................:     1394
Total number of inequality constraints...............:     1709
        inequality constraints with only lower bounds:        0
   inequality constraints with lower and upper bounds:        0
        inequality constraints with only upper bounds:     1709

iter    objective    inf_pr   inf_du lg(mu)  ||d||  lg(rg) alpha_du alpha_pr  ls
   0 -2.8051345e+01 3.61e+03 1.00e+00   0.0 0.00e+00    -  0.00e+00 0.00e+00   0
   1 -2.8009660e+01 3.59e+03 2.47e+00   0.0 2.95e+02    -  1.00e-02 5.08e-03h  1
   2 -2.7786201e+01 3.52e+03 1.38e+01   0.5 2.98e+02    -  4.37e-02 2.12e-02h  1
   3 -2.7492663e+01 3.41e+03 3.73e+02   0.8 2.88e+02    -  3.73e-01 3.06e-02h  1
   4 -2.7496374e+01 3.40e+03 1.09e+04   2.3 2.82e+02    -  3.27e-01 4.22e-03h  1
   5 -2.6847696e+01 3.17e+03 1.87e+05   2.9 2.79e+02    -  1.00e+00 7.07e-02h  1
   6 -1.8991667e+01 1.28e+03 4.26e+06   3.6 2.59e+02    -  5.35e-01 9.58e-01f  1
   7 -1.8289864e+01 1.10e+03 3.99e+06   4.3 1.59e+02    -  9.42e-01 1.54e-01f  1
   8 -1.3578334e+01 4.96e+02 7.69e+06   4.7 1.36e+02    -  3.20e-01 1.00e+00f  1
   9 -1.1084047e+01 3.14e+02 3.61e+06   4.2 1.48e+02    -  9.91e-01 9.13e-01h  1
iter    objective    inf_pr   inf_du lg(mu)  ||d||  lg(rg) alpha_du alpha_pr  ls
  10 -9.8713329e+00 2.90e+02 1.85e+07  -1.8 6.74e+01    -  6.01e-02 5.72e-01h  1
  11 -1.0183890e+01 2.41e+02 1.53e+07   5.1 2.92e+02    -  3.23e-02 1.68e-01f  1
  12 -1.0696331e+01 2.20e+02 1.44e+07   5.1 4.12e+02    -  2.17e-01 5.20e-02f  1
  13 -1.0033898e+01 4.66e+01 2.35e+07   5.1 3.69e+02    -  4.21e-01 6.35e-01f  1
  14 -9.7096807e+00 4.29e+01 2.15e+07   4.8 5.11e+01    -  3.34e-01 7.94e-02H  1
  15 -8.3873523e+00 1.84e+01 1.57e+07   4.1 2.32e+01    -  5.52e-02 7.15e-01h  1
  16 -9.6999780e+00 1.48e+01 1.21e+07   4.8 2.55e+01    -  2.36e-01 2.53e-01f  1
  17 -9.1997101e+00 7.31e+01 6.87e+06   3.7 1.65e+01    -  4.52e-01 9.72e-01h  1
  18 -9.8077083e+00 8.08e+01 2.86e+06   4.2 8.02e+01    -  6.94e-01 1.00e+00f  1
  19 -9.2278279e+00 1.35e+01 2.31e+06   2.2 6.24e+01    -  5.98e-01 9.36e-01h  1
iter    objective    inf_pr   inf_du lg(mu)  ||d||  lg(rg) alpha_du alpha_pr  ls
  20 -8.9882117e+00 7.80e-01 5.63e+05   2.7 1.30e+01    -  9.91e-01 1.00e+00h  1
  21 -8.9267543e+00 9.56e-03 5.70e+05   2.1 6.49e-01    -  1.00e+00 1.00e+00h  1
  22 -8.9233058e+00 2.12e-03 1.34e+05   0.5 7.98e-03    -  1.00e+00 9.00e-01h  1
  23 -8.9254495e+00 1.52e-04 7.01e+01  -1.3 1.97e-03    -  1.00e+00 9.58e-01h  1
  24 -9.0278775e+00 2.95e-06 3.05e-02  -2.8 6.04e-02    -  1.00e+00 9.94e-01H  1
  25 -9.1788547e+00 1.04e-03 5.00e-02  -8.7 1.07e-01    -  9.87e-01 8.25e-01f  1
  26 -9.1774557e+00 1.68e-06 4.33e-03  -9.7 4.61e-04    -  9.99e-01 9.98e-01h  1
  27 -9.1774539e+00 3.39e-07 3.19e+00 -11.0 7.21e-07    -  1.00e+00 7.98e-01h  1
In iteration 27, 16 Slacks too small, adjusting variable bounds
  28 -9.1774534e+00 2.00e-10 1.04e-02 -11.0 1.46e-07    -  1.00e+00 1.00e+00h  1
In iteration 28, 16 Slacks too small, adjusting variable bounds
  29 -9.1774534e+00 2.00e-10 2.33e-09 -11.0 4.43e-11    -  1.00e+00 1.00e+00h  1

Number of Iterations....: 29

                                   (scaled)                 (unscaled)
Objective...............:  -9.1774534163245658e+00   -9.1774534163245658e+00
Dual infeasibility......:   2.3283064365386963e-09    2.3283064365386963e-09
Constraint violation....:   1.9999999539707953e-10    1.9999999539707953e-10
Variable bound violation:   1.0000000827403710e-10    1.0000000827403710e-10
Complementarity.........:   1.0300144143756475e-11    1.0300144143756475e-11
Overall NLP error.......:   1.9999999539707953e-10    2.3283064365386963e-09


Number of objective function evaluations             = 32
Number of objective gradient evaluations             = 30
Number of equality constraint evaluations            = 32
Number of inequality constraint evaluations          = 32
Number of equality constraint Jacobian evaluations   = 30
Number of inequality constraint Jacobian evaluations = 1
Number of Lagrangian Hessian evaluations             = 29
Total seconds in IPOPT                               = 0.109

EXIT: Optimal Solution Found.
--- DICOPT: Checking convergence
--- DICOPT: Search stopped on crossover
--- DICOPT: Log File:
 Major Major     Objective    CPU time  Itera- Evaluation Solver
 Step  Iter       Function     (Sec)    tions   Errors
  NLP    1      -111.42638     21.36      763      0      ipopth
  MIP    1        11.92121      0.18     1814      0      cplex
  NLP    2        -9.17745<     0.11       29      0      ipopth
--- DICOPT: Terminating...
--- DICOPT: Stopped on crossover

      The search was stopped because a crossover occurred.
      The bound provided by the MIP master problem exceeds or
      is within optcr of the objective value of the incumbent.

--- DICOPT: Best integer solution found: -9.177453
--- Reading solution for model GAMS_MODEL
--- Executing after solve: elapsed 0:00:21.723
--- model.gms(10439) 6 Mb
--- model.gms(15290) 8 Mb
--- Putfile results /tmp/tmptommculv/results.dat
--- Putfile statresults /tmp/tmptommculv/resultsstat.dat
*** Status: Normal completion
--- Job model.gms Stop 03/07/24 11:45:08 elapsed 0:00:21.732

Problem: 
- Name: /tmp/tmptommculv/model.gms
  Lower bound: -9.177453416324566
  Upper bound: -9.177453416324566
  Number of objectives: 1
  Number of constraints: 3104.0
  Number of variables: 1697.0
  Number of binary variables: None
  Number of integer variables: 27.0
  Number of continuous variables: 1670.0
  Number of nonzeros: 8580.0
  Sense: minimize
Solver: 
- Name: GAMS (44, 3, 0, 0)
  Status: ok
  Return code: 0
  Message: None
  User time: 21.699000312946737
  System time: None
  Wallclock time: None
  Termination condition: optimal
  Termination message: None
Solution: 
- number of solutions: 0
  number of solutions displayed: 0

