--- Job model.gms Start 03/07/24 11:29:46 44.3.0 8b8fb1cb LEX-LEG x86 64bit/Linux
--- Applying:
    /local/scratch/a/peng372/opt/gams/44.3/gmsprmun.txt
--- GAMS Parameters defined
    Input /tmp/tmp_48q5r90/model.gms
    Output /tmp/tmp_48q5r90/output.lst
    ScrDir /tmp/tmp_48q5r90/225a/
    SysDir /local/scratch/a/peng372/opt/gams/44.3/
    CurDir /tmp/tmp_48q5r90/
    LogOption 3
Licensee: Prof. Ignacio E. Grossmann                     G240103|0002AS-GEN
          Carnegie Mellon University, Dept. of Chemical Engineering  DCE375
          /local/scratch/a/peng372/opt/gams/44.3/gamslice.txt
          License Admin: Ignacio E. Grossmann,                             
          Evaluation license: Not for commercial or production use
Processor information: 1 socket(s), 48 core(s), and 96 thread(s) available
GAMS 44.3.0   Copyright (C) 1987-2023 GAMS Development. All rights reserved
--- Starting compilation
--- model.gms(6306) 3 Mb
--- Starting execution: elapsed 0:00:00.013
--- model.gms(4256) 4 Mb
--- Generating MINLP model GAMS_MODEL
--- model.gms(4260) 6 Mb
--- Reset Solvelink = 2
---   1,418 rows  575 columns  5,926 non-zeroes
---   9,269 nl-code  1,365 nl-non-zeroes
---   27 discrete-columns
--- Range statistics (absolute non-zero finite values)
--- RHS       [min, max] : [ 1.000E+00, 1.000E+06] - Zero values observed as well
--- Bound     [min, max] : [ 1.000E+00, 3.000E+02] - Zero values observed as well
--- Matrix    [min, max] : [ 5.000E-02, 1.000E+06] - Zero values observed as well
--- model.gms(4260) 4 Mb
--- Executing BARON (Solvelink=2): elapsed 0:00:00.021

GAMS/BARON       44.3.0 8b8fb1cb Sep 1, 2023           LEG x86 64bit/Linux    

===========================================================================
 BARON version 23.6.22. Built: LNX-64 Thu Jun 22 20:08:45 EDT 2023

 BARON is a product of The Optimization Firm.
 For information on BARON, see https://minlp.com/about-baron

 If you use this software, please cite publications from
 https://minlp.com/baron-publications, such as: 

 Khajavirad, A. and N. V. Sahinidis,
 A hybrid LP/NLP paradigm for global optimization relaxations,
 Mathematical Programming Computation, 10, 383-421, 2018.
===========================================================================
 This BARON run may utilize the following subsolver(s)
 For LP/MIP/QP: CLP/CBC, ILOG CPLEX                             
 For NLP: MINOS, SNOPT, External NLP, IPOPT, FILTERSQP
===========================================================================
 Doing local search
 Solving bounding LP
 Starting multi-start local search
 Done with local search
===========================================================================
  Iteration    Open nodes         Time (s)    Lower bound      Upper bound
          1             1             3.85     -149.490         0.100000E+52   
          2+            2            34.23     -149.490         0.100000E+52   
          2+            2            64.50     -149.490         0.100000E+52   
*         3             2            85.85     -149.490         -9.17746       
          3+            2           116.43     -149.490         -9.17746       
          3+            2           146.96     -149.490         -9.17746       
          3+            2           177.19     -149.490         -9.17746       
          3+            2           207.94     -149.490         -9.17746       
          3+            2           238.30     -149.490         -9.17746       
          3+            2           269.12     -149.490         -9.17746       
          3+            2           300.11     -149.490         -9.17746       
          3+            2           330.57     -149.490         -9.17746       
          3+            2           361.42     -149.490         -9.17746       
          3+            2           392.75     -149.490         -9.17746       
          3+            2           423.14     -149.490         -9.17746       
          3+            2           453.67     -149.490         -9.17746       
          3+            2           484.19     -149.490         -9.17746       
          3+            2           514.49     -149.490         -9.17746       
          3+            2           545.64     -149.490         -9.17746       
          3+            2           575.79     -149.490         -9.17746       
          3+            2           606.52     -149.490         -9.17746       
          3+            2           636.57     -149.490         -9.17746       
          3+            2           668.06     -149.490         -9.17746       
          3+            2           698.74     -149.490         -9.17746       
          3+            2           729.18     -149.490         -9.17746       
          3+            2           760.26     -149.490         -9.17746       
          3+            2           790.33     -149.490         -9.17746       
          3+            2           821.37     -149.490         -9.17746       
          3+            2           852.47     -149.490         -9.17746       
          3+            2           883.37     -149.490         -9.17746       
          3             1           900.05     -149.490         -9.17746       

                    *** Max. allowable time exceeded ***      

 Wall clock time:                   900.08
 Total CPU time used:               900.05

 Total no. of BaR iterations:       3
 Best solution found at node:       3
 Max. no. of nodes in memory:       2
 
 All done
===========================================================================

Solution      = -9.17745328369194  found at node 3
Best possible = -149.489862209
Absolute gap  = 140.312408925308  optca = 1E-9
Relative gap  = 0.938608189558292  optcr = 0.0001

--- Reading solution for model GAMS_MODEL
--- Executing after solve: elapsed 0:15:00.125
--- model.gms(4263) 4 Mb
--- model.gms(6306) 6 Mb
--- Putfile results /tmp/tmp_48q5r90/results.dat
--- Putfile statresults /tmp/tmp_48q5r90/resultsstat.dat
*** Status: Normal completion
--- Job model.gms Stop 03/07/24 11:44:46 elapsed 0:15:00.129

Problem: 
- Name: /tmp/tmp_48q5r90/model.gms
  Lower bound: -149.489862209
  Upper bound: -9.177453283691936
  Number of objectives: 1
  Number of constraints: 1418.0
  Number of variables: 575.0
  Number of binary variables: None
  Number of integer variables: 27.0
  Number of continuous variables: 548.0
  Number of nonzeros: 5926.0
  Sense: minimize
Solver: 
- Name: GAMS (44, 3, 0, 0)
  Status: ok
  Return code: 0
  Message: None
  User time: 900.1109998673201
  System time: None
  Wallclock time: None
  Termination condition: optimal
  Termination message: None
Solution: 
- number of solutions: 0
  number of solutions displayed: 0

