--- Job model.gms Start 03/07/24 11:29:46 44.3.0 8b8fb1cb LEX-LEG x86 64bit/Linux
--- Applying:
    /local/scratch/a/peng372/opt/gams/44.3/gmsprmun.txt
--- GAMS Parameters defined
    Input /tmp/tmpv_tmnncd/model.gms
    Output /tmp/tmpv_tmnncd/output.lst
    ScrDir /tmp/tmpv_tmnncd/225a/
    SysDir /local/scratch/a/peng372/opt/gams/44.3/
    CurDir /tmp/tmpv_tmnncd/
    LogOption 3
Licensee: Prof. Ignacio E. Grossmann                     G240103|0002AS-GEN
          Carnegie Mellon University, Dept. of Chemical Engineering  DCE375
          /local/scratch/a/peng372/opt/gams/44.3/gamslice.txt
          License Admin: Ignacio E. Grossmann,                             
          Evaluation license: Not for commercial or production use
Processor information: 1 socket(s), 48 core(s), and 96 thread(s) available
GAMS 44.3.0   Copyright (C) 1987-2023 GAMS Development. All rights reserved
--- Starting compilation
--- model.gms(4258) 2 Mb
--- $echo File /tmp/tmpv_tmnncd/knitro.opt
--- model.gms(6310) 3 Mb
--- Starting execution: elapsed 0:00:00.012
--- model.gms(4257) 4 Mb
--- Generating MINLP model GAMS_MODEL
--- model.gms(4264) 6 Mb
---   1,418 rows  575 columns  5,926 non-zeroes
---   9,269 nl-code  1,365 nl-non-zeroes
---   27 discrete-columns
--- Range statistics (absolute non-zero finite values)
--- RHS       [min, max] : [ 1.000E+00, 1.000E+06] - Zero values observed as well
--- Bound     [min, max] : [ 1.000E+00, 3.000E+02] - Zero values observed as well
--- Matrix    [min, max] : [ 5.000E-02, 1.000E+06] - Zero values observed as well
--- model.gms(4264) 4 Mb
--- Executing KNITRO (Solvelink=5): elapsed 0:00:00.019

KNITRO           44.3.0 8b8fb1cb Sep 1, 2023           LEG x86 64bit/Linux    

--- Artelys Knitro Optimizer 13.2.0

Reading parameter(s) from "/tmp/tmpv_tmnncd/knitro.opt"
>>  mip_multistart 1
Finished reading from "/tmp/tmpv_tmnncd/knitro.opt"

--- GMO Q Extraction (ThreePass): 0.00s
--- GMO setup time: 0.00s
--- Set initial levels for 0 / 574 variables.
--- Set initial marginals for 0 / 574 variables.
--- Set initial marginals for 0 / 1417 equations.

=======================================
          Commercial License
         Artelys Knitro 13.2.0
=======================================

No start point provided -- Knitro computing one.

concurrent_evals:        0
datacheck:               0
hessian_no_f:            1
maxtime_real:            900
numthreads:              1
mip_maxtime_real:        900
mip_multistart           1
mip_opt_gap_abs:         0
Knitro changing mip_method from AUTO to 1.
Knitro changing mip_rootalg from AUTO to 1.
Knitro changing mip_lpalg from AUTO to 3.
Knitro changing mip_branchrule from AUTO to 2.
Knitro changing mip_selectrule from AUTO to 2.
Knitro changing mip_mir from AUTO to 2.
Knitro changing mip_clique from AUTO to 0.
Knitro changing mip_zerohalf from AUTO to 0.
Knitro changing mip_liftproject from AUTO to 0.
Knitro changing mip_knapsack from AUTO to 1.
Knitro changing mip_gomory from AUTO to 0.
Knitro changing mip_rounding from AUTO to 3.
Knitro changing mip_heuristic_strategy from AUTO to 1.
Knitro changing mip_heuristic_feaspump from AUTO to 1.
Knitro changing mip_heuristic_misqp from AUTO to 0.
Knitro changing mip_heuristic_mpec from AUTO to 1.
Knitro changing mip_heuristic_diving from AUTO to 0.
Knitro changing mip_heuristic_lns from AUTO to 0.
Knitro changing mip_pseudoinit from AUTO to 1.

Problem Characteristics
-----------------------
Objective goal:  Minimize
Objective type:  quadratic
Number of variables:                                574
    bounded below only:                               0
    bounded above only:                               0
    bounded below and above:                        574
    fixed:                                            0
    free:                                             0
Number of binary variables:                          27
Number of integer variables:                          0
Number of constraints:                             1417
    linear equalities:                              284
    quadratic equalities:                             0
    gen. nonlinear equalities:                        0
    linear one-sided inequalities:                   41
    quadratic one-sided inequalities:                 0
    gen. nonlinear one-sided inequalities:         1092
    linear two-sided inequalities:                    0
    quadratic two-sided inequalities:                 0
    gen. nonlinear two-sided inequalities:            0
Number of nonzeros in Jacobian:                    5652
Number of nonzeros in Hessian:                      273

Knitro detected 7 GUB constraints
Knitro derived 15 knapsack covers after examining 52 constraints
Knitro using Branch and Bound method with 1 thread.

       Nodes        Best solution   Best bound      Gap       Time 
   Expl  |  Unexpl      value         value                  (secs)
   ---------------  -------------   ----------      ---      ------
      0       0                           -inf                0.035
      1       0                            inf                0.036

EXIT: Problem appears to be infeasible.

Final Statistics for MIP
------------------------
Final objective value               =
Final bound value                   =  1.79769313486232e+308
Final optimality gap (abs / rel)    =  Infinity
# of root cutting plane rounds      =  0
# of restarts                       =  0
# of nodes processed                =  1 (0.000s)
# of strong branching evaluations   =  0 (0.000s)
# of function evaluations           =  1 (0.000s)
# of gradient evaluations           =  1 (0.000s)
# of hessian evaluations            =  0 (0.000s)
# of hessian-vector evaluations     =  0
# of subproblems processed          =  1 (0.000s)
Total program time (secs)           =  0.03596 (0.010 CPU time)
Time spent in evaluations (secs)    =  0.00033

Cuts statistics (gen / add)
---------------------------
Knapsack cuts                       =  15 / 0
Mixed-integer rounding cuts         =  0 / 0

Heuristics statistics (calls / successes / time)
------------------------------------------------
Feasibility pump                    =  0 / 0 / 0.000s
Rounding heuristic                  =  0 / 0 / 0.000s
MPEC heuristic                      =  0 / 0 / 0.000s

===========================================================================

--- Reading solution for model GAMS_MODEL
--- Executing after solve: elapsed 0:00:00.062
--- model.gms(6310) 6 Mb
--- Putfile results /tmp/tmpv_tmnncd/results.dat
--- Putfile statresults /tmp/tmpv_tmnncd/resultsstat.dat
*** Status: Normal completion
--- Job model.gms Stop 03/07/24 11:29:46 elapsed 0:00:00.066

Problem: 
- Name: /tmp/tmpv_tmnncd/model.gms
  Lower bound: nan
  Upper bound: -77.05766199614487
  Number of objectives: 1
  Number of constraints: 1418.0
  Number of variables: 575.0
  Number of binary variables: None
  Number of integer variables: 27.0
  Number of continuous variables: 548.0
  Number of nonzeros: 5926.0
  Sense: minimize
Solver: 
- Name: GAMS (44, 3, 0, 0)
  Status: ok
  Return code: 0
  Message: None
  User time: 0.04900018684566
  System time: None
  Wallclock time: None
  Termination condition: infeasible
  Termination message: None
Solution: 
- number of solutions: 0
  number of solutions displayed: 0

