Starting GDPopt version 22.5.13 using LOA algorithm
iterlim: None
time_limit: 900
tee: true
logger: <Logger pyomo.contrib.gdpopt (INFO)>
integer_tolerance: 1.0e-05
constraint_tolerance: 1.0e-06
variable_tolerance: 1.0e-08
subproblem_initialization_method: <function restore_vars_to_original_values at 0x7f4fd4239ee0>
call_before_subproblem_solve: !!python/name:pyomo.contrib.gdpopt.util._DoNothing ''
call_after_subproblem_solve: !!python/name:pyomo.contrib.gdpopt.util._DoNothing ''
call_after_subproblem_feasible: !!python/name:pyomo.contrib.gdpopt.util._DoNothing ''
force_subproblem_nlp: false
subproblem_presolve: true
tighten_nlp_var_bounds: false
round_discrete_vars: true
max_fbbt_iterations: 3
init_strategy: None
init_algorithm: set_covering
custom_init_disjuncts: []
max_slack: 1000.0
OA_penalty_factor: 1000.0
set_cover_iterlim: 8
discrete_problem_transformation: gdp.bigm
call_before_discrete_problem_solve: !!python/name:pyomo.contrib.gdpopt.util._DoNothing ''
call_after_discrete_problem_solve: !!python/name:pyomo.contrib.gdpopt.util._DoNothing ''
call_before_master_solve: !!python/name:pyomo.contrib.gdpopt.util._DoNothing ''
call_after_master_solve: !!python/name:pyomo.contrib.gdpopt.util._DoNothing ''
mip_presolve: true
calc_disjunctive_bounds: false
obbt_disjunctive_bounds: false
mip_solver: gurobi
mip_solver_args:
nlp_solver: gams
nlp_solver_args:
  solver: conopt
minlp_solver: baron
minlp_solver_args:
local_minlp_solver: bonmin
local_minlp_solver_args:
small_dual_tolerance: 1.0e-08
bound_tolerance: 1.0e-06

If you use this software, you may cite the following:
            - Implementation:
            Chen, Q; Johnson, ES; Bernal, DE; Valentin, R; Kale, S;
            Bates, J; Siirola, JD; Grossmann, IE.
            Pyomo.GDP: an ecosystem for logic based modeling and optimization
            development.
            Optimization and Engineering, 2021.

- LOA algorithm:
        Türkay, M; Grossmann, IE.
        Logic-based MINLP algorithms for the optimal synthesis of process
        networks. Comp. and Chem. Eng. 1996, 20(8), 959–978.
        DOI: 10.1016/0098-1354(95)00219-7.
Original model has 728 constraints (455 nonlinear) and 3 disjunctions, with 552 variables, of which 5 are binary, 0 are integer, and 547 are continuous.
Objective is nonlinear. Moving it to constraint set.
---Starting GDPopt initialization---
Starting set covering initialization.
=============================================================================================
Iteration | Subproblem Type | Lower Bound | Upper Bound |   Gap    | Time(s)

WARNING: Unsupported expression type for FBBT: <class
'pyomo.dae.integral.ScalarIntegral'>. Bounds will not be improved in this part
of the tree.
WARNING: Unsupported expression type for FBBT: <class
'pyomo.dae.integral.ScalarIntegral'>. Bounds will not be improved in this part
of the tree.
WARNING: Unsupported expression type for FBBT: <class
'pyomo.dae.integral.ScalarIntegral'>. Bounds will not be improved in this part
of the tree.
WARNING: Unsupported expression type for FBBT: <class
'pyomo.dae.integral.ScalarIntegral'>. Bounds will not be improved in this part
of the tree.
WARNING: Unsupported expression type for FBBT: <class
'pyomo.dae.integral.ScalarIntegral'>. Bounds will not be improved in this part
of the tree.
WARNING: Unsupported expression type for FBBT: <class
'pyomo.dae.integral.ScalarIntegral'>. Bounds will not be improved in this part
of the tree.
WARNING: Unsupported expression type for FBBT: <class
'pyomo.dae.integral.ScalarIntegral'>. Bounds will not be improved in this part
of the tree.
WARNING: Unsupported expression type for FBBT: <class
'pyomo.dae.integral.ScalarIntegral'>. Bounds will not be improved in this part
of the tree.
WARNING: Unsupported expression type for FBBT: <class
'pyomo.dae.integral.ScalarIntegral'>. Bounds will not be improved in this part
of the tree.
WARNING: Unsupported expression type for FBBT: <class
'pyomo.dae.integral.ScalarIntegral'>. Bounds will not be improved in this part
of the tree.
WARNING: Unsupported expression type for FBBT: <class
'pyomo.dae.integral.ScalarIntegral'>. Bounds will not be improved in this part
of the tree.
WARNING: Unsupported expression type for FBBT: <class
'pyomo.dae.integral.ScalarIntegral'>. Bounds will not be improved in this part
of the tree.
WARNING: Unsupported expression type for FBBT: <class
'pyomo.dae.integral.ScalarIntegral'>. Bounds will not be improved in this part
of the tree.
WARNING: Unsupported expression type for FBBT: <class
'pyomo.dae.integral.ScalarIntegral'>. Bounds will not be improved in this part
of the tree.
WARNING: Unsupported expression type for FBBT: <class
'pyomo.dae.integral.ScalarIntegral'>. Bounds will not be improved in this part
of the tree.
WARNING: Unsupported expression type for FBBT: <class
'pyomo.dae.integral.ScalarIntegral'>. Bounds will not be improved in this part
of the tree.
WARNING: Unsupported expression type for FBBT: <class
'pyomo.dae.integral.ScalarIntegral'>. Bounds will not be improved in this part
of the tree.
WARNING: Unsupported expression type for FBBT: <class
'pyomo.dae.integral.ScalarIntegral'>. Bounds will not be improved in this part
of the tree.
WARNING: Unsupported expression type for FBBT: <class
'pyomo.dae.integral.ScalarIntegral'>. Bounds will not be improved in this part
of the tree.
WARNING: Unsupported expression type for FBBT: <class
'pyomo.dae.integral.ScalarIntegral'>. Bounds will not be improved in this part
of the tree.
WARNING: Unsupported expression type for FBBT: <class
'pyomo.dae.integral.ScalarIntegral'>. Bounds will not be improved in this part
of the tree.
WARNING: Unsupported expression type for FBBT: <class
'pyomo.dae.integral.ScalarIntegral'>. Bounds will not be improved in this part
of the tree.
WARNING: Unsupported expression type for FBBT: <class
'pyomo.dae.integral.ScalarIntegral'>. Bounds will not be improved in this part
of the tree.
WARNING: Unsupported expression type for FBBT: <class
'pyomo.dae.integral.ScalarIntegral'>. Bounds will not be improved in this part
of the tree.
WARNING: Unsupported expression type for FBBT: <class
'pyomo.dae.integral.ScalarIntegral'>. Bounds will not be improved in this part
of the tree.
WARNING: Unsupported expression type for FBBT: <class
'pyomo.dae.integral.ScalarIntegral'>. Bounds will not be improved in this part
of the tree.
WARNING: Unsupported expression type for FBBT: <class
'pyomo.dae.integral.ScalarIntegral'>. Bounds will not be improved in this part
of the tree.
WARNING: Unsupported expression type for FBBT: <class
'pyomo.dae.integral.ScalarIntegral'>. Bounds will not be improved in this part
of the tree.
WARNING: Unsupported expression type for FBBT: <class
'pyomo.dae.integral.ScalarIntegral'>. Bounds will not be improved in this part
of the tree.
WARNING: Unsupported expression type for FBBT: <class
'pyomo.dae.integral.ScalarIntegral'>. Bounds will not be improved in this part
of the tree.
WARNING: Unsupported expression type for FBBT: <class
'pyomo.dae.integral.ScalarIntegral'>. Bounds will not be improved in this part
of the tree.
WARNING: Unsupported expression type for FBBT: <class
'pyomo.dae.integral.ScalarIntegral'>. Bounds will not be improved in this part
of the tree.
WARNING: Unsupported expression type for FBBT: <class
'pyomo.dae.integral.ScalarIntegral'>. Bounds will not be improved in this part
of the tree.
WARNING: Unsupported expression type for FBBT: <class
'pyomo.dae.integral.ScalarIntegral'>. Bounds will not be improved in this part
of the tree.
WARNING: Unsupported expression type for FBBT: <class
'pyomo.dae.integral.ScalarIntegral'>. Bounds will not be improved in this part
of the tree.
WARNING: Unsupported expression type for FBBT: <class
'pyomo.dae.integral.ScalarIntegral'>. Bounds will not be improved in this part
of the tree.
WARNING: Unsupported expression type for FBBT: <class
'pyomo.dae.integral.ScalarIntegral'>. Bounds will not be improved in this part
of the tree.
WARNING: Unsupported expression type for FBBT: <class
'pyomo.dae.integral.ScalarIntegral'>. Bounds will not be improved in this part
of the tree.
WARNING: Unsupported expression type for FBBT: <class
'pyomo.dae.integral.ScalarIntegral'>. Bounds will not be improved in this part
of the tree.
WARNING: Unsupported expression type for FBBT: <class
'pyomo.dae.integral.ScalarIntegral'>. Bounds will not be improved in this part
of the tree.
WARNING: Unsupported expression type for FBBT: <class
'pyomo.dae.integral.ScalarIntegral'>. Bounds will not be improved in this part
of the tree.
WARNING: Unsupported expression type for FBBT: <class
'pyomo.dae.integral.ScalarIntegral'>. Bounds will not be improved in this part
of the tree.
WARNING: Unsupported expression type for FBBT: <class
'pyomo.dae.integral.ScalarIntegral'>. Bounds will not be improved in this part
of the tree.
WARNING: Unsupported expression type for FBBT: <class
'pyomo.dae.integral.ScalarIntegral'>. Bounds will not be improved in this part
of the tree.
WARNING: Unsupported expression type for FBBT: <class
'pyomo.dae.integral.ScalarIntegral'>. Bounds will not be improved in this part
of the tree.
        0        subproblem          -inf      -9.90789       inf%      0.85  *
WARNING: Unsupported expression type for FBBT: <class
'pyomo.dae.integral.ScalarIntegral'>. Bounds will not be improved in this part
of the tree.
WARNING: Unsupported expression type for FBBT: <class
'pyomo.dae.integral.ScalarIntegral'>. Bounds will not be improved in this part
of the tree.
WARNING: Unsupported expression type for FBBT: <class
'pyomo.dae.integral.ScalarIntegral'>. Bounds will not be improved in this part
of the tree.
WARNING: Unsupported expression type for FBBT: <class
'pyomo.dae.integral.ScalarIntegral'>. Bounds will not be improved in this part
of the tree.
WARNING: Unsupported expression type for FBBT: <class
'pyomo.dae.integral.ScalarIntegral'>. Bounds will not be improved in this part
of the tree.
WARNING: Unsupported expression type for FBBT: <class
'pyomo.dae.integral.ScalarIntegral'>. Bounds will not be improved in this part
of the tree.
WARNING: Unsupported expression type for FBBT: <class
'pyomo.dae.integral.ScalarIntegral'>. Bounds will not be improved in this part
of the tree.
WARNING: Unsupported expression type for FBBT: <class
'pyomo.dae.integral.ScalarIntegral'>. Bounds will not be improved in this part
of the tree.
WARNING: Unsupported expression type for FBBT: <class
'pyomo.dae.integral.ScalarIntegral'>. Bounds will not be improved in this part
of the tree.
WARNING: Unsupported expression type for FBBT: <class
'pyomo.dae.integral.ScalarIntegral'>. Bounds will not be improved in this part
of the tree.
WARNING: Unsupported expression type for FBBT: <class
'pyomo.dae.integral.ScalarIntegral'>. Bounds will not be improved in this part
of the tree.
WARNING: Unsupported expression type for FBBT: <class
'pyomo.dae.integral.ScalarIntegral'>. Bounds will not be improved in this part
of the tree.
WARNING: Unsupported expression type for FBBT: <class
'pyomo.dae.integral.ScalarIntegral'>. Bounds will not be improved in this part
of the tree.
WARNING: Unsupported expression type for FBBT: <class
'pyomo.dae.integral.ScalarIntegral'>. Bounds will not be improved in this part
of the tree.
WARNING: Unsupported expression type for FBBT: <class
'pyomo.dae.integral.ScalarIntegral'>. Bounds will not be improved in this part
of the tree.
WARNING: Unsupported expression type for FBBT: <class
'pyomo.dae.integral.ScalarIntegral'>. Bounds will not be improved in this part
of the tree.
WARNING: Unsupported expression type for FBBT: <class
'pyomo.dae.integral.ScalarIntegral'>. Bounds will not be improved in this part
of the tree.
WARNING: Unsupported expression type for FBBT: <class
'pyomo.dae.integral.ScalarIntegral'>. Bounds will not be improved in this part
of the tree.
WARNING: Unsupported expression type for FBBT: <class
'pyomo.dae.integral.ScalarIntegral'>. Bounds will not be improved in this part
of the tree.
WARNING: Unsupported expression type for FBBT: <class
'pyomo.dae.integral.ScalarIntegral'>. Bounds will not be improved in this part
of the tree.
WARNING: Unsupported expression type for FBBT: <class
'pyomo.dae.integral.ScalarIntegral'>. Bounds will not be improved in this part
of the tree.
WARNING: Unsupported expression type for FBBT: <class
'pyomo.dae.integral.ScalarIntegral'>. Bounds will not be improved in this part
of the tree.
WARNING: Unsupported expression type for FBBT: <class
'pyomo.dae.integral.ScalarIntegral'>. Bounds will not be improved in this part
of the tree.
WARNING: Unsupported expression type for FBBT: <class
'pyomo.dae.integral.ScalarIntegral'>. Bounds will not be improved in this part
of the tree.
WARNING: Unsupported expression type for FBBT: <class
'pyomo.dae.integral.ScalarIntegral'>. Bounds will not be improved in this part
of the tree.
WARNING: Unsupported expression type for FBBT: <class
'pyomo.dae.integral.ScalarIntegral'>. Bounds will not be improved in this part
of the tree.
WARNING: Unsupported expression type for FBBT: <class
'pyomo.dae.integral.ScalarIntegral'>. Bounds will not be improved in this part
of the tree.
WARNING: Unsupported expression type for FBBT: <class
'pyomo.dae.integral.ScalarIntegral'>. Bounds will not be improved in this part
of the tree.
WARNING: Unsupported expression type for FBBT: <class
'pyomo.dae.integral.ScalarIntegral'>. Bounds will not be improved in this part
of the tree.
WARNING: Unsupported expression type for FBBT: <class
'pyomo.dae.integral.ScalarIntegral'>. Bounds will not be improved in this part
of the tree.
WARNING: Unsupported expression type for FBBT: <class
'pyomo.dae.integral.ScalarIntegral'>. Bounds will not be improved in this part
of the tree.
WARNING: Unsupported expression type for FBBT: <class
'pyomo.dae.integral.ScalarIntegral'>. Bounds will not be improved in this part
of the tree.
WARNING: Unsupported expression type for FBBT: <class
'pyomo.dae.integral.ScalarIntegral'>. Bounds will not be improved in this part
of the tree.
WARNING: Unsupported expression type for FBBT: <class
'pyomo.dae.integral.ScalarIntegral'>. Bounds will not be improved in this part
of the tree.
WARNING: Unsupported expression type for FBBT: <class
'pyomo.dae.integral.ScalarIntegral'>. Bounds will not be improved in this part
of the tree.
WARNING: Unsupported expression type for FBBT: <class
'pyomo.dae.integral.ScalarIntegral'>. Bounds will not be improved in this part
of the tree.
WARNING: Unsupported expression type for FBBT: <class
'pyomo.dae.integral.ScalarIntegral'>. Bounds will not be improved in this part
of the tree.
WARNING: Unsupported expression type for FBBT: <class
'pyomo.dae.integral.ScalarIntegral'>. Bounds will not be improved in this part
of the tree.
WARNING: Unsupported expression type for FBBT: <class
'pyomo.dae.integral.ScalarIntegral'>. Bounds will not be improved in this part
of the tree.
WARNING: Unsupported expression type for FBBT: <class
'pyomo.dae.integral.ScalarIntegral'>. Bounds will not be improved in this part
of the tree.
WARNING: Unsupported expression type for FBBT: <class
'pyomo.dae.integral.ScalarIntegral'>. Bounds will not be improved in this part
of the tree.
WARNING: Unsupported expression type for FBBT: <class
'pyomo.dae.integral.ScalarIntegral'>. Bounds will not be improved in this part
of the tree.
WARNING: Unsupported expression type for FBBT: <class
'pyomo.dae.integral.ScalarIntegral'>. Bounds will not be improved in this part
of the tree.
WARNING: Unsupported expression type for FBBT: <class
'pyomo.dae.integral.ScalarIntegral'>. Bounds will not be improved in this part
of the tree.
WARNING: Unsupported expression type for FBBT: <class
'pyomo.dae.integral.ScalarIntegral'>. Bounds will not be improved in this part
of the tree.
        0        subproblem          -inf      -9.90789       inf%      2.56  
WARNING: Unsupported expression type for FBBT: <class
'pyomo.dae.integral.ScalarIntegral'>. Bounds will not be improved in this part
of the tree.
WARNING: Unsupported expression type for FBBT: <class
'pyomo.dae.integral.ScalarIntegral'>. Bounds will not be improved in this part
of the tree.
WARNING: Unsupported expression type for FBBT: <class
'pyomo.dae.integral.ScalarIntegral'>. Bounds will not be improved in this part
of the tree.
WARNING: Unsupported expression type for FBBT: <class
'pyomo.dae.integral.ScalarIntegral'>. Bounds will not be improved in this part
of the tree.
WARNING: Unsupported expression type for FBBT: <class
'pyomo.dae.integral.ScalarIntegral'>. Bounds will not be improved in this part
of the tree.
WARNING: Unsupported expression type for FBBT: <class
'pyomo.dae.integral.ScalarIntegral'>. Bounds will not be improved in this part
of the tree.
WARNING: Unsupported expression type for FBBT: <class
'pyomo.dae.integral.ScalarIntegral'>. Bounds will not be improved in this part
of the tree.
WARNING: Unsupported expression type for FBBT: <class
'pyomo.dae.integral.ScalarIntegral'>. Bounds will not be improved in this part
of the tree.
WARNING: Unsupported expression type for FBBT: <class
'pyomo.dae.integral.ScalarIntegral'>. Bounds will not be improved in this part
of the tree.
WARNING: Unsupported expression type for FBBT: <class
'pyomo.dae.integral.ScalarIntegral'>. Bounds will not be improved in this part
of the tree.
WARNING: Unsupported expression type for FBBT: <class
'pyomo.dae.integral.ScalarIntegral'>. Bounds will not be improved in this part
of the tree.
WARNING: Unsupported expression type for FBBT: <class
'pyomo.dae.integral.ScalarIntegral'>. Bounds will not be improved in this part
of the tree.
WARNING: Unsupported expression type for FBBT: <class
'pyomo.dae.integral.ScalarIntegral'>. Bounds will not be improved in this part
of the tree.
WARNING: Unsupported expression type for FBBT: <class
'pyomo.dae.integral.ScalarIntegral'>. Bounds will not be improved in this part
of the tree.
WARNING: Unsupported expression type for FBBT: <class
'pyomo.dae.integral.ScalarIntegral'>. Bounds will not be improved in this part
of the tree.
WARNING: Unsupported expression type for FBBT: <class
'pyomo.dae.integral.ScalarIntegral'>. Bounds will not be improved in this part
of the tree.
WARNING: Unsupported expression type for FBBT: <class
'pyomo.dae.integral.ScalarIntegral'>. Bounds will not be improved in this part
of the tree.
WARNING: Unsupported expression type for FBBT: <class
'pyomo.dae.integral.ScalarIntegral'>. Bounds will not be improved in this part
of the tree.
WARNING: Unsupported expression type for FBBT: <class
'pyomo.dae.integral.ScalarIntegral'>. Bounds will not be improved in this part
of the tree.
WARNING: Unsupported expression type for FBBT: <class
'pyomo.dae.integral.ScalarIntegral'>. Bounds will not be improved in this part
of the tree.
WARNING: Unsupported expression type for FBBT: <class
'pyomo.dae.integral.ScalarIntegral'>. Bounds will not be improved in this part
of the tree.
WARNING: Unsupported expression type for FBBT: <class
'pyomo.dae.integral.ScalarIntegral'>. Bounds will not be improved in this part
of the tree.
WARNING: Unsupported expression type for FBBT: <class
'pyomo.dae.integral.ScalarIntegral'>. Bounds will not be improved in this part
of the tree.
WARNING: Unsupported expression type for FBBT: <class
'pyomo.dae.integral.ScalarIntegral'>. Bounds will not be improved in this part
of the tree.
WARNING: Unsupported expression type for FBBT: <class
'pyomo.dae.integral.ScalarIntegral'>. Bounds will not be improved in this part
of the tree.
WARNING: Unsupported expression type for FBBT: <class
'pyomo.dae.integral.ScalarIntegral'>. Bounds will not be improved in this part
of the tree.
WARNING: Unsupported expression type for FBBT: <class
'pyomo.dae.integral.ScalarIntegral'>. Bounds will not be improved in this part
of the tree.
WARNING: Unsupported expression type for FBBT: <class
'pyomo.dae.integral.ScalarIntegral'>. Bounds will not be improved in this part
of the tree.
WARNING: Unsupported expression type for FBBT: <class
'pyomo.dae.integral.ScalarIntegral'>. Bounds will not be improved in this part
of the tree.
WARNING: Unsupported expression type for FBBT: <class
'pyomo.dae.integral.ScalarIntegral'>. Bounds will not be improved in this part
of the tree.
WARNING: Unsupported expression type for FBBT: <class
'pyomo.dae.integral.ScalarIntegral'>. Bounds will not be improved in this part
of the tree.
WARNING: Unsupported expression type for FBBT: <class
'pyomo.dae.integral.ScalarIntegral'>. Bounds will not be improved in this part
of the tree.
WARNING: Unsupported expression type for FBBT: <class
'pyomo.dae.integral.ScalarIntegral'>. Bounds will not be improved in this part
of the tree.
WARNING: Unsupported expression type for FBBT: <class
'pyomo.dae.integral.ScalarIntegral'>. Bounds will not be improved in this part
of the tree.
WARNING: Unsupported expression type for FBBT: <class
'pyomo.dae.integral.ScalarIntegral'>. Bounds will not be improved in this part
of the tree.
WARNING: Unsupported expression type for FBBT: <class
'pyomo.dae.integral.ScalarIntegral'>. Bounds will not be improved in this part
of the tree.
WARNING: Unsupported expression type for FBBT: <class
'pyomo.dae.integral.ScalarIntegral'>. Bounds will not be improved in this part
of the tree.
WARNING: Unsupported expression type for FBBT: <class
'pyomo.dae.integral.ScalarIntegral'>. Bounds will not be improved in this part
of the tree.
WARNING: Unsupported expression type for FBBT: <class
'pyomo.dae.integral.ScalarIntegral'>. Bounds will not be improved in this part
of the tree.
WARNING: Unsupported expression type for FBBT: <class
'pyomo.dae.integral.ScalarIntegral'>. Bounds will not be improved in this part
of the tree.
WARNING: Unsupported expression type for FBBT: <class
'pyomo.dae.integral.ScalarIntegral'>. Bounds will not be improved in this part
of the tree.
WARNING: Unsupported expression type for FBBT: <class
'pyomo.dae.integral.ScalarIntegral'>. Bounds will not be improved in this part
of the tree.
WARNING: Unsupported expression type for FBBT: <class
'pyomo.dae.integral.ScalarIntegral'>. Bounds will not be improved in this part
of the tree.
WARNING: Unsupported expression type for FBBT: <class
'pyomo.dae.integral.ScalarIntegral'>. Bounds will not be improved in this part
of the tree.
WARNING: Unsupported expression type for FBBT: <class
'pyomo.dae.integral.ScalarIntegral'>. Bounds will not be improved in this part
of the tree.
        0        subproblem          -inf     -12.74146       inf%      3.60  *
MILP discrete problem is now infeasible. GDPopt has explored or cut off all feasible discrete configurations.
Finished discrete problem initialization in 4.06s and 3 iterations 

=============================================================================================
Iteration | Subproblem Type | Lower Bound | Upper Bound |   Gap    | Time(s)

MILP discrete problem is now infeasible. GDPopt has explored or cut off all feasible discrete configurations.
        1                       -12.74146     -12.74146      0.00%      4.51  
GDPopt exiting--bounds have converged or crossed.

Solved in 1 iterations and 4.51150 seconds
Optimal objective value -12.7414619219
Relative optimality gap 0.00000%

Problem: 
- Name: unknown
  Lower bound: -12.741461921937846
  Upper bound: -12.741461921937846
  Number of objectives: 1
  Number of constraints: 728
  Number of variables: 552
  Number of binary variables: 5
  Number of integer variables: 0
  Number of continuous variables: 547
  Number of nonzeros: None
  Sense: 1
  Number of disjunctions: 3
Solver: 
- Name: GDPopt (22, 5, 13) - LOA
  Status: ok
  User time: 4.511461379006505
  Wallclock time: 4.511461379006505
  Termination condition: optimal
  Iterations: 1
  Timing: main_timer_start_time: 6763877.142500853
mip: 0.3754174308851361
total: 4.511461379006505

