Starting GDPopt version 22.5.13 using enumerate algorithm
iterlim: None
time_limit: 900
tee: true
logger: <Logger pyomo.contrib.gdpopt (INFO)>
nlp_solver: gams
nlp_solver_args:
  solver: ipopth
minlp_solver: baron
minlp_solver_args:
local_minlp_solver: bonmin
local_minlp_solver_args:
small_dual_tolerance: 1.0e-08
integer_tolerance: 1.0e-05
constraint_tolerance: 1.0e-06
variable_tolerance: 1.0e-08
subproblem_initialization_method: <function restore_vars_to_original_values_enumerate at 0x7f4fd4239f80>
call_before_subproblem_solve: !!python/name:pyomo.contrib.gdpopt.util._DoNothing ''
call_after_subproblem_solve: !!python/name:pyomo.contrib.gdpopt.util._DoNothing ''
call_after_subproblem_feasible: !!python/name:pyomo.contrib.gdpopt.util._DoNothing ''
force_subproblem_nlp: false
subproblem_presolve: true
tighten_nlp_var_bounds: false
round_discrete_vars: true
max_fbbt_iterations: 3
mip_solver: gurobi
mip_solver_args:

If you use this software, you may cite the following:
            - Implementation:
            Chen, Q; Johnson, ES; Bernal, DE; Valentin, R; Kale, S;
            Bates, J; Siirola, JD; Grossmann, IE.
            Pyomo.GDP: an ecosystem for logic based modeling and optimization
            development.
            Optimization and Engineering, 2021.
Original model has 728 constraints (455 nonlinear) and 3 disjunctions, with 552 variables, of which 5 are binary, 0 are integer, and 547 are continuous.
      1/8        subproblem          -inf      -9.17745       inf%      0.50  *
      2/8        subproblem          -inf      -9.90789       inf%      0.90  *
      3/8        subproblem          -inf      -9.90789       inf%      0.96  
      4/8        subproblem          -inf     -12.74146       inf%      1.34  *
      5/8        subproblem          -inf     -12.74146       inf%      1.40  
      6/8        subproblem          -inf     -12.74146       inf%      1.45  
      7/8        subproblem          -inf     -12.74146       inf%      1.50  
      8/8        subproblem          -inf     -12.74146       inf%      1.56  
      8/8                       -12.74146     -12.74146      0.00%      1.56  
GDPopt exiting--all discrete solutions have been enumerated.

Solved in 8 iterations and 1.55532 seconds
Optimal objective value -12.7414619232
Relative optimality gap 0.00000%

Problem: 
- Name: unknown
  Lower bound: -12.741461923232249
  Upper bound: -12.741461923232249
  Number of objectives: 1
  Number of constraints: 728
  Number of variables: 552
  Number of binary variables: 5
  Number of integer variables: 0
  Number of continuous variables: 547
  Number of nonzeros: None
  Sense: 1
  Number of disjunctions: 3
Solver: 
- Name: GDPopt (22, 5, 13) - enumerate
  Status: ok
  User time: 1.5552869122475386
  Wallclock time: 1.5552869122475386
  Termination condition: optimal
  Iterations: 8
  Timing: main_timer_start_time: 6762961.190465501
nlp: 1.4945264123380184
total: 1.5552869122475386

