--- Job model.gms Start 02/25/24 14:19:07 44.3.0 8b8fb1cb LEX-LEG x86 64bit/Linux
--- Applying:
    /local/scratch/a/peng372/opt/gams/44.3/gmsprmun.txt
--- GAMS Parameters defined
    Input /tmp/tmpj0c1jd6q/model.gms
    Output /tmp/tmpj0c1jd6q/output.lst
    ScrDir /tmp/tmpj0c1jd6q/225a/
    SysDir /local/scratch/a/peng372/opt/gams/44.3/
    CurDir /tmp/tmpj0c1jd6q/
    LogOption 3
Licensee: Prof. Ignacio E. Grossmann                     G240103|0002AS-GEN
          Carnegie Mellon University, Dept. of Chemical Engineering  DCE375
          /local/scratch/a/peng372/opt/gams/44.3/gamslice.txt
          License Admin: Ignacio E. Grossmann,                             
          Evaluation license: Not for commercial or production use
Processor information: 1 socket(s), 48 core(s), and 96 thread(s) available
GAMS 44.3.0   Copyright (C) 1987-2023 GAMS Development. All rights reserved
--- Starting compilation
--- model.gms(7184) 3 Mb
--- $echo File /tmp/tmpj0c1jd6q/knitro.opt
--- model.gms(10658) 4 Mb
--- Starting execution: elapsed 0:00:00.020
--- model.gms(7183) 5 Mb
--- Generating MINLP model GAMS_MODEL
--- model.gms(7190) 7 Mb
---   2,643 rows  772 columns  10,549 non-zeroes
---   16,362 nl-code  2,548 nl-non-zeroes
---   39 discrete-columns
--- Range statistics (absolute non-zero finite values)
--- RHS       [min, max] : [ 1.000E+00, 1.000E+06] - Zero values observed as well
--- Bound     [min, max] : [ 1.000E+00, 3.000E+02] - Zero values observed as well
--- Matrix    [min, max] : [ 4.167E-02, 1.000E+06] - Zero values observed as well
--- model.gms(7190) 5 Mb
--- Executing KNITRO (Solvelink=5): elapsed 0:00:00.030

KNITRO           44.3.0 8b8fb1cb Sep 1, 2023           LEG x86 64bit/Linux    

--- Artelys Knitro Optimizer 13.2.0

Reading parameter(s) from "/tmp/tmpj0c1jd6q/knitro.opt"
>>  mip_multistart 1
Finished reading from "/tmp/tmpj0c1jd6q/knitro.opt"

--- GMO Q Extraction (ThreePass): 0.00s
--- GMO setup time: 0.00s
--- Set initial levels for 0 / 771 variables.
--- Set initial marginals for 0 / 771 variables.
--- Set initial marginals for 0 / 2642 equations.

=======================================
          Commercial License
         Artelys Knitro 13.2.0
=======================================

No start point provided -- Knitro computing one.

concurrent_evals:        0
datacheck:               0
hessian_no_f:            1
maxtime_real:            900
numthreads:              1
mip_maxtime_real:        900
mip_multistart           1
mip_opt_gap_abs:         0
Knitro changing mip_method from AUTO to 1.
Knitro changing mip_rootalg from AUTO to 1.
Knitro changing mip_lpalg from AUTO to 3.
Knitro changing mip_branchrule from AUTO to 2.
Knitro changing mip_selectrule from AUTO to 2.
Knitro changing mip_mir from AUTO to 2.
Knitro changing mip_clique from AUTO to 0.
Knitro changing mip_zerohalf from AUTO to 0.
Knitro changing mip_liftproject from AUTO to 0.
Knitro changing mip_knapsack from AUTO to 1.
Knitro changing mip_gomory from AUTO to 0.
Knitro changing mip_rounding from AUTO to 3.
Knitro changing mip_heuristic_strategy from AUTO to 1.
Knitro changing mip_heuristic_feaspump from AUTO to 1.
Knitro changing mip_heuristic_misqp from AUTO to 0.
Knitro changing mip_heuristic_mpec from AUTO to 1.
Knitro changing mip_heuristic_diving from AUTO to 0.
Knitro changing mip_heuristic_lns from AUTO to 0.
Knitro changing mip_pseudoinit from AUTO to 1.

Problem Characteristics
-----------------------
Objective goal:  Minimize
Objective type:  quadratic
Number of variables:                                771
    bounded below only:                               0
    bounded above only:                               0
    bounded below and above:                        771
    fixed:                                            0
    free:                                             0
Number of binary variables:                          39
Number of integer variables:                          0
Number of constraints:                             2642
    linear equalities:                              374
    quadratic equalities:                             0
    gen. nonlinear equalities:                        0
    linear one-sided inequalities:                   84
    quadratic one-sided inequalities:               728
    gen. nonlinear one-sided inequalities:         1456
    linear two-sided inequalities:                    0
    quadratic two-sided inequalities:                 0
    gen. nonlinear two-sided inequalities:            0
Number of nonzeros in Jacobian:                   10184
Number of nonzeros in Hessian:                      364

Knitro detected 9 GUB constraints
Knitro derived 0 knapsack covers after examining 94 constraints
Knitro using Branch and Bound method with 1 thread.

       Nodes        Best solution   Best bound      Gap       Time 
   Expl  |  Unexpl      value         value                  (secs)
   ---------------  -------------   ----------      ---      ------
      0       0                           -inf                0.051
      1       2                       -301.187                0.115
      1       2     -22.0312   FP     -301.187   1267.10%     0.428
      5       4     -23.3047 LEAF     -204.423    777.18%     2.082
     13       0     -23.3047          -23.3047      0.00%     3.484

EXIT: Optimal solution found (assuming convexity).

Final Statistics for MIP
------------------------
Final objective value               =  -2.33046886141191e+01
Final bound value                   =  -2.33046886141191e+01
Final optimality gap (abs / rel)    =  0.00e+00 / 0.00e+00 (0.00%)
# of root cutting plane rounds      =  0
# of restarts                       =  0
# of nodes processed                =  13 (2.792s)
# of strong branching evaluations   =  0 (0.000s)
# of function evaluations           =  953 (0.154s)
# of gradient evaluations           =  828 (0.213s)
# of hessian evaluations            =  814 (0.172s)
# of hessian-vector evaluations     =  0
# of subproblems processed          =  17 (3.423s)
Total program time (secs)           =  3.48412 (3.446 CPU time)
Time spent in evaluations (secs)    =  0.53882

Cuts statistics (gen / add)
---------------------------
Knapsack cuts                       =  0 / 0
Mixed-integer rounding cuts         =  0 / 0

Heuristics statistics (calls / successes / time)
------------------------------------------------
Feasibility pump                    =  1 / 1 / 0.313s
Rounding heuristic                  =  0 / 0 / 0.004s
MPEC heuristic                      =  1 / 0 / 0.319s

===========================================================================

--- Reading solution for model GAMS_MODEL
--- Executing after solve: elapsed 0:00:03.526
--- model.gms(7193) 5 Mb
--- model.gms(10658) 7 Mb
--- Putfile results /tmp/tmpj0c1jd6q/results.dat
--- Putfile statresults /tmp/tmpj0c1jd6q/resultsstat.dat
*** Status: Normal completion
--- Job model.gms Stop 02/25/24 14:19:11 elapsed 0:00:03.533

Problem: 
- Name: /tmp/tmpj0c1jd6q/model.gms
  Lower bound: -23.30468861411906
  Upper bound: -23.30468861411907
  Number of objectives: 1
  Number of constraints: 2643.0
  Number of variables: 772.0
  Number of binary variables: None
  Number of integer variables: 39.0
  Number of continuous variables: 733.0
  Number of nonzeros: 10549.0
  Sense: minimize
Solver: 
- Name: GAMS (44, 3, 0, 0)
  Status: ok
  Return code: 0
  Message: None
  User time: 3.504999470897019
  System time: None
  Wallclock time: None
  Termination condition: optimal
  Termination message: None
Solution: 
- number of solutions: 0
  number of solutions displayed: 0

