--- Job model.gms Start 02/25/24 14:19:02 44.3.0 8b8fb1cb LEX-LEG x86 64bit/Linux
--- Applying:
    /local/scratch/a/peng372/opt/gams/44.3/gmsprmun.txt
--- GAMS Parameters defined
    Input /tmp/tmpqnokb9zk/model.gms
    Output /tmp/tmpqnokb9zk/output.lst
    ScrDir /tmp/tmpqnokb9zk/225a/
    SysDir /local/scratch/a/peng372/opt/gams/44.3/
    CurDir /tmp/tmpqnokb9zk/
    LogOption 3
Licensee: Prof. Ignacio E. Grossmann                     G240103|0002AS-GEN
          Carnegie Mellon University, Dept. of Chemical Engineering  DCE375
          /local/scratch/a/peng372/opt/gams/44.3/gamslice.txt
          License Admin: Ignacio E. Grossmann,                             
          Evaluation license: Not for commercial or production use
Processor information: 1 socket(s), 48 core(s), and 96 thread(s) available
GAMS 44.3.0   Copyright (C) 1987-2023 GAMS Development. All rights reserved
--- Starting compilation
--- model.gms(7184) 3 Mb
--- $echo File /tmp/tmpqnokb9zk/dicopt.opt
--- model.gms(10658) 4 Mb
--- Starting execution: elapsed 0:00:00.020
--- model.gms(7183) 5 Mb
--- Generating MINLP model GAMS_MODEL
--- model.gms(7190) 7 Mb
--- Reset Solvelink = 2
---   2,643 rows  772 columns  10,549 non-zeroes
---   16,362 nl-code  2,548 nl-non-zeroes
---   39 discrete-columns
--- Range statistics (absolute non-zero finite values)
--- RHS       [min, max] : [ 1.000E+00, 1.000E+06] - Zero values observed as well
--- Bound     [min, max] : [ 1.000E+00, 3.000E+02] - Zero values observed as well
--- Matrix    [min, max] : [ 4.167E-02, 1.000E+06] - Zero values observed as well
--- model.gms(7190) 5 Mb
--- Executing DICOPT (Solvelink=2): elapsed 0:00:00.033
-------------------------------------------------------------------------------
Dicopt 2         44.3.0 8b8fb1cb Sep 1, 2023           LEG x86 64bit/Linux    
-------------------------------------------------------------------------------
Reading parameter(s) from "/tmp/tmpqnokb9zk/dicopt.opt"
>>  stop 1
Finished reading from "/tmp/tmpqnokb9zk/dicopt.opt"

--- DICOPT: Starting major iteration 1
--- DICOPT: Setting up first (relaxed) NLP.

COIN-OR Ipopt    44.3.0 8b8fb1cb Sep 1, 2023           LEG x86 64bit/Linux    

COIN-OR Interior Point Optimizer (Ipopt Library 3.14.12)
written by A. Waechter, commercially supported by GAMS Development Corp.

******************************************************************************
This program contains Ipopt, a library for large-scale nonlinear optimization.
 Ipopt is released as open source code under the Eclipse Public License (EPL).
         For more information visit https://github.com/coin-or/Ipopt
******************************************************************************

This is Ipopt version 3.14.12, running with linear solver ma27.

Number of nonzeros in equality constraint Jacobian...:     1828
Number of nonzeros in inequality constraint Jacobian.:     8356
Number of nonzeros in Lagrangian Hessian.............:      364

Total number of variables............................:      771
                     variables with only lower bounds:        0
                variables with lower and upper bounds:      771
                     variables with only upper bounds:        0
Total number of equality constraints.................:      374
Total number of inequality constraints...............:     2268
        inequality constraints with only lower bounds:        0
   inequality constraints with lower and upper bounds:        0
        inequality constraints with only upper bounds:     2268

iter    objective    inf_pr   inf_du lg(mu)  ||d||  lg(rg) alpha_du alpha_pr  ls
   0 -3.9999999e-04 9.90e-01 1.00e+00   0.0 0.00e+00    -  0.00e+00 0.00e+00   0
   1 -7.8650558e-04 9.72e-01 1.89e+00  -0.8 9.90e+01    -  1.16e-02 2.75e-02f  1
   2 -5.6172041e-03 8.13e-01 8.20e+00  -0.8 9.63e+01    -  2.95e-02 1.56e-01f  1
   3 -1.6470583e-02 6.69e-01 6.93e+00  -0.9 8.12e+01    -  2.41e-01 1.77e-01f  1
   4 -6.1443314e-02 4.07e-01 4.21e+00  -1.0 6.69e+01    -  3.84e-01 3.91e-01f  1
   5 -1.8999251e-01 1.45e-01 1.51e+00  -1.2 4.07e+01    -  6.67e-01 6.45e-01h  1
   6 -4.0621915e-01 4.16e-02 1.55e+00  -1.7 1.45e+01    -  7.81e-01 7.12e-01h  1
   7 -1.1552036e+00 5.22e-03 3.71e+00  -2.3 6.64e+00    -  6.44e-01 8.74e-01h  1
   8 -2.7193917e+01 4.26e-03 1.07e+01  -2.8 2.15e+01  -2.0 2.62e-02 1.84e-01f  1
   9 -2.8091318e+01 4.26e-03 4.60e+05   1.1 6.14e+02  -1.6 9.91e-01 2.71e-04f  1
iter    objective    inf_pr   inf_du lg(mu)  ||d||  lg(rg) alpha_du alpha_pr  ls
  10 -3.6970017e+01 5.65e-04 8.55e+04   0.7 3.23e+01    -  1.00e+00 8.67e-01h  1
  11 -4.4493326e+01 4.88e-05 1.50e+04  -0.5 1.70e+01    -  1.00e+00 9.14e-01H  1
  12 -9.8375525e+01 4.21e-05 1.57e+06  -0.2 1.53e+01  -2.1 1.00e+00 1.39e-01f  1
  13 -1.2776203e+02 1.94e-05 1.55e+06  -0.3 1.87e+02    -  1.00e+00 5.38e-01H  1
  14 -1.3282876e+02 1.84e-05 4.01e+06  -0.5 2.95e+02    -  1.00e+00 5.19e-02h  4
  15 -2.3714676e+02 1.71e+00 3.69e+05  -0.9 8.61e+01    -  1.00e+00 9.25e-01f  1
  16 -2.7066230e+02 1.02e+00 3.15e+06  -1.1 1.65e+02    -  1.00e+00 6.22e-01h  1
  17 -2.8898680e+02 1.98e-01 1.81e+06  -1.6 1.20e+02    -  1.00e+00 8.29e-01h  1
  18 -2.9758141e+02 5.59e-02 1.70e+06  -2.2 1.25e+02    -  1.00e+00 8.18e-01h  1
  19 -2.9983402e+02 8.77e-03 1.04e+06  -2.6 2.64e+01    -  1.00e+00 7.68e-01h  1
iter    objective    inf_pr   inf_du lg(mu)  ||d||  lg(rg) alpha_du alpha_pr  ls
  20 -3.0109966e+02 5.33e-04 9.55e+05  -4.0 1.45e+01    -  1.00e+00 9.56e-01h  1
  21 -3.0116982e+02 4.59e-05 1.34e+06  -4.6 4.65e-01    -  1.00e+00 8.77e-01h  1
  22 -3.0118670e+02 8.74e-13 2.78e+02  -6.1 8.11e-02    -  1.00e+00 1.00e+00h  1
  23 -3.0118677e+02 8.05e-13 5.25e-08  -6.2 1.12e-01    -  1.00e+00 1.00e+00h  1
In iteration 23, 183 Slacks too small, adjusting variable bounds
  24 -3.0118693e+02 8.84e-07 4.45e-01 -11.0 7.11e-04    -  1.00e+00 1.00e+00f  1
  25 -3.0118693e+02 2.86e-11 1.68e+08  -8.8 1.72e+01    -  1.68e-05 4.84e-01f  1
  26 -3.0118693e+02 2.81e-11 1.67e+08  -8.5 2.33e+03    -  4.86e-01 6.83e-03h  1
In iteration 26, 1 Slack too small, adjusting variable bound
  27 -3.0118693e+02 5.40e-09 1.67e+08  -8.5 1.55e+02  -2.5 5.33e-08 3.10e-07f  1
In iteration 27, 1 Slack too small, adjusting variable bound
  28 -3.0118694e+02 1.72e-06 1.67e+08  -8.5 7.67e+03  -3.0 6.98e-09 1.41e-08f  1
In iteration 28, 1 Slack too small, adjusting variable bound
  29 -3.0118694e+02 3.33e-06 1.67e+08  -8.5 1.38e+04  -3.5 1.03e-08 1.32e-08f  1
In iteration 29, 1 Slack too small, adjusting variable bound
iter    objective    inf_pr   inf_du lg(mu)  ||d||  lg(rg) alpha_du alpha_pr  ls
  30 -3.0118694e+02 4.82e-06 1.67e+08  -8.5 2.61e+04  -4.0 6.68e-09 1.23e-08f  1
  31 -3.0118694e+02 4.78e-06 1.66e+08  -8.5 1.55e+01    -  2.72e-06 6.81e-03f  3
In iteration 31, 1 Slack too small, adjusting variable bound
  32 -3.0118694e+02 1.56e-03 2.65e+07  -8.5 1.53e+01    -  6.57e-01 8.40e-01h  1
In iteration 32, 1 Slack too small, adjusting variable bound
  33 -3.0118694e+02 1.29e-03 2.19e+07  -8.5 6.46e+00    -  1.00e+00 1.74e-01h  1
In iteration 33, 1 Slack too small, adjusting variable bound
  34 -3.0118693e+02 4.45e-04 7.69e+06  -8.5 4.19e+00    -  1.00e+00 6.49e-01h  1
In iteration 34, 1 Slack too small, adjusting variable bound
  35 -3.0118693e+02 2.01e-04 3.22e+06  -8.5 1.48e+00    -  1.00e+00 5.81e-01h  1
In iteration 35, 1 Slack too small, adjusting variable bound
  36 -3.0118693e+02 6.98e-05 1.29e+06  -8.5 6.18e-01    -  1.00e+00 5.99e-01h  1
In iteration 36, 1 Slack too small, adjusting variable bound
  37 -3.0118693e+02 6.98e-05 1.29e+06  -8.5 2.46e-01    -  1.00e+00 7.86e-04H  1
  38 -3.0122845e+02 9.04e-03 1.37e+06  -8.5 2.95e+00  -4.4 1.23e-05 1.00e+00f  1
  39 -3.0118762e+02 1.02e-03 1.40e+04  -7.9 2.92e+00    -  1.00e+00 9.90e-01h  1
iter    objective    inf_pr   inf_du lg(mu)  ||d||  lg(rg) alpha_du alpha_pr  ls
  40 -3.0118694e+02 1.99e-05 1.44e+02  -9.5 5.52e-02    -  1.00e+00 9.90e-01h  1
  41 -3.0118721e+02 6.44e-05 9.57e+02  -9.3 1.96e-02  -4.9 1.60e-02 1.00e+00h  1
  42 -3.0118793e+02 5.33e-05 2.61e+03 -11.0 3.16e-01  -5.4 2.03e-02 1.72e-01f  1
  43 -3.0118745e+02 2.73e-05 1.34e+03  -8.6 1.04e+01    -  1.00e+00 4.87e-01h  1
  44 -3.0118693e+02 3.07e-13 2.38e-09  -8.6 3.51e+00    -  1.00e+00 1.00e+00h  1

Number of Iterations....: 44

                                   (scaled)                 (unscaled)
Objective...............:  -3.0118693429651421e+02   -3.0118693429651421e+02
Dual infeasibility......:   2.3833811373961337e-09    2.3833811373961337e-09
Constraint violation....:   2.1351864154447492e-13    3.0749284246944016e-13
Variable bound violation:   3.3332892002135850e-11    3.3332892002135850e-11
Complementarity.........:   2.6076967976159991e-09    2.6076967976159991e-09
Overall NLP error.......:   2.6076967976159991e-09    2.6076967976159991e-09


Number of objective function evaluations             = 56
Number of objective gradient evaluations             = 45
Number of equality constraint evaluations            = 56
Number of inequality constraint evaluations          = 56
Number of equality constraint Jacobian evaluations   = 1
Number of inequality constraint Jacobian evaluations = 45
Number of Lagrangian Hessian evaluations             = 44
Total seconds in IPOPT                               = 0.245

EXIT: Optimal Solution Found.
--- DICOPT: Setting up first MIP

IBM ILOG CPLEX   44.3.0 8b8fb1cb Sep 1, 2023           LEG x86 64bit/Linux    

--- GAMS/CPLEX licensed for continuous and discrete problems.
--- GMO setup time: 0.00s
--- Space for names approximately 0.09 Mb
--- Use option 'names no' to turn use of names off
--- GMO memory 1.64 Mb (peak 1.67 Mb)
--- Dictionary memory 0.00 Mb
--- Cplex 22.1.1.0 link memory 0.09 Mb (peak 0.39 Mb)
--- Starting Cplex

Version identifier: 22.1.1.0 | 2022-11-28 | 9160aff4d
CPXPARAM_Advance                                 0
CPXPARAM_Threads                                 1
CPXPARAM_MIP_Display                             4
CPXPARAM_MIP_Pool_Capacity                       0
CPXPARAM_TimeLimit                               899.75467896461487
CPXPARAM_MIP_Tolerances_AbsMIPGap                0
CPXPARAM_MIP_Tolerances_MIPGap                   0
Generic callback                                 0x50
Tried aggregator 2 times.
MIP Presolve eliminated 2064 rows and 2030 columns.
Aggregator did 13 substitutions.
Reduced MIP has 566 rows, 916 columns, and 2580 nonzeros.
Reduced MIP has 12 binaries, 0 generals, 0 SOSs, and 0 indicators.
Presolve time = 0.00 sec. (3.33 ticks)
Probing changed sense of 2 constraints.
Probing time = 0.00 sec. (0.04 ticks)
Tried aggregator 1 time.
Detecting symmetries...
MIP Presolve eliminated 24 rows and 12 columns.
Reduced MIP has 542 rows, 904 columns, and 2523 nonzeros.
Reduced MIP has 0 binaries, 0 generals, 0 SOSs, and 0 indicators.
Presolve time = 0.00 sec. (1.61 ticks)
MIP emphasis: balance optimality and feasibility.
MIP search method: dynamic search.
Parallel mode: none, using 1 thread.
Initializing dual steep norms . . .

Iteration log . . .
Iteration:     1   Dual objective     =          -328.809228
Iteration:    75   Dual objective     =          -306.977483
Root relaxation solution time = 0.00 sec. (1.56 ticks)

        Nodes                                         Cuts/
   Node  Left     Objective  IInf  Best Integer    Best Bound    ItCnt     Gap

*     0     0      integral     0     -301.1869     -301.1869       94    0.00%
Elapsed time = 0.01 sec. (9.40 ticks, tree = 0.00 MB)
Found incumbent of value -301.186934 after 0.01 sec. (9.40 ticks)

Root node processing (before b&c):
  Real time             =    0.01 sec. (9.45 ticks)
Sequential b&c:
  Real time             =    0.00 sec. (0.00 ticks)
                          ------------
Total (root+branch&cut) =    0.01 sec. (9.45 ticks)

--- MIP status (101): integer optimal solution.
--- Cplex Time: 0.01sec (det. 9.46 ticks)

--- Returning a primal only solution to GAMS (marginals all set to NA).
--- Fixing integer variables and solving final LP...

Version identifier: 22.1.1.0 | 2022-11-28 | 9160aff4d
CPXPARAM_Advance                                 2
CPXPARAM_Threads                                 1
CPXPARAM_MIP_Display                             4
CPXPARAM_MIP_Pool_Capacity                       0
CPXPARAM_TimeLimit                               899.75467896461487
CPXPARAM_MIP_Tolerances_AbsMIPGap                0
CPXPARAM_MIP_Tolerances_MIPGap                   0
Tried aggregator 1 time.
LP Presolve eliminated 2098 rows and 2052 columns.
Aggregator did 3 substitutions.
Reduced LP has 542 rows, 904 columns, and 2523 nonzeros.
Presolve time = 0.00 sec. (2.55 ticks)
Initializing dual steep norms . . .

Iteration log . . .
Iteration:     1   Dual objective     =          -329.151584
Iteration:    75   Dual objective     =          -306.977483
Iteration:    95   Scaled dual infeas =             0.000004

--- Fixed MIP status (1): optimal.
--- Cplex Time: 0.00sec (det. 5.96 ticks)


Proven optimal solution
MIP Solution:         -301.186934    (94 iterations, 0 nodes)
Final Solve:          -301.186895    (96 iterations)

Best possible:        -301.186934
Absolute gap:            0.000040
Relative gap:            0.000000

--- DICOPT: Starting major iteration 2
--- DICOPT: Setting up next NLP

COIN-OR Ipopt    44.3.0 8b8fb1cb Sep 1, 2023           LEG x86 64bit/Linux    

COIN-OR Interior Point Optimizer (Ipopt Library 3.14.12)
written by A. Waechter, commercially supported by GAMS Development Corp.
This is Ipopt version 3.14.12, running with linear solver ma27.

Number of nonzeros in equality constraint Jacobian...:     1807
Number of nonzeros in inequality constraint Jacobian.:     6552
Number of nonzeros in Lagrangian Hessian.............:      364

Total number of variables............................:      732
                     variables with only lower bounds:        0
                variables with lower and upper bounds:      732
                     variables with only upper bounds:        0
Total number of equality constraints.................:      374
Total number of inequality constraints...............:     2268
        inequality constraints with only lower bounds:        0
   inequality constraints with lower and upper bounds:        0
        inequality constraints with only upper bounds:     2268

iter    objective    inf_pr   inf_du lg(mu)  ||d||  lg(rg) alpha_du alpha_pr  ls
   0 -2.9527149e+02 7.26e+04 1.00e+00   0.0 0.00e+00    -  0.00e+00 0.00e+00   0
   1 -2.8020190e+02 3.71e+04 1.64e+01  -0.5 1.03e+04    -  1.39e-01 7.08e-01h  1
   2 -2.6319393e+02 1.51e+04 2.43e+01  -0.6 3.01e+03    -  6.32e-01 8.93e-01h  1
   3 -2.5953464e+02 1.28e+04 6.10e+01  -1.0 4.88e+02    -  2.49e-02 1.63e-01h  1
   4 -2.5252598e+02 9.44e+03 1.16e+02  -1.0 5.25e+02    -  9.05e-02 3.05e-01h  1
   5 -2.4524928e+02 7.33e+03 4.05e+01  -1.1 3.65e+02    -  3.56e-01 2.52e-01h  1
   6 -2.0584974e+02 3.60e+03 1.95e+02  -1.3 2.73e+02    -  2.19e-01 6.99e-01h  1
   7 -1.6525926e+02 2.37e+03 2.93e+02  -1.4 8.23e+01    -  2.05e-01 3.91e-01h  1
   8 -1.5683444e+02 2.10e+03 3.39e+02  -1.5 5.14e+01    -  4.73e-02 1.19e-01h  1
   9 -1.4910405e+02 1.86e+03 1.01e+01  -1.5 4.42e+01    -  3.65e-01 1.23e-01h  1
iter    objective    inf_pr   inf_du lg(mu)  ||d||  lg(rg) alpha_du alpha_pr  ls
  10 -1.3861364e+02 1.54e+03 1.23e+02  -1.7 1.60e+02    -  3.65e-02 1.89e-01h  1
  11 -1.2935857e+02 1.27e+03 1.11e+02  -1.7 2.13e+02    -  4.35e-01 1.96e-01h  1
  12 -1.1777494e+02 9.53e+02 6.63e+01  -2.0 2.46e+02    -  2.69e-01 2.93e-01h  1
  13 -1.1224843e+02 7.95e+02 2.11e+02  -2.1 2.81e+02    -  5.24e-01 1.81e-01h  1
  14 -1.0605638e+02 6.23e+02 1.83e+02  -2.4 2.90e+02    -  3.80e-01 2.44e-01h  1
  15 -1.0323332e+02 5.43e+02 4.98e+02  -2.6 2.67e+02    -  5.14e-01 1.48e-01h  1
  16 -1.0006519e+02 4.55e+02 9.77e+02  -2.9 2.25e+02    -  4.31e-01 2.16e-01h  1
  17 -9.9465172e+01 4.50e+02 5.71e+05   0.7 3.01e+02    -  9.92e-01 1.84e-02h  1
  18 -9.9257849e+01 3.87e+02 8.23e+04   0.6 1.39e+02    -  1.00e+00 1.86e-01h  1
  19 -1.0011873e+02 3.80e+02 4.72e+06   1.9 1.52e+02    -  1.00e+00 2.58e-02h  1
iter    objective    inf_pr   inf_du lg(mu)  ||d||  lg(rg) alpha_du alpha_pr  ls
  20 -9.1179542e+01 3.12e+02 5.43e+06   2.7 1.24e+02    -  1.00e+00 2.91e-01f  1
  21 -7.9663413e+01 2.00e+02 2.26e+06   3.0 1.50e+02    -  9.98e-01 4.31e-01f  1
  22 -7.6204395e+01 1.62e+02 1.86e+06  -3.0 1.51e+02    -  4.09e-01 2.17e-01h  1
  23 -6.6813132e+01 9.60e+01 7.17e+05   2.7 1.30e+02    -  1.00e+00 6.64e-01h  1
  24 -6.5643835e+01 8.57e+01 5.51e+05   3.1 7.50e+01    -  6.36e-01 1.18e-01f  1
  25 -6.2948009e+01 5.97e+01 6.23e+05   2.4 6.75e+01    -  1.00e+00 3.91e-01h  1
  26 -6.2677803e+01 5.72e+01 1.23e+06  -3.5 4.38e+01    -  6.51e-01 4.23e-02h  1
  27 -6.1935509e+01 5.66e+01 1.97e+06   3.4 1.39e+03    -  1.00e+00 1.12e-02f  6
  28 -5.6711892e+01 6.30e+01 5.61e+05   3.3 5.00e+01    -  6.47e-01 7.90e-01h  1
  29 -5.5481744e+01 5.54e+01 3.87e+05  -2.7 5.87e+01    -  4.60e-01 3.01e-01h  1
iter    objective    inf_pr   inf_du lg(mu)  ||d||  lg(rg) alpha_du alpha_pr  ls
  30 -5.5342692e+01 5.12e+01 5.94e+05   3.0 7.94e+01    -  5.69e-01 7.71e-02h  3
  31 -5.5175875e+01 3.78e+01 2.71e+05   2.2 2.78e+01    -  7.25e-01 3.61e-01h  1
  32 -5.5108245e+01 3.78e+01 1.27e+05   3.1 3.90e+02    -  1.00e+00 1.71e-03h  9
  33 -5.4864751e+01 3.77e+01 2.21e+05   3.1 1.38e+02    -  2.25e-01 1.56e-02h  7
  34 -5.4315295e+01 3.64e+01 2.05e+05   2.6 6.60e+01    -  1.00e+00 4.96e-02h  4
  35 -5.4166267e+01 3.62e+01 2.56e+05   2.3 1.64e+02    -  1.96e-01 6.86e-03h  8
  36 -5.3915133e+01 3.60e+01 2.99e+05   2.4 1.67e+02    -  1.00e+00 9.30e-03h  6
  37 -5.3749624e+01 3.58e+01 3.21e+05   0.6 1.33e+02    -  1.98e-01 8.54e-03h  7
  38 -5.3713212e+01 3.58e+01 3.44e+05   2.4 5.05e+02    -  1.00e+00 5.76e-04h 11
  39 -5.3525465e+01 3.57e+01 3.56e+05   2.3 1.71e+02    -  1.94e-01 6.91e-03h  7
iter    objective    inf_pr   inf_du lg(mu)  ||d||  lg(rg) alpha_du alpha_pr  ls
  40 -5.3389039e+01 3.56e+01 3.40e+05   2.5 2.62e+02    -  1.00e+00 3.48e-03h  8
  41 -5.3170264e+01 3.54e+01 3.61e+05   1.5 1.31e+02    -  2.03e-01 1.05e-02h  7
  42 -5.3096487e+01 3.53e+01 3.78e+05   2.5 3.55e+02    -  1.00e+00 1.42e-03h 10
  43 -5.2619598e+01 3.49e+01 3.88e+05   1.9 9.22e+01    -  2.80e-01 2.39e-02h  5
  44 -5.2546814e+01 3.49e+01 2.98e+05   2.9 3.68e+02    -  1.00e+00 1.22e-03h 10
  45 -5.2304793e+01 3.47e+01 3.62e+05   3.0 8.19e+01    -  4.06e-01 1.49e-02h  7
  46 -5.2085705e+01 3.45e+01 3.89e+05   2.8 8.73e+01    -  9.99e-01 1.21e-02h  7
  47 -5.1579980e+01 3.41e+01 3.94e+05   1.9 6.01e+01    -  3.46e-01 3.12e-02h  5
  48 -5.1456159e+01 3.40e+01 4.18e+05   2.4 1.66e+02    -  1.00e+00 3.42e-03h  9
  49 -2.6382748e+01 3.11e+01 1.49e+05   3.7 6.94e+02    -  5.91e-01 2.55e-01f  1
iter    objective    inf_pr   inf_du lg(mu)  ||d||  lg(rg) alpha_du alpha_pr  ls
  50 -2.9826870e+01 2.03e+01 2.44e+05   3.4 1.60e+02    -  6.24e-02 1.00e+00h  1
  51 -2.7113236e+01 1.30e+01 2.11e+05   2.7 6.07e+00    -  3.60e-01 6.52e-01h  1
  52 -2.7111948e+01 1.29e+01 1.53e+05   3.1 7.21e+00    -  9.68e-01 1.50e-02f  4
  53 -2.2060844e+01 6.44e+00 3.70e+04   2.4 1.02e+01    -  1.00e+00 5.49e-01H  1
  54 -1.5758813e+01 4.08e-01 8.81e+04   1.5 8.82e+00    -  1.00e+00 6.80e-01H  1
  55 -1.3080519e+01 2.52e+00 2.12e+04   1.0 1.47e+00    -  1.00e+00 8.55e-01h  1
  56 -1.4827932e+01 5.72e-01 6.25e+01   0.8 1.37e+00    -  1.00e+00 1.00e+00h  1
  57 -1.5608120e+01 3.69e-02 4.58e+01  -0.8 3.40e-01    -  9.87e-01 1.00e+00h  1
  58 -1.5854792e+01 4.15e-03 1.72e+01  -1.8 2.88e-01    -  1.00e+00 8.83e-01h  1
  59 -1.5996804e+01 8.75e-04 4.52e-04  -3.4 1.45e-01    -  1.00e+00 1.00e+00h  1
In iteration 59, 550 Slacks too small, adjusting variable bounds
iter    objective    inf_pr   inf_du lg(mu)  ||d||  lg(rg) alpha_du alpha_pr  ls
  60 -1.6013496e+01 3.18e-05 5.46e-01  -9.4 1.68e-02    -  9.97e-01 9.98e-01h  1
In iteration 60, 728 Slacks too small, adjusting variable bounds
  61 -1.6013512e+01 1.55e-13 2.96e+00  -8.1 3.44e-05    -  1.00e+00 1.00e+00h  1
In iteration 61, 728 Slacks too small, adjusting variable bounds
  62 -1.6013512e+01 2.18e-13 4.70e-10 -10.1 5.47e-08    -  1.00e+00 1.00e+00h  1

Number of Iterations....: 62

                                   (scaled)                 (unscaled)
Objective...............:  -1.6013512148912358e+01   -1.6013512148912358e+01
Dual infeasibility......:   4.6951593695735783e-10    4.6951593695735783e-10
Constraint violation....:   9.6596059739876224e-14    2.1826984664130578e-13
Variable bound violation:   3.7195757585095635e-10    3.7195757585095635e-10
Complementarity.........:   1.2148374680380067e-10    1.2148374680380067e-10
Overall NLP error.......:   5.5627591143019343e-13    4.6951593695735783e-10


Number of objective function evaluations             = 228
Number of objective gradient evaluations             = 63
Number of equality constraint evaluations            = 228
Number of inequality constraint evaluations          = 228
Number of equality constraint Jacobian evaluations   = 1
Number of inequality constraint Jacobian evaluations = 63
Number of Lagrangian Hessian evaluations             = 62
Total seconds in IPOPT                               = 0.249

EXIT: Optimal Solution Found.
--- DICOPT: Checking convergence
--- DICOPT: Setting up next MIP
--- GMO Resort Time 0ms
--- DICOPT: Log File:
 Major Major     Objective    CPU time  Itera- Evaluation Solver
 Step  Iter       Function     (Sec)    tions   Errors
  NLP    1      -301.18693      0.25       44      0      ipopth
  MIP    1      -301.18689      0.01       94      0      cplex
  NLP    2       -16.01351<     0.25       62      0      ipopth

IBM ILOG CPLEX   44.3.0 8b8fb1cb Sep 1, 2023           LEG x86 64bit/Linux    

--- GAMS/CPLEX licensed for continuous and discrete problems.
--- GMO setup time: 0.00s
--- Space for names approximately 0.18 Mb
--- Use option 'names no' to turn use of names off
--- GMO memory 2.64 Mb (peak 2.68 Mb)
--- Dictionary memory 0.00 Mb
--- Cplex 22.1.1.0 link memory 0.15 Mb (peak 0.71 Mb)
--- Starting Cplex

Version identifier: 22.1.1.0 | 2022-11-28 | 9160aff4d
CPXPARAM_Advance                                 0
CPXPARAM_Threads                                 1
CPXPARAM_MIP_Display                             4
CPXPARAM_MIP_Pool_Capacity                       0
CPXPARAM_TimeLimit                               899.49359011650085
CPXPARAM_MIP_Tolerances_AbsMIPGap                0
CPXPARAM_MIP_Tolerances_MIPGap                   0
Generic callback                                 0x50
Tried aggregator 2 times.
MIP Presolve eliminated 3521 rows and 3479 columns.
MIP Presolve modified 1109 coefficients.
Aggregator did 14 substitutions.
Reduced MIP has 1294 rows, 1650 columns, and 6400 nonzeros.
Reduced MIP has 12 binaries, 0 generals, 0 SOSs, and 0 indicators.
Presolve time = 0.01 sec. (8.34 ticks)
Found incumbent of value 1.5880030e+13 after 0.01 sec. (11.30 ticks)
Probing changed sense of 2 constraints.
Probing time = 0.00 sec. (0.29 ticks)
Tried aggregator 1 time.
Detecting symmetries...
MIP Presolve eliminated 10 rows and 4 columns.
MIP Presolve modified 16 coefficients.
Reduced MIP has 1284 rows, 1646 columns, and 6372 nonzeros.
Reduced MIP has 8 binaries, 0 generals, 0 SOSs, and 0 indicators.
Presolve time = 0.00 sec. (5.18 ticks)
Probing time = 0.00 sec. (0.19 ticks)
Clique table members: 15.
MIP emphasis: balance optimality and feasibility.
MIP search method: dynamic search.
Parallel mode: none, using 1 thread.
Initializing dual steep norms . . .

Iteration log . . .
Iteration:     1   Dual objective     =          -141.508204
Root relaxation solution time = 0.00 sec. (2.50 ticks)

        Nodes                                         Cuts/
   Node  Left     Objective  IInf  Best Integer    Best Bound    ItCnt     Gap

*     0+    0                       1.58800e+13     -329.0461           100.00%
Found incumbent of value 1.5880030e+13 after 0.02 sec. (22.00 ticks)
*     0     0      integral     0     -114.0426     -114.0426       97    0.00%
Elapsed time = 0.02 sec. (22.28 ticks, tree = 0.00 MB)
Found incumbent of value -114.042590 after 0.02 sec. (22.28 ticks)

Root node processing (before b&c):
  Real time             =    0.02 sec. (22.38 ticks)
Sequential b&c:
  Real time             =    0.00 sec. (0.00 ticks)
                          ------------
Total (root+branch&cut) =    0.02 sec. (22.38 ticks)

--- MIP status (101): integer optimal solution.
--- Cplex Time: 0.02sec (det. 22.40 ticks)

--- Returning a primal only solution to GAMS (marginals all set to NA).
--- Fixing integer variables and solving final LP...

Version identifier: 22.1.1.0 | 2022-11-28 | 9160aff4d
CPXPARAM_Advance                                 2
CPXPARAM_Threads                                 1
CPXPARAM_MIP_Display                             4
CPXPARAM_MIP_Pool_Capacity                       0
CPXPARAM_TimeLimit                               899.49359011650085
CPXPARAM_MIP_Tolerances_AbsMIPGap                0
CPXPARAM_MIP_Tolerances_MIPGap                   0
Tried aggregator 1 time.
LP Presolve eliminated 4100 rows and 4053 columns.
Aggregator did 4 substitutions.
Reduced LP has 725 rows, 1088 columns, and 3611 nonzeros.
Presolve time = 0.00 sec. (4.30 ticks)
Initializing dual steep norms . . .

Iteration log . . .
Iteration:     1   Dual objective     =          -329.151584
Iteration:    78   Dual objective     =          -118.832462
Iteration:    96   Scaled dual infeas =             0.000004
Iteration:    98   Dual objective     =          -114.042590

--- Fixed MIP status (1): optimal.
--- Cplex Time: 0.01sec (det. 10.69 ticks)


Proven optimal solution
MIP Solution:         -114.042590    (97 iterations, 0 nodes)
Final Solve:          -114.042590    (101 iterations)

Best possible:        -114.042590
Absolute gap:            0.000000
Relative gap:            0.000000

--- DICOPT: Starting major iteration 3
--- DICOPT: Setting up next NLP

COIN-OR Ipopt    44.3.0 8b8fb1cb Sep 1, 2023           LEG x86 64bit/Linux    

COIN-OR Interior Point Optimizer (Ipopt Library 3.14.12)
written by A. Waechter, commercially supported by GAMS Development Corp.
This is Ipopt version 3.14.12, running with linear solver ma27.

Number of nonzeros in equality constraint Jacobian...:     1807
Number of nonzeros in inequality constraint Jacobian.:     6552
Number of nonzeros in Lagrangian Hessian.............:      364

Total number of variables............................:      732
                     variables with only lower bounds:        0
                variables with lower and upper bounds:      732
                     variables with only upper bounds:        0
Total number of equality constraints.................:      374
Total number of inequality constraints...............:     2268
        inequality constraints with only lower bounds:        0
   inequality constraints with lower and upper bounds:        0
        inequality constraints with only upper bounds:     2268

iter    objective    inf_pr   inf_du lg(mu)  ||d||  lg(rg) alpha_du alpha_pr  ls
   0 -2.9527149e+02 2.97e+02 1.00e+00   0.0 0.00e+00    -  0.00e+00 0.00e+00   0
   1 -2.9069438e+02 2.97e+02 1.41e+00  -0.6 1.03e+04    -  9.03e-01 9.61e-01h  1
   2 -2.5234537e+02 2.80e+02 9.39e+03   2.3 1.08e+04    -  2.55e-02 6.69e-03f  1
   3 -6.5268780e+01 2.72e+02 7.18e+03   4.3 9.05e+05    -  7.68e-05 3.02e-04f  1
   4 -1.0743486e+02 2.65e+02 2.59e+04   3.6 2.35e+04    -  1.05e-02 1.37e-03f  2
   5 -5.0082359e+01 8.87e+03 6.34e+04   2.9 2.42e+03    -  4.20e-01 2.44e-01h  1
   6 -1.2630535e+02 4.48e+03 1.08e+04   2.9 7.41e+03    -  2.76e-01 6.75e-01h  1
   7 -1.2128117e+02 3.03e+03 6.58e+03   1.9 5.67e+03    -  4.32e-01 3.89e-01h  1
   8 -1.0481354e+02 1.77e+03 1.01e+04   2.3 5.15e+03    -  8.50e-01 5.38e-01h  1
   9 -9.7711874e+01 1.04e+03 6.58e+03   2.0 5.15e+02    -  9.32e-01 5.31e-01h  1
iter    objective    inf_pr   inf_du lg(mu)  ||d||  lg(rg) alpha_du alpha_pr  ls
  10 -9.3085879e+01 5.95e+02 2.79e+03   1.5 4.61e+02    -  7.11e-01 5.60e-01h  1
  11 -9.4108726e+01 4.98e+02 7.41e+03   1.6 8.40e+01    -  9.90e-01 1.79e-01h  1
  12 -1.1884021e+02 3.45e+02 3.49e+03   1.4 4.17e+01    -  1.00e+00 3.74e-01h  1
  13 -1.4582798e+02 2.73e+02 5.60e+03   1.5 4.69e+01    -  9.16e-01 2.42e-01h  1
  14 -1.3109652e+02 1.93e+02 1.02e+04   1.9 8.72e+01    -  1.00e+00 4.58e-01h  1
  15 -1.0028684e+02 1.32e+02 9.27e+03   2.4 1.05e+02    -  5.87e-01 4.42e-01h  1
  16 -9.2251278e+01 1.19e+02 3.56e+04   2.9 6.41e+01    -  4.00e-01 1.02e-01h  1
  17 -8.5248647e+01 9.20e+01 4.40e+04   2.9 7.92e+01    -  1.00e+00 2.36e-01h  1
  18 -5.1926203e+01 6.50e+01 9.93e+04   3.6 2.77e+01    -  6.89e-01 3.72e-01h  1
  19 -5.1071963e+01 5.48e+01 4.82e+04   3.2 3.55e+01    -  9.76e-01 1.63e-01h  1
iter    objective    inf_pr   inf_du lg(mu)  ||d||  lg(rg) alpha_du alpha_pr  ls
  20 -4.3003434e+01 4.20e+01 3.20e+04   3.0 3.75e+01    -  9.69e-01 2.44e-01h  1
  21 -1.8016831e+01 6.42e+00 1.49e+03   2.3 3.08e+01    -  1.00e+00 9.52e-01h  1
  22 -1.9598532e+01 1.71e-01 1.50e+03   1.1 5.97e+00    -  8.93e-01 9.81e-01h  1
  23 -1.9748137e+01 3.29e-05 9.46e+00  -0.3 1.91e-01    -  9.96e-01 1.00e+00h  1
  24 -1.9955601e+01 4.83e-07 3.45e-01  -1.4 2.72e-01    -  9.98e-01 1.00e+00H  1
  25 -1.9966637e+01 1.03e-09 2.10e+02  -2.9 7.28e-01    -  1.00e+00 1.56e-02h  7
  26 -2.0784211e+01 2.75e-03 7.55e+00  -4.2 7.84e-01    -  1.00e+00 9.85e-01f  1
  27 -2.0791052e+01 3.76e-05 1.55e+01  -5.7 7.78e-03    -  1.00e+00 9.86e-01h  1
  28 -2.0791111e+01 1.80e-12 2.35e+01  -6.9 1.26e-04    -  1.00e+00 9.91e-01h  1
  29 -2.0791112e+01 1.93e-13 3.26e-11  -7.9 1.87e-06    -  1.00e+00 1.00e+00h  1
In iteration 29, 26 Slacks too small, adjusting variable bounds
iter    objective    inf_pr   inf_du lg(mu)  ||d||  lg(rg) alpha_du alpha_pr  ls
  30 -2.0791112e+01 2.53e-13 2.17e-11 -11.0 9.61e-08    -  1.00e+00 1.00e+00h  1

Number of Iterations....: 30

                                   (scaled)                 (unscaled)
Objective...............:  -2.0791111800936882e+01   -2.0791111800936882e+01
Dual infeasibility......:   2.1688304398067236e-11    2.1688304398067236e-11
Constraint violation....:   1.1202391465255080e-13    2.5313084961453569e-13
Variable bound violation:   3.9764014303500517e-10    3.9764014303500517e-10
Complementarity.........:   3.2064972276686244e-07    3.2064972276686244e-07
Overall NLP error.......:   4.8853090357827535e-09    3.2064972276686244e-07


Number of objective function evaluations             = 44
Number of objective gradient evaluations             = 31
Number of equality constraint evaluations            = 44
Number of inequality constraint evaluations          = 44
Number of equality constraint Jacobian evaluations   = 1
Number of inequality constraint Jacobian evaluations = 31
Number of Lagrangian Hessian evaluations             = 30
Total seconds in IPOPT                               = 0.095

EXIT: Optimal Solution Found.
--- DICOPT: Checking convergence
--- DICOPT: Setting up next MIP
--- GMO Resort Time 1ms
--- DICOPT: Log File:
 Major Major     Objective    CPU time  Itera- Evaluation Solver
 Step  Iter       Function     (Sec)    tions   Errors
  NLP    1      -301.18693      0.25       44      0      ipopth
  MIP    1      -301.18689      0.01       94      0      cplex
  NLP    2       -16.01351<     0.25       62      0      ipopth
  MIP    2      -114.04259      0.02       97      0      cplex
  NLP    3       -20.79111<     0.09       30      0      ipopth

IBM ILOG CPLEX   44.3.0 8b8fb1cb Sep 1, 2023           LEG x86 64bit/Linux    

--- GAMS/CPLEX licensed for continuous and discrete problems.
--- GMO setup time: 0.00s
--- Space for names approximately 0.26 Mb
--- Use option 'names no' to turn use of names off
--- GMO memory 3.64 Mb (peak 3.70 Mb)
--- Dictionary memory 0.00 Mb
--- Cplex 22.1.1.0 link memory 0.22 Mb (peak 1.02 Mb)
--- Starting Cplex

Version identifier: 22.1.1.0 | 2022-11-28 | 9160aff4d
CPXPARAM_Advance                                 0
CPXPARAM_Threads                                 1
CPXPARAM_MIP_Display                             4
CPXPARAM_MIP_Pool_Capacity                       0
CPXPARAM_TimeLimit                               899.3769052028656
CPXPARAM_MIP_Tolerances_AbsMIPGap                0
CPXPARAM_MIP_Tolerances_MIPGap                   0
Generic callback                                 0x50
Tried aggregator 2 times.
MIP Presolve eliminated 4979 rows and 4933 columns.
MIP Presolve modified 2222 coefficients.
Aggregator did 13 substitutions.
Reduced MIP has 2023 rows, 2381 columns, and 10582 nonzeros.
Reduced MIP has 12 binaries, 0 generals, 0 SOSs, and 0 indicators.
Presolve time = 0.01 sec. (13.23 ticks)
Found incumbent of value 4.5808395e+13 after 0.01 sec. (20.03 ticks)
Probing fixed 1 vars, tightened 0 bounds.
Probing changed sense of 3 constraints.
Probing time = 0.00 sec. (0.55 ticks)
Tried aggregator 1 time.
Detecting symmetries...
MIP Presolve eliminated 203 rows and 189 columns.
MIP Presolve modified 25 coefficients.
Reduced MIP has 1820 rows, 2190 columns, and 9612 nonzeros.
Reduced MIP has 5 binaries, 0 generals, 0 SOSs, and 0 indicators.
Presolve time = 0.01 sec. (8.02 ticks)
Probing time = 0.00 sec. (0.21 ticks)
Clique table members: 5.
MIP emphasis: balance optimality and feasibility.
MIP search method: dynamic search.
Parallel mode: none, using 1 thread.
Initializing dual steep norms . . .

Iteration log . . .
Iteration:     1   Scaled dual infeas =             1.000000
Perturbation started.
Iteration:   101   Scaled dual infeas =             1.000000
Iteration:   362   Scaled dual infeas =             0.219346
Iteration:   401   Dual objective     =          -288.138040
Iteration:   544   Dual objective     =          -134.792981
Removing perturbation.
Root relaxation solution time = 0.01 sec. (9.60 ticks)

        Nodes                                         Cuts/
   Node  Left     Objective  IInf  Best Integer    Best Bound    ItCnt     Gap

*     0+    0                       4.56752e+13                            --- 
Found incumbent of value 4.5675222e+13 after 0.03 sec. (43.68 ticks)
      0     0     -113.6444     4   4.56752e+13     -113.6444      598  100.00%
*     0+    0                          -84.5400     -113.6444            34.43%
Found incumbent of value -84.539991 after 0.03 sec. (50.03 ticks)
      0     0     -111.4833     4      -84.5400     Cuts: 333      757   31.87%
      0     0     -109.7117     5      -84.5400     Cuts: 215      894   29.77%
      0     0     -108.3309     4      -84.5400      Cuts: 29      922   28.14%
      0     0     -107.1484     4      -84.5400     Cuts: 172      952   26.74%
      0     0     -106.0407     4      -84.5400      Cuts: 42      985   25.43%
Detecting symmetries...
      0     0     -104.9886     5      -84.5400     Cuts: 156     1015   24.19%
      0     0     -104.2485     4      -84.5400      Cuts: 29     1041   23.31%
      0     0     -103.3392     4      -84.5400     Cuts: 169     1065   22.24%
      0     0     -102.5229     4      -84.5400   MIRcuts: 32     1090   21.27%
      0     0     -101.6550     5      -84.5400     Cuts: 150     1117   20.24%
      0     0     -100.8835     4      -84.5400      Cuts: 15     1137   19.33%
      0     0     -100.3911     5      -84.5400     Cuts: 146     1201   18.75%
      0     0      -99.7237     5      -84.5400      Cuts: 70     1224   17.96%
      0     0      -99.2997     5      -84.5400      Cuts: 20     1245   17.46%
      0     0      -98.8329     5      -84.5400      Cuts: 42     1269   16.91%
      0     0      -98.5920     5      -84.5400      Cuts: 12     1291   16.62%
      0     0      -97.5024     5      -84.5400     Cuts: 135     1317   15.33%
      0     0      -96.6559     5      -84.5400      Cuts: 40     1341   14.33%
      0     0      -96.0769     5      -84.5400      Cuts: 25     1359   13.65%
      0     0      -95.4527     5      -84.5400      Cuts: 10     1370   12.91%
      0     0      -94.4818     5      -84.5400      Cuts: 24     1379   11.76%
Detecting symmetries...
      0     2      -94.4818     5      -84.5400      -94.3122     1379   11.56%
Elapsed time = 0.73 sec. (1394.64 ticks, tree = 0.01 MB)
*     2     0      integral     0      -84.5400      -94.3122     1478   11.56%
Found incumbent of value -84.539991 after 0.74 sec. (1402.00 ticks)

Flow cuts applied:  18
Mixed integer rounding cuts applied:  258
Gomory fractional cuts applied:  1

Root node processing (before b&c):
  Real time             =    0.73 sec. (1394.65 ticks)
Sequential b&c:
  Real time             =    0.00 sec. (8.82 ticks)
                          ------------
Total (root+branch&cut) =    0.74 sec. (1403.47 ticks)

--- MIP status (101): integer optimal solution.
--- Cplex Time: 0.74sec (det. 1403.49 ticks)

--- Returning a primal only solution to GAMS (marginals all set to NA).
--- Fixing integer variables and solving final LP...

Version identifier: 22.1.1.0 | 2022-11-28 | 9160aff4d
CPXPARAM_Advance                                 2
CPXPARAM_Threads                                 1
CPXPARAM_MIP_Display                             4
CPXPARAM_MIP_Pool_Capacity                       0
CPXPARAM_TimeLimit                               899.3769052028656
CPXPARAM_MIP_Tolerances_AbsMIPGap                0
CPXPARAM_MIP_Tolerances_MIPGap                   0
Tried aggregator 1 time.
LP Presolve eliminated 5921 rows and 5872 columns.
Aggregator did 3 substitutions.
Reduced LP has 1091 rows, 1456 columns, and 5789 nonzeros.
Presolve time = 0.00 sec. (6.24 ticks)
Initializing dual steep norms . . .

Iteration log . . .
Iteration:     1   Scaled dual infeas =             1.000000
Perturbation started.
Iteration:   101   Scaled dual infeas =             1.000000
Iteration:   262   Scaled dual infeas =             0.629352
Iteration:   391   Dual objective     =          -278.589870
Iteration:   536   Dual objective     =          -133.059804
Iteration:   628   Dual objective     =          -101.759934
Removing perturbation.
Iteration:   661   Scaled dual infeas =             0.000743
Iteration:  1166   Scaled dual infeas =             0.000156
Iteration:  1338   Dual objective     =           -84.539755
Removing shift (1).

--- Fixed MIP status (1): optimal.
--- Cplex Time: 0.02sec (det. 36.24 ticks)


Proven optimal solution
MIP Solution:          -84.539991    (1478 iterations, 3 nodes)
Final Solve:           -84.539699    (2017 iterations)

Best possible:         -84.539991
Absolute gap:            0.000291
Relative gap:            0.000003

--- DICOPT: Starting major iteration 4
--- DICOPT: Setting up next NLP

COIN-OR Ipopt    44.3.0 8b8fb1cb Sep 1, 2023           LEG x86 64bit/Linux    

COIN-OR Interior Point Optimizer (Ipopt Library 3.14.12)
written by A. Waechter, commercially supported by GAMS Development Corp.
This is Ipopt version 3.14.12, running with linear solver ma27.

Number of nonzeros in equality constraint Jacobian...:     1807
Number of nonzeros in inequality constraint Jacobian.:     6552
Number of nonzeros in Lagrangian Hessian.............:      364

Total number of variables............................:      732
                     variables with only lower bounds:        0
                variables with lower and upper bounds:      732
                     variables with only upper bounds:        0
Total number of equality constraints.................:      374
Total number of inequality constraints...............:     2268
        inequality constraints with only lower bounds:        0
   inequality constraints with lower and upper bounds:        0
        inequality constraints with only upper bounds:     2268

iter    objective    inf_pr   inf_du lg(mu)  ||d||  lg(rg) alpha_du alpha_pr  ls
   0 -2.0049754e+02 7.26e+04 1.00e+00   0.0 0.00e+00    -  0.00e+00 0.00e+00   0
   1 -1.7254838e+02 3.09e+04 2.74e+01  -0.4 1.03e+04    -  1.61e-01 8.64e-01h  1
   2 -1.4891502e+02 1.39e+04 5.08e+01  -0.5 1.39e+03    -  5.98e-01 7.84e-01h  1
   3 -1.4190557e+02 1.10e+04 1.34e+02  -0.9 5.65e+02    -  1.96e-02 2.33e-01h  1
   4 -1.3023467e+02 7.37e+03 1.05e+02  -0.9 4.47e+02    -  3.59e-01 4.02e-01h  1
   5 -1.1537191e+02 4.35e+03 1.71e+02  -1.1 2.68e+02    -  8.95e-01 5.27e-01h  1
   6 -1.0409280e+02 2.86e+03 1.36e+02  -2.1 1.27e+02    -  7.53e-01 4.21e-01h  1
   7 -1.0344417e+02 2.80e+03 3.76e+05   1.2 8.00e+03    -  9.22e-01 9.30e-03f  1
   8 -9.2177637e+01 1.92e+03 2.06e+05  -3.7 9.66e+01    -  4.52e-01 3.85e-01h  1
   9 -7.8388290e+01 1.05e+03 4.47e+04   0.5 2.48e+02    -  8.40e-01 5.90e-01h  1
iter    objective    inf_pr   inf_du lg(mu)  ||d||  lg(rg) alpha_du alpha_pr  ls
  10 -6.7294621e+01 6.61e+02 2.27e+04   0.4 3.42e+02    -  4.85e-01 5.60e-01h  1
  11 -5.6459365e+01 4.72e+02 1.58e+03   0.4 2.85e+02    -  1.00e+00 6.54e-01h  1
  12 -4.4534135e+01 2.79e+02 7.75e+02   0.3 1.03e+02    -  1.00e+00 7.88e-01h  1
  13 -3.4702405e+01 1.18e+02 2.94e+02  -0.3 2.34e+02    -  1.00e+00 7.28e-01h  1
  14 -2.6027969e+01 5.34e+01 7.74e+01  -0.9 9.33e+01    -  1.00e+00 8.38e-01h  1
  15 -1.9562808e+01 1.65e+01 7.50e+01  -1.5 3.98e+01    -  1.00e+00 8.54e-01h  1
  16 -1.4927633e+01 3.90e+00 4.49e+00  -2.6 1.36e+01    -  1.00e+00 9.74e-01h  1
  17 -1.2928032e+01 5.83e-01 7.28e-01  -4.1 2.92e+00    -  1.00e+00 9.61e-01h  1
  18 -1.2437592e+01 2.73e-02 1.82e-03  -5.0 3.33e-01    -  1.00e+00 1.00e+00h  1
  19 -1.2414057e+01 7.75e-05 4.10e-06  -7.0 1.13e-02    -  1.00e+00 1.00e+00h  1
iter    objective    inf_pr   inf_du lg(mu)  ||d||  lg(rg) alpha_du alpha_pr  ls
  20 -1.2414001e+01 1.44e-13 7.01e-02  -8.2 2.41e-05    -  9.97e-01 1.00e+00h  1
  21 -1.2414002e+01 1.51e-13 1.45e+00  -8.8 1.15e-06    -  1.00e+00 9.64e-01h  1
  22 -1.2414002e+01 1.40e-13 2.27e-13  -8.9 5.21e-07    -  1.00e+00 1.00e+00h  1

Number of Iterations....: 22

                                   (scaled)                 (unscaled)
Objective...............:  -1.2414002044512872e+01   -1.2414002044512872e+01
Dual infeasibility......:   2.2737367544323206e-13    1.3870848913910550e-14
Constraint violation....:   6.1994642772879625e-14    1.4007978449991469e-13
Variable bound violation:   0.0000000000000000e+00    0.0000000000000000e+00
Complementarity.........:   1.6766041260455901e-09    1.6766041260455901e-09
Overall NLP error.......:   1.7642196168394282e-10    1.6766041260455901e-09


Number of objective function evaluations             = 23
Number of objective gradient evaluations             = 23
Number of equality constraint evaluations            = 23
Number of inequality constraint evaluations          = 23
Number of equality constraint Jacobian evaluations   = 1
Number of inequality constraint Jacobian evaluations = 23
Number of Lagrangian Hessian evaluations             = 22
Total seconds in IPOPT                               = 0.067

EXIT: Optimal Solution Found.
--- DICOPT: Checking convergence
--- DICOPT: Setting up next MIP
--- DICOPT: Log File:
 Major Major     Objective    CPU time  Itera- Evaluation Solver
 Step  Iter       Function     (Sec)    tions   Errors
  NLP    1      -301.18693      0.25       44      0      ipopth
  MIP    1      -301.18689      0.01       94      0      cplex
  NLP    2       -16.01351<     0.25       62      0      ipopth
  MIP    2      -114.04259      0.02       97      0      cplex
  NLP    3       -20.79111<     0.09       30      0      ipopth
  MIP    3       -84.53970      0.76     1478      0      cplex
  NLP    4       -12.41400      0.07       22      0      ipopth

IBM ILOG CPLEX   44.3.0 8b8fb1cb Sep 1, 2023           LEG x86 64bit/Linux    

--- GAMS/CPLEX licensed for continuous and discrete problems.
--- GMO setup time: 0.00s
--- Space for names approximately 0.26 Mb
--- Use option 'names no' to turn use of names off
--- GMO memory 3.64 Mb (peak 3.70 Mb)
--- Dictionary memory 0.00 Mb
--- Cplex 22.1.1.0 link memory 0.22 Mb (peak 1.03 Mb)
--- Starting Cplex

Version identifier: 22.1.1.0 | 2022-11-28 | 9160aff4d
CPXPARAM_Advance                                 0
CPXPARAM_Threads                                 1
CPXPARAM_MIP_Display                             4
CPXPARAM_MIP_Pool_Capacity                       0
CPXPARAM_TimeLimit                               898.55370330810547
CPXPARAM_MIP_Tolerances_AbsMIPGap                0
CPXPARAM_MIP_Tolerances_MIPGap                   0
Generic callback                                 0x50
Tried aggregator 2 times.
MIP Presolve eliminated 4979 rows and 4933 columns.
MIP Presolve modified 2233 coefficients.
Aggregator did 13 substitutions.
Reduced MIP has 2024 rows, 2381 columns, and 10591 nonzeros.
Reduced MIP has 12 binaries, 0 generals, 0 SOSs, and 0 indicators.
Presolve time = 0.01 sec. (13.40 ticks)
Found incumbent of value 4.5808395e+13 after 0.01 sec. (19.52 ticks)
Probing fixed 4 vars, tightened 0 bounds.
Probing changed sense of 3 constraints.
Probing time = 0.00 sec. (0.52 ticks)
Cover probing fixed 0 vars, tightened 3 bounds.
Tried aggregator 2 times.
Detecting symmetries...
MIP Presolve eliminated 207 rows and 190 columns.
MIP Presolve modified 21 coefficients.
Aggregator did 1 substitutions.
Reduced MIP has 1816 rows, 2188 columns, and 9601 nonzeros.
Reduced MIP has 3 binaries, 0 generals, 0 SOSs, and 0 indicators.
Presolve time = 0.01 sec. (11.64 ticks)
Probing time = 0.00 sec. (0.16 ticks)
Clique table members: 2.
MIP emphasis: balance optimality and feasibility.
MIP search method: dynamic search.
Parallel mode: none, using 1 thread.
Initializing dual steep norms . . .

Iteration log . . .
Iteration:     1   Scaled dual infeas =             1.000000
Perturbation started.
Iteration:   101   Scaled dual infeas =             1.000000
Iteration:   360   Dual objective     =          -285.008345
Iteration:   468   Dual objective     =          -128.947940
Removing perturbation.
Root relaxation solution time = 0.01 sec. (8.19 ticks)

        Nodes                                         Cuts/
   Node  Left     Objective  IInf  Best Integer    Best Bound    ItCnt     Gap

*     0+    0                       4.56752e+13                            --- 
Found incumbent of value 4.5675222e+13 after 0.03 sec. (45.43 ticks)
      0     0     -113.6444     3   4.56752e+13     -113.6444      514  100.00%
*     0+    0                          172.5425     -113.6444           165.86%
Found incumbent of value 172.542529 after 0.04 sec. (64.79 ticks)
      0     0     -111.4473     3      172.5425     Cuts: 312      728  164.59%
*     0+    0                          147.7001     -111.4473           175.46%
Found incumbent of value 147.700119 after 0.07 sec. (115.74 ticks)
      0     0     -109.7170     3      147.7001      Cuts: 45      775  174.28%
      0     0     -108.2974     3      147.7001      Cuts: 47      816  173.32%
      0     0     -107.1458     3      147.7001      Cuts: 15      834  172.54%
*     0+    0                          -76.4733     -107.1458            40.11%
Found incumbent of value -76.473320 after 0.17 sec. (331.05 ticks)
      0     0     -106.0100     3      -76.4733      Cuts: 81      880   38.62%
Detecting symmetries...
      0     0     -104.9880     3      -76.4733      Cuts: 18      904   37.29%
      0     0     -104.2256     3      -76.4733      Cuts: 15      918   36.29%
      0     0     -103.3379     3      -76.4733   MIRcuts: 40      946   35.13%
      0     0     -102.4925     3      -76.4733   MIRcuts: 46      974   34.02%
      0     0     -101.6569     3      -76.4733      Cuts: 26     1000   32.93%
      0     0     -100.8674     3      -76.4733   MIRcuts: 34     1022   31.90%
      0     0     -100.3626     3      -76.4733      Cuts: 43     1044   31.24%
      0     0      -99.9872     3      -76.4733      Cuts: 41     1068   30.75%
      0     0      -99.1630     3      -76.4733      Cuts: 77     1084   29.67%
      0     0      -98.8384     3      -76.4733      Cuts: 22     1097   29.25%
      0     0      -97.6810     3      -76.4733     Cuts: 223     1143   27.73%
      0     0      -97.1500     3      -76.4733   MIRcuts: 55     1182   27.04%
      0     0      -96.5625     3      -76.4733      Cuts: 26     1200   26.27%
      0     0      -95.4845     3      -76.4733      Cuts: 13     1214   24.86%
      0     0      -94.4712     3      -76.4733     Cuts: 222     1247   23.53%
      0     0      -94.4296     3      -76.4733    MIRcuts: 8     1251   23.48%
      0     0      -94.4296     3      -76.4733    MIRcuts: 3     1252   23.48%
Detecting symmetries...
      0     2      -94.4296     3      -76.4733      -94.2350     1252   23.23%
Elapsed time = 0.80 sec. (1524.13 ticks, tree = 0.01 MB)
*     4     0      integral     0      -76.4733      -76.4733     1580    0.00%
Found incumbent of value -76.473320 after 0.81 sec. (1544.74 ticks)

Flow cuts applied:  19
Mixed integer rounding cuts applied:  243
Gomory fractional cuts applied:  2

Root node processing (before b&c):
  Real time             =    0.80 sec. (1524.10 ticks)
Sequential b&c:
  Real time             =    0.01 sec. (20.78 ticks)
                          ------------
Total (root+branch&cut) =    0.81 sec. (1544.88 ticks)

--- MIP status (101): integer optimal solution.
--- Cplex Time: 0.81sec (det. 1544.90 ticks)

--- Returning a primal only solution to GAMS (marginals all set to NA).
--- Fixing integer variables and solving final LP...

Version identifier: 22.1.1.0 | 2022-11-28 | 9160aff4d
CPXPARAM_Advance                                 2
CPXPARAM_Threads                                 1
CPXPARAM_MIP_Display                             4
CPXPARAM_MIP_Pool_Capacity                       0
CPXPARAM_TimeLimit                               898.55370330810547
CPXPARAM_MIP_Tolerances_AbsMIPGap                0
CPXPARAM_MIP_Tolerances_MIPGap                   0
Tried aggregator 1 time.
LP Presolve eliminated 5740 rows and 5688 columns.
Aggregator did 3 substitutions.
Reduced LP has 1273 rows, 1640 columns, and 6517 nonzeros.
Presolve time = 0.00 sec. (6.40 ticks)
Initializing dual steep norms . . .

Iteration log . . .
Iteration:     1   Scaled dual infeas =             1.000000
Perturbation started.
Iteration:   101   Scaled dual infeas =             1.000000
Iteration:   191   Scaled dual infeas =             0.999988
Iteration:   412   Dual objective     =          -266.919398
Iteration:   576   Dual objective     =          -137.578479
Iteration:   682   Dual objective     =          -106.298137
Iteration:   792   Dual objective     =           -78.321861
Removing perturbation.
Iteration:   805   Scaled dual infeas =             0.000357
Iteration:  1116   Scaled dual infeas =             0.000000
Iteration:  1117   Dual objective     =           -76.473084

--- Fixed MIP status (1): optimal.
--- Cplex Time: 0.02sec (det. 32.41 ticks)


Proven optimal solution
MIP Solution:          -76.473320    (1580 iterations, 5 nodes)
Final Solve:           -76.473057    (1432 iterations)

Best possible:         -76.473320
Absolute gap:            0.000263
Relative gap:            0.000003

--- DICOPT: Starting major iteration 5
--- DICOPT: Setting up next NLP

COIN-OR Ipopt    44.3.0 8b8fb1cb Sep 1, 2023           LEG x86 64bit/Linux    

COIN-OR Interior Point Optimizer (Ipopt Library 3.14.12)
written by A. Waechter, commercially supported by GAMS Development Corp.
This is Ipopt version 3.14.12, running with linear solver ma27.

Number of nonzeros in equality constraint Jacobian...:     1807
Number of nonzeros in inequality constraint Jacobian.:     6552
Number of nonzeros in Lagrangian Hessian.............:      364

Total number of variables............................:      732
                     variables with only lower bounds:        0
                variables with lower and upper bounds:      732
                     variables with only upper bounds:        0
Total number of equality constraints.................:      374
Total number of inequality constraints...............:     2268
        inequality constraints with only lower bounds:        0
   inequality constraints with lower and upper bounds:        0
        inequality constraints with only upper bounds:     2268

iter    objective    inf_pr   inf_du lg(mu)  ||d||  lg(rg) alpha_du alpha_pr  ls
   0 -1.7213636e+02 7.26e+04 1.00e+00   0.0 0.00e+00    -  0.00e+00 0.00e+00   0
   1 -1.5831204e+02 3.11e+04 2.42e+01  -0.5 1.03e+04    -  1.50e-01 8.60e-01h  1
   2 -1.4785448e+02 1.58e+04 2.00e+01  -0.5 1.44e+03    -  6.10e-01 6.67e-01h  1
   3 -1.3922161e+02 9.89e+03 1.18e+02  -0.9 6.79e+02    -  2.36e-02 4.69e-01h  1
   4 -1.3299837e+02 7.31e+03 1.32e+02  -1.0 4.79e+02    -  1.93e-01 3.04e-01h  1
   5 -1.2996998e+02 6.48e+03 1.09e+02  -1.0 3.35e+02    -  1.37e-01 1.23e-01h  1
   6 -1.1771984e+02 4.10e+03 7.13e+00  -1.1 2.93e+02    -  5.87e-01 4.54e-01h  1
   7 -9.3413060e+01 2.08e+03 4.05e+01  -1.5 1.59e+02    -  5.53e-01 6.71e-01h  1
   8 -8.7349313e+01 1.49e+03 1.27e+02  -1.8 7.16e+01    -  1.10e-01 3.35e-01h  1
   9 -8.7038427e+01 1.46e+03 9.20e+01  -1.9 1.75e+02    -  7.55e-02 1.93e-02h  1
iter    objective    inf_pr   inf_du lg(mu)  ||d||  lg(rg) alpha_du alpha_pr  ls
  10 -8.3311560e+01 1.13e+03 1.84e+02  -1.9 2.48e+02    -  3.26e-02 2.48e-01h  1
  11 -8.0527394e+01 9.23e+02 1.17e+01  -1.9 2.76e+02    -  4.43e-01 2.03e-01h  1
  12 -7.1753716e+01 5.31e+02 1.19e+02  -2.2 2.83e+02    -  3.84e-01 7.01e-01h  1
  13 -7.0482705e+01 4.75e+02 1.17e+02  -2.4 1.70e+02    -  9.77e-02 1.22e-01h  1
  14 -6.9949009e+01 4.53e+02 8.32e+01  -2.5 1.22e+02    -  1.06e-01 5.09e-02h  1
  15 -6.4221698e+01 3.26e+02 2.73e+02  -2.5 1.19e+02    -  1.40e-02 5.26e-01h  1
  16 -6.4143798e+01 3.23e+02 2.06e+02  -2.5 1.38e+02    -  1.01e-01 7.90e-03h  1
  17 -6.3513222e+01 3.02e+02 1.81e+02  -2.6 1.39e+02    -  8.84e-02 6.97e-02h  1
  18 -6.2408282e+01 2.69e+02 2.04e+02  -2.6 1.40e+02    -  3.74e-02 1.20e-01h  1
  19 -6.1829441e+01 2.59e+02 1.86e+02  -2.6 7.68e+01    -  7.20e-02 6.27e-02h  1
iter    objective    inf_pr   inf_du lg(mu)  ||d||  lg(rg) alpha_du alpha_pr  ls
  20 -6.1026136e+01 2.51e+02 4.91e+03   1.3 5.76e+04    -  1.98e-03 4.02e-04f  1
  21 -6.0079733e+01 2.59e+02 4.89e+03   3.3 1.09e+06    -  1.77e-05 2.25e-05f  1
  22 -5.1976887e+01 2.51e+02 4.76e+03   2.6 3.57e+05    -  2.97e-04 4.23e-04f  1
  23 -5.6854173e+01 2.58e+02 4.32e+03   2.6 9.29e+03    -  3.69e-04 8.47e-04f  1
  24 -4.8704986e+01 2.56e+02 3.95e+03   2.6 6.53e+04    -  2.60e-05 4.80e-04f  1
  25 -5.0855912e+01 2.56e+02 3.94e+03   2.6 5.25e+05    -  2.62e-07 7.47e-06f  2
  26 -4.8694444e+01 2.50e+02 7.82e+05   2.6 7.57e+02  -2.0 1.00e+00 5.36e-03f  1
  27 -3.8835951e+01 1.19e+02 3.84e+05   2.6 1.71e+02    -  5.03e-01 8.01e-01h  1
  28 -3.2714960e+01 6.59e+01 2.13e+04   2.3 9.23e+01    -  1.00e+00 5.06e-01h  1
  29 -2.4049734e+01 3.06e+01 1.97e+03   1.6 5.52e+01    -  9.98e-01 8.90e-01h  1
iter    objective    inf_pr   inf_du lg(mu)  ||d||  lg(rg) alpha_du alpha_pr  ls
  30 -1.7838798e+01 8.64e+00 7.18e+02   0.7 2.34e+01    -  9.99e-01 9.04e-01h  1
  31 -1.4278835e+01 1.74e+00 2.27e+02  -0.6 6.53e+00    -  1.00e+00 9.48e-01h  1
  32 -1.3020350e+01 1.75e-01 2.68e+01  -1.9 1.16e+00    -  1.00e+00 9.87e-01h  1
  33 -1.2983926e+01 2.72e-03 1.65e-01  -2.8 3.84e-01    -  1.00e+00 1.00e+00h  1
  34 -1.3128069e+01 4.50e-04 5.83e-04  -3.9 6.57e-01    -  1.00e+00 1.00e+00h  1
  35 -1.3144465e+01 1.44e-05 4.95e-01  -9.8 1.19e-02    -  9.98e-01 9.99e-01h  1
  36 -1.3139502e+01 1.71e-12 1.09e+03  -2.9 1.09e-02    -  5.82e-01 1.00e+00f  1
  37 -1.3143529e+01 7.29e-11 6.95e-07  -3.6 8.85e-03    -  1.00e+00 1.00e+00f  1
  38 -1.3143814e+01 2.87e-12 3.21e-09  -3.8 6.19e-04    -  1.00e+00 1.00e+00h  1
In iteration 38, 178 Slacks too small, adjusting variable bounds
  39 -1.3144464e+01 7.07e-12 3.06e-02  -9.8 1.43e-03    -  1.00e+00 1.00e+00h  1
iter    objective    inf_pr   inf_du lg(mu)  ||d||  lg(rg) alpha_du alpha_pr  ls
  40 -1.3144435e+01 1.32e-13 8.73e-11  -5.1 6.29e-05    -  1.00e+00 1.00e+00f  1
In iteration 40, 2 Slacks too small, adjusting variable bounds
  41 -1.3144464e+01 1.67e-13 4.37e-11  -7.2 6.44e-05    -  1.00e+00 1.00e+00H  1

Number of Iterations....: 41

                                   (scaled)                 (unscaled)
Objective...............:  -1.3144464478789164e+01   -1.3144464478789164e+01
Dual infeasibility......:   4.3655745685100555e-11    3.6681773794425274e-11
Constraint violation....:   7.3970176977814062e-14    1.6714407635731732e-13
Variable bound violation:   0.0000000000000000e+00    0.0000000000000000e+00
Complementarity.........:   9.6204848905966626e-08    9.6204848905966626e-08
Overall NLP error.......:   1.6569271540601593e-09    9.6204848905966626e-08


Number of objective function evaluations             = 45
Number of objective gradient evaluations             = 42
Number of equality constraint evaluations            = 45
Number of inequality constraint evaluations          = 45
Number of equality constraint Jacobian evaluations   = 1
Number of inequality constraint Jacobian evaluations = 42
Number of Lagrangian Hessian evaluations             = 41
Total seconds in IPOPT                               = 0.121

EXIT: Optimal Solution Found.
--- DICOPT: Checking convergence
--- DICOPT: Setting up next MIP
--- GMO Resort Time 1ms
--- DICOPT: Log File:
 Major Major     Objective    CPU time  Itera- Evaluation Solver
 Step  Iter       Function     (Sec)    tions   Errors
  NLP    1      -301.18693      0.25       44      0      ipopth
  MIP    1      -301.18689      0.01       94      0      cplex
  NLP    2       -16.01351<     0.25       62      0      ipopth
  MIP    2      -114.04259      0.02       97      0      cplex
  NLP    3       -20.79111<     0.09       30      0      ipopth
  MIP    3       -84.53970      0.76     1478      0      cplex
  NLP    4       -12.41400      0.07       22      0      ipopth
  MIP    4       -76.47306      0.83     1580      0      cplex
  NLP    5       -13.14446      0.12       41      0      ipopth

IBM ILOG CPLEX   44.3.0 8b8fb1cb Sep 1, 2023           LEG x86 64bit/Linux    

--- GAMS/CPLEX licensed for continuous and discrete problems.
--- GMO setup time: 0.00s
--- Space for names approximately 0.34 Mb
--- Use option 'names no' to turn use of names off
--- GMO memory 4.64 Mb (peak 4.72 Mb)
--- Dictionary memory 0.00 Mb
--- Cplex 22.1.1.0 link memory 0.29 Mb (peak 1.34 Mb)
--- Starting Cplex

Version identifier: 22.1.1.0 | 2022-11-28 | 9160aff4d
CPXPARAM_Advance                                 0
CPXPARAM_Threads                                 1
CPXPARAM_MIP_Display                             4
CPXPARAM_MIP_Pool_Capacity                       0
CPXPARAM_TimeLimit                               897.60508918762207
CPXPARAM_MIP_Tolerances_AbsMIPGap                0
CPXPARAM_MIP_Tolerances_MIPGap                   0
Generic callback                                 0x50
Tried aggregator 2 times.
MIP Presolve eliminated 5709 rows and 5661 columns.
MIP Presolve modified 4799 coefficients.
Aggregator did 13 substitutions.
Reduced MIP has 3480 rows, 3837 columns, and 18052 nonzeros.
Reduced MIP has 12 binaries, 0 generals, 0 SOSs, and 0 indicators.
Presolve time = 0.01 sec. (20.62 ticks)
Found incumbent of value 4.5834645e+13 after 0.02 sec. (27.52 ticks)
Probing fixed 8 vars, tightened 0 bounds.
Probing changed sense of 1 constraints.
Probing time = 0.00 sec. (0.75 ticks)
Cover probing fixed 0 vars, tightened 3 bounds.
Tried aggregator 2 times.
MIP Presolve eliminated 574 rows and 555 columns.
MIP Presolve modified 31 coefficients.
Aggregator did 1 substitutions.
Reduced MIP has 2905 rows, 3279 columns, and 14865 nonzeros.
Reduced MIP has 2 binaries, 0 generals, 0 SOSs, and 0 indicators.
Presolve time = 0.01 sec. (12.01 ticks)
Probing time = 0.00 sec. (0.22 ticks)
Tried aggregator 1 time.
Detecting symmetries...
Reduced MIP has 2905 rows, 3279 columns, and 14865 nonzeros.
Reduced MIP has 2 binaries, 0 generals, 0 SOSs, and 0 indicators.
Presolve time = 0.01 sec. (7.36 ticks)
Probing time = 0.00 sec. (0.22 ticks)
Clique table members: 2.
MIP emphasis: balance optimality and feasibility.
MIP search method: dynamic search.
Parallel mode: none, using 1 thread.
Initializing dual steep norms . . .

Iteration log . . .
Iteration:     1   Scaled dual infeas =             1.000000
Perturbation started.
Iteration:   101   Scaled dual infeas =             1.000000
Iteration:   429   Dual objective     =          -211.444062
Iteration:   579   Dual objective     =          -127.774860
Iteration:   747   Dual objective     =          -101.755582
Removing perturbation.
Root relaxation solution time = 0.01 sec. (16.68 ticks)

        Nodes                                         Cuts/
   Node  Left     Objective  IInf  Best Integer    Best Bound    ItCnt     Gap

*     0+    0                       4.58346e+13                            --- 
Found incumbent of value 4.5834645e+13 after 0.05 sec. (73.65 ticks)
      0     0      -98.9797     2   4.58346e+13      -98.9797      809  100.00%
*     0+    0                          147.7001      -98.9797           167.01%
Found incumbent of value 147.700147 after 0.07 sec. (111.33 ticks)
      0     0      -97.7289     2      147.7001     Cuts: 388      946  166.17%
      0     0      -96.8922     2      147.7001     Cuts: 105     1026  165.60%
      0     0      -96.6996     2      147.7001     Cuts: 239     1071  165.47%
*     0+    0                          147.7001      -96.6996           165.47%
Found incumbent of value 147.700141 after 0.24 sec. (442.74 ticks)
      0     0      -95.8513     2      147.7001      Cuts: 94     1165  164.90%
      0     0      -87.9674     2      147.7001     Cuts: 558     1403  159.56%
*     0+    0                          147.7001      -87.9674           159.56%
Found incumbent of value 147.700126 after 0.38 sec. (722.15 ticks)
Detecting symmetries...
      0     0      -86.0406     2      147.7001      Cuts: 37     1451  158.25%
*     0+    0                          147.7001      -86.0406           158.25%
Found incumbent of value 147.700125 after 0.45 sec. (866.28 ticks)
      0     0      -84.2500     2      147.7001     Cuts: 452     1556  157.04%
      0     0      -83.3335     2      147.7001      Cuts: 77     1599  156.42%
      0     0      -82.8138     2      147.7001      Cuts: 39     1626  156.07%
      0     0      -82.3530     2      147.7001      Cuts: 52     1661  155.76%
      0     0      -81.7424     2      147.7001     Cuts: 123     1693  155.34%
*     0+    0                          147.7001      -81.7424           155.34%
Found incumbent of value 147.700123 after 0.82 sec. (1610.11 ticks)
      0     0      -81.3377     2      147.7001      Cuts: 41     1728  155.07%
      0     0      -80.8074     2      147.7001      Cuts: 53     1759  154.71%
      0     0      -80.4958     2      147.7001      Cuts: 53     1794  154.50%
      0     0      -80.1159     2      147.7001      Cuts: 79     1822  154.24%
      0     0      -79.7633     2      147.7001      Cuts: 43     1841  154.00%
      0     0      -79.5980     2      147.7001      Cuts: 25     1855  153.89%
      0     0      -79.3530     2      147.7001      Cuts: 20     1865  153.73%
      0     0      -79.2399     2      147.7001      Cuts: 20     1883  153.65%
      0     0      -78.9874     2      147.7001      Cuts: 73     1913  153.48%
      0     0      -78.8723     2      147.7001      Cuts: 25     1927  153.40%
      0     0      -78.6733     2      147.7001      Cuts: 30     1948  153.27%
      0     0      -78.2855     2      147.7001      Cuts: 92     1969  153.00%
      0     0      -78.1405     2      147.7001      Cuts: 31     1994  152.90%
      0     0      -77.9199     2      147.7001      Cuts: 52     2011  152.76%
      0     0      -77.8127     2      147.7001      Cuts: 19     2021  152.68%
      0     0      -77.5972     2      147.7001   MIRcuts: 29     2033  152.54%
      0     0      -77.4959     2      147.7001      Cuts: 19     2044  152.47%
      0     0      -77.3167     2      147.7001   MIRcuts: 16     2059  152.35%
      0     0      -76.3410     2      147.7001     Cuts: 121     2099  151.69%
      0     0      -76.0977     2      147.7001   MIRcuts: 21     2109  151.52%
      0     0      -75.9960     2      147.7001      Cuts: 20     2122  151.45%
      0     0      -74.6488     2      147.7001     Cuts: 262     2174  150.54%
      0     0      -74.5518     2      147.7001   MIRcuts: 26     2184  150.48%
      0     0      -74.1296     2      147.7001      Cuts: 36     2207  150.19%
      0     0      -74.0211     2      147.7001      Cuts: 13     2216  150.12%
*     0+    0                          147.7001      -74.0211           150.12%
Found incumbent of value 147.700121 after 2.25 sec. (4408.52 ticks)
      0     0      -73.9195     2      147.7001     Cuts: 163     2246  150.05%
      0     0      -73.6689     2      147.7001      Cuts: 36     2252  149.88%
      0     0      -73.4841     2      147.7001      Cuts: 25     2266  149.75%
      0     0      -73.4707     2      147.7001       Cuts: 6     2269  149.74%
      0     0      -73.4209     2      147.7001    MIRcuts: 9     2272  149.71%
      0     0      -73.4147     2      147.7001       Cuts: 4     2274  149.71%
*     0+    0                          147.7001      -73.4147           149.71%
Found incumbent of value 147.700121 after 2.56 sec. (5001.63 ticks)
Detecting symmetries...
      0     2      -73.4147     2      147.7001      -72.6496     2274  149.19%
Elapsed time = 2.64 sec. (5170.70 ticks, tree = 0.01 MB)

Flow cuts applied:  200
Mixed integer rounding cuts applied:  188
Gomory fractional cuts applied:  1

Root node processing (before b&c):
  Real time             =    2.64 sec. (5170.12 ticks)
Sequential b&c:
  Real time             =    0.05 sec. (95.22 ticks)
                          ------------
Total (root+branch&cut) =    2.70 sec. (5265.34 ticks)

--- MIP status (101): integer optimal solution.
--- Cplex Time: 2.70sec (det. 5265.37 ticks)

--- Returning a primal only solution to GAMS (marginals all set to NA).
--- Fixing integer variables and solving final LP...

Version identifier: 22.1.1.0 | 2022-11-28 | 9160aff4d
CPXPARAM_Advance                                 2
CPXPARAM_Threads                                 1
CPXPARAM_MIP_Display                             4
CPXPARAM_MIP_Pool_Capacity                       0
CPXPARAM_TimeLimit                               897.60508918762207
CPXPARAM_MIP_Tolerances_AbsMIPGap                0
CPXPARAM_MIP_Tolerances_MIPGap                   0
Tried aggregator 1 time.
LP Presolve eliminated 7015 rows and 6961 columns.
Aggregator did 3 substitutions.
Reduced LP has 2184 rows, 2553 columns, and 10517 nonzeros.
Presolve time = 0.01 sec. (8.63 ticks)
Initializing dual steep norms . . .

Iteration log . . .
Iteration:     1   Scaled dual infeas =             1.000000
Perturbation started.
Iteration:   101   Scaled dual infeas =             1.000000
Iteration:   203   Scaled dual infeas =             0.999988
Iteration:   371   Dual objective     =          -240.801702
Iteration:   543   Dual objective     =          -127.891902
Iteration:   715   Dual objective     =           -96.999842
Iteration:   863   Dual objective     =           -71.844282
Iteration:  1003   Dual objective     =           -53.288853
Iteration:  1162   Dual objective     =           -32.371544
Removing perturbation.
Iteration:  1264   Scaled dual infeas =             0.000000
Iteration:  1265   Dual objective     =           147.700119

--- Fixed MIP status (1): optimal.
--- Cplex Time: 0.03sec (det. 55.60 ticks)


Proven optimal solution
MIP Solution:          147.700121    (3061 iterations, 5 nodes)
Final Solve:           147.700119    (1265 iterations)

Best possible:         147.700121
Absolute gap:           -0.000002
Relative gap:           -0.000000

--- DICOPT: Starting major iteration 6
--- Search stopped on crossover
--- DICOPT: Log File:
 Major Major     Objective    CPU time  Itera- Evaluation Solver
 Step  Iter       Function     (Sec)    tions   Errors
  NLP    1      -301.18693      0.25       44      0      ipopth
  MIP    1      -301.18689      0.01       94      0      cplex
  NLP    2       -16.01351<     0.25       62      0      ipopth
  MIP    2      -114.04259      0.02       97      0      cplex
  NLP    3       -20.79111<     0.09       30      0      ipopth
  MIP    3       -84.53970      0.76     1478      0      cplex
  NLP    4       -12.41400      0.07       22      0      ipopth
  MIP    4       -76.47306      0.83     1580      0      cplex
  NLP    5       -13.14446      0.12       41      0      ipopth
  MIP    5       147.70012      2.73     3061      0      cplex
--- DICOPT: Terminating...
--- DICOPT: Stopped on crossover

      The search was stopped because a crossover occurred.
      The bound provided by the MIP master problem exceeds or
      is within optcr of the objective value of the incumbent.

--- DICOPT: Best integer solution found: -20.791112
--- Reading solution for model GAMS_MODEL
--- Executing after solve: elapsed 0:00:05.263
--- model.gms(7193) 5 Mb
--- model.gms(10658) 7 Mb
--- Putfile results /tmp/tmpqnokb9zk/results.dat
--- Putfile statresults /tmp/tmpqnokb9zk/resultsstat.dat
*** Status: Normal completion
--- Job model.gms Stop 02/25/24 14:19:07 elapsed 0:00:05.270

Problem: 
- Name: /tmp/tmpqnokb9zk/model.gms
  Lower bound: -20.791111800936882
  Upper bound: -20.791111800936882
  Number of objectives: 1
  Number of constraints: 2643.0
  Number of variables: 772.0
  Number of binary variables: None
  Number of integer variables: 39.0
  Number of continuous variables: 733.0
  Number of nonzeros: 10549.0
  Sense: minimize
Solver: 
- Name: GAMS (44, 3, 0, 0)
  Status: ok
  Return code: 0
  Message: None
  User time: 5.241999705322087
  System time: None
  Wallclock time: None
  Termination condition: optimal
  Termination message: None
Solution: 
- number of solutions: 0
  number of solutions displayed: 0

