--- Job model.gms Start 02/25/24 14:19:11 44.3.0 8b8fb1cb LEX-LEG x86 64bit/Linux
--- Applying:
    /local/scratch/a/peng372/opt/gams/44.3/gmsprmun.txt
--- GAMS Parameters defined
    Input /tmp/tmp5j87jhbe/model.gms
    Output /tmp/tmp5j87jhbe/output.lst
    ScrDir /tmp/tmp5j87jhbe/225a/
    SysDir /local/scratch/a/peng372/opt/gams/44.3/
    CurDir /tmp/tmp5j87jhbe/
    LogOption 3
Licensee: Prof. Ignacio E. Grossmann                     G240103|0002AS-GEN
          Carnegie Mellon University, Dept. of Chemical Engineering  DCE375
          /local/scratch/a/peng372/opt/gams/44.3/gamslice.txt
          License Admin: Ignacio E. Grossmann,                             
          Evaluation license: Not for commercial or production use
Processor information: 1 socket(s), 48 core(s), and 96 thread(s) available
GAMS 44.3.0   Copyright (C) 1987-2023 GAMS Development. All rights reserved
--- Starting compilation
--- model.gms(10654) 4 Mb
--- Starting execution: elapsed 0:00:00.026
--- model.gms(7182) 5 Mb
--- Generating MINLP model GAMS_MODEL
--- model.gms(7186) 7 Mb
--- Reset Solvelink = 2
---   2,643 rows  772 columns  10,549 non-zeroes
---   16,362 nl-code  2,548 nl-non-zeroes
---   39 discrete-columns
--- Range statistics (absolute non-zero finite values)
--- RHS       [min, max] : [ 1.000E+00, 1.000E+06] - Zero values observed as well
--- Bound     [min, max] : [ 1.000E+00, 3.000E+02] - Zero values observed as well
--- Matrix    [min, max] : [ 4.167E-02, 1.000E+06] - Zero values observed as well
--- model.gms(7186) 5 Mb
--- Executing BARON (Solvelink=2): elapsed 0:00:00.039

GAMS/BARON       44.3.0 8b8fb1cb Sep 1, 2023           LEG x86 64bit/Linux    

===========================================================================
 BARON version 23.6.22. Built: LNX-64 Thu Jun 22 20:08:45 EDT 2023

 BARON is a product of The Optimization Firm.
 For information on BARON, see https://minlp.com/about-baron

 If you use this software, please cite publications from
 https://minlp.com/baron-publications, such as: 

 Khajavirad, A. and N. V. Sahinidis,
 A hybrid LP/NLP paradigm for global optimization relaxations,
 Mathematical Programming Computation, 10, 383-421, 2018.
===========================================================================
 This BARON run may utilize the following subsolver(s)
 For LP/MIP/QP: CLP/CBC, ILOG CPLEX                             
 For NLP: MINOS, SNOPT, External NLP, IPOPT, FILTERSQP
===========================================================================
 Doing local search
 Solving bounding LP
 Starting multi-start local search
 Preprocessing found feasible solution with value -15.6812
 Done with local search
===========================================================================
  Iteration    Open nodes         Time (s)    Lower bound      Upper bound
*         1             1             5.77     -396.040         -23.3047       
          1             1             8.38     -230.580         -23.3047       
          4+            3            39.22     -230.580         -23.3047       
          4+            3            70.23     -230.580         -23.3047       
          4+            3           100.47     -230.580         -23.3047       
          4+            3           130.77     -230.580         -23.3047       
          4+            3           161.41     -230.580         -23.3047       
          4+            3           191.92     -230.580         -23.3047       
          4+            3           223.55     -230.580         -23.3047       
          4+            3           253.89     -230.580         -23.3047       
          4+            3           285.24     -230.580         -23.3047       
          4+            3           316.01     -230.580         -23.3047       
          4+            3           346.43     -230.580         -23.3047       
          4+            3           377.03     -230.580         -23.3047       
          4+            3           407.30     -230.580         -23.3047       
          4+            3           437.57     -230.580         -23.3047       
          4+            3           468.22     -230.580         -23.3047       
          4+            3           498.74     -230.580         -23.3047       
          4+            3           529.16     -230.580         -23.3047       
          4+            3           559.16     -230.580         -23.3047       
          4+            3           590.10     -230.580         -23.3047       
          4+            3           621.27     -230.580         -23.3047       
          4+            3           652.38     -230.580         -23.3047       
          4+            3           684.60     -230.580         -23.3047       
          4+            3           715.12     -230.580         -23.3047       
          4+            3           745.31     -230.580         -23.3047       
          4+            3           775.49     -230.580         -23.3047       
          4+            3           806.88     -230.580         -23.3047       
          4+            3           837.16     -230.580         -23.3047       
          4+            3           869.22     -230.580         -23.3047       
          4+            3           900.01     -230.580         -23.3047       
          4             3           900.36     -230.580         -23.3047       

                    *** Max. allowable time exceeded ***      

 Wall clock time:                   900.38
 Total CPU time used:               900.36

 Total no. of BaR iterations:       4
 Best solution found at node:       1
 Max. no. of nodes in memory:       3
 
 All done
===========================================================================

Solution      = -23.3046882315091  found at node 1
Best possible = -230.580099069
Absolute gap  = 207.275410837491  optca = 1E-9
Relative gap  = 0.89893018380335  optcr = 0.0001

--- Reading solution for model GAMS_MODEL
--- Executing after solve: elapsed 0:15:00.467
--- model.gms(7189) 5 Mb
--- model.gms(10654) 7 Mb
--- Putfile results /tmp/tmp5j87jhbe/results.dat
--- Putfile statresults /tmp/tmp5j87jhbe/resultsstat.dat
*** Status: Normal completion
--- Job model.gms Stop 02/25/24 14:34:12 elapsed 0:15:00.474

Problem: 
- Name: /tmp/tmp5j87jhbe/model.gms
  Lower bound: -230.580099069
  Upper bound: -23.30468823150912
  Number of objectives: 1
  Number of constraints: 2643.0
  Number of variables: 772.0
  Number of binary variables: None
  Number of integer variables: 39.0
  Number of continuous variables: 733.0
  Number of nonzeros: 10549.0
  Sense: minimize
Solver: 
- Name: GAMS (44, 3, 0, 0)
  Status: ok
  Return code: 0
  Message: None
  User time: 900.4400000441819
  System time: None
  Wallclock time: None
  Termination condition: optimal
  Termination message: None
Solution: 
- number of solutions: 0
  number of solutions displayed: 0

