--- Job model.gms Start 02/25/24 14:34:35 44.3.0 8b8fb1cb LEX-LEG x86 64bit/Linux
--- Applying:
    /local/scratch/a/peng372/opt/gams/44.3/gmsprmun.txt
--- GAMS Parameters defined
    Input /tmp/tmpilk1l8mb/model.gms
    Output /tmp/tmpilk1l8mb/output.lst
    ScrDir /tmp/tmpilk1l8mb/225a/
    SysDir /local/scratch/a/peng372/opt/gams/44.3/
    CurDir /tmp/tmpilk1l8mb/
    LogOption 3
Licensee: Prof. Ignacio E. Grossmann                     G240103|0002AS-GEN
          Carnegie Mellon University, Dept. of Chemical Engineering  DCE375
          /local/scratch/a/peng372/opt/gams/44.3/gamslice.txt
          License Admin: Ignacio E. Grossmann,                             
          Evaluation license: Not for commercial or production use
Processor information: 1 socket(s), 48 core(s), and 96 thread(s) available
GAMS 44.3.0   Copyright (C) 1987-2023 GAMS Development. All rights reserved
--- Starting compilation
--- model.gms(18560) 4 Mb
--- $echo File /tmp/tmpilk1l8mb/knitro.opt
--- model.gms(27170) 6 Mb
--- Starting execution: elapsed 0:00:00.038
--- model.gms(18559) 7 Mb
--- Generating MINLP model GAMS_MODEL
--- model.gms(18566) 11 Mb
---   5,583 rows  2,968 columns  15,157 non-zeroes
---   28,101 nl-code  3,913 nl-non-zeroes
---   39 discrete-columns
--- Range statistics (absolute non-zero finite values)
--- RHS       [min, max] : [ 1.000E+00, 1.000E+00] - Zero values observed as well
--- Bound     [min, max] : [ 1.000E+00, 3.000E+02] - Zero values observed as well
--- Matrix    [min, max] : [ 4.167E-02, 3.000E+02] - Zero values observed as well
--- model.gms(18566) 9 Mb
--- Executing KNITRO (Solvelink=5): elapsed 0:00:00.057

KNITRO           44.3.0 8b8fb1cb Sep 1, 2023           LEG x86 64bit/Linux    

--- Artelys Knitro Optimizer 13.2.0

Reading parameter(s) from "/tmp/tmpilk1l8mb/knitro.opt"
>>  mip_multistart 1
Finished reading from "/tmp/tmpilk1l8mb/knitro.opt"

--- GMO Q Extraction (ThreePass): 0.00s
--- GMO setup time: 0.00s
--- Set initial levels for 0 / 2967 variables.
--- Set initial marginals for 0 / 2967 variables.
--- Set initial marginals for 0 / 5582 equations.

=======================================
          Commercial License
         Artelys Knitro 13.2.0
=======================================

No start point provided -- Knitro computing one.

WARNING: Problem appears to have nonlinear equalities and be non-convex.
         The Knitro mixed integer solver is designed for convex problems.
         For non-convex problems it is only a heuristic, and the reported
         bounds and optimality claims cannot be verified.

concurrent_evals:        0
datacheck:               0
hessian_no_f:            1
maxtime_real:            900
numthreads:              1
mip_maxtime_real:        900
mip_multistart           1
mip_opt_gap_abs:         0
Knitro changing mip_method from AUTO to 1.
Knitro changing mip_rootalg from AUTO to 1.
Knitro changing mip_lpalg from AUTO to 3.
Knitro changing mip_branchrule from AUTO to 2.
Knitro changing mip_selectrule from AUTO to 2.
Knitro changing mip_mir from AUTO to 2.
Knitro changing mip_clique from AUTO to 0.
Knitro changing mip_zerohalf from AUTO to 0.
Knitro changing mip_liftproject from AUTO to 0.
Knitro changing mip_knapsack from AUTO to 1.
Knitro changing mip_gomory from AUTO to 0.
Knitro changing mip_rounding from AUTO to 3.
Knitro changing mip_heuristic_strategy from AUTO to 1.
Knitro changing mip_heuristic_feaspump from AUTO to 1.
Knitro changing mip_heuristic_misqp from AUTO to 0.
Knitro changing mip_heuristic_mpec from AUTO to 1.
Knitro changing mip_heuristic_diving from AUTO to 0.
Knitro changing mip_heuristic_lns from AUTO to 0.
Knitro changing mip_pseudoinit from AUTO to 1.

Problem Characteristics
-----------------------
Objective goal:  Minimize
Objective type:  quadratic
Number of variables:                               2967
    bounded below only:                               0
    bounded above only:                               0
    bounded below and above:                       2967
    fixed:                                            0
    free:                                             0
Number of binary variables:                          39
Number of integer variables:                          0
Number of constraints:                             5582
    linear equalities:                             1106
    quadratic equalities:                           182
    gen. nonlinear equalities:                      910
    linear one-sided inequalities:                 3384
    quadratic one-sided inequalities:                 0
    gen. nonlinear one-sided inequalities:            0
    linear two-sided inequalities:                    0
    quadratic two-sided inequalities:                 0
    gen. nonlinear two-sided inequalities:            0
Number of nonzeros in Jacobian:                   14792
Number of nonzeros in Hessian:                     3112

Knitro detected 9 GUB constraints
Knitro derived 0 knapsack covers after examining 2569 constraints
Knitro using Branch and Bound method with 1 thread.

       Nodes        Best solution   Best bound      Gap       Time 
   Expl  |  Unexpl      value         value                  (secs)
   ---------------  -------------   ----------      ---      ------
      0       0                           -inf                0.048
      1       0                            inf                4.791

EXIT: Problem appears to be infeasible.

Final Statistics for MIP
------------------------
Final objective value               =
Final bound value                   =  1.79769313486232e+308
Final optimality gap (abs / rel)    =  Infinity
# of root cutting plane rounds      =  0
# of restarts                       =  0
# of nodes processed                =  1 (4.743s)
# of strong branching evaluations   =  0 (0.000s)
# of function evaluations           =  1323 (0.301s)
# of gradient evaluations           =  297 (0.096s)
# of hessian evaluations            =  299 (0.357s)
# of hessian-vector evaluations     =  0
# of subproblems processed          =  1 (4.743s)
Total program time (secs)           =  4.79128 (4.767 CPU time)
Time spent in evaluations (secs)    =  0.75285

Cuts statistics (gen / add)
---------------------------
Knapsack cuts                       =  0 / 0
Mixed-integer rounding cuts         =  0 / 0

Heuristics statistics (calls / successes / time)
------------------------------------------------
Feasibility pump                    =  0 / 0 / 0.000s
Rounding heuristic                  =  0 / 0 / 0.000s
MPEC heuristic                      =  0 / 0 / 0.000s

===========================================================================

--- Reading solution for model GAMS_MODEL
--- Executing after solve: elapsed 0:00:04.864
--- model.gms(18569) 9 Mb
--- model.gms(27170) 11 Mb
--- Putfile results /tmp/tmpilk1l8mb/results.dat
--- Putfile statresults /tmp/tmpilk1l8mb/resultsstat.dat
*** Status: Normal completion
--- Job model.gms Stop 02/25/24 14:34:40 elapsed 0:00:04.881

Problem: 
- Name: /tmp/tmpilk1l8mb/model.gms
  Lower bound: nan
  Upper bound: -102.66978586662671
  Number of objectives: 1
  Number of constraints: 5583.0
  Number of variables: 2968.0
  Number of binary variables: None
  Number of integer variables: 39.0
  Number of continuous variables: 2929.0
  Number of nonzeros: 15157.0
  Sense: minimize
Solver: 
- Name: GAMS (44, 3, 0, 0)
  Status: ok
  Return code: 0
  Message: None
  User time: 4.822999890893698
  System time: None
  Wallclock time: None
  Termination condition: infeasible
  Termination message: None
Solution: 
- number of solutions: 0
  number of solutions displayed: 0

