--- Job model.gms Start 02/25/24 14:34:41 44.3.0 8b8fb1cb LEX-LEG x86 64bit/Linux
--- Applying:
    /local/scratch/a/peng372/opt/gams/44.3/gmsprmun.txt
--- GAMS Parameters defined
    Input /tmp/tmpaqp5vudk/model.gms
    Output /tmp/tmpaqp5vudk/output.lst
    ScrDir /tmp/tmpaqp5vudk/225a/
    SysDir /local/scratch/a/peng372/opt/gams/44.3/
    CurDir /tmp/tmpaqp5vudk/
    LogOption 3
Licensee: Prof. Ignacio E. Grossmann                     G240103|0002AS-GEN
          Carnegie Mellon University, Dept. of Chemical Engineering  DCE375
          /local/scratch/a/peng372/opt/gams/44.3/gamslice.txt
          License Admin: Ignacio E. Grossmann,                             
          Evaluation license: Not for commercial or production use
Processor information: 1 socket(s), 48 core(s), and 96 thread(s) available
GAMS 44.3.0   Copyright (C) 1987-2023 GAMS Development. All rights reserved
--- Starting compilation
--- model.gms(27166) 6 Mb
--- Starting execution: elapsed 0:00:00.037
--- model.gms(18558) 7 Mb
--- Generating MINLP model GAMS_MODEL
--- model.gms(18562) 11 Mb
--- Reset Solvelink = 2
---   5,583 rows  2,968 columns  15,157 non-zeroes
---   28,101 nl-code  3,913 nl-non-zeroes
---   39 discrete-columns
--- Range statistics (absolute non-zero finite values)
--- RHS       [min, max] : [ 1.000E+00, 1.000E+00] - Zero values observed as well
--- Bound     [min, max] : [ 1.000E+00, 3.000E+02] - Zero values observed as well
--- Matrix    [min, max] : [ 4.167E-02, 3.000E+02] - Zero values observed as well
--- model.gms(18562) 9 Mb
--- Executing BARON (Solvelink=2): elapsed 0:00:00.063

GAMS/BARON       44.3.0 8b8fb1cb Sep 1, 2023           LEG x86 64bit/Linux    

===========================================================================
 BARON version 23.6.22. Built: LNX-64 Thu Jun 22 20:08:45 EDT 2023

 BARON is a product of The Optimization Firm.
 For information on BARON, see https://minlp.com/about-baron

 If you use this software, please cite publications from
 https://minlp.com/baron-publications, such as: 

 Khajavirad, A. and N. V. Sahinidis,
 A hybrid LP/NLP paradigm for global optimization relaxations,
 Mathematical Programming Computation, 10, 383-421, 2018.
===========================================================================
 This BARON run may utilize the following subsolver(s)
 For LP/MIP/QP: CLP/CBC, ILOG CPLEX                             
 For NLP: MINOS, SNOPT, External NLP, IPOPT, FILTERSQP
===========================================================================
 Doing local search
 Preprocessing found feasible solution with value -20.7911
 Solving bounding LP
 Starting multi-start local search
 Preprocessing found feasible solution with value -22.0312
 Done with local search
===========================================================================
  Iteration    Open nodes         Time (s)    Lower bound      Upper bound
          1+            1           186.92     -241.372         -22.0312       
          1+            1           456.88     -241.372         -22.0312       
          1             1           491.82     -241.372         -22.0312       
          3+            2           522.03     -241.372         -22.0312       
          3+            2           552.23     -241.372         -22.0312       
          3+            2           582.78     -241.372         -22.0312       
          3+            2           612.82     -241.372         -22.0312       
          3+            2           643.30     -241.372         -22.0312       
          3+            2           673.80     -241.372         -22.0312       
          3+            2           704.47     -241.372         -22.0312       
          3+            2           735.55     -241.372         -22.0312       
          3+            2           766.48     -241.372         -22.0312       
          3+            2           797.72     -241.372         -22.0312       
          3+            2           827.83     -241.372         -22.0312       
          3+            2           858.24     -241.372         -22.0312       
          3+            2           888.31     -241.372         -22.0312       
          3             1           904.08     -185.143         -22.0312       

                    *** Max. allowable time exceeded ***      

 Wall clock time:                   904.11
 Total CPU time used:               904.08

 Total no. of BaR iterations:       3
 Best solution found at node:      -1
 Max. no. of nodes in memory:       2
 
 All done
===========================================================================

Solution      = -22.0311581805482  best solution found during preprocessing
Best possible = -185.142948343
Absolute gap  = 163.111790162452  optca = 1E-9
Relative gap  = 0.881004605480665  optcr = 0.0001

--- Reading solution for model GAMS_MODEL
--- Executing after solve: elapsed 0:15:04.251
--- model.gms(18565) 9 Mb
--- model.gms(27166) 11 Mb
--- Putfile results /tmp/tmpaqp5vudk/results.dat
--- Putfile statresults /tmp/tmpaqp5vudk/resultsstat.dat
*** Status: Normal completion
--- Job model.gms Stop 02/25/24 14:49:45 elapsed 0:15:04.267

Problem: 
- Name: /tmp/tmpaqp5vudk/model.gms
  Lower bound: -185.142948343
  Upper bound: -22.031158180548168
  Number of objectives: 1
  Number of constraints: 5583.0
  Number of variables: 2968.0
  Number of binary variables: None
  Number of integer variables: 39.0
  Number of continuous variables: 2929.0
  Number of nonzeros: 15157.0
  Sense: minimize
Solver: 
- Name: GAMS (44, 3, 0, 0)
  Status: ok
  Return code: 0
  Message: None
  User time: 904.2100000893697
  System time: None
  Wallclock time: None
  Termination condition: optimal
  Termination message: None
Solution: 
- number of solutions: 0
  number of solutions displayed: 0

