Starting GDPopt version 22.5.13 using LDSDA algorithm
iterlim: None
time_limit: 900
tee: true
logger: <Logger pyomo.contrib.gdpopt (INFO)>
mip_solver: gurobi
mip_solver_args:
nlp_solver: ipopt
nlp_solver_args:
minlp_solver: gams
minlp_solver_args:
  solver: ipopth
local_minlp_solver: bonmin
local_minlp_solver_args:
small_dual_tolerance: 1e-08
integer_tolerance: 1e-05
constraint_tolerance: 1e-06
variable_tolerance: 1e-08
subproblem_initialization_method: <function restore_vars_to_original_values at 0x7fcb70b8e340>
call_before_subproblem_solve: <class 'pyomo.contrib.gdpopt.util._DoNothing'>
call_after_subproblem_solve: <class 'pyomo.contrib.gdpopt.util._DoNothing'>
call_after_subproblem_feasible: <class 'pyomo.contrib.gdpopt.util._DoNothing'>
force_subproblem_nlp: false
subproblem_presolve: true
tighten_nlp_var_bounds: false
round_discrete_vars: true
max_fbbt_iterations: 3
bound_tolerance: 1e-06
direction_norm: Linf
starting_point: [1, 2]
logical_constraint_list: ['mode_transfer_lc1', 'mode_transfer_lc2']
disjunction_list: None

If you use this software, you may cite the following:
            - Implementation:
            Chen, Q; Johnson, ES; Bernal, DE; Valentin, R; Kale, S;
            Bates, J; Siirola, JD; Grossmann, IE.
            Pyomo.GDP: an ecosystem for logic based modeling and optimization
            development.
            Optimization and Engineering, 2021.

- LDSDA algorithm:
        Bernal DE, Ovalle D, Liñán DA, Ricardez-Sandoval LA, Gómez JM, Grossmann IE.
        Process Superstructure Optimization through Discrete Steepest Descent Optimization: a GDP Analysis and Applications in Process Intensification.
        Computer Aided Chemical Engineering 2022 Jan 1 (Vol. 49, pp. 1279-1284). Elsevier.
        https://doi.org/10.1016/B978-0-323-85159-6.50213-X
Original model has 1183 constraints (819 nonlinear) and 4 disjunctions, with 741 variables, of which 9 are binary, 0 are integer, and 732 are continuous.
Reformulation Summary:
┌─────────────────┬──────┬──────┬──────────────────────────────────────────────────────────────────────────────────────────┐
│   Ext Var Index │   LB │   UB │ Associated Boolean Vars                                                                  │
├─────────────────┼──────┼──────┼──────────────────────────────────────────────────────────────────────────────────────────┤
│               0 │    1 │    4 │ ['mode_transfer[2,1]', 'mode_transfer[3,1]', 'mode_transfer[4,1]', 'mode_transfer[5,1]'] │
│               1 │    1 │    4 │ ['mode_transfer[2,2]', 'mode_transfer[3,2]', 'mode_transfer[4,2]', 'mode_transfer[5,2]'] │
└─────────────────┴──────┴──────┴──────────────────────────────────────────────────────────────────────────────────────────┘
=====================================================================================================
Iteration |   Search Type   |  External Variables  | Lower Bound | Upper Bound |   Gap    | Time(s)

        0     Initial point                 (1, 2)          -inf     -20.79111       inf%      0.64  *
        1   Neighbor search                 (1, 3)          -inf     -22.03116       inf%      1.31  *
        1   Neighbor search                 (2, 3)          -inf     -22.03116       inf%      2.08  
        1       Line search                 (1, 4)          -inf     -23.30469       inf%      2.63  *
        2   Neighbor search                 (2, 4)          -inf     -23.30469       inf%      3.18  

Solved in 2 iterations and 3.17783 seconds
Optimal objective value -23.3046886845
Relative optimality gap inf%

Problem: 
- Name: unknown
  Lower bound: -inf
  Upper bound: -23.304688684473877
  Number of objectives: 1
  Number of constraints: 1183
  Number of variables: 741
  Number of binary variables: 9
  Number of integer variables: 0
  Number of continuous variables: 732
  Number of nonzeros: None
  Sense: 1
  Number of disjunctions: 4
Solver: 
- Name: GDPopt (22, 5, 13) - LDSDA
  Status: ok
  User time: 3.1777898017317057
  Wallclock time: 3.1777898017317057
  Termination condition: unknown
  Iterations: 2
  Timing: main_timer_start_time: 5825603.063782834
total: 3.1777898017317057

