Starting GDPopt version 22.5.13 using LOA algorithm
iterlim: None
time_limit: 900
tee: true
logger: <Logger pyomo.contrib.gdpopt (INFO)>
integer_tolerance: 1e-05
constraint_tolerance: 1e-06
variable_tolerance: 1e-08
subproblem_initialization_method: <function restore_vars_to_original_values at 0x7fcb70b8e340>
call_before_subproblem_solve: <class 'pyomo.contrib.gdpopt.util._DoNothing'>
call_after_subproblem_solve: <class 'pyomo.contrib.gdpopt.util._DoNothing'>
call_after_subproblem_feasible: <class 'pyomo.contrib.gdpopt.util._DoNothing'>
force_subproblem_nlp: false
subproblem_presolve: true
tighten_nlp_var_bounds: false
round_discrete_vars: true
max_fbbt_iterations: 3
init_strategy: None
init_algorithm: set_covering
custom_init_disjuncts: []
max_slack: 1000.0
OA_penalty_factor: 1000.0
set_cover_iterlim: 8
discrete_problem_transformation: gdp.bigm
call_before_discrete_problem_solve: <class 'pyomo.contrib.gdpopt.util._DoNothing'>
call_after_discrete_problem_solve: <class 'pyomo.contrib.gdpopt.util._DoNothing'>
call_before_master_solve: <class 'pyomo.contrib.gdpopt.util._DoNothing'>
call_after_master_solve: <class 'pyomo.contrib.gdpopt.util._DoNothing'>
mip_presolve: true
calc_disjunctive_bounds: false
obbt_disjunctive_bounds: false
mip_solver: gurobi
mip_solver_args:
nlp_solver: gams
nlp_solver_args:
  solver: conopt
minlp_solver: baron
minlp_solver_args:
local_minlp_solver: bonmin
local_minlp_solver_args:
small_dual_tolerance: 1e-08
bound_tolerance: 1e-06

If you use this software, you may cite the following:
            - Implementation:
            Chen, Q; Johnson, ES; Bernal, DE; Valentin, R; Kale, S;
            Bates, J; Siirola, JD; Grossmann, IE.
            Pyomo.GDP: an ecosystem for logic based modeling and optimization
            development.
            Optimization and Engineering, 2021.

- LOA algorithm:
        Türkay, M; Grossmann, IE.
        Logic-based MINLP algorithms for the optimal synthesis of process
        networks. Comp. and Chem. Eng. 1996, 20(8), 959–978.
        DOI: 10.1016/0098-1354(95)00219-7.
Original model has 1183 constraints (819 nonlinear) and 4 disjunctions, with 741 variables, of which 9 are binary, 0 are integer, and 732 are continuous.
Objective is nonlinear. Moving it to constraint set.
---Starting GDPopt initialization---
Starting set covering initialization.
=============================================================================================
Iteration | Subproblem Type | Lower Bound | Upper Bound |   Gap    | Time(s)

WARNING: Unsupported expression type for FBBT: <class
'pyomo.dae.integral.ScalarIntegral'>. Bounds will not be improved in this part
of the tree.
WARNING: Unsupported expression type for FBBT: <class
'pyomo.dae.integral.ScalarIntegral'>. Bounds will not be improved in this part
of the tree.
WARNING: Unsupported expression type for FBBT: <class
'pyomo.dae.integral.ScalarIntegral'>. Bounds will not be improved in this part
of the tree.
WARNING: Unsupported expression type for FBBT: <class
'pyomo.dae.integral.ScalarIntegral'>. Bounds will not be improved in this part
of the tree.
WARNING: Unsupported expression type for FBBT: <class
'pyomo.dae.integral.ScalarIntegral'>. Bounds will not be improved in this part
of the tree.
WARNING: Unsupported expression type for FBBT: <class
'pyomo.dae.integral.ScalarIntegral'>. Bounds will not be improved in this part
of the tree.
WARNING: Unsupported expression type for FBBT: <class
'pyomo.dae.integral.ScalarIntegral'>. Bounds will not be improved in this part
of the tree.
WARNING: Unsupported expression type for FBBT: <class
'pyomo.dae.integral.ScalarIntegral'>. Bounds will not be improved in this part
of the tree.
WARNING: Unsupported expression type for FBBT: <class
'pyomo.dae.integral.ScalarIntegral'>. Bounds will not be improved in this part
of the tree.
WARNING: Unsupported expression type for FBBT: <class
'pyomo.dae.integral.ScalarIntegral'>. Bounds will not be improved in this part
of the tree.
WARNING: Unsupported expression type for FBBT: <class
'pyomo.dae.integral.ScalarIntegral'>. Bounds will not be improved in this part
of the tree.
WARNING: Unsupported expression type for FBBT: <class
'pyomo.dae.integral.ScalarIntegral'>. Bounds will not be improved in this part
of the tree.
WARNING: Unsupported expression type for FBBT: <class
'pyomo.dae.integral.ScalarIntegral'>. Bounds will not be improved in this part
of the tree.
WARNING: Unsupported expression type for FBBT: <class
'pyomo.dae.integral.ScalarIntegral'>. Bounds will not be improved in this part
of the tree.
WARNING: Unsupported expression type for FBBT: <class
'pyomo.dae.integral.ScalarIntegral'>. Bounds will not be improved in this part
of the tree.
WARNING: Unsupported expression type for FBBT: <class
'pyomo.dae.integral.ScalarIntegral'>. Bounds will not be improved in this part
of the tree.
WARNING: Unsupported expression type for FBBT: <class
'pyomo.dae.integral.ScalarIntegral'>. Bounds will not be improved in this part
of the tree.
WARNING: Unsupported expression type for FBBT: <class
'pyomo.dae.integral.ScalarIntegral'>. Bounds will not be improved in this part
of the tree.
WARNING: Unsupported expression type for FBBT: <class
'pyomo.dae.integral.ScalarIntegral'>. Bounds will not be improved in this part
of the tree.
WARNING: Unsupported expression type for FBBT: <class
'pyomo.dae.integral.ScalarIntegral'>. Bounds will not be improved in this part
of the tree.
WARNING: Unsupported expression type for FBBT: <class
'pyomo.dae.integral.ScalarIntegral'>. Bounds will not be improved in this part
of the tree.
WARNING: Unsupported expression type for FBBT: <class
'pyomo.dae.integral.ScalarIntegral'>. Bounds will not be improved in this part
of the tree.
WARNING: Unsupported expression type for FBBT: <class
'pyomo.dae.integral.ScalarIntegral'>. Bounds will not be improved in this part
of the tree.
WARNING: Unsupported expression type for FBBT: <class
'pyomo.dae.integral.ScalarIntegral'>. Bounds will not be improved in this part
of the tree.
WARNING: Unsupported expression type for FBBT: <class
'pyomo.dae.integral.ScalarIntegral'>. Bounds will not be improved in this part
of the tree.
WARNING: Unsupported expression type for FBBT: <class
'pyomo.dae.integral.ScalarIntegral'>. Bounds will not be improved in this part
of the tree.
WARNING: Unsupported expression type for FBBT: <class
'pyomo.dae.integral.ScalarIntegral'>. Bounds will not be improved in this part
of the tree.
WARNING: Unsupported expression type for FBBT: <class
'pyomo.dae.integral.ScalarIntegral'>. Bounds will not be improved in this part
of the tree.
WARNING: Unsupported expression type for FBBT: <class
'pyomo.dae.integral.ScalarIntegral'>. Bounds will not be improved in this part
of the tree.
WARNING: Unsupported expression type for FBBT: <class
'pyomo.dae.integral.ScalarIntegral'>. Bounds will not be improved in this part
of the tree.
WARNING: Unsupported expression type for FBBT: <class
'pyomo.dae.integral.ScalarIntegral'>. Bounds will not be improved in this part
of the tree.
WARNING: Unsupported expression type for FBBT: <class
'pyomo.dae.integral.ScalarIntegral'>. Bounds will not be improved in this part
of the tree.
WARNING: Unsupported expression type for FBBT: <class
'pyomo.dae.integral.ScalarIntegral'>. Bounds will not be improved in this part
of the tree.
WARNING: Unsupported expression type for FBBT: <class
'pyomo.dae.integral.ScalarIntegral'>. Bounds will not be improved in this part
of the tree.
WARNING: Unsupported expression type for FBBT: <class
'pyomo.dae.integral.ScalarIntegral'>. Bounds will not be improved in this part
of the tree.
WARNING: Unsupported expression type for FBBT: <class
'pyomo.dae.integral.ScalarIntegral'>. Bounds will not be improved in this part
of the tree.
WARNING: Unsupported expression type for FBBT: <class
'pyomo.dae.integral.ScalarIntegral'>. Bounds will not be improved in this part
of the tree.
WARNING: Unsupported expression type for FBBT: <class
'pyomo.dae.integral.ScalarIntegral'>. Bounds will not be improved in this part
of the tree.
WARNING: Unsupported expression type for FBBT: <class
'pyomo.dae.integral.ScalarIntegral'>. Bounds will not be improved in this part
of the tree.
WARNING: Unsupported expression type for FBBT: <class
'pyomo.dae.integral.ScalarIntegral'>. Bounds will not be improved in this part
of the tree.
WARNING: Unsupported expression type for FBBT: <class
'pyomo.dae.integral.ScalarIntegral'>. Bounds will not be improved in this part
of the tree.
WARNING: Unsupported expression type for FBBT: <class
'pyomo.dae.integral.ScalarIntegral'>. Bounds will not be improved in this part
of the tree.
WARNING: Unsupported expression type for FBBT: <class
'pyomo.dae.integral.ScalarIntegral'>. Bounds will not be improved in this part
of the tree.
WARNING: Unsupported expression type for FBBT: <class
'pyomo.dae.integral.ScalarIntegral'>. Bounds will not be improved in this part
of the tree.
WARNING: Unsupported expression type for FBBT: <class
'pyomo.dae.integral.ScalarIntegral'>. Bounds will not be improved in this part
of the tree.
WARNING: Unsupported expression type for FBBT: <class
'pyomo.dae.integral.ScalarIntegral'>. Bounds will not be improved in this part
of the tree.
WARNING: Unsupported expression type for FBBT: <class
'pyomo.dae.integral.ScalarIntegral'>. Bounds will not be improved in this part
of the tree.
WARNING: Unsupported expression type for FBBT: <class
'pyomo.dae.integral.ScalarIntegral'>. Bounds will not be improved in this part
of the tree.
WARNING: Unsupported expression type for FBBT: <class
'pyomo.dae.integral.ScalarIntegral'>. Bounds will not be improved in this part
of the tree.
WARNING: Unsupported expression type for FBBT: <class
'pyomo.dae.integral.ScalarIntegral'>. Bounds will not be improved in this part
of the tree.
WARNING: Unsupported expression type for FBBT: <class
'pyomo.dae.integral.ScalarIntegral'>. Bounds will not be improved in this part
of the tree.
WARNING: Unsupported expression type for FBBT: <class
'pyomo.dae.integral.ScalarIntegral'>. Bounds will not be improved in this part
of the tree.
WARNING: Unsupported expression type for FBBT: <class
'pyomo.dae.integral.ScalarIntegral'>. Bounds will not be improved in this part
of the tree.
WARNING: Unsupported expression type for FBBT: <class
'pyomo.dae.integral.ScalarIntegral'>. Bounds will not be improved in this part
of the tree.
WARNING: Unsupported expression type for FBBT: <class
'pyomo.dae.integral.ScalarIntegral'>. Bounds will not be improved in this part
of the tree.
WARNING: Unsupported expression type for FBBT: <class
'pyomo.dae.integral.ScalarIntegral'>. Bounds will not be improved in this part
of the tree.
WARNING: Unsupported expression type for FBBT: <class
'pyomo.dae.integral.ScalarIntegral'>. Bounds will not be improved in this part
of the tree.
WARNING: Unsupported expression type for FBBT: <class
'pyomo.dae.integral.ScalarIntegral'>. Bounds will not be improved in this part
of the tree.
WARNING: Unsupported expression type for FBBT: <class
'pyomo.dae.integral.ScalarIntegral'>. Bounds will not be improved in this part
of the tree.
WARNING: Unsupported expression type for FBBT: <class
'pyomo.dae.integral.ScalarIntegral'>. Bounds will not be improved in this part
of the tree.
        0        subproblem          -inf     -23.30469       inf%      1.14  *
WARNING: Unsupported expression type for FBBT: <class
'pyomo.dae.integral.ScalarIntegral'>. Bounds will not be improved in this part
of the tree.
WARNING: Unsupported expression type for FBBT: <class
'pyomo.dae.integral.ScalarIntegral'>. Bounds will not be improved in this part
of the tree.
WARNING: Unsupported expression type for FBBT: <class
'pyomo.dae.integral.ScalarIntegral'>. Bounds will not be improved in this part
of the tree.
WARNING: Unsupported expression type for FBBT: <class
'pyomo.dae.integral.ScalarIntegral'>. Bounds will not be improved in this part
of the tree.
WARNING: Unsupported expression type for FBBT: <class
'pyomo.dae.integral.ScalarIntegral'>. Bounds will not be improved in this part
of the tree.
WARNING: Unsupported expression type for FBBT: <class
'pyomo.dae.integral.ScalarIntegral'>. Bounds will not be improved in this part
of the tree.
WARNING: Unsupported expression type for FBBT: <class
'pyomo.dae.integral.ScalarIntegral'>. Bounds will not be improved in this part
of the tree.
WARNING: Unsupported expression type for FBBT: <class
'pyomo.dae.integral.ScalarIntegral'>. Bounds will not be improved in this part
of the tree.
WARNING: Unsupported expression type for FBBT: <class
'pyomo.dae.integral.ScalarIntegral'>. Bounds will not be improved in this part
of the tree.
WARNING: Unsupported expression type for FBBT: <class
'pyomo.dae.integral.ScalarIntegral'>. Bounds will not be improved in this part
of the tree.
WARNING: Unsupported expression type for FBBT: <class
'pyomo.dae.integral.ScalarIntegral'>. Bounds will not be improved in this part
of the tree.
WARNING: Unsupported expression type for FBBT: <class
'pyomo.dae.integral.ScalarIntegral'>. Bounds will not be improved in this part
of the tree.
WARNING: Unsupported expression type for FBBT: <class
'pyomo.dae.integral.ScalarIntegral'>. Bounds will not be improved in this part
of the tree.
WARNING: Unsupported expression type for FBBT: <class
'pyomo.dae.integral.ScalarIntegral'>. Bounds will not be improved in this part
of the tree.
WARNING: Unsupported expression type for FBBT: <class
'pyomo.dae.integral.ScalarIntegral'>. Bounds will not be improved in this part
of the tree.
WARNING: Unsupported expression type for FBBT: <class
'pyomo.dae.integral.ScalarIntegral'>. Bounds will not be improved in this part
of the tree.
WARNING: Unsupported expression type for FBBT: <class
'pyomo.dae.integral.ScalarIntegral'>. Bounds will not be improved in this part
of the tree.
WARNING: Unsupported expression type for FBBT: <class
'pyomo.dae.integral.ScalarIntegral'>. Bounds will not be improved in this part
of the tree.
WARNING: Unsupported expression type for FBBT: <class
'pyomo.dae.integral.ScalarIntegral'>. Bounds will not be improved in this part
of the tree.
WARNING: Unsupported expression type for FBBT: <class
'pyomo.dae.integral.ScalarIntegral'>. Bounds will not be improved in this part
of the tree.
WARNING: Unsupported expression type for FBBT: <class
'pyomo.dae.integral.ScalarIntegral'>. Bounds will not be improved in this part
of the tree.
WARNING: Unsupported expression type for FBBT: <class
'pyomo.dae.integral.ScalarIntegral'>. Bounds will not be improved in this part
of the tree.
WARNING: Unsupported expression type for FBBT: <class
'pyomo.dae.integral.ScalarIntegral'>. Bounds will not be improved in this part
of the tree.
WARNING: Unsupported expression type for FBBT: <class
'pyomo.dae.integral.ScalarIntegral'>. Bounds will not be improved in this part
of the tree.
WARNING: Unsupported expression type for FBBT: <class
'pyomo.dae.integral.ScalarIntegral'>. Bounds will not be improved in this part
of the tree.
WARNING: Unsupported expression type for FBBT: <class
'pyomo.dae.integral.ScalarIntegral'>. Bounds will not be improved in this part
of the tree.
WARNING: Unsupported expression type for FBBT: <class
'pyomo.dae.integral.ScalarIntegral'>. Bounds will not be improved in this part
of the tree.
WARNING: Unsupported expression type for FBBT: <class
'pyomo.dae.integral.ScalarIntegral'>. Bounds will not be improved in this part
of the tree.
WARNING: Unsupported expression type for FBBT: <class
'pyomo.dae.integral.ScalarIntegral'>. Bounds will not be improved in this part
of the tree.
WARNING: Unsupported expression type for FBBT: <class
'pyomo.dae.integral.ScalarIntegral'>. Bounds will not be improved in this part
of the tree.
WARNING: Unsupported expression type for FBBT: <class
'pyomo.dae.integral.ScalarIntegral'>. Bounds will not be improved in this part
of the tree.
WARNING: Unsupported expression type for FBBT: <class
'pyomo.dae.integral.ScalarIntegral'>. Bounds will not be improved in this part
of the tree.
WARNING: Unsupported expression type for FBBT: <class
'pyomo.dae.integral.ScalarIntegral'>. Bounds will not be improved in this part
of the tree.
WARNING: Unsupported expression type for FBBT: <class
'pyomo.dae.integral.ScalarIntegral'>. Bounds will not be improved in this part
of the tree.
WARNING: Unsupported expression type for FBBT: <class
'pyomo.dae.integral.ScalarIntegral'>. Bounds will not be improved in this part
of the tree.
WARNING: Unsupported expression type for FBBT: <class
'pyomo.dae.integral.ScalarIntegral'>. Bounds will not be improved in this part
of the tree.
WARNING: Unsupported expression type for FBBT: <class
'pyomo.dae.integral.ScalarIntegral'>. Bounds will not be improved in this part
of the tree.
WARNING: Unsupported expression type for FBBT: <class
'pyomo.dae.integral.ScalarIntegral'>. Bounds will not be improved in this part
of the tree.
WARNING: Unsupported expression type for FBBT: <class
'pyomo.dae.integral.ScalarIntegral'>. Bounds will not be improved in this part
of the tree.
WARNING: Unsupported expression type for FBBT: <class
'pyomo.dae.integral.ScalarIntegral'>. Bounds will not be improved in this part
of the tree.
WARNING: Unsupported expression type for FBBT: <class
'pyomo.dae.integral.ScalarIntegral'>. Bounds will not be improved in this part
of the tree.
WARNING: Unsupported expression type for FBBT: <class
'pyomo.dae.integral.ScalarIntegral'>. Bounds will not be improved in this part
of the tree.
WARNING: Unsupported expression type for FBBT: <class
'pyomo.dae.integral.ScalarIntegral'>. Bounds will not be improved in this part
of the tree.
WARNING: Unsupported expression type for FBBT: <class
'pyomo.dae.integral.ScalarIntegral'>. Bounds will not be improved in this part
of the tree.
WARNING: Unsupported expression type for FBBT: <class
'pyomo.dae.integral.ScalarIntegral'>. Bounds will not be improved in this part
of the tree.
WARNING: Unsupported expression type for FBBT: <class
'pyomo.dae.integral.ScalarIntegral'>. Bounds will not be improved in this part
of the tree.
WARNING: Unsupported expression type for FBBT: <class
'pyomo.dae.integral.ScalarIntegral'>. Bounds will not be improved in this part
of the tree.
WARNING: Unsupported expression type for FBBT: <class
'pyomo.dae.integral.ScalarIntegral'>. Bounds will not be improved in this part
of the tree.
WARNING: Unsupported expression type for FBBT: <class
'pyomo.dae.integral.ScalarIntegral'>. Bounds will not be improved in this part
of the tree.
WARNING: Unsupported expression type for FBBT: <class
'pyomo.dae.integral.ScalarIntegral'>. Bounds will not be improved in this part
of the tree.
WARNING: Unsupported expression type for FBBT: <class
'pyomo.dae.integral.ScalarIntegral'>. Bounds will not be improved in this part
of the tree.
WARNING: Unsupported expression type for FBBT: <class
'pyomo.dae.integral.ScalarIntegral'>. Bounds will not be improved in this part
of the tree.
WARNING: Unsupported expression type for FBBT: <class
'pyomo.dae.integral.ScalarIntegral'>. Bounds will not be improved in this part
of the tree.
WARNING: Unsupported expression type for FBBT: <class
'pyomo.dae.integral.ScalarIntegral'>. Bounds will not be improved in this part
of the tree.
WARNING: Unsupported expression type for FBBT: <class
'pyomo.dae.integral.ScalarIntegral'>. Bounds will not be improved in this part
of the tree.
WARNING: Unsupported expression type for FBBT: <class
'pyomo.dae.integral.ScalarIntegral'>. Bounds will not be improved in this part
of the tree.
WARNING: Unsupported expression type for FBBT: <class
'pyomo.dae.integral.ScalarIntegral'>. Bounds will not be improved in this part
of the tree.
WARNING: Unsupported expression type for FBBT: <class
'pyomo.dae.integral.ScalarIntegral'>. Bounds will not be improved in this part
of the tree.
WARNING: Unsupported expression type for FBBT: <class
'pyomo.dae.integral.ScalarIntegral'>. Bounds will not be improved in this part
of the tree.
WARNING: Unsupported expression type for FBBT: <class
'pyomo.dae.integral.ScalarIntegral'>. Bounds will not be improved in this part
of the tree.
        0        subproblem          -inf     -23.30469       inf%      3.55  
WARNING: Unsupported expression type for FBBT: <class
'pyomo.dae.integral.ScalarIntegral'>. Bounds will not be improved in this part
of the tree.
WARNING: Unsupported expression type for FBBT: <class
'pyomo.dae.integral.ScalarIntegral'>. Bounds will not be improved in this part
of the tree.
WARNING: Unsupported expression type for FBBT: <class
'pyomo.dae.integral.ScalarIntegral'>. Bounds will not be improved in this part
of the tree.
WARNING: Unsupported expression type for FBBT: <class
'pyomo.dae.integral.ScalarIntegral'>. Bounds will not be improved in this part
of the tree.
WARNING: Unsupported expression type for FBBT: <class
'pyomo.dae.integral.ScalarIntegral'>. Bounds will not be improved in this part
of the tree.
WARNING: Unsupported expression type for FBBT: <class
'pyomo.dae.integral.ScalarIntegral'>. Bounds will not be improved in this part
of the tree.
WARNING: Unsupported expression type for FBBT: <class
'pyomo.dae.integral.ScalarIntegral'>. Bounds will not be improved in this part
of the tree.
WARNING: Unsupported expression type for FBBT: <class
'pyomo.dae.integral.ScalarIntegral'>. Bounds will not be improved in this part
of the tree.
WARNING: Unsupported expression type for FBBT: <class
'pyomo.dae.integral.ScalarIntegral'>. Bounds will not be improved in this part
of the tree.
WARNING: Unsupported expression type for FBBT: <class
'pyomo.dae.integral.ScalarIntegral'>. Bounds will not be improved in this part
of the tree.
WARNING: Unsupported expression type for FBBT: <class
'pyomo.dae.integral.ScalarIntegral'>. Bounds will not be improved in this part
of the tree.
WARNING: Unsupported expression type for FBBT: <class
'pyomo.dae.integral.ScalarIntegral'>. Bounds will not be improved in this part
of the tree.
WARNING: Unsupported expression type for FBBT: <class
'pyomo.dae.integral.ScalarIntegral'>. Bounds will not be improved in this part
of the tree.
WARNING: Unsupported expression type for FBBT: <class
'pyomo.dae.integral.ScalarIntegral'>. Bounds will not be improved in this part
of the tree.
WARNING: Unsupported expression type for FBBT: <class
'pyomo.dae.integral.ScalarIntegral'>. Bounds will not be improved in this part
of the tree.
WARNING: Unsupported expression type for FBBT: <class
'pyomo.dae.integral.ScalarIntegral'>. Bounds will not be improved in this part
of the tree.
WARNING: Unsupported expression type for FBBT: <class
'pyomo.dae.integral.ScalarIntegral'>. Bounds will not be improved in this part
of the tree.
WARNING: Unsupported expression type for FBBT: <class
'pyomo.dae.integral.ScalarIntegral'>. Bounds will not be improved in this part
of the tree.
WARNING: Unsupported expression type for FBBT: <class
'pyomo.dae.integral.ScalarIntegral'>. Bounds will not be improved in this part
of the tree.
WARNING: Unsupported expression type for FBBT: <class
'pyomo.dae.integral.ScalarIntegral'>. Bounds will not be improved in this part
of the tree.
WARNING: Unsupported expression type for FBBT: <class
'pyomo.dae.integral.ScalarIntegral'>. Bounds will not be improved in this part
of the tree.
WARNING: Unsupported expression type for FBBT: <class
'pyomo.dae.integral.ScalarIntegral'>. Bounds will not be improved in this part
of the tree.
WARNING: Unsupported expression type for FBBT: <class
'pyomo.dae.integral.ScalarIntegral'>. Bounds will not be improved in this part
of the tree.
WARNING: Unsupported expression type for FBBT: <class
'pyomo.dae.integral.ScalarIntegral'>. Bounds will not be improved in this part
of the tree.
WARNING: Unsupported expression type for FBBT: <class
'pyomo.dae.integral.ScalarIntegral'>. Bounds will not be improved in this part
of the tree.
WARNING: Unsupported expression type for FBBT: <class
'pyomo.dae.integral.ScalarIntegral'>. Bounds will not be improved in this part
of the tree.
WARNING: Unsupported expression type for FBBT: <class
'pyomo.dae.integral.ScalarIntegral'>. Bounds will not be improved in this part
of the tree.
WARNING: Unsupported expression type for FBBT: <class
'pyomo.dae.integral.ScalarIntegral'>. Bounds will not be improved in this part
of the tree.
WARNING: Unsupported expression type for FBBT: <class
'pyomo.dae.integral.ScalarIntegral'>. Bounds will not be improved in this part
of the tree.
WARNING: Unsupported expression type for FBBT: <class
'pyomo.dae.integral.ScalarIntegral'>. Bounds will not be improved in this part
of the tree.
WARNING: Unsupported expression type for FBBT: <class
'pyomo.dae.integral.ScalarIntegral'>. Bounds will not be improved in this part
of the tree.
WARNING: Unsupported expression type for FBBT: <class
'pyomo.dae.integral.ScalarIntegral'>. Bounds will not be improved in this part
of the tree.
WARNING: Unsupported expression type for FBBT: <class
'pyomo.dae.integral.ScalarIntegral'>. Bounds will not be improved in this part
of the tree.
WARNING: Unsupported expression type for FBBT: <class
'pyomo.dae.integral.ScalarIntegral'>. Bounds will not be improved in this part
of the tree.
WARNING: Unsupported expression type for FBBT: <class
'pyomo.dae.integral.ScalarIntegral'>. Bounds will not be improved in this part
of the tree.
WARNING: Unsupported expression type for FBBT: <class
'pyomo.dae.integral.ScalarIntegral'>. Bounds will not be improved in this part
of the tree.
WARNING: Unsupported expression type for FBBT: <class
'pyomo.dae.integral.ScalarIntegral'>. Bounds will not be improved in this part
of the tree.
WARNING: Unsupported expression type for FBBT: <class
'pyomo.dae.integral.ScalarIntegral'>. Bounds will not be improved in this part
of the tree.
WARNING: Unsupported expression type for FBBT: <class
'pyomo.dae.integral.ScalarIntegral'>. Bounds will not be improved in this part
of the tree.
WARNING: Unsupported expression type for FBBT: <class
'pyomo.dae.integral.ScalarIntegral'>. Bounds will not be improved in this part
of the tree.
WARNING: Unsupported expression type for FBBT: <class
'pyomo.dae.integral.ScalarIntegral'>. Bounds will not be improved in this part
of the tree.
WARNING: Unsupported expression type for FBBT: <class
'pyomo.dae.integral.ScalarIntegral'>. Bounds will not be improved in this part
of the tree.
WARNING: Unsupported expression type for FBBT: <class
'pyomo.dae.integral.ScalarIntegral'>. Bounds will not be improved in this part
of the tree.
WARNING: Unsupported expression type for FBBT: <class
'pyomo.dae.integral.ScalarIntegral'>. Bounds will not be improved in this part
of the tree.
WARNING: Unsupported expression type for FBBT: <class
'pyomo.dae.integral.ScalarIntegral'>. Bounds will not be improved in this part
of the tree.
WARNING: Unsupported expression type for FBBT: <class
'pyomo.dae.integral.ScalarIntegral'>. Bounds will not be improved in this part
of the tree.
WARNING: Unsupported expression type for FBBT: <class
'pyomo.dae.integral.ScalarIntegral'>. Bounds will not be improved in this part
of the tree.
WARNING: Unsupported expression type for FBBT: <class
'pyomo.dae.integral.ScalarIntegral'>. Bounds will not be improved in this part
of the tree.
WARNING: Unsupported expression type for FBBT: <class
'pyomo.dae.integral.ScalarIntegral'>. Bounds will not be improved in this part
of the tree.
WARNING: Unsupported expression type for FBBT: <class
'pyomo.dae.integral.ScalarIntegral'>. Bounds will not be improved in this part
of the tree.
WARNING: Unsupported expression type for FBBT: <class
'pyomo.dae.integral.ScalarIntegral'>. Bounds will not be improved in this part
of the tree.
WARNING: Unsupported expression type for FBBT: <class
'pyomo.dae.integral.ScalarIntegral'>. Bounds will not be improved in this part
of the tree.
WARNING: Unsupported expression type for FBBT: <class
'pyomo.dae.integral.ScalarIntegral'>. Bounds will not be improved in this part
of the tree.
WARNING: Unsupported expression type for FBBT: <class
'pyomo.dae.integral.ScalarIntegral'>. Bounds will not be improved in this part
of the tree.
WARNING: Unsupported expression type for FBBT: <class
'pyomo.dae.integral.ScalarIntegral'>. Bounds will not be improved in this part
of the tree.
WARNING: Unsupported expression type for FBBT: <class
'pyomo.dae.integral.ScalarIntegral'>. Bounds will not be improved in this part
of the tree.
WARNING: Unsupported expression type for FBBT: <class
'pyomo.dae.integral.ScalarIntegral'>. Bounds will not be improved in this part
of the tree.
WARNING: Unsupported expression type for FBBT: <class
'pyomo.dae.integral.ScalarIntegral'>. Bounds will not be improved in this part
of the tree.
WARNING: Unsupported expression type for FBBT: <class
'pyomo.dae.integral.ScalarIntegral'>. Bounds will not be improved in this part
of the tree.
WARNING: Unsupported expression type for FBBT: <class
'pyomo.dae.integral.ScalarIntegral'>. Bounds will not be improved in this part
of the tree.
        0        subproblem          -inf     -23.30469       inf%      5.08  
WARNING: Unsupported expression type for FBBT: <class
'pyomo.dae.integral.ScalarIntegral'>. Bounds will not be improved in this part
of the tree.
WARNING: Unsupported expression type for FBBT: <class
'pyomo.dae.integral.ScalarIntegral'>. Bounds will not be improved in this part
of the tree.
WARNING: Unsupported expression type for FBBT: <class
'pyomo.dae.integral.ScalarIntegral'>. Bounds will not be improved in this part
of the tree.
WARNING: Unsupported expression type for FBBT: <class
'pyomo.dae.integral.ScalarIntegral'>. Bounds will not be improved in this part
of the tree.
WARNING: Unsupported expression type for FBBT: <class
'pyomo.dae.integral.ScalarIntegral'>. Bounds will not be improved in this part
of the tree.
WARNING: Unsupported expression type for FBBT: <class
'pyomo.dae.integral.ScalarIntegral'>. Bounds will not be improved in this part
of the tree.
WARNING: Unsupported expression type for FBBT: <class
'pyomo.dae.integral.ScalarIntegral'>. Bounds will not be improved in this part
of the tree.
WARNING: Unsupported expression type for FBBT: <class
'pyomo.dae.integral.ScalarIntegral'>. Bounds will not be improved in this part
of the tree.
WARNING: Unsupported expression type for FBBT: <class
'pyomo.dae.integral.ScalarIntegral'>. Bounds will not be improved in this part
of the tree.
WARNING: Unsupported expression type for FBBT: <class
'pyomo.dae.integral.ScalarIntegral'>. Bounds will not be improved in this part
of the tree.
WARNING: Unsupported expression type for FBBT: <class
'pyomo.dae.integral.ScalarIntegral'>. Bounds will not be improved in this part
of the tree.
WARNING: Unsupported expression type for FBBT: <class
'pyomo.dae.integral.ScalarIntegral'>. Bounds will not be improved in this part
of the tree.
WARNING: Unsupported expression type for FBBT: <class
'pyomo.dae.integral.ScalarIntegral'>. Bounds will not be improved in this part
of the tree.
WARNING: Unsupported expression type for FBBT: <class
'pyomo.dae.integral.ScalarIntegral'>. Bounds will not be improved in this part
of the tree.
WARNING: Unsupported expression type for FBBT: <class
'pyomo.dae.integral.ScalarIntegral'>. Bounds will not be improved in this part
of the tree.
WARNING: Unsupported expression type for FBBT: <class
'pyomo.dae.integral.ScalarIntegral'>. Bounds will not be improved in this part
of the tree.
WARNING: Unsupported expression type for FBBT: <class
'pyomo.dae.integral.ScalarIntegral'>. Bounds will not be improved in this part
of the tree.
WARNING: Unsupported expression type for FBBT: <class
'pyomo.dae.integral.ScalarIntegral'>. Bounds will not be improved in this part
of the tree.
WARNING: Unsupported expression type for FBBT: <class
'pyomo.dae.integral.ScalarIntegral'>. Bounds will not be improved in this part
of the tree.
WARNING: Unsupported expression type for FBBT: <class
'pyomo.dae.integral.ScalarIntegral'>. Bounds will not be improved in this part
of the tree.
WARNING: Unsupported expression type for FBBT: <class
'pyomo.dae.integral.ScalarIntegral'>. Bounds will not be improved in this part
of the tree.
WARNING: Unsupported expression type for FBBT: <class
'pyomo.dae.integral.ScalarIntegral'>. Bounds will not be improved in this part
of the tree.
WARNING: Unsupported expression type for FBBT: <class
'pyomo.dae.integral.ScalarIntegral'>. Bounds will not be improved in this part
of the tree.
WARNING: Unsupported expression type for FBBT: <class
'pyomo.dae.integral.ScalarIntegral'>. Bounds will not be improved in this part
of the tree.
WARNING: Unsupported expression type for FBBT: <class
'pyomo.dae.integral.ScalarIntegral'>. Bounds will not be improved in this part
of the tree.
WARNING: Unsupported expression type for FBBT: <class
'pyomo.dae.integral.ScalarIntegral'>. Bounds will not be improved in this part
of the tree.
WARNING: Unsupported expression type for FBBT: <class
'pyomo.dae.integral.ScalarIntegral'>. Bounds will not be improved in this part
of the tree.
WARNING: Unsupported expression type for FBBT: <class
'pyomo.dae.integral.ScalarIntegral'>. Bounds will not be improved in this part
of the tree.
WARNING: Unsupported expression type for FBBT: <class
'pyomo.dae.integral.ScalarIntegral'>. Bounds will not be improved in this part
of the tree.
WARNING: Unsupported expression type for FBBT: <class
'pyomo.dae.integral.ScalarIntegral'>. Bounds will not be improved in this part
of the tree.
WARNING: Unsupported expression type for FBBT: <class
'pyomo.dae.integral.ScalarIntegral'>. Bounds will not be improved in this part
of the tree.
WARNING: Unsupported expression type for FBBT: <class
'pyomo.dae.integral.ScalarIntegral'>. Bounds will not be improved in this part
of the tree.
WARNING: Unsupported expression type for FBBT: <class
'pyomo.dae.integral.ScalarIntegral'>. Bounds will not be improved in this part
of the tree.
WARNING: Unsupported expression type for FBBT: <class
'pyomo.dae.integral.ScalarIntegral'>. Bounds will not be improved in this part
of the tree.
WARNING: Unsupported expression type for FBBT: <class
'pyomo.dae.integral.ScalarIntegral'>. Bounds will not be improved in this part
of the tree.
WARNING: Unsupported expression type for FBBT: <class
'pyomo.dae.integral.ScalarIntegral'>. Bounds will not be improved in this part
of the tree.
WARNING: Unsupported expression type for FBBT: <class
'pyomo.dae.integral.ScalarIntegral'>. Bounds will not be improved in this part
of the tree.
WARNING: Unsupported expression type for FBBT: <class
'pyomo.dae.integral.ScalarIntegral'>. Bounds will not be improved in this part
of the tree.
WARNING: Unsupported expression type for FBBT: <class
'pyomo.dae.integral.ScalarIntegral'>. Bounds will not be improved in this part
of the tree.
WARNING: Unsupported expression type for FBBT: <class
'pyomo.dae.integral.ScalarIntegral'>. Bounds will not be improved in this part
of the tree.
WARNING: Unsupported expression type for FBBT: <class
'pyomo.dae.integral.ScalarIntegral'>. Bounds will not be improved in this part
of the tree.
WARNING: Unsupported expression type for FBBT: <class
'pyomo.dae.integral.ScalarIntegral'>. Bounds will not be improved in this part
of the tree.
WARNING: Unsupported expression type for FBBT: <class
'pyomo.dae.integral.ScalarIntegral'>. Bounds will not be improved in this part
of the tree.
WARNING: Unsupported expression type for FBBT: <class
'pyomo.dae.integral.ScalarIntegral'>. Bounds will not be improved in this part
of the tree.
WARNING: Unsupported expression type for FBBT: <class
'pyomo.dae.integral.ScalarIntegral'>. Bounds will not be improved in this part
of the tree.
WARNING: Unsupported expression type for FBBT: <class
'pyomo.dae.integral.ScalarIntegral'>. Bounds will not be improved in this part
of the tree.
WARNING: Unsupported expression type for FBBT: <class
'pyomo.dae.integral.ScalarIntegral'>. Bounds will not be improved in this part
of the tree.
WARNING: Unsupported expression type for FBBT: <class
'pyomo.dae.integral.ScalarIntegral'>. Bounds will not be improved in this part
of the tree.
WARNING: Unsupported expression type for FBBT: <class
'pyomo.dae.integral.ScalarIntegral'>. Bounds will not be improved in this part
of the tree.
WARNING: Unsupported expression type for FBBT: <class
'pyomo.dae.integral.ScalarIntegral'>. Bounds will not be improved in this part
of the tree.
WARNING: Unsupported expression type for FBBT: <class
'pyomo.dae.integral.ScalarIntegral'>. Bounds will not be improved in this part
of the tree.
WARNING: Unsupported expression type for FBBT: <class
'pyomo.dae.integral.ScalarIntegral'>. Bounds will not be improved in this part
of the tree.
WARNING: Unsupported expression type for FBBT: <class
'pyomo.dae.integral.ScalarIntegral'>. Bounds will not be improved in this part
of the tree.
WARNING: Unsupported expression type for FBBT: <class
'pyomo.dae.integral.ScalarIntegral'>. Bounds will not be improved in this part
of the tree.
WARNING: Unsupported expression type for FBBT: <class
'pyomo.dae.integral.ScalarIntegral'>. Bounds will not be improved in this part
of the tree.
WARNING: Unsupported expression type for FBBT: <class
'pyomo.dae.integral.ScalarIntegral'>. Bounds will not be improved in this part
of the tree.
WARNING: Unsupported expression type for FBBT: <class
'pyomo.dae.integral.ScalarIntegral'>. Bounds will not be improved in this part
of the tree.
WARNING: Unsupported expression type for FBBT: <class
'pyomo.dae.integral.ScalarIntegral'>. Bounds will not be improved in this part
of the tree.
WARNING: Unsupported expression type for FBBT: <class
'pyomo.dae.integral.ScalarIntegral'>. Bounds will not be improved in this part
of the tree.
WARNING: Unsupported expression type for FBBT: <class
'pyomo.dae.integral.ScalarIntegral'>. Bounds will not be improved in this part
of the tree.
        0        subproblem          -inf     -23.30469       inf%      6.74  
WARNING: Unsupported expression type for FBBT: <class
'pyomo.dae.integral.ScalarIntegral'>. Bounds will not be improved in this part
of the tree.
WARNING: Unsupported expression type for FBBT: <class
'pyomo.dae.integral.ScalarIntegral'>. Bounds will not be improved in this part
of the tree.
WARNING: Unsupported expression type for FBBT: <class
'pyomo.dae.integral.ScalarIntegral'>. Bounds will not be improved in this part
of the tree.
WARNING: Unsupported expression type for FBBT: <class
'pyomo.dae.integral.ScalarIntegral'>. Bounds will not be improved in this part
of the tree.
WARNING: Unsupported expression type for FBBT: <class
'pyomo.dae.integral.ScalarIntegral'>. Bounds will not be improved in this part
of the tree.
WARNING: Unsupported expression type for FBBT: <class
'pyomo.dae.integral.ScalarIntegral'>. Bounds will not be improved in this part
of the tree.
WARNING: Unsupported expression type for FBBT: <class
'pyomo.dae.integral.ScalarIntegral'>. Bounds will not be improved in this part
of the tree.
WARNING: Unsupported expression type for FBBT: <class
'pyomo.dae.integral.ScalarIntegral'>. Bounds will not be improved in this part
of the tree.
WARNING: Unsupported expression type for FBBT: <class
'pyomo.dae.integral.ScalarIntegral'>. Bounds will not be improved in this part
of the tree.
WARNING: Unsupported expression type for FBBT: <class
'pyomo.dae.integral.ScalarIntegral'>. Bounds will not be improved in this part
of the tree.
WARNING: Unsupported expression type for FBBT: <class
'pyomo.dae.integral.ScalarIntegral'>. Bounds will not be improved in this part
of the tree.
WARNING: Unsupported expression type for FBBT: <class
'pyomo.dae.integral.ScalarIntegral'>. Bounds will not be improved in this part
of the tree.
WARNING: Unsupported expression type for FBBT: <class
'pyomo.dae.integral.ScalarIntegral'>. Bounds will not be improved in this part
of the tree.
WARNING: Unsupported expression type for FBBT: <class
'pyomo.dae.integral.ScalarIntegral'>. Bounds will not be improved in this part
of the tree.
WARNING: Unsupported expression type for FBBT: <class
'pyomo.dae.integral.ScalarIntegral'>. Bounds will not be improved in this part
of the tree.
WARNING: Unsupported expression type for FBBT: <class
'pyomo.dae.integral.ScalarIntegral'>. Bounds will not be improved in this part
of the tree.
WARNING: Unsupported expression type for FBBT: <class
'pyomo.dae.integral.ScalarIntegral'>. Bounds will not be improved in this part
of the tree.
WARNING: Unsupported expression type for FBBT: <class
'pyomo.dae.integral.ScalarIntegral'>. Bounds will not be improved in this part
of the tree.
WARNING: Unsupported expression type for FBBT: <class
'pyomo.dae.integral.ScalarIntegral'>. Bounds will not be improved in this part
of the tree.
WARNING: Unsupported expression type for FBBT: <class
'pyomo.dae.integral.ScalarIntegral'>. Bounds will not be improved in this part
of the tree.
WARNING: Unsupported expression type for FBBT: <class
'pyomo.dae.integral.ScalarIntegral'>. Bounds will not be improved in this part
of the tree.
WARNING: Unsupported expression type for FBBT: <class
'pyomo.dae.integral.ScalarIntegral'>. Bounds will not be improved in this part
of the tree.
WARNING: Unsupported expression type for FBBT: <class
'pyomo.dae.integral.ScalarIntegral'>. Bounds will not be improved in this part
of the tree.
WARNING: Unsupported expression type for FBBT: <class
'pyomo.dae.integral.ScalarIntegral'>. Bounds will not be improved in this part
of the tree.
WARNING: Unsupported expression type for FBBT: <class
'pyomo.dae.integral.ScalarIntegral'>. Bounds will not be improved in this part
of the tree.
WARNING: Unsupported expression type for FBBT: <class
'pyomo.dae.integral.ScalarIntegral'>. Bounds will not be improved in this part
of the tree.
WARNING: Unsupported expression type for FBBT: <class
'pyomo.dae.integral.ScalarIntegral'>. Bounds will not be improved in this part
of the tree.
WARNING: Unsupported expression type for FBBT: <class
'pyomo.dae.integral.ScalarIntegral'>. Bounds will not be improved in this part
of the tree.
WARNING: Unsupported expression type for FBBT: <class
'pyomo.dae.integral.ScalarIntegral'>. Bounds will not be improved in this part
of the tree.
WARNING: Unsupported expression type for FBBT: <class
'pyomo.dae.integral.ScalarIntegral'>. Bounds will not be improved in this part
of the tree.
WARNING: Unsupported expression type for FBBT: <class
'pyomo.dae.integral.ScalarIntegral'>. Bounds will not be improved in this part
of the tree.
WARNING: Unsupported expression type for FBBT: <class
'pyomo.dae.integral.ScalarIntegral'>. Bounds will not be improved in this part
of the tree.
WARNING: Unsupported expression type for FBBT: <class
'pyomo.dae.integral.ScalarIntegral'>. Bounds will not be improved in this part
of the tree.
WARNING: Unsupported expression type for FBBT: <class
'pyomo.dae.integral.ScalarIntegral'>. Bounds will not be improved in this part
of the tree.
WARNING: Unsupported expression type for FBBT: <class
'pyomo.dae.integral.ScalarIntegral'>. Bounds will not be improved in this part
of the tree.
WARNING: Unsupported expression type for FBBT: <class
'pyomo.dae.integral.ScalarIntegral'>. Bounds will not be improved in this part
of the tree.
WARNING: Unsupported expression type for FBBT: <class
'pyomo.dae.integral.ScalarIntegral'>. Bounds will not be improved in this part
of the tree.
WARNING: Unsupported expression type for FBBT: <class
'pyomo.dae.integral.ScalarIntegral'>. Bounds will not be improved in this part
of the tree.
WARNING: Unsupported expression type for FBBT: <class
'pyomo.dae.integral.ScalarIntegral'>. Bounds will not be improved in this part
of the tree.
WARNING: Unsupported expression type for FBBT: <class
'pyomo.dae.integral.ScalarIntegral'>. Bounds will not be improved in this part
of the tree.
WARNING: Unsupported expression type for FBBT: <class
'pyomo.dae.integral.ScalarIntegral'>. Bounds will not be improved in this part
of the tree.
WARNING: Unsupported expression type for FBBT: <class
'pyomo.dae.integral.ScalarIntegral'>. Bounds will not be improved in this part
of the tree.
WARNING: Unsupported expression type for FBBT: <class
'pyomo.dae.integral.ScalarIntegral'>. Bounds will not be improved in this part
of the tree.
WARNING: Unsupported expression type for FBBT: <class
'pyomo.dae.integral.ScalarIntegral'>. Bounds will not be improved in this part
of the tree.
WARNING: Unsupported expression type for FBBT: <class
'pyomo.dae.integral.ScalarIntegral'>. Bounds will not be improved in this part
of the tree.
WARNING: Unsupported expression type for FBBT: <class
'pyomo.dae.integral.ScalarIntegral'>. Bounds will not be improved in this part
of the tree.
WARNING: Unsupported expression type for FBBT: <class
'pyomo.dae.integral.ScalarIntegral'>. Bounds will not be improved in this part
of the tree.
WARNING: Unsupported expression type for FBBT: <class
'pyomo.dae.integral.ScalarIntegral'>. Bounds will not be improved in this part
of the tree.
WARNING: Unsupported expression type for FBBT: <class
'pyomo.dae.integral.ScalarIntegral'>. Bounds will not be improved in this part
of the tree.
WARNING: Unsupported expression type for FBBT: <class
'pyomo.dae.integral.ScalarIntegral'>. Bounds will not be improved in this part
of the tree.
WARNING: Unsupported expression type for FBBT: <class
'pyomo.dae.integral.ScalarIntegral'>. Bounds will not be improved in this part
of the tree.
WARNING: Unsupported expression type for FBBT: <class
'pyomo.dae.integral.ScalarIntegral'>. Bounds will not be improved in this part
of the tree.
WARNING: Unsupported expression type for FBBT: <class
'pyomo.dae.integral.ScalarIntegral'>. Bounds will not be improved in this part
of the tree.
WARNING: Unsupported expression type for FBBT: <class
'pyomo.dae.integral.ScalarIntegral'>. Bounds will not be improved in this part
of the tree.
WARNING: Unsupported expression type for FBBT: <class
'pyomo.dae.integral.ScalarIntegral'>. Bounds will not be improved in this part
of the tree.
WARNING: Unsupported expression type for FBBT: <class
'pyomo.dae.integral.ScalarIntegral'>. Bounds will not be improved in this part
of the tree.
WARNING: Unsupported expression type for FBBT: <class
'pyomo.dae.integral.ScalarIntegral'>. Bounds will not be improved in this part
of the tree.
WARNING: Unsupported expression type for FBBT: <class
'pyomo.dae.integral.ScalarIntegral'>. Bounds will not be improved in this part
of the tree.
WARNING: Unsupported expression type for FBBT: <class
'pyomo.dae.integral.ScalarIntegral'>. Bounds will not be improved in this part
of the tree.
WARNING: Unsupported expression type for FBBT: <class
'pyomo.dae.integral.ScalarIntegral'>. Bounds will not be improved in this part
of the tree.
        0        subproblem          -inf     -23.30469       inf%      8.30  
WARNING: Unsupported expression type for FBBT: <class
'pyomo.dae.integral.ScalarIntegral'>. Bounds will not be improved in this part
of the tree.
WARNING: Unsupported expression type for FBBT: <class
'pyomo.dae.integral.ScalarIntegral'>. Bounds will not be improved in this part
of the tree.
WARNING: Unsupported expression type for FBBT: <class
'pyomo.dae.integral.ScalarIntegral'>. Bounds will not be improved in this part
of the tree.
WARNING: Unsupported expression type for FBBT: <class
'pyomo.dae.integral.ScalarIntegral'>. Bounds will not be improved in this part
of the tree.
WARNING: Unsupported expression type for FBBT: <class
'pyomo.dae.integral.ScalarIntegral'>. Bounds will not be improved in this part
of the tree.
WARNING: Unsupported expression type for FBBT: <class
'pyomo.dae.integral.ScalarIntegral'>. Bounds will not be improved in this part
of the tree.
WARNING: Unsupported expression type for FBBT: <class
'pyomo.dae.integral.ScalarIntegral'>. Bounds will not be improved in this part
of the tree.
WARNING: Unsupported expression type for FBBT: <class
'pyomo.dae.integral.ScalarIntegral'>. Bounds will not be improved in this part
of the tree.
WARNING: Unsupported expression type for FBBT: <class
'pyomo.dae.integral.ScalarIntegral'>. Bounds will not be improved in this part
of the tree.
WARNING: Unsupported expression type for FBBT: <class
'pyomo.dae.integral.ScalarIntegral'>. Bounds will not be improved in this part
of the tree.
WARNING: Unsupported expression type for FBBT: <class
'pyomo.dae.integral.ScalarIntegral'>. Bounds will not be improved in this part
of the tree.
WARNING: Unsupported expression type for FBBT: <class
'pyomo.dae.integral.ScalarIntegral'>. Bounds will not be improved in this part
of the tree.
WARNING: Unsupported expression type for FBBT: <class
'pyomo.dae.integral.ScalarIntegral'>. Bounds will not be improved in this part
of the tree.
WARNING: Unsupported expression type for FBBT: <class
'pyomo.dae.integral.ScalarIntegral'>. Bounds will not be improved in this part
of the tree.
WARNING: Unsupported expression type for FBBT: <class
'pyomo.dae.integral.ScalarIntegral'>. Bounds will not be improved in this part
of the tree.
WARNING: Unsupported expression type for FBBT: <class
'pyomo.dae.integral.ScalarIntegral'>. Bounds will not be improved in this part
of the tree.
WARNING: Unsupported expression type for FBBT: <class
'pyomo.dae.integral.ScalarIntegral'>. Bounds will not be improved in this part
of the tree.
WARNING: Unsupported expression type for FBBT: <class
'pyomo.dae.integral.ScalarIntegral'>. Bounds will not be improved in this part
of the tree.
WARNING: Unsupported expression type for FBBT: <class
'pyomo.dae.integral.ScalarIntegral'>. Bounds will not be improved in this part
of the tree.
WARNING: Unsupported expression type for FBBT: <class
'pyomo.dae.integral.ScalarIntegral'>. Bounds will not be improved in this part
of the tree.
WARNING: Unsupported expression type for FBBT: <class
'pyomo.dae.integral.ScalarIntegral'>. Bounds will not be improved in this part
of the tree.
WARNING: Unsupported expression type for FBBT: <class
'pyomo.dae.integral.ScalarIntegral'>. Bounds will not be improved in this part
of the tree.
WARNING: Unsupported expression type for FBBT: <class
'pyomo.dae.integral.ScalarIntegral'>. Bounds will not be improved in this part
of the tree.
WARNING: Unsupported expression type for FBBT: <class
'pyomo.dae.integral.ScalarIntegral'>. Bounds will not be improved in this part
of the tree.
WARNING: Unsupported expression type for FBBT: <class
'pyomo.dae.integral.ScalarIntegral'>. Bounds will not be improved in this part
of the tree.
WARNING: Unsupported expression type for FBBT: <class
'pyomo.dae.integral.ScalarIntegral'>. Bounds will not be improved in this part
of the tree.
WARNING: Unsupported expression type for FBBT: <class
'pyomo.dae.integral.ScalarIntegral'>. Bounds will not be improved in this part
of the tree.
WARNING: Unsupported expression type for FBBT: <class
'pyomo.dae.integral.ScalarIntegral'>. Bounds will not be improved in this part
of the tree.
WARNING: Unsupported expression type for FBBT: <class
'pyomo.dae.integral.ScalarIntegral'>. Bounds will not be improved in this part
of the tree.
WARNING: Unsupported expression type for FBBT: <class
'pyomo.dae.integral.ScalarIntegral'>. Bounds will not be improved in this part
of the tree.
WARNING: Unsupported expression type for FBBT: <class
'pyomo.dae.integral.ScalarIntegral'>. Bounds will not be improved in this part
of the tree.
WARNING: Unsupported expression type for FBBT: <class
'pyomo.dae.integral.ScalarIntegral'>. Bounds will not be improved in this part
of the tree.
WARNING: Unsupported expression type for FBBT: <class
'pyomo.dae.integral.ScalarIntegral'>. Bounds will not be improved in this part
of the tree.
WARNING: Unsupported expression type for FBBT: <class
'pyomo.dae.integral.ScalarIntegral'>. Bounds will not be improved in this part
of the tree.
WARNING: Unsupported expression type for FBBT: <class
'pyomo.dae.integral.ScalarIntegral'>. Bounds will not be improved in this part
of the tree.
WARNING: Unsupported expression type for FBBT: <class
'pyomo.dae.integral.ScalarIntegral'>. Bounds will not be improved in this part
of the tree.
WARNING: Unsupported expression type for FBBT: <class
'pyomo.dae.integral.ScalarIntegral'>. Bounds will not be improved in this part
of the tree.
WARNING: Unsupported expression type for FBBT: <class
'pyomo.dae.integral.ScalarIntegral'>. Bounds will not be improved in this part
of the tree.
WARNING: Unsupported expression type for FBBT: <class
'pyomo.dae.integral.ScalarIntegral'>. Bounds will not be improved in this part
of the tree.
WARNING: Unsupported expression type for FBBT: <class
'pyomo.dae.integral.ScalarIntegral'>. Bounds will not be improved in this part
of the tree.
WARNING: Unsupported expression type for FBBT: <class
'pyomo.dae.integral.ScalarIntegral'>. Bounds will not be improved in this part
of the tree.
WARNING: Unsupported expression type for FBBT: <class
'pyomo.dae.integral.ScalarIntegral'>. Bounds will not be improved in this part
of the tree.
WARNING: Unsupported expression type for FBBT: <class
'pyomo.dae.integral.ScalarIntegral'>. Bounds will not be improved in this part
of the tree.
WARNING: Unsupported expression type for FBBT: <class
'pyomo.dae.integral.ScalarIntegral'>. Bounds will not be improved in this part
of the tree.
WARNING: Unsupported expression type for FBBT: <class
'pyomo.dae.integral.ScalarIntegral'>. Bounds will not be improved in this part
of the tree.
WARNING: Unsupported expression type for FBBT: <class
'pyomo.dae.integral.ScalarIntegral'>. Bounds will not be improved in this part
of the tree.
WARNING: Unsupported expression type for FBBT: <class
'pyomo.dae.integral.ScalarIntegral'>. Bounds will not be improved in this part
of the tree.
WARNING: Unsupported expression type for FBBT: <class
'pyomo.dae.integral.ScalarIntegral'>. Bounds will not be improved in this part
of the tree.
WARNING: Unsupported expression type for FBBT: <class
'pyomo.dae.integral.ScalarIntegral'>. Bounds will not be improved in this part
of the tree.
WARNING: Unsupported expression type for FBBT: <class
'pyomo.dae.integral.ScalarIntegral'>. Bounds will not be improved in this part
of the tree.
WARNING: Unsupported expression type for FBBT: <class
'pyomo.dae.integral.ScalarIntegral'>. Bounds will not be improved in this part
of the tree.
WARNING: Unsupported expression type for FBBT: <class
'pyomo.dae.integral.ScalarIntegral'>. Bounds will not be improved in this part
of the tree.
WARNING: Unsupported expression type for FBBT: <class
'pyomo.dae.integral.ScalarIntegral'>. Bounds will not be improved in this part
of the tree.
WARNING: Unsupported expression type for FBBT: <class
'pyomo.dae.integral.ScalarIntegral'>. Bounds will not be improved in this part
of the tree.
WARNING: Unsupported expression type for FBBT: <class
'pyomo.dae.integral.ScalarIntegral'>. Bounds will not be improved in this part
of the tree.
WARNING: Unsupported expression type for FBBT: <class
'pyomo.dae.integral.ScalarIntegral'>. Bounds will not be improved in this part
of the tree.
WARNING: Unsupported expression type for FBBT: <class
'pyomo.dae.integral.ScalarIntegral'>. Bounds will not be improved in this part
of the tree.
WARNING: Unsupported expression type for FBBT: <class
'pyomo.dae.integral.ScalarIntegral'>. Bounds will not be improved in this part
of the tree.
WARNING: Unsupported expression type for FBBT: <class
'pyomo.dae.integral.ScalarIntegral'>. Bounds will not be improved in this part
of the tree.
WARNING: Unsupported expression type for FBBT: <class
'pyomo.dae.integral.ScalarIntegral'>. Bounds will not be improved in this part
of the tree.
        0        subproblem          -inf     -23.30469       inf%     10.03  
WARNING: Unsupported expression type for FBBT: <class
'pyomo.dae.integral.ScalarIntegral'>. Bounds will not be improved in this part
of the tree.
WARNING: Unsupported expression type for FBBT: <class
'pyomo.dae.integral.ScalarIntegral'>. Bounds will not be improved in this part
of the tree.
WARNING: Unsupported expression type for FBBT: <class
'pyomo.dae.integral.ScalarIntegral'>. Bounds will not be improved in this part
of the tree.
WARNING: Unsupported expression type for FBBT: <class
'pyomo.dae.integral.ScalarIntegral'>. Bounds will not be improved in this part
of the tree.
WARNING: Unsupported expression type for FBBT: <class
'pyomo.dae.integral.ScalarIntegral'>. Bounds will not be improved in this part
of the tree.
WARNING: Unsupported expression type for FBBT: <class
'pyomo.dae.integral.ScalarIntegral'>. Bounds will not be improved in this part
of the tree.
WARNING: Unsupported expression type for FBBT: <class
'pyomo.dae.integral.ScalarIntegral'>. Bounds will not be improved in this part
of the tree.
WARNING: Unsupported expression type for FBBT: <class
'pyomo.dae.integral.ScalarIntegral'>. Bounds will not be improved in this part
of the tree.
WARNING: Unsupported expression type for FBBT: <class
'pyomo.dae.integral.ScalarIntegral'>. Bounds will not be improved in this part
of the tree.
WARNING: Unsupported expression type for FBBT: <class
'pyomo.dae.integral.ScalarIntegral'>. Bounds will not be improved in this part
of the tree.
WARNING: Unsupported expression type for FBBT: <class
'pyomo.dae.integral.ScalarIntegral'>. Bounds will not be improved in this part
of the tree.
WARNING: Unsupported expression type for FBBT: <class
'pyomo.dae.integral.ScalarIntegral'>. Bounds will not be improved in this part
of the tree.
WARNING: Unsupported expression type for FBBT: <class
'pyomo.dae.integral.ScalarIntegral'>. Bounds will not be improved in this part
of the tree.
WARNING: Unsupported expression type for FBBT: <class
'pyomo.dae.integral.ScalarIntegral'>. Bounds will not be improved in this part
of the tree.
WARNING: Unsupported expression type for FBBT: <class
'pyomo.dae.integral.ScalarIntegral'>. Bounds will not be improved in this part
of the tree.
WARNING: Unsupported expression type for FBBT: <class
'pyomo.dae.integral.ScalarIntegral'>. Bounds will not be improved in this part
of the tree.
WARNING: Unsupported expression type for FBBT: <class
'pyomo.dae.integral.ScalarIntegral'>. Bounds will not be improved in this part
of the tree.
WARNING: Unsupported expression type for FBBT: <class
'pyomo.dae.integral.ScalarIntegral'>. Bounds will not be improved in this part
of the tree.
WARNING: Unsupported expression type for FBBT: <class
'pyomo.dae.integral.ScalarIntegral'>. Bounds will not be improved in this part
of the tree.
WARNING: Unsupported expression type for FBBT: <class
'pyomo.dae.integral.ScalarIntegral'>. Bounds will not be improved in this part
of the tree.
WARNING: Unsupported expression type for FBBT: <class
'pyomo.dae.integral.ScalarIntegral'>. Bounds will not be improved in this part
of the tree.
WARNING: Unsupported expression type for FBBT: <class
'pyomo.dae.integral.ScalarIntegral'>. Bounds will not be improved in this part
of the tree.
WARNING: Unsupported expression type for FBBT: <class
'pyomo.dae.integral.ScalarIntegral'>. Bounds will not be improved in this part
of the tree.
WARNING: Unsupported expression type for FBBT: <class
'pyomo.dae.integral.ScalarIntegral'>. Bounds will not be improved in this part
of the tree.
WARNING: Unsupported expression type for FBBT: <class
'pyomo.dae.integral.ScalarIntegral'>. Bounds will not be improved in this part
of the tree.
WARNING: Unsupported expression type for FBBT: <class
'pyomo.dae.integral.ScalarIntegral'>. Bounds will not be improved in this part
of the tree.
WARNING: Unsupported expression type for FBBT: <class
'pyomo.dae.integral.ScalarIntegral'>. Bounds will not be improved in this part
of the tree.
WARNING: Unsupported expression type for FBBT: <class
'pyomo.dae.integral.ScalarIntegral'>. Bounds will not be improved in this part
of the tree.
WARNING: Unsupported expression type for FBBT: <class
'pyomo.dae.integral.ScalarIntegral'>. Bounds will not be improved in this part
of the tree.
WARNING: Unsupported expression type for FBBT: <class
'pyomo.dae.integral.ScalarIntegral'>. Bounds will not be improved in this part
of the tree.
WARNING: Unsupported expression type for FBBT: <class
'pyomo.dae.integral.ScalarIntegral'>. Bounds will not be improved in this part
of the tree.
WARNING: Unsupported expression type for FBBT: <class
'pyomo.dae.integral.ScalarIntegral'>. Bounds will not be improved in this part
of the tree.
WARNING: Unsupported expression type for FBBT: <class
'pyomo.dae.integral.ScalarIntegral'>. Bounds will not be improved in this part
of the tree.
WARNING: Unsupported expression type for FBBT: <class
'pyomo.dae.integral.ScalarIntegral'>. Bounds will not be improved in this part
of the tree.
WARNING: Unsupported expression type for FBBT: <class
'pyomo.dae.integral.ScalarIntegral'>. Bounds will not be improved in this part
of the tree.
WARNING: Unsupported expression type for FBBT: <class
'pyomo.dae.integral.ScalarIntegral'>. Bounds will not be improved in this part
of the tree.
WARNING: Unsupported expression type for FBBT: <class
'pyomo.dae.integral.ScalarIntegral'>. Bounds will not be improved in this part
of the tree.
WARNING: Unsupported expression type for FBBT: <class
'pyomo.dae.integral.ScalarIntegral'>. Bounds will not be improved in this part
of the tree.
WARNING: Unsupported expression type for FBBT: <class
'pyomo.dae.integral.ScalarIntegral'>. Bounds will not be improved in this part
of the tree.
WARNING: Unsupported expression type for FBBT: <class
'pyomo.dae.integral.ScalarIntegral'>. Bounds will not be improved in this part
of the tree.
WARNING: Unsupported expression type for FBBT: <class
'pyomo.dae.integral.ScalarIntegral'>. Bounds will not be improved in this part
of the tree.
WARNING: Unsupported expression type for FBBT: <class
'pyomo.dae.integral.ScalarIntegral'>. Bounds will not be improved in this part
of the tree.
WARNING: Unsupported expression type for FBBT: <class
'pyomo.dae.integral.ScalarIntegral'>. Bounds will not be improved in this part
of the tree.
WARNING: Unsupported expression type for FBBT: <class
'pyomo.dae.integral.ScalarIntegral'>. Bounds will not be improved in this part
of the tree.
WARNING: Unsupported expression type for FBBT: <class
'pyomo.dae.integral.ScalarIntegral'>. Bounds will not be improved in this part
of the tree.
WARNING: Unsupported expression type for FBBT: <class
'pyomo.dae.integral.ScalarIntegral'>. Bounds will not be improved in this part
of the tree.
WARNING: Unsupported expression type for FBBT: <class
'pyomo.dae.integral.ScalarIntegral'>. Bounds will not be improved in this part
of the tree.
WARNING: Unsupported expression type for FBBT: <class
'pyomo.dae.integral.ScalarIntegral'>. Bounds will not be improved in this part
of the tree.
WARNING: Unsupported expression type for FBBT: <class
'pyomo.dae.integral.ScalarIntegral'>. Bounds will not be improved in this part
of the tree.
WARNING: Unsupported expression type for FBBT: <class
'pyomo.dae.integral.ScalarIntegral'>. Bounds will not be improved in this part
of the tree.
WARNING: Unsupported expression type for FBBT: <class
'pyomo.dae.integral.ScalarIntegral'>. Bounds will not be improved in this part
of the tree.
WARNING: Unsupported expression type for FBBT: <class
'pyomo.dae.integral.ScalarIntegral'>. Bounds will not be improved in this part
of the tree.
WARNING: Unsupported expression type for FBBT: <class
'pyomo.dae.integral.ScalarIntegral'>. Bounds will not be improved in this part
of the tree.
WARNING: Unsupported expression type for FBBT: <class
'pyomo.dae.integral.ScalarIntegral'>. Bounds will not be improved in this part
of the tree.
WARNING: Unsupported expression type for FBBT: <class
'pyomo.dae.integral.ScalarIntegral'>. Bounds will not be improved in this part
of the tree.
WARNING: Unsupported expression type for FBBT: <class
'pyomo.dae.integral.ScalarIntegral'>. Bounds will not be improved in this part
of the tree.
WARNING: Unsupported expression type for FBBT: <class
'pyomo.dae.integral.ScalarIntegral'>. Bounds will not be improved in this part
of the tree.
WARNING: Unsupported expression type for FBBT: <class
'pyomo.dae.integral.ScalarIntegral'>. Bounds will not be improved in this part
of the tree.
WARNING: Unsupported expression type for FBBT: <class
'pyomo.dae.integral.ScalarIntegral'>. Bounds will not be improved in this part
of the tree.
WARNING: Unsupported expression type for FBBT: <class
'pyomo.dae.integral.ScalarIntegral'>. Bounds will not be improved in this part
of the tree.
        0        subproblem          -inf     -23.30469       inf%     11.86  
MILP discrete problem is now infeasible. GDPopt has explored or cut off all feasible discrete configurations.
Finished discrete problem initialization in 12.93s and 7 iterations 

=============================================================================================
Iteration | Subproblem Type | Lower Bound | Upper Bound |   Gap    | Time(s)

MILP discrete problem is now infeasible. GDPopt has explored or cut off all feasible discrete configurations.
        1                       -23.30469     -23.30469      0.00%     14.12  
GDPopt exiting--bounds have converged or crossed.

Solved in 1 iterations and 14.12325 seconds
Optimal objective value -23.3046886783
Relative optimality gap 0.00000%

Problem: 
- Name: unknown
  Lower bound: -23.30468867828598
  Upper bound: -23.30468867828598
  Number of objectives: 1
  Number of constraints: 1183
  Number of variables: 741
  Number of binary variables: 9
  Number of integer variables: 0
  Number of continuous variables: 732
  Number of nonzeros: None
  Sense: 1
  Number of disjunctions: 4
Solver: 
- Name: GDPopt (22, 5, 13) - LOA
  Status: ok
  User time: 14.123210048303008
  Wallclock time: 14.123210048303008
  Termination condition: optimal
  Iterations: 1
  Timing: main_timer_start_time: 5823686.354389562
mip: 1.085056426934898
total: 14.123210048303008

