Starting GDPopt version 22.5.13 using GLOA algorithm
iterlim: None
time_limit: 900
tee: true
logger: <Logger pyomo.contrib.gdpopt (INFO)>
integer_tolerance: 1e-05
constraint_tolerance: 1e-06
variable_tolerance: 1e-08
subproblem_initialization_method: <function restore_vars_to_original_values at 0x7fcb70b8e340>
call_before_subproblem_solve: <class 'pyomo.contrib.gdpopt.util._DoNothing'>
call_after_subproblem_solve: <class 'pyomo.contrib.gdpopt.util._DoNothing'>
call_after_subproblem_feasible: <class 'pyomo.contrib.gdpopt.util._DoNothing'>
force_subproblem_nlp: false
subproblem_presolve: true
tighten_nlp_var_bounds: false
round_discrete_vars: true
max_fbbt_iterations: 3
init_strategy: None
init_algorithm: set_covering
custom_init_disjuncts: []
max_slack: 1000.0
OA_penalty_factor: 1000.0
set_cover_iterlim: 8
discrete_problem_transformation: gdp.bigm
call_before_discrete_problem_solve: <class 'pyomo.contrib.gdpopt.util._DoNothing'>
call_after_discrete_problem_solve: <class 'pyomo.contrib.gdpopt.util._DoNothing'>
call_before_master_solve: <class 'pyomo.contrib.gdpopt.util._DoNothing'>
call_after_master_solve: <class 'pyomo.contrib.gdpopt.util._DoNothing'>
mip_presolve: true
calc_disjunctive_bounds: false
obbt_disjunctive_bounds: false
mip_solver: gurobi
mip_solver_args:
nlp_solver: gams
nlp_solver_args:
  solver: ipopth
minlp_solver: baron
minlp_solver_args:
local_minlp_solver: bonmin
local_minlp_solver_args:
small_dual_tolerance: 1e-08
bound_tolerance: 1e-06

If you use this software, you may cite the following:
            - Implementation:
            Chen, Q; Johnson, ES; Bernal, DE; Valentin, R; Kale, S;
            Bates, J; Siirola, JD; Grossmann, IE.
            Pyomo.GDP: an ecosystem for logic based modeling and optimization
            development.
            Optimization and Engineering, 2021.

- GLOA algorithm:
        Lee, S; Grossmann, IE.
        A Global Optimization Algorithm for Nonconvex Generalized
        Disjunctive Programming and Applications to Process Systems.
        Comp. and Chem. Eng. 2001, 25, 1675-1697.
        DOI: 10.1016/S0098-1354(01)00732-3.
Original model has 1183 constraints (819 nonlinear) and 4 disjunctions, with 741 variables, of which 9 are binary, 0 are integer, and 732 are continuous.
Objective is nonlinear. Moving it to constraint set.
---Starting GDPopt initialization---
Starting set covering initialization.
=============================================================================================
Iteration | Subproblem Type | Lower Bound | Upper Bound |   Gap    | Time(s)

WARNING: Unsupported expression type for FBBT: <class
'pyomo.dae.integral.ScalarIntegral'>. Bounds will not be improved in this part
of the tree.
WARNING: Unsupported expression type for FBBT: <class
'pyomo.dae.integral.ScalarIntegral'>. Bounds will not be improved in this part
of the tree.
WARNING: Unsupported expression type for FBBT: <class
'pyomo.dae.integral.ScalarIntegral'>. Bounds will not be improved in this part
of the tree.
WARNING: Unsupported expression type for FBBT: <class
'pyomo.dae.integral.ScalarIntegral'>. Bounds will not be improved in this part
of the tree.
WARNING: Unsupported expression type for FBBT: <class
'pyomo.dae.integral.ScalarIntegral'>. Bounds will not be improved in this part
of the tree.
WARNING: Unsupported expression type for FBBT: <class
'pyomo.dae.integral.ScalarIntegral'>. Bounds will not be improved in this part
of the tree.
WARNING: Unsupported expression type for FBBT: <class
'pyomo.dae.integral.ScalarIntegral'>. Bounds will not be improved in this part
of the tree.
WARNING: Unsupported expression type for FBBT: <class
'pyomo.dae.integral.ScalarIntegral'>. Bounds will not be improved in this part
of the tree.
WARNING: Unsupported expression type for FBBT: <class
'pyomo.dae.integral.ScalarIntegral'>. Bounds will not be improved in this part
of the tree.
WARNING: Unsupported expression type for FBBT: <class
'pyomo.dae.integral.ScalarIntegral'>. Bounds will not be improved in this part
of the tree.
WARNING: Unsupported expression type for FBBT: <class
'pyomo.dae.integral.ScalarIntegral'>. Bounds will not be improved in this part
of the tree.
WARNING: Unsupported expression type for FBBT: <class
'pyomo.dae.integral.ScalarIntegral'>. Bounds will not be improved in this part
of the tree.
WARNING: Unsupported expression type for FBBT: <class
'pyomo.dae.integral.ScalarIntegral'>. Bounds will not be improved in this part
of the tree.
WARNING: Unsupported expression type for FBBT: <class
'pyomo.dae.integral.ScalarIntegral'>. Bounds will not be improved in this part
of the tree.
WARNING: Unsupported expression type for FBBT: <class
'pyomo.dae.integral.ScalarIntegral'>. Bounds will not be improved in this part
of the tree.
WARNING: Unsupported expression type for FBBT: <class
'pyomo.dae.integral.ScalarIntegral'>. Bounds will not be improved in this part
of the tree.
WARNING: Unsupported expression type for FBBT: <class
'pyomo.dae.integral.ScalarIntegral'>. Bounds will not be improved in this part
of the tree.
WARNING: Unsupported expression type for FBBT: <class
'pyomo.dae.integral.ScalarIntegral'>. Bounds will not be improved in this part
of the tree.
WARNING: Unsupported expression type for FBBT: <class
'pyomo.dae.integral.ScalarIntegral'>. Bounds will not be improved in this part
of the tree.
WARNING: Unsupported expression type for FBBT: <class
'pyomo.dae.integral.ScalarIntegral'>. Bounds will not be improved in this part
of the tree.
WARNING: Unsupported expression type for FBBT: <class
'pyomo.dae.integral.ScalarIntegral'>. Bounds will not be improved in this part
of the tree.
WARNING: Unsupported expression type for FBBT: <class
'pyomo.dae.integral.ScalarIntegral'>. Bounds will not be improved in this part
of the tree.
WARNING: Unsupported expression type for FBBT: <class
'pyomo.dae.integral.ScalarIntegral'>. Bounds will not be improved in this part
of the tree.
WARNING: Unsupported expression type for FBBT: <class
'pyomo.dae.integral.ScalarIntegral'>. Bounds will not be improved in this part
of the tree.
WARNING: Unsupported expression type for FBBT: <class
'pyomo.dae.integral.ScalarIntegral'>. Bounds will not be improved in this part
of the tree.
WARNING: Unsupported expression type for FBBT: <class
'pyomo.dae.integral.ScalarIntegral'>. Bounds will not be improved in this part
of the tree.
WARNING: Unsupported expression type for FBBT: <class
'pyomo.dae.integral.ScalarIntegral'>. Bounds will not be improved in this part
of the tree.
WARNING: Unsupported expression type for FBBT: <class
'pyomo.dae.integral.ScalarIntegral'>. Bounds will not be improved in this part
of the tree.
WARNING: Unsupported expression type for FBBT: <class
'pyomo.dae.integral.ScalarIntegral'>. Bounds will not be improved in this part
of the tree.
WARNING: Unsupported expression type for FBBT: <class
'pyomo.dae.integral.ScalarIntegral'>. Bounds will not be improved in this part
of the tree.
WARNING: Unsupported expression type for FBBT: <class
'pyomo.dae.integral.ScalarIntegral'>. Bounds will not be improved in this part
of the tree.
WARNING: Unsupported expression type for FBBT: <class
'pyomo.dae.integral.ScalarIntegral'>. Bounds will not be improved in this part
of the tree.
WARNING: Unsupported expression type for FBBT: <class
'pyomo.dae.integral.ScalarIntegral'>. Bounds will not be improved in this part
of the tree.
WARNING: Unsupported expression type for FBBT: <class
'pyomo.dae.integral.ScalarIntegral'>. Bounds will not be improved in this part
of the tree.
WARNING: Unsupported expression type for FBBT: <class
'pyomo.dae.integral.ScalarIntegral'>. Bounds will not be improved in this part
of the tree.
WARNING: Unsupported expression type for FBBT: <class
'pyomo.dae.integral.ScalarIntegral'>. Bounds will not be improved in this part
of the tree.
WARNING: Unsupported expression type for FBBT: <class
'pyomo.dae.integral.ScalarIntegral'>. Bounds will not be improved in this part
of the tree.
WARNING: Unsupported expression type for FBBT: <class
'pyomo.dae.integral.ScalarIntegral'>. Bounds will not be improved in this part
of the tree.
WARNING: Unsupported expression type for FBBT: <class
'pyomo.dae.integral.ScalarIntegral'>. Bounds will not be improved in this part
of the tree.
WARNING: Unsupported expression type for FBBT: <class
'pyomo.dae.integral.ScalarIntegral'>. Bounds will not be improved in this part
of the tree.
WARNING: Unsupported expression type for FBBT: <class
'pyomo.dae.integral.ScalarIntegral'>. Bounds will not be improved in this part
of the tree.
WARNING: Unsupported expression type for FBBT: <class
'pyomo.dae.integral.ScalarIntegral'>. Bounds will not be improved in this part
of the tree.
WARNING: Unsupported expression type for FBBT: <class
'pyomo.dae.integral.ScalarIntegral'>. Bounds will not be improved in this part
of the tree.
WARNING: Unsupported expression type for FBBT: <class
'pyomo.dae.integral.ScalarIntegral'>. Bounds will not be improved in this part
of the tree.
WARNING: Unsupported expression type for FBBT: <class
'pyomo.dae.integral.ScalarIntegral'>. Bounds will not be improved in this part
of the tree.
WARNING: Unsupported expression type for FBBT: <class
'pyomo.dae.integral.ScalarIntegral'>. Bounds will not be improved in this part
of the tree.
WARNING: Unsupported expression type for FBBT: <class
'pyomo.dae.integral.ScalarIntegral'>. Bounds will not be improved in this part
of the tree.
WARNING: Unsupported expression type for FBBT: <class
'pyomo.dae.integral.ScalarIntegral'>. Bounds will not be improved in this part
of the tree.
WARNING: Unsupported expression type for FBBT: <class
'pyomo.dae.integral.ScalarIntegral'>. Bounds will not be improved in this part
of the tree.
WARNING: Unsupported expression type for FBBT: <class
'pyomo.dae.integral.ScalarIntegral'>. Bounds will not be improved in this part
of the tree.
WARNING: Unsupported expression type for FBBT: <class
'pyomo.dae.integral.ScalarIntegral'>. Bounds will not be improved in this part
of the tree.
WARNING: Unsupported expression type for FBBT: <class
'pyomo.dae.integral.ScalarIntegral'>. Bounds will not be improved in this part
of the tree.
WARNING: Unsupported expression type for FBBT: <class
'pyomo.dae.integral.ScalarIntegral'>. Bounds will not be improved in this part
of the tree.
WARNING: Unsupported expression type for FBBT: <class
'pyomo.dae.integral.ScalarIntegral'>. Bounds will not be improved in this part
of the tree.
WARNING: Unsupported expression type for FBBT: <class
'pyomo.dae.integral.ScalarIntegral'>. Bounds will not be improved in this part
of the tree.
WARNING: Unsupported expression type for FBBT: <class
'pyomo.dae.integral.ScalarIntegral'>. Bounds will not be improved in this part
of the tree.
WARNING: Unsupported expression type for FBBT: <class
'pyomo.dae.integral.ScalarIntegral'>. Bounds will not be improved in this part
of the tree.
WARNING: Unsupported expression type for FBBT: <class
'pyomo.dae.integral.ScalarIntegral'>. Bounds will not be improved in this part
of the tree.
WARNING: Unsupported expression type for FBBT: <class
'pyomo.dae.integral.ScalarIntegral'>. Bounds will not be improved in this part
of the tree.
WARNING: Unsupported expression type for FBBT: <class
'pyomo.dae.integral.ScalarIntegral'>. Bounds will not be improved in this part
of the tree.
        0        subproblem          -inf     -23.30469       inf%      1.13  *
WARNING: Unsupported expression type for FBBT: <class
'pyomo.dae.integral.ScalarIntegral'>. Bounds will not be improved in this part
of the tree.
WARNING: Unsupported expression type for FBBT: <class
'pyomo.dae.integral.ScalarIntegral'>. Bounds will not be improved in this part
of the tree.
WARNING: Unsupported expression type for FBBT: <class
'pyomo.dae.integral.ScalarIntegral'>. Bounds will not be improved in this part
of the tree.
WARNING: Unsupported expression type for FBBT: <class
'pyomo.dae.integral.ScalarIntegral'>. Bounds will not be improved in this part
of the tree.
WARNING: Unsupported expression type for FBBT: <class
'pyomo.dae.integral.ScalarIntegral'>. Bounds will not be improved in this part
of the tree.
WARNING: Unsupported expression type for FBBT: <class
'pyomo.dae.integral.ScalarIntegral'>. Bounds will not be improved in this part
of the tree.
WARNING: Unsupported expression type for FBBT: <class
'pyomo.dae.integral.ScalarIntegral'>. Bounds will not be improved in this part
of the tree.
WARNING: Unsupported expression type for FBBT: <class
'pyomo.dae.integral.ScalarIntegral'>. Bounds will not be improved in this part
of the tree.
WARNING: Unsupported expression type for FBBT: <class
'pyomo.dae.integral.ScalarIntegral'>. Bounds will not be improved in this part
of the tree.
WARNING: Unsupported expression type for FBBT: <class
'pyomo.dae.integral.ScalarIntegral'>. Bounds will not be improved in this part
of the tree.
WARNING: Unsupported expression type for FBBT: <class
'pyomo.dae.integral.ScalarIntegral'>. Bounds will not be improved in this part
of the tree.
WARNING: Unsupported expression type for FBBT: <class
'pyomo.dae.integral.ScalarIntegral'>. Bounds will not be improved in this part
of the tree.
WARNING: Unsupported expression type for FBBT: <class
'pyomo.dae.integral.ScalarIntegral'>. Bounds will not be improved in this part
of the tree.
WARNING: Unsupported expression type for FBBT: <class
'pyomo.dae.integral.ScalarIntegral'>. Bounds will not be improved in this part
of the tree.
WARNING: Unsupported expression type for FBBT: <class
'pyomo.dae.integral.ScalarIntegral'>. Bounds will not be improved in this part
of the tree.
WARNING: Unsupported expression type for FBBT: <class
'pyomo.dae.integral.ScalarIntegral'>. Bounds will not be improved in this part
of the tree.
WARNING: Unsupported expression type for FBBT: <class
'pyomo.dae.integral.ScalarIntegral'>. Bounds will not be improved in this part
of the tree.
WARNING: Unsupported expression type for FBBT: <class
'pyomo.dae.integral.ScalarIntegral'>. Bounds will not be improved in this part
of the tree.
WARNING: Unsupported expression type for FBBT: <class
'pyomo.dae.integral.ScalarIntegral'>. Bounds will not be improved in this part
of the tree.
WARNING: Unsupported expression type for FBBT: <class
'pyomo.dae.integral.ScalarIntegral'>. Bounds will not be improved in this part
of the tree.
WARNING: Unsupported expression type for FBBT: <class
'pyomo.dae.integral.ScalarIntegral'>. Bounds will not be improved in this part
of the tree.
WARNING: Unsupported expression type for FBBT: <class
'pyomo.dae.integral.ScalarIntegral'>. Bounds will not be improved in this part
of the tree.
WARNING: Unsupported expression type for FBBT: <class
'pyomo.dae.integral.ScalarIntegral'>. Bounds will not be improved in this part
of the tree.
WARNING: Unsupported expression type for FBBT: <class
'pyomo.dae.integral.ScalarIntegral'>. Bounds will not be improved in this part
of the tree.
WARNING: Unsupported expression type for FBBT: <class
'pyomo.dae.integral.ScalarIntegral'>. Bounds will not be improved in this part
of the tree.
WARNING: Unsupported expression type for FBBT: <class
'pyomo.dae.integral.ScalarIntegral'>. Bounds will not be improved in this part
of the tree.
WARNING: Unsupported expression type for FBBT: <class
'pyomo.dae.integral.ScalarIntegral'>. Bounds will not be improved in this part
of the tree.
WARNING: Unsupported expression type for FBBT: <class
'pyomo.dae.integral.ScalarIntegral'>. Bounds will not be improved in this part
of the tree.
WARNING: Unsupported expression type for FBBT: <class
'pyomo.dae.integral.ScalarIntegral'>. Bounds will not be improved in this part
of the tree.
WARNING: Unsupported expression type for FBBT: <class
'pyomo.dae.integral.ScalarIntegral'>. Bounds will not be improved in this part
of the tree.
WARNING: Unsupported expression type for FBBT: <class
'pyomo.dae.integral.ScalarIntegral'>. Bounds will not be improved in this part
of the tree.
WARNING: Unsupported expression type for FBBT: <class
'pyomo.dae.integral.ScalarIntegral'>. Bounds will not be improved in this part
of the tree.
WARNING: Unsupported expression type for FBBT: <class
'pyomo.dae.integral.ScalarIntegral'>. Bounds will not be improved in this part
of the tree.
WARNING: Unsupported expression type for FBBT: <class
'pyomo.dae.integral.ScalarIntegral'>. Bounds will not be improved in this part
of the tree.
WARNING: Unsupported expression type for FBBT: <class
'pyomo.dae.integral.ScalarIntegral'>. Bounds will not be improved in this part
of the tree.
WARNING: Unsupported expression type for FBBT: <class
'pyomo.dae.integral.ScalarIntegral'>. Bounds will not be improved in this part
of the tree.
WARNING: Unsupported expression type for FBBT: <class
'pyomo.dae.integral.ScalarIntegral'>. Bounds will not be improved in this part
of the tree.
WARNING: Unsupported expression type for FBBT: <class
'pyomo.dae.integral.ScalarIntegral'>. Bounds will not be improved in this part
of the tree.
WARNING: Unsupported expression type for FBBT: <class
'pyomo.dae.integral.ScalarIntegral'>. Bounds will not be improved in this part
of the tree.
WARNING: Unsupported expression type for FBBT: <class
'pyomo.dae.integral.ScalarIntegral'>. Bounds will not be improved in this part
of the tree.
WARNING: Unsupported expression type for FBBT: <class
'pyomo.dae.integral.ScalarIntegral'>. Bounds will not be improved in this part
of the tree.
WARNING: Unsupported expression type for FBBT: <class
'pyomo.dae.integral.ScalarIntegral'>. Bounds will not be improved in this part
of the tree.
WARNING: Unsupported expression type for FBBT: <class
'pyomo.dae.integral.ScalarIntegral'>. Bounds will not be improved in this part
of the tree.
WARNING: Unsupported expression type for FBBT: <class
'pyomo.dae.integral.ScalarIntegral'>. Bounds will not be improved in this part
of the tree.
WARNING: Unsupported expression type for FBBT: <class
'pyomo.dae.integral.ScalarIntegral'>. Bounds will not be improved in this part
of the tree.
WARNING: Unsupported expression type for FBBT: <class
'pyomo.dae.integral.ScalarIntegral'>. Bounds will not be improved in this part
of the tree.
WARNING: Unsupported expression type for FBBT: <class
'pyomo.dae.integral.ScalarIntegral'>. Bounds will not be improved in this part
of the tree.
WARNING: Unsupported expression type for FBBT: <class
'pyomo.dae.integral.ScalarIntegral'>. Bounds will not be improved in this part
of the tree.
WARNING: Unsupported expression type for FBBT: <class
'pyomo.dae.integral.ScalarIntegral'>. Bounds will not be improved in this part
of the tree.
WARNING: Unsupported expression type for FBBT: <class
'pyomo.dae.integral.ScalarIntegral'>. Bounds will not be improved in this part
of the tree.
WARNING: Unsupported expression type for FBBT: <class
'pyomo.dae.integral.ScalarIntegral'>. Bounds will not be improved in this part
of the tree.
WARNING: Unsupported expression type for FBBT: <class
'pyomo.dae.integral.ScalarIntegral'>. Bounds will not be improved in this part
of the tree.
WARNING: Unsupported expression type for FBBT: <class
'pyomo.dae.integral.ScalarIntegral'>. Bounds will not be improved in this part
of the tree.
WARNING: Unsupported expression type for FBBT: <class
'pyomo.dae.integral.ScalarIntegral'>. Bounds will not be improved in this part
of the tree.
WARNING: Unsupported expression type for FBBT: <class
'pyomo.dae.integral.ScalarIntegral'>. Bounds will not be improved in this part
of the tree.
WARNING: Unsupported expression type for FBBT: <class
'pyomo.dae.integral.ScalarIntegral'>. Bounds will not be improved in this part
of the tree.
WARNING: Unsupported expression type for FBBT: <class
'pyomo.dae.integral.ScalarIntegral'>. Bounds will not be improved in this part
of the tree.
WARNING: Unsupported expression type for FBBT: <class
'pyomo.dae.integral.ScalarIntegral'>. Bounds will not be improved in this part
of the tree.
WARNING: Unsupported expression type for FBBT: <class
'pyomo.dae.integral.ScalarIntegral'>. Bounds will not be improved in this part
of the tree.
WARNING: Unsupported expression type for FBBT: <class
'pyomo.dae.integral.ScalarIntegral'>. Bounds will not be improved in this part
of the tree.
        0        subproblem          -inf     -23.30469       inf%      2.61  
WARNING: Unsupported expression type for FBBT: <class
'pyomo.dae.integral.ScalarIntegral'>. Bounds will not be improved in this part
of the tree.
WARNING: Unsupported expression type for FBBT: <class
'pyomo.dae.integral.ScalarIntegral'>. Bounds will not be improved in this part
of the tree.
WARNING: Unsupported expression type for FBBT: <class
'pyomo.dae.integral.ScalarIntegral'>. Bounds will not be improved in this part
of the tree.
WARNING: Unsupported expression type for FBBT: <class
'pyomo.dae.integral.ScalarIntegral'>. Bounds will not be improved in this part
of the tree.
WARNING: Unsupported expression type for FBBT: <class
'pyomo.dae.integral.ScalarIntegral'>. Bounds will not be improved in this part
of the tree.
WARNING: Unsupported expression type for FBBT: <class
'pyomo.dae.integral.ScalarIntegral'>. Bounds will not be improved in this part
of the tree.
WARNING: Unsupported expression type for FBBT: <class
'pyomo.dae.integral.ScalarIntegral'>. Bounds will not be improved in this part
of the tree.
WARNING: Unsupported expression type for FBBT: <class
'pyomo.dae.integral.ScalarIntegral'>. Bounds will not be improved in this part
of the tree.
WARNING: Unsupported expression type for FBBT: <class
'pyomo.dae.integral.ScalarIntegral'>. Bounds will not be improved in this part
of the tree.
WARNING: Unsupported expression type for FBBT: <class
'pyomo.dae.integral.ScalarIntegral'>. Bounds will not be improved in this part
of the tree.
WARNING: Unsupported expression type for FBBT: <class
'pyomo.dae.integral.ScalarIntegral'>. Bounds will not be improved in this part
of the tree.
WARNING: Unsupported expression type for FBBT: <class
'pyomo.dae.integral.ScalarIntegral'>. Bounds will not be improved in this part
of the tree.
WARNING: Unsupported expression type for FBBT: <class
'pyomo.dae.integral.ScalarIntegral'>. Bounds will not be improved in this part
of the tree.
WARNING: Unsupported expression type for FBBT: <class
'pyomo.dae.integral.ScalarIntegral'>. Bounds will not be improved in this part
of the tree.
WARNING: Unsupported expression type for FBBT: <class
'pyomo.dae.integral.ScalarIntegral'>. Bounds will not be improved in this part
of the tree.
WARNING: Unsupported expression type for FBBT: <class
'pyomo.dae.integral.ScalarIntegral'>. Bounds will not be improved in this part
of the tree.
WARNING: Unsupported expression type for FBBT: <class
'pyomo.dae.integral.ScalarIntegral'>. Bounds will not be improved in this part
of the tree.
WARNING: Unsupported expression type for FBBT: <class
'pyomo.dae.integral.ScalarIntegral'>. Bounds will not be improved in this part
of the tree.
WARNING: Unsupported expression type for FBBT: <class
'pyomo.dae.integral.ScalarIntegral'>. Bounds will not be improved in this part
of the tree.
WARNING: Unsupported expression type for FBBT: <class
'pyomo.dae.integral.ScalarIntegral'>. Bounds will not be improved in this part
of the tree.
WARNING: Unsupported expression type for FBBT: <class
'pyomo.dae.integral.ScalarIntegral'>. Bounds will not be improved in this part
of the tree.
WARNING: Unsupported expression type for FBBT: <class
'pyomo.dae.integral.ScalarIntegral'>. Bounds will not be improved in this part
of the tree.
WARNING: Unsupported expression type for FBBT: <class
'pyomo.dae.integral.ScalarIntegral'>. Bounds will not be improved in this part
of the tree.
WARNING: Unsupported expression type for FBBT: <class
'pyomo.dae.integral.ScalarIntegral'>. Bounds will not be improved in this part
of the tree.
WARNING: Unsupported expression type for FBBT: <class
'pyomo.dae.integral.ScalarIntegral'>. Bounds will not be improved in this part
of the tree.
WARNING: Unsupported expression type for FBBT: <class
'pyomo.dae.integral.ScalarIntegral'>. Bounds will not be improved in this part
of the tree.
WARNING: Unsupported expression type for FBBT: <class
'pyomo.dae.integral.ScalarIntegral'>. Bounds will not be improved in this part
of the tree.
WARNING: Unsupported expression type for FBBT: <class
'pyomo.dae.integral.ScalarIntegral'>. Bounds will not be improved in this part
of the tree.
WARNING: Unsupported expression type for FBBT: <class
'pyomo.dae.integral.ScalarIntegral'>. Bounds will not be improved in this part
of the tree.
WARNING: Unsupported expression type for FBBT: <class
'pyomo.dae.integral.ScalarIntegral'>. Bounds will not be improved in this part
of the tree.
WARNING: Unsupported expression type for FBBT: <class
'pyomo.dae.integral.ScalarIntegral'>. Bounds will not be improved in this part
of the tree.
WARNING: Unsupported expression type for FBBT: <class
'pyomo.dae.integral.ScalarIntegral'>. Bounds will not be improved in this part
of the tree.
WARNING: Unsupported expression type for FBBT: <class
'pyomo.dae.integral.ScalarIntegral'>. Bounds will not be improved in this part
of the tree.
WARNING: Unsupported expression type for FBBT: <class
'pyomo.dae.integral.ScalarIntegral'>. Bounds will not be improved in this part
of the tree.
WARNING: Unsupported expression type for FBBT: <class
'pyomo.dae.integral.ScalarIntegral'>. Bounds will not be improved in this part
of the tree.
WARNING: Unsupported expression type for FBBT: <class
'pyomo.dae.integral.ScalarIntegral'>. Bounds will not be improved in this part
of the tree.
WARNING: Unsupported expression type for FBBT: <class
'pyomo.dae.integral.ScalarIntegral'>. Bounds will not be improved in this part
of the tree.
WARNING: Unsupported expression type for FBBT: <class
'pyomo.dae.integral.ScalarIntegral'>. Bounds will not be improved in this part
of the tree.
WARNING: Unsupported expression type for FBBT: <class
'pyomo.dae.integral.ScalarIntegral'>. Bounds will not be improved in this part
of the tree.
WARNING: Unsupported expression type for FBBT: <class
'pyomo.dae.integral.ScalarIntegral'>. Bounds will not be improved in this part
of the tree.
WARNING: Unsupported expression type for FBBT: <class
'pyomo.dae.integral.ScalarIntegral'>. Bounds will not be improved in this part
of the tree.
WARNING: Unsupported expression type for FBBT: <class
'pyomo.dae.integral.ScalarIntegral'>. Bounds will not be improved in this part
of the tree.
WARNING: Unsupported expression type for FBBT: <class
'pyomo.dae.integral.ScalarIntegral'>. Bounds will not be improved in this part
of the tree.
WARNING: Unsupported expression type for FBBT: <class
'pyomo.dae.integral.ScalarIntegral'>. Bounds will not be improved in this part
of the tree.
WARNING: Unsupported expression type for FBBT: <class
'pyomo.dae.integral.ScalarIntegral'>. Bounds will not be improved in this part
of the tree.
WARNING: Unsupported expression type for FBBT: <class
'pyomo.dae.integral.ScalarIntegral'>. Bounds will not be improved in this part
of the tree.
WARNING: Unsupported expression type for FBBT: <class
'pyomo.dae.integral.ScalarIntegral'>. Bounds will not be improved in this part
of the tree.
WARNING: Unsupported expression type for FBBT: <class
'pyomo.dae.integral.ScalarIntegral'>. Bounds will not be improved in this part
of the tree.
WARNING: Unsupported expression type for FBBT: <class
'pyomo.dae.integral.ScalarIntegral'>. Bounds will not be improved in this part
of the tree.
WARNING: Unsupported expression type for FBBT: <class
'pyomo.dae.integral.ScalarIntegral'>. Bounds will not be improved in this part
of the tree.
WARNING: Unsupported expression type for FBBT: <class
'pyomo.dae.integral.ScalarIntegral'>. Bounds will not be improved in this part
of the tree.
WARNING: Unsupported expression type for FBBT: <class
'pyomo.dae.integral.ScalarIntegral'>. Bounds will not be improved in this part
of the tree.
WARNING: Unsupported expression type for FBBT: <class
'pyomo.dae.integral.ScalarIntegral'>. Bounds will not be improved in this part
of the tree.
WARNING: Unsupported expression type for FBBT: <class
'pyomo.dae.integral.ScalarIntegral'>. Bounds will not be improved in this part
of the tree.
WARNING: Unsupported expression type for FBBT: <class
'pyomo.dae.integral.ScalarIntegral'>. Bounds will not be improved in this part
of the tree.
WARNING: Unsupported expression type for FBBT: <class
'pyomo.dae.integral.ScalarIntegral'>. Bounds will not be improved in this part
of the tree.
WARNING: Unsupported expression type for FBBT: <class
'pyomo.dae.integral.ScalarIntegral'>. Bounds will not be improved in this part
of the tree.
WARNING: Unsupported expression type for FBBT: <class
'pyomo.dae.integral.ScalarIntegral'>. Bounds will not be improved in this part
of the tree.
WARNING: Unsupported expression type for FBBT: <class
'pyomo.dae.integral.ScalarIntegral'>. Bounds will not be improved in this part
of the tree.
WARNING: Unsupported expression type for FBBT: <class
'pyomo.dae.integral.ScalarIntegral'>. Bounds will not be improved in this part
of the tree.
        0        subproblem          -inf     -23.30469       inf%      4.41  
WARNING: Unsupported expression type for FBBT: <class
'pyomo.dae.integral.ScalarIntegral'>. Bounds will not be improved in this part
of the tree.
WARNING: Unsupported expression type for FBBT: <class
'pyomo.dae.integral.ScalarIntegral'>. Bounds will not be improved in this part
of the tree.
WARNING: Unsupported expression type for FBBT: <class
'pyomo.dae.integral.ScalarIntegral'>. Bounds will not be improved in this part
of the tree.
WARNING: Unsupported expression type for FBBT: <class
'pyomo.dae.integral.ScalarIntegral'>. Bounds will not be improved in this part
of the tree.
WARNING: Unsupported expression type for FBBT: <class
'pyomo.dae.integral.ScalarIntegral'>. Bounds will not be improved in this part
of the tree.
WARNING: Unsupported expression type for FBBT: <class
'pyomo.dae.integral.ScalarIntegral'>. Bounds will not be improved in this part
of the tree.
WARNING: Unsupported expression type for FBBT: <class
'pyomo.dae.integral.ScalarIntegral'>. Bounds will not be improved in this part
of the tree.
WARNING: Unsupported expression type for FBBT: <class
'pyomo.dae.integral.ScalarIntegral'>. Bounds will not be improved in this part
of the tree.
WARNING: Unsupported expression type for FBBT: <class
'pyomo.dae.integral.ScalarIntegral'>. Bounds will not be improved in this part
of the tree.
WARNING: Unsupported expression type for FBBT: <class
'pyomo.dae.integral.ScalarIntegral'>. Bounds will not be improved in this part
of the tree.
WARNING: Unsupported expression type for FBBT: <class
'pyomo.dae.integral.ScalarIntegral'>. Bounds will not be improved in this part
of the tree.
WARNING: Unsupported expression type for FBBT: <class
'pyomo.dae.integral.ScalarIntegral'>. Bounds will not be improved in this part
of the tree.
WARNING: Unsupported expression type for FBBT: <class
'pyomo.dae.integral.ScalarIntegral'>. Bounds will not be improved in this part
of the tree.
WARNING: Unsupported expression type for FBBT: <class
'pyomo.dae.integral.ScalarIntegral'>. Bounds will not be improved in this part
of the tree.
WARNING: Unsupported expression type for FBBT: <class
'pyomo.dae.integral.ScalarIntegral'>. Bounds will not be improved in this part
of the tree.
WARNING: Unsupported expression type for FBBT: <class
'pyomo.dae.integral.ScalarIntegral'>. Bounds will not be improved in this part
of the tree.
WARNING: Unsupported expression type for FBBT: <class
'pyomo.dae.integral.ScalarIntegral'>. Bounds will not be improved in this part
of the tree.
WARNING: Unsupported expression type for FBBT: <class
'pyomo.dae.integral.ScalarIntegral'>. Bounds will not be improved in this part
of the tree.
WARNING: Unsupported expression type for FBBT: <class
'pyomo.dae.integral.ScalarIntegral'>. Bounds will not be improved in this part
of the tree.
WARNING: Unsupported expression type for FBBT: <class
'pyomo.dae.integral.ScalarIntegral'>. Bounds will not be improved in this part
of the tree.
WARNING: Unsupported expression type for FBBT: <class
'pyomo.dae.integral.ScalarIntegral'>. Bounds will not be improved in this part
of the tree.
WARNING: Unsupported expression type for FBBT: <class
'pyomo.dae.integral.ScalarIntegral'>. Bounds will not be improved in this part
of the tree.
WARNING: Unsupported expression type for FBBT: <class
'pyomo.dae.integral.ScalarIntegral'>. Bounds will not be improved in this part
of the tree.
WARNING: Unsupported expression type for FBBT: <class
'pyomo.dae.integral.ScalarIntegral'>. Bounds will not be improved in this part
of the tree.
WARNING: Unsupported expression type for FBBT: <class
'pyomo.dae.integral.ScalarIntegral'>. Bounds will not be improved in this part
of the tree.
WARNING: Unsupported expression type for FBBT: <class
'pyomo.dae.integral.ScalarIntegral'>. Bounds will not be improved in this part
of the tree.
WARNING: Unsupported expression type for FBBT: <class
'pyomo.dae.integral.ScalarIntegral'>. Bounds will not be improved in this part
of the tree.
WARNING: Unsupported expression type for FBBT: <class
'pyomo.dae.integral.ScalarIntegral'>. Bounds will not be improved in this part
of the tree.
WARNING: Unsupported expression type for FBBT: <class
'pyomo.dae.integral.ScalarIntegral'>. Bounds will not be improved in this part
of the tree.
WARNING: Unsupported expression type for FBBT: <class
'pyomo.dae.integral.ScalarIntegral'>. Bounds will not be improved in this part
of the tree.
WARNING: Unsupported expression type for FBBT: <class
'pyomo.dae.integral.ScalarIntegral'>. Bounds will not be improved in this part
of the tree.
WARNING: Unsupported expression type for FBBT: <class
'pyomo.dae.integral.ScalarIntegral'>. Bounds will not be improved in this part
of the tree.
WARNING: Unsupported expression type for FBBT: <class
'pyomo.dae.integral.ScalarIntegral'>. Bounds will not be improved in this part
of the tree.
WARNING: Unsupported expression type for FBBT: <class
'pyomo.dae.integral.ScalarIntegral'>. Bounds will not be improved in this part
of the tree.
WARNING: Unsupported expression type for FBBT: <class
'pyomo.dae.integral.ScalarIntegral'>. Bounds will not be improved in this part
of the tree.
WARNING: Unsupported expression type for FBBT: <class
'pyomo.dae.integral.ScalarIntegral'>. Bounds will not be improved in this part
of the tree.
WARNING: Unsupported expression type for FBBT: <class
'pyomo.dae.integral.ScalarIntegral'>. Bounds will not be improved in this part
of the tree.
WARNING: Unsupported expression type for FBBT: <class
'pyomo.dae.integral.ScalarIntegral'>. Bounds will not be improved in this part
of the tree.
WARNING: Unsupported expression type for FBBT: <class
'pyomo.dae.integral.ScalarIntegral'>. Bounds will not be improved in this part
of the tree.
WARNING: Unsupported expression type for FBBT: <class
'pyomo.dae.integral.ScalarIntegral'>. Bounds will not be improved in this part
of the tree.
WARNING: Unsupported expression type for FBBT: <class
'pyomo.dae.integral.ScalarIntegral'>. Bounds will not be improved in this part
of the tree.
WARNING: Unsupported expression type for FBBT: <class
'pyomo.dae.integral.ScalarIntegral'>. Bounds will not be improved in this part
of the tree.
WARNING: Unsupported expression type for FBBT: <class
'pyomo.dae.integral.ScalarIntegral'>. Bounds will not be improved in this part
of the tree.
WARNING: Unsupported expression type for FBBT: <class
'pyomo.dae.integral.ScalarIntegral'>. Bounds will not be improved in this part
of the tree.
WARNING: Unsupported expression type for FBBT: <class
'pyomo.dae.integral.ScalarIntegral'>. Bounds will not be improved in this part
of the tree.
WARNING: Unsupported expression type for FBBT: <class
'pyomo.dae.integral.ScalarIntegral'>. Bounds will not be improved in this part
of the tree.
WARNING: Unsupported expression type for FBBT: <class
'pyomo.dae.integral.ScalarIntegral'>. Bounds will not be improved in this part
of the tree.
WARNING: Unsupported expression type for FBBT: <class
'pyomo.dae.integral.ScalarIntegral'>. Bounds will not be improved in this part
of the tree.
WARNING: Unsupported expression type for FBBT: <class
'pyomo.dae.integral.ScalarIntegral'>. Bounds will not be improved in this part
of the tree.
WARNING: Unsupported expression type for FBBT: <class
'pyomo.dae.integral.ScalarIntegral'>. Bounds will not be improved in this part
of the tree.
WARNING: Unsupported expression type for FBBT: <class
'pyomo.dae.integral.ScalarIntegral'>. Bounds will not be improved in this part
of the tree.
WARNING: Unsupported expression type for FBBT: <class
'pyomo.dae.integral.ScalarIntegral'>. Bounds will not be improved in this part
of the tree.
WARNING: Unsupported expression type for FBBT: <class
'pyomo.dae.integral.ScalarIntegral'>. Bounds will not be improved in this part
of the tree.
WARNING: Unsupported expression type for FBBT: <class
'pyomo.dae.integral.ScalarIntegral'>. Bounds will not be improved in this part
of the tree.
WARNING: Unsupported expression type for FBBT: <class
'pyomo.dae.integral.ScalarIntegral'>. Bounds will not be improved in this part
of the tree.
WARNING: Unsupported expression type for FBBT: <class
'pyomo.dae.integral.ScalarIntegral'>. Bounds will not be improved in this part
of the tree.
WARNING: Unsupported expression type for FBBT: <class
'pyomo.dae.integral.ScalarIntegral'>. Bounds will not be improved in this part
of the tree.
WARNING: Unsupported expression type for FBBT: <class
'pyomo.dae.integral.ScalarIntegral'>. Bounds will not be improved in this part
of the tree.
WARNING: Unsupported expression type for FBBT: <class
'pyomo.dae.integral.ScalarIntegral'>. Bounds will not be improved in this part
of the tree.
WARNING: Unsupported expression type for FBBT: <class
'pyomo.dae.integral.ScalarIntegral'>. Bounds will not be improved in this part
of the tree.
        0        subproblem          -inf     -23.30469       inf%      6.25  
WARNING: Unsupported expression type for FBBT: <class
'pyomo.dae.integral.ScalarIntegral'>. Bounds will not be improved in this part
of the tree.
WARNING: Unsupported expression type for FBBT: <class
'pyomo.dae.integral.ScalarIntegral'>. Bounds will not be improved in this part
of the tree.
WARNING: Unsupported expression type for FBBT: <class
'pyomo.dae.integral.ScalarIntegral'>. Bounds will not be improved in this part
of the tree.
WARNING: Unsupported expression type for FBBT: <class
'pyomo.dae.integral.ScalarIntegral'>. Bounds will not be improved in this part
of the tree.
WARNING: Unsupported expression type for FBBT: <class
'pyomo.dae.integral.ScalarIntegral'>. Bounds will not be improved in this part
of the tree.
WARNING: Unsupported expression type for FBBT: <class
'pyomo.dae.integral.ScalarIntegral'>. Bounds will not be improved in this part
of the tree.
WARNING: Unsupported expression type for FBBT: <class
'pyomo.dae.integral.ScalarIntegral'>. Bounds will not be improved in this part
of the tree.
WARNING: Unsupported expression type for FBBT: <class
'pyomo.dae.integral.ScalarIntegral'>. Bounds will not be improved in this part
of the tree.
WARNING: Unsupported expression type for FBBT: <class
'pyomo.dae.integral.ScalarIntegral'>. Bounds will not be improved in this part
of the tree.
WARNING: Unsupported expression type for FBBT: <class
'pyomo.dae.integral.ScalarIntegral'>. Bounds will not be improved in this part
of the tree.
WARNING: Unsupported expression type for FBBT: <class
'pyomo.dae.integral.ScalarIntegral'>. Bounds will not be improved in this part
of the tree.
WARNING: Unsupported expression type for FBBT: <class
'pyomo.dae.integral.ScalarIntegral'>. Bounds will not be improved in this part
of the tree.
WARNING: Unsupported expression type for FBBT: <class
'pyomo.dae.integral.ScalarIntegral'>. Bounds will not be improved in this part
of the tree.
WARNING: Unsupported expression type for FBBT: <class
'pyomo.dae.integral.ScalarIntegral'>. Bounds will not be improved in this part
of the tree.
WARNING: Unsupported expression type for FBBT: <class
'pyomo.dae.integral.ScalarIntegral'>. Bounds will not be improved in this part
of the tree.
WARNING: Unsupported expression type for FBBT: <class
'pyomo.dae.integral.ScalarIntegral'>. Bounds will not be improved in this part
of the tree.
WARNING: Unsupported expression type for FBBT: <class
'pyomo.dae.integral.ScalarIntegral'>. Bounds will not be improved in this part
of the tree.
WARNING: Unsupported expression type for FBBT: <class
'pyomo.dae.integral.ScalarIntegral'>. Bounds will not be improved in this part
of the tree.
WARNING: Unsupported expression type for FBBT: <class
'pyomo.dae.integral.ScalarIntegral'>. Bounds will not be improved in this part
of the tree.
WARNING: Unsupported expression type for FBBT: <class
'pyomo.dae.integral.ScalarIntegral'>. Bounds will not be improved in this part
of the tree.
WARNING: Unsupported expression type for FBBT: <class
'pyomo.dae.integral.ScalarIntegral'>. Bounds will not be improved in this part
of the tree.
WARNING: Unsupported expression type for FBBT: <class
'pyomo.dae.integral.ScalarIntegral'>. Bounds will not be improved in this part
of the tree.
WARNING: Unsupported expression type for FBBT: <class
'pyomo.dae.integral.ScalarIntegral'>. Bounds will not be improved in this part
of the tree.
WARNING: Unsupported expression type for FBBT: <class
'pyomo.dae.integral.ScalarIntegral'>. Bounds will not be improved in this part
of the tree.
WARNING: Unsupported expression type for FBBT: <class
'pyomo.dae.integral.ScalarIntegral'>. Bounds will not be improved in this part
of the tree.
WARNING: Unsupported expression type for FBBT: <class
'pyomo.dae.integral.ScalarIntegral'>. Bounds will not be improved in this part
of the tree.
WARNING: Unsupported expression type for FBBT: <class
'pyomo.dae.integral.ScalarIntegral'>. Bounds will not be improved in this part
of the tree.
WARNING: Unsupported expression type for FBBT: <class
'pyomo.dae.integral.ScalarIntegral'>. Bounds will not be improved in this part
of the tree.
WARNING: Unsupported expression type for FBBT: <class
'pyomo.dae.integral.ScalarIntegral'>. Bounds will not be improved in this part
of the tree.
WARNING: Unsupported expression type for FBBT: <class
'pyomo.dae.integral.ScalarIntegral'>. Bounds will not be improved in this part
of the tree.
WARNING: Unsupported expression type for FBBT: <class
'pyomo.dae.integral.ScalarIntegral'>. Bounds will not be improved in this part
of the tree.
WARNING: Unsupported expression type for FBBT: <class
'pyomo.dae.integral.ScalarIntegral'>. Bounds will not be improved in this part
of the tree.
WARNING: Unsupported expression type for FBBT: <class
'pyomo.dae.integral.ScalarIntegral'>. Bounds will not be improved in this part
of the tree.
WARNING: Unsupported expression type for FBBT: <class
'pyomo.dae.integral.ScalarIntegral'>. Bounds will not be improved in this part
of the tree.
WARNING: Unsupported expression type for FBBT: <class
'pyomo.dae.integral.ScalarIntegral'>. Bounds will not be improved in this part
of the tree.
WARNING: Unsupported expression type for FBBT: <class
'pyomo.dae.integral.ScalarIntegral'>. Bounds will not be improved in this part
of the tree.
WARNING: Unsupported expression type for FBBT: <class
'pyomo.dae.integral.ScalarIntegral'>. Bounds will not be improved in this part
of the tree.
WARNING: Unsupported expression type for FBBT: <class
'pyomo.dae.integral.ScalarIntegral'>. Bounds will not be improved in this part
of the tree.
WARNING: Unsupported expression type for FBBT: <class
'pyomo.dae.integral.ScalarIntegral'>. Bounds will not be improved in this part
of the tree.
WARNING: Unsupported expression type for FBBT: <class
'pyomo.dae.integral.ScalarIntegral'>. Bounds will not be improved in this part
of the tree.
WARNING: Unsupported expression type for FBBT: <class
'pyomo.dae.integral.ScalarIntegral'>. Bounds will not be improved in this part
of the tree.
WARNING: Unsupported expression type for FBBT: <class
'pyomo.dae.integral.ScalarIntegral'>. Bounds will not be improved in this part
of the tree.
WARNING: Unsupported expression type for FBBT: <class
'pyomo.dae.integral.ScalarIntegral'>. Bounds will not be improved in this part
of the tree.
WARNING: Unsupported expression type for FBBT: <class
'pyomo.dae.integral.ScalarIntegral'>. Bounds will not be improved in this part
of the tree.
WARNING: Unsupported expression type for FBBT: <class
'pyomo.dae.integral.ScalarIntegral'>. Bounds will not be improved in this part
of the tree.
WARNING: Unsupported expression type for FBBT: <class
'pyomo.dae.integral.ScalarIntegral'>. Bounds will not be improved in this part
of the tree.
WARNING: Unsupported expression type for FBBT: <class
'pyomo.dae.integral.ScalarIntegral'>. Bounds will not be improved in this part
of the tree.
WARNING: Unsupported expression type for FBBT: <class
'pyomo.dae.integral.ScalarIntegral'>. Bounds will not be improved in this part
of the tree.
WARNING: Unsupported expression type for FBBT: <class
'pyomo.dae.integral.ScalarIntegral'>. Bounds will not be improved in this part
of the tree.
WARNING: Unsupported expression type for FBBT: <class
'pyomo.dae.integral.ScalarIntegral'>. Bounds will not be improved in this part
of the tree.
WARNING: Unsupported expression type for FBBT: <class
'pyomo.dae.integral.ScalarIntegral'>. Bounds will not be improved in this part
of the tree.
WARNING: Unsupported expression type for FBBT: <class
'pyomo.dae.integral.ScalarIntegral'>. Bounds will not be improved in this part
of the tree.
WARNING: Unsupported expression type for FBBT: <class
'pyomo.dae.integral.ScalarIntegral'>. Bounds will not be improved in this part
of the tree.
WARNING: Unsupported expression type for FBBT: <class
'pyomo.dae.integral.ScalarIntegral'>. Bounds will not be improved in this part
of the tree.
WARNING: Unsupported expression type for FBBT: <class
'pyomo.dae.integral.ScalarIntegral'>. Bounds will not be improved in this part
of the tree.
WARNING: Unsupported expression type for FBBT: <class
'pyomo.dae.integral.ScalarIntegral'>. Bounds will not be improved in this part
of the tree.
WARNING: Unsupported expression type for FBBT: <class
'pyomo.dae.integral.ScalarIntegral'>. Bounds will not be improved in this part
of the tree.
WARNING: Unsupported expression type for FBBT: <class
'pyomo.dae.integral.ScalarIntegral'>. Bounds will not be improved in this part
of the tree.
WARNING: Unsupported expression type for FBBT: <class
'pyomo.dae.integral.ScalarIntegral'>. Bounds will not be improved in this part
of the tree.
WARNING: Unsupported expression type for FBBT: <class
'pyomo.dae.integral.ScalarIntegral'>. Bounds will not be improved in this part
of the tree.
        0        subproblem          -inf     -23.30469       inf%      8.15  
WARNING: Unsupported expression type for FBBT: <class
'pyomo.dae.integral.ScalarIntegral'>. Bounds will not be improved in this part
of the tree.
WARNING: Unsupported expression type for FBBT: <class
'pyomo.dae.integral.ScalarIntegral'>. Bounds will not be improved in this part
of the tree.
WARNING: Unsupported expression type for FBBT: <class
'pyomo.dae.integral.ScalarIntegral'>. Bounds will not be improved in this part
of the tree.
WARNING: Unsupported expression type for FBBT: <class
'pyomo.dae.integral.ScalarIntegral'>. Bounds will not be improved in this part
of the tree.
WARNING: Unsupported expression type for FBBT: <class
'pyomo.dae.integral.ScalarIntegral'>. Bounds will not be improved in this part
of the tree.
WARNING: Unsupported expression type for FBBT: <class
'pyomo.dae.integral.ScalarIntegral'>. Bounds will not be improved in this part
of the tree.
WARNING: Unsupported expression type for FBBT: <class
'pyomo.dae.integral.ScalarIntegral'>. Bounds will not be improved in this part
of the tree.
WARNING: Unsupported expression type for FBBT: <class
'pyomo.dae.integral.ScalarIntegral'>. Bounds will not be improved in this part
of the tree.
WARNING: Unsupported expression type for FBBT: <class
'pyomo.dae.integral.ScalarIntegral'>. Bounds will not be improved in this part
of the tree.
WARNING: Unsupported expression type for FBBT: <class
'pyomo.dae.integral.ScalarIntegral'>. Bounds will not be improved in this part
of the tree.
WARNING: Unsupported expression type for FBBT: <class
'pyomo.dae.integral.ScalarIntegral'>. Bounds will not be improved in this part
of the tree.
WARNING: Unsupported expression type for FBBT: <class
'pyomo.dae.integral.ScalarIntegral'>. Bounds will not be improved in this part
of the tree.
WARNING: Unsupported expression type for FBBT: <class
'pyomo.dae.integral.ScalarIntegral'>. Bounds will not be improved in this part
of the tree.
WARNING: Unsupported expression type for FBBT: <class
'pyomo.dae.integral.ScalarIntegral'>. Bounds will not be improved in this part
of the tree.
WARNING: Unsupported expression type for FBBT: <class
'pyomo.dae.integral.ScalarIntegral'>. Bounds will not be improved in this part
of the tree.
WARNING: Unsupported expression type for FBBT: <class
'pyomo.dae.integral.ScalarIntegral'>. Bounds will not be improved in this part
of the tree.
WARNING: Unsupported expression type for FBBT: <class
'pyomo.dae.integral.ScalarIntegral'>. Bounds will not be improved in this part
of the tree.
WARNING: Unsupported expression type for FBBT: <class
'pyomo.dae.integral.ScalarIntegral'>. Bounds will not be improved in this part
of the tree.
WARNING: Unsupported expression type for FBBT: <class
'pyomo.dae.integral.ScalarIntegral'>. Bounds will not be improved in this part
of the tree.
WARNING: Unsupported expression type for FBBT: <class
'pyomo.dae.integral.ScalarIntegral'>. Bounds will not be improved in this part
of the tree.
WARNING: Unsupported expression type for FBBT: <class
'pyomo.dae.integral.ScalarIntegral'>. Bounds will not be improved in this part
of the tree.
WARNING: Unsupported expression type for FBBT: <class
'pyomo.dae.integral.ScalarIntegral'>. Bounds will not be improved in this part
of the tree.
WARNING: Unsupported expression type for FBBT: <class
'pyomo.dae.integral.ScalarIntegral'>. Bounds will not be improved in this part
of the tree.
WARNING: Unsupported expression type for FBBT: <class
'pyomo.dae.integral.ScalarIntegral'>. Bounds will not be improved in this part
of the tree.
WARNING: Unsupported expression type for FBBT: <class
'pyomo.dae.integral.ScalarIntegral'>. Bounds will not be improved in this part
of the tree.
WARNING: Unsupported expression type for FBBT: <class
'pyomo.dae.integral.ScalarIntegral'>. Bounds will not be improved in this part
of the tree.
WARNING: Unsupported expression type for FBBT: <class
'pyomo.dae.integral.ScalarIntegral'>. Bounds will not be improved in this part
of the tree.
WARNING: Unsupported expression type for FBBT: <class
'pyomo.dae.integral.ScalarIntegral'>. Bounds will not be improved in this part
of the tree.
WARNING: Unsupported expression type for FBBT: <class
'pyomo.dae.integral.ScalarIntegral'>. Bounds will not be improved in this part
of the tree.
WARNING: Unsupported expression type for FBBT: <class
'pyomo.dae.integral.ScalarIntegral'>. Bounds will not be improved in this part
of the tree.
WARNING: Unsupported expression type for FBBT: <class
'pyomo.dae.integral.ScalarIntegral'>. Bounds will not be improved in this part
of the tree.
WARNING: Unsupported expression type for FBBT: <class
'pyomo.dae.integral.ScalarIntegral'>. Bounds will not be improved in this part
of the tree.
WARNING: Unsupported expression type for FBBT: <class
'pyomo.dae.integral.ScalarIntegral'>. Bounds will not be improved in this part
of the tree.
WARNING: Unsupported expression type for FBBT: <class
'pyomo.dae.integral.ScalarIntegral'>. Bounds will not be improved in this part
of the tree.
WARNING: Unsupported expression type for FBBT: <class
'pyomo.dae.integral.ScalarIntegral'>. Bounds will not be improved in this part
of the tree.
WARNING: Unsupported expression type for FBBT: <class
'pyomo.dae.integral.ScalarIntegral'>. Bounds will not be improved in this part
of the tree.
WARNING: Unsupported expression type for FBBT: <class
'pyomo.dae.integral.ScalarIntegral'>. Bounds will not be improved in this part
of the tree.
WARNING: Unsupported expression type for FBBT: <class
'pyomo.dae.integral.ScalarIntegral'>. Bounds will not be improved in this part
of the tree.
WARNING: Unsupported expression type for FBBT: <class
'pyomo.dae.integral.ScalarIntegral'>. Bounds will not be improved in this part
of the tree.
WARNING: Unsupported expression type for FBBT: <class
'pyomo.dae.integral.ScalarIntegral'>. Bounds will not be improved in this part
of the tree.
WARNING: Unsupported expression type for FBBT: <class
'pyomo.dae.integral.ScalarIntegral'>. Bounds will not be improved in this part
of the tree.
WARNING: Unsupported expression type for FBBT: <class
'pyomo.dae.integral.ScalarIntegral'>. Bounds will not be improved in this part
of the tree.
WARNING: Unsupported expression type for FBBT: <class
'pyomo.dae.integral.ScalarIntegral'>. Bounds will not be improved in this part
of the tree.
WARNING: Unsupported expression type for FBBT: <class
'pyomo.dae.integral.ScalarIntegral'>. Bounds will not be improved in this part
of the tree.
WARNING: Unsupported expression type for FBBT: <class
'pyomo.dae.integral.ScalarIntegral'>. Bounds will not be improved in this part
of the tree.
WARNING: Unsupported expression type for FBBT: <class
'pyomo.dae.integral.ScalarIntegral'>. Bounds will not be improved in this part
of the tree.
WARNING: Unsupported expression type for FBBT: <class
'pyomo.dae.integral.ScalarIntegral'>. Bounds will not be improved in this part
of the tree.
WARNING: Unsupported expression type for FBBT: <class
'pyomo.dae.integral.ScalarIntegral'>. Bounds will not be improved in this part
of the tree.
WARNING: Unsupported expression type for FBBT: <class
'pyomo.dae.integral.ScalarIntegral'>. Bounds will not be improved in this part
of the tree.
WARNING: Unsupported expression type for FBBT: <class
'pyomo.dae.integral.ScalarIntegral'>. Bounds will not be improved in this part
of the tree.
WARNING: Unsupported expression type for FBBT: <class
'pyomo.dae.integral.ScalarIntegral'>. Bounds will not be improved in this part
of the tree.
WARNING: Unsupported expression type for FBBT: <class
'pyomo.dae.integral.ScalarIntegral'>. Bounds will not be improved in this part
of the tree.
WARNING: Unsupported expression type for FBBT: <class
'pyomo.dae.integral.ScalarIntegral'>. Bounds will not be improved in this part
of the tree.
WARNING: Unsupported expression type for FBBT: <class
'pyomo.dae.integral.ScalarIntegral'>. Bounds will not be improved in this part
of the tree.
WARNING: Unsupported expression type for FBBT: <class
'pyomo.dae.integral.ScalarIntegral'>. Bounds will not be improved in this part
of the tree.
WARNING: Unsupported expression type for FBBT: <class
'pyomo.dae.integral.ScalarIntegral'>. Bounds will not be improved in this part
of the tree.
WARNING: Unsupported expression type for FBBT: <class
'pyomo.dae.integral.ScalarIntegral'>. Bounds will not be improved in this part
of the tree.
WARNING: Unsupported expression type for FBBT: <class
'pyomo.dae.integral.ScalarIntegral'>. Bounds will not be improved in this part
of the tree.
WARNING: Unsupported expression type for FBBT: <class
'pyomo.dae.integral.ScalarIntegral'>. Bounds will not be improved in this part
of the tree.
WARNING: Unsupported expression type for FBBT: <class
'pyomo.dae.integral.ScalarIntegral'>. Bounds will not be improved in this part
of the tree.
        0        subproblem          -inf     -23.30469       inf%     10.27  
WARNING: Unsupported expression type for FBBT: <class
'pyomo.dae.integral.ScalarIntegral'>. Bounds will not be improved in this part
of the tree.
WARNING: Unsupported expression type for FBBT: <class
'pyomo.dae.integral.ScalarIntegral'>. Bounds will not be improved in this part
of the tree.
WARNING: Unsupported expression type for FBBT: <class
'pyomo.dae.integral.ScalarIntegral'>. Bounds will not be improved in this part
of the tree.
WARNING: Unsupported expression type for FBBT: <class
'pyomo.dae.integral.ScalarIntegral'>. Bounds will not be improved in this part
of the tree.
WARNING: Unsupported expression type for FBBT: <class
'pyomo.dae.integral.ScalarIntegral'>. Bounds will not be improved in this part
of the tree.
WARNING: Unsupported expression type for FBBT: <class
'pyomo.dae.integral.ScalarIntegral'>. Bounds will not be improved in this part
of the tree.
WARNING: Unsupported expression type for FBBT: <class
'pyomo.dae.integral.ScalarIntegral'>. Bounds will not be improved in this part
of the tree.
WARNING: Unsupported expression type for FBBT: <class
'pyomo.dae.integral.ScalarIntegral'>. Bounds will not be improved in this part
of the tree.
WARNING: Unsupported expression type for FBBT: <class
'pyomo.dae.integral.ScalarIntegral'>. Bounds will not be improved in this part
of the tree.
WARNING: Unsupported expression type for FBBT: <class
'pyomo.dae.integral.ScalarIntegral'>. Bounds will not be improved in this part
of the tree.
WARNING: Unsupported expression type for FBBT: <class
'pyomo.dae.integral.ScalarIntegral'>. Bounds will not be improved in this part
of the tree.
WARNING: Unsupported expression type for FBBT: <class
'pyomo.dae.integral.ScalarIntegral'>. Bounds will not be improved in this part
of the tree.
WARNING: Unsupported expression type for FBBT: <class
'pyomo.dae.integral.ScalarIntegral'>. Bounds will not be improved in this part
of the tree.
WARNING: Unsupported expression type for FBBT: <class
'pyomo.dae.integral.ScalarIntegral'>. Bounds will not be improved in this part
of the tree.
WARNING: Unsupported expression type for FBBT: <class
'pyomo.dae.integral.ScalarIntegral'>. Bounds will not be improved in this part
of the tree.
WARNING: Unsupported expression type for FBBT: <class
'pyomo.dae.integral.ScalarIntegral'>. Bounds will not be improved in this part
of the tree.
WARNING: Unsupported expression type for FBBT: <class
'pyomo.dae.integral.ScalarIntegral'>. Bounds will not be improved in this part
of the tree.
WARNING: Unsupported expression type for FBBT: <class
'pyomo.dae.integral.ScalarIntegral'>. Bounds will not be improved in this part
of the tree.
WARNING: Unsupported expression type for FBBT: <class
'pyomo.dae.integral.ScalarIntegral'>. Bounds will not be improved in this part
of the tree.
WARNING: Unsupported expression type for FBBT: <class
'pyomo.dae.integral.ScalarIntegral'>. Bounds will not be improved in this part
of the tree.
WARNING: Unsupported expression type for FBBT: <class
'pyomo.dae.integral.ScalarIntegral'>. Bounds will not be improved in this part
of the tree.
WARNING: Unsupported expression type for FBBT: <class
'pyomo.dae.integral.ScalarIntegral'>. Bounds will not be improved in this part
of the tree.
WARNING: Unsupported expression type for FBBT: <class
'pyomo.dae.integral.ScalarIntegral'>. Bounds will not be improved in this part
of the tree.
WARNING: Unsupported expression type for FBBT: <class
'pyomo.dae.integral.ScalarIntegral'>. Bounds will not be improved in this part
of the tree.
WARNING: Unsupported expression type for FBBT: <class
'pyomo.dae.integral.ScalarIntegral'>. Bounds will not be improved in this part
of the tree.
WARNING: Unsupported expression type for FBBT: <class
'pyomo.dae.integral.ScalarIntegral'>. Bounds will not be improved in this part
of the tree.
WARNING: Unsupported expression type for FBBT: <class
'pyomo.dae.integral.ScalarIntegral'>. Bounds will not be improved in this part
of the tree.
WARNING: Unsupported expression type for FBBT: <class
'pyomo.dae.integral.ScalarIntegral'>. Bounds will not be improved in this part
of the tree.
WARNING: Unsupported expression type for FBBT: <class
'pyomo.dae.integral.ScalarIntegral'>. Bounds will not be improved in this part
of the tree.
WARNING: Unsupported expression type for FBBT: <class
'pyomo.dae.integral.ScalarIntegral'>. Bounds will not be improved in this part
of the tree.
WARNING: Unsupported expression type for FBBT: <class
'pyomo.dae.integral.ScalarIntegral'>. Bounds will not be improved in this part
of the tree.
WARNING: Unsupported expression type for FBBT: <class
'pyomo.dae.integral.ScalarIntegral'>. Bounds will not be improved in this part
of the tree.
WARNING: Unsupported expression type for FBBT: <class
'pyomo.dae.integral.ScalarIntegral'>. Bounds will not be improved in this part
of the tree.
WARNING: Unsupported expression type for FBBT: <class
'pyomo.dae.integral.ScalarIntegral'>. Bounds will not be improved in this part
of the tree.
WARNING: Unsupported expression type for FBBT: <class
'pyomo.dae.integral.ScalarIntegral'>. Bounds will not be improved in this part
of the tree.
WARNING: Unsupported expression type for FBBT: <class
'pyomo.dae.integral.ScalarIntegral'>. Bounds will not be improved in this part
of the tree.
WARNING: Unsupported expression type for FBBT: <class
'pyomo.dae.integral.ScalarIntegral'>. Bounds will not be improved in this part
of the tree.
WARNING: Unsupported expression type for FBBT: <class
'pyomo.dae.integral.ScalarIntegral'>. Bounds will not be improved in this part
of the tree.
WARNING: Unsupported expression type for FBBT: <class
'pyomo.dae.integral.ScalarIntegral'>. Bounds will not be improved in this part
of the tree.
WARNING: Unsupported expression type for FBBT: <class
'pyomo.dae.integral.ScalarIntegral'>. Bounds will not be improved in this part
of the tree.
WARNING: Unsupported expression type for FBBT: <class
'pyomo.dae.integral.ScalarIntegral'>. Bounds will not be improved in this part
of the tree.
WARNING: Unsupported expression type for FBBT: <class
'pyomo.dae.integral.ScalarIntegral'>. Bounds will not be improved in this part
of the tree.
WARNING: Unsupported expression type for FBBT: <class
'pyomo.dae.integral.ScalarIntegral'>. Bounds will not be improved in this part
of the tree.
WARNING: Unsupported expression type for FBBT: <class
'pyomo.dae.integral.ScalarIntegral'>. Bounds will not be improved in this part
of the tree.
WARNING: Unsupported expression type for FBBT: <class
'pyomo.dae.integral.ScalarIntegral'>. Bounds will not be improved in this part
of the tree.
WARNING: Unsupported expression type for FBBT: <class
'pyomo.dae.integral.ScalarIntegral'>. Bounds will not be improved in this part
of the tree.
WARNING: Unsupported expression type for FBBT: <class
'pyomo.dae.integral.ScalarIntegral'>. Bounds will not be improved in this part
of the tree.
WARNING: Unsupported expression type for FBBT: <class
'pyomo.dae.integral.ScalarIntegral'>. Bounds will not be improved in this part
of the tree.
WARNING: Unsupported expression type for FBBT: <class
'pyomo.dae.integral.ScalarIntegral'>. Bounds will not be improved in this part
of the tree.
WARNING: Unsupported expression type for FBBT: <class
'pyomo.dae.integral.ScalarIntegral'>. Bounds will not be improved in this part
of the tree.
WARNING: Unsupported expression type for FBBT: <class
'pyomo.dae.integral.ScalarIntegral'>. Bounds will not be improved in this part
of the tree.
WARNING: Unsupported expression type for FBBT: <class
'pyomo.dae.integral.ScalarIntegral'>. Bounds will not be improved in this part
of the tree.
WARNING: Unsupported expression type for FBBT: <class
'pyomo.dae.integral.ScalarIntegral'>. Bounds will not be improved in this part
of the tree.
WARNING: Unsupported expression type for FBBT: <class
'pyomo.dae.integral.ScalarIntegral'>. Bounds will not be improved in this part
of the tree.
WARNING: Unsupported expression type for FBBT: <class
'pyomo.dae.integral.ScalarIntegral'>. Bounds will not be improved in this part
of the tree.
WARNING: Unsupported expression type for FBBT: <class
'pyomo.dae.integral.ScalarIntegral'>. Bounds will not be improved in this part
of the tree.
WARNING: Unsupported expression type for FBBT: <class
'pyomo.dae.integral.ScalarIntegral'>. Bounds will not be improved in this part
of the tree.
WARNING: Unsupported expression type for FBBT: <class
'pyomo.dae.integral.ScalarIntegral'>. Bounds will not be improved in this part
of the tree.
WARNING: Unsupported expression type for FBBT: <class
'pyomo.dae.integral.ScalarIntegral'>. Bounds will not be improved in this part
of the tree.
WARNING: Unsupported expression type for FBBT: <class
'pyomo.dae.integral.ScalarIntegral'>. Bounds will not be improved in this part
of the tree.
        0        subproblem          -inf     -23.30469       inf%     12.42  
MILP discrete problem is now infeasible. GDPopt has explored or cut off all feasible discrete configurations.
Finished discrete problem initialization in 14.05s and 7 iterations 

=============================================================================================
Iteration | Subproblem Type | Lower Bound | Upper Bound |   Gap    | Time(s)

MILP discrete problem is now infeasible. GDPopt has explored or cut off all feasible discrete configurations.
        1                       -23.30469     -23.30469      0.00%     15.60  
GDPopt exiting--bounds have converged or crossed.

Solved in 1 iterations and 15.60208 seconds
Optimal objective value -23.3046886816
Relative optimality gap 0.00000%

Problem: 
- Name: unknown
  Lower bound: -23.304688681583215
  Upper bound: -23.304688681583215
  Number of objectives: 1
  Number of constraints: 1183
  Number of variables: 741
  Number of binary variables: 9
  Number of integer variables: 0
  Number of continuous variables: 732
  Number of nonzeros: None
  Sense: 1
  Number of disjunctions: 4
Solver: 
- Name: GDPopt (22, 5, 13) - GLOA
  Status: ok
  User time: 15.602044965140522
  Wallclock time: 15.602044965140522
  Termination condition: optimal
  Iterations: 1
  Timing: main_timer_start_time: 5824617.412821628
mip: 1.4442002475261688
total: 15.602044965140522

