Starting GDPopt version 22.5.13 using enumerate algorithm
iterlim: None
time_limit: 900
tee: true
logger: <Logger pyomo.contrib.gdpopt (INFO)>
nlp_solver: gams
nlp_solver_args:
  solver: conopt
minlp_solver: baron
minlp_solver_args:
local_minlp_solver: bonmin
local_minlp_solver_args:
small_dual_tolerance: 1e-08
integer_tolerance: 1e-05
constraint_tolerance: 1e-06
variable_tolerance: 1e-08
subproblem_initialization_method: <function restore_vars_to_original_values_enumerate at 0x7fcb70b8e3e0>
call_before_subproblem_solve: <class 'pyomo.contrib.gdpopt.util._DoNothing'>
call_after_subproblem_solve: <class 'pyomo.contrib.gdpopt.util._DoNothing'>
call_after_subproblem_feasible: <class 'pyomo.contrib.gdpopt.util._DoNothing'>
force_subproblem_nlp: false
subproblem_presolve: true
tighten_nlp_var_bounds: false
round_discrete_vars: true
max_fbbt_iterations: 3
mip_solver: gurobi
mip_solver_args:

If you use this software, you may cite the following:
            - Implementation:
            Chen, Q; Johnson, ES; Bernal, DE; Valentin, R; Kale, S;
            Bates, J; Siirola, JD; Grossmann, IE.
            Pyomo.GDP: an ecosystem for logic based modeling and optimization
            development.
            Optimization and Engineering, 2021.
Original model has 1183 constraints (819 nonlinear) and 4 disjunctions, with 741 variables, of which 9 are binary, 0 are integer, and 732 are continuous.
     1/81        subproblem          -inf     -12.41400       inf%      0.55  *
     2/81        subproblem          -inf     -13.14446       inf%      1.02  *
     3/81        subproblem          -inf     -13.14446       inf%      1.10  
     4/81        subproblem          -inf     -13.14446       inf%      1.17  
     5/81        subproblem          -inf     -16.01351       inf%      1.60  *
     6/81        subproblem          -inf     -16.01351       inf%      2.02  
     7/81        subproblem          -inf     -16.01351       inf%      2.10  
     8/81        subproblem          -inf     -16.01351       inf%      2.17  
     9/81        subproblem          -inf     -16.01351       inf%      2.24  
    10/81        subproblem          -inf     -16.01351       inf%      2.33  
    11/81        subproblem          -inf     -16.01351       inf%      2.40  
    12/81        subproblem          -inf     -16.01351       inf%      2.47  
    13/81        subproblem          -inf     -16.01351       inf%      2.54  
    14/81        subproblem          -inf     -23.30469       inf%      2.97  *
    15/81        subproblem          -inf     -23.30469       inf%      3.40  
    16/81        subproblem          -inf     -23.30469       inf%      3.47  
    17/81        subproblem          -inf     -23.30469       inf%      3.55  
    18/81        subproblem          -inf     -23.30469       inf%      3.98  
    19/81        subproblem          -inf     -23.30469       inf%      4.05  
    20/81        subproblem          -inf     -23.30469       inf%      4.13  
    21/81        subproblem          -inf     -23.30469       inf%      4.20  
    22/81        subproblem          -inf     -23.30469       inf%      4.27  
    23/81        subproblem          -inf     -23.30469       inf%      4.34  
    24/81        subproblem          -inf     -23.30469       inf%      4.41  
    25/81        subproblem          -inf     -23.30469       inf%      4.48  
    26/81        subproblem          -inf     -23.30469       inf%      4.55  
    27/81        subproblem          -inf     -23.30469       inf%      4.62  
    28/81        subproblem          -inf     -23.30469       inf%      4.69  
    29/81        subproblem          -inf     -23.30469       inf%      4.76  
    30/81        subproblem          -inf     -23.30469       inf%      4.85  
    31/81        subproblem          -inf     -23.30469       inf%      4.92  
    32/81        subproblem          -inf     -23.30469       inf%      4.98  
    33/81        subproblem          -inf     -23.30469       inf%      5.05  
    34/81        subproblem          -inf     -23.30469       inf%      5.12  
    35/81        subproblem          -inf     -23.30469       inf%      5.19  
    36/81        subproblem          -inf     -23.30469       inf%      5.26  
    37/81        subproblem          -inf     -23.30469       inf%      5.33  
    38/81        subproblem          -inf     -23.30469       inf%      5.39  
    39/81        subproblem          -inf     -23.30469       inf%      5.46  
    40/81        subproblem          -inf     -23.30469       inf%      5.53  
    41/81        subproblem          -inf     -23.30469       inf%      5.59  
    42/81        subproblem          -inf     -23.30469       inf%      5.66  
    43/81        subproblem          -inf     -23.30469       inf%      5.73  
    44/81        subproblem          -inf     -23.30469       inf%      5.79  
    45/81        subproblem          -inf     -23.30469       inf%      5.87  
    46/81        subproblem          -inf     -23.30469       inf%      5.94  
    47/81        subproblem          -inf     -23.30469       inf%      6.01  
    48/81        subproblem          -inf     -23.30469       inf%      6.08  
    49/81        subproblem          -inf     -23.30469       inf%      6.15  
    50/81        subproblem          -inf     -23.30469       inf%      6.22  
    51/81        subproblem          -inf     -23.30469       inf%      6.28  
    52/81        subproblem          -inf     -23.30469       inf%      6.35  
    53/81        subproblem          -inf     -23.30469       inf%      6.42  
    54/81        subproblem          -inf     -23.30469       inf%      6.83  
    55/81        subproblem          -inf     -23.30469       inf%      7.28  
    56/81        subproblem          -inf     -23.30469       inf%      7.35  
    57/81        subproblem          -inf     -23.30469       inf%      7.43  
    58/81        subproblem          -inf     -23.30469       inf%      7.50  
    59/81        subproblem          -inf     -23.30469       inf%      7.57  
    60/81        subproblem          -inf     -23.30469       inf%      7.65  
    61/81        subproblem          -inf     -23.30469       inf%      7.72  
    62/81        subproblem          -inf     -23.30469       inf%      7.79  
    63/81        subproblem          -inf     -23.30469       inf%      7.86  
    64/81        subproblem          -inf     -23.30469       inf%      7.93  
    65/81        subproblem          -inf     -23.30469       inf%      8.00  
    66/81        subproblem          -inf     -23.30469       inf%      8.06  
    67/81        subproblem          -inf     -23.30469       inf%      8.13  
    68/81        subproblem          -inf     -23.30469       inf%      8.20  
    69/81        subproblem          -inf     -23.30469       inf%      8.28  
    70/81        subproblem          -inf     -23.30469       inf%      8.35  
    71/81        subproblem          -inf     -23.30469       inf%      8.42  
    72/81        subproblem          -inf     -23.30469       inf%      8.48  
    73/81        subproblem          -inf     -23.30469       inf%      8.56  
    74/81        subproblem          -inf     -23.30469       inf%      8.63  
    75/81        subproblem          -inf     -23.30469       inf%      8.70  
    76/81        subproblem          -inf     -23.30469       inf%      8.77  
    77/81        subproblem          -inf     -23.30469       inf%      8.84  
    78/81        subproblem          -inf     -23.30469       inf%      8.90  
    79/81        subproblem          -inf     -23.30469       inf%      8.98  
    80/81        subproblem          -inf     -23.30469       inf%      9.04  
    81/81        subproblem          -inf     -23.30469       inf%      9.11  
    81/81                       -23.30469     -23.30469      0.00%      9.11  
GDPopt exiting--all discrete solutions have been enumerated.

Solved in 81 iterations and 9.11440 seconds
Optimal objective value -23.3046886783
Relative optimality gap 0.00000%

Problem: 
- Name: unknown
  Lower bound: -23.304688678286034
  Upper bound: -23.304688678286034
  Number of objectives: 1
  Number of constraints: 1183
  Number of variables: 741
  Number of binary variables: 9
  Number of integer variables: 0
  Number of continuous variables: 732
  Number of nonzeros: None
  Sense: 1
  Number of disjunctions: 4
Solver: 
- Name: GDPopt (22, 5, 13) - enumerate
  Status: ok
  User time: 9.114361081272364
  Wallclock time: 9.114361081272364
  Termination condition: optimal
  Iterations: 81
  Timing: main_timer_start_time: 5822745.902344573
nlp: 9.029975211247802
total: 9.114361081272364

