--- Job model.gms Start 02/26/24 00:18:19 44.3.0 8b8fb1cb LEX-LEG x86 64bit/Linux
--- Applying:
    /local/scratch/a/peng372/opt/gams/44.3/gmsprmun.txt
--- GAMS Parameters defined
    Input /tmp/tmp2rzset1l/model.gms
    Output /tmp/tmp2rzset1l/output.lst
    ScrDir /tmp/tmp2rzset1l/225a/
    SysDir /local/scratch/a/peng372/opt/gams/44.3/
    CurDir /tmp/tmp2rzset1l/
    LogOption 3
Licensee: Prof. Ignacio E. Grossmann                     G240103|0002AS-GEN
          Carnegie Mellon University, Dept. of Chemical Engineering  DCE375
          /local/scratch/a/peng372/opt/gams/44.3/gamslice.txt
          License Admin: Ignacio E. Grossmann,                             
          Evaluation license: Not for commercial or production use
Processor information: 1 socket(s), 48 core(s), and 96 thread(s) available
GAMS 44.3.0   Copyright (C) 1987-2023 GAMS Development. All rights reserved
--- Starting compilation
--- model.gms(12663) 4 Mb
--- $echo File /tmp/tmp2rzset1l/knitro.opt
--- model.gms(18757) 5 Mb
--- Starting execution: elapsed 0:00:00.033
--- model.gms(12662) 6 Mb
--- Generating MINLP model GAMS_MODEL
--- model.gms(12669) 9 Mb
---   4,677 rows  1,358 columns  19,025 non-zeroes
---   28,632 nl-code  4,459 nl-non-zeroes
---   76 discrete-columns
--- Range statistics (absolute non-zero finite values)
--- RHS       [min, max] : [ 1.000E+00, 1.000E+06] - Zero values observed as well
--- Bound     [min, max] : [ 1.000E+00, 3.000E+02] - Zero values observed as well
--- Matrix    [min, max] : [ 3.704E-02, 1.000E+06] - Zero values observed as well
--- model.gms(12669) 7 Mb
--- Executing KNITRO (Solvelink=5): elapsed 0:00:00.052

KNITRO           44.3.0 8b8fb1cb Sep 1, 2023           LEG x86 64bit/Linux    

--- Artelys Knitro Optimizer 13.2.0

Reading parameter(s) from "/tmp/tmp2rzset1l/knitro.opt"
>>  mip_multistart 1
Finished reading from "/tmp/tmp2rzset1l/knitro.opt"

--- GMO Q Extraction (ThreePass): 0.00s
--- GMO setup time: 0.00s
--- Set initial levels for 0 / 1357 variables.
--- Set initial marginals for 0 / 1357 variables.
--- Set initial marginals for 0 / 4676 equations.

=======================================
          Commercial License
         Artelys Knitro 13.2.0
=======================================

No start point provided -- Knitro computing one.

concurrent_evals:        0
datacheck:               0
hessian_no_f:            1
maxtime_real:            1800
numthreads:              1
mip_maxtime_real:        1800
mip_multistart           1
mip_opt_gap_abs:         0
Knitro changing mip_method from AUTO to 1.
Knitro changing mip_rootalg from AUTO to 1.
Knitro changing mip_lpalg from AUTO to 3.
Knitro changing mip_branchrule from AUTO to 2.
Knitro changing mip_selectrule from AUTO to 2.
Knitro changing mip_mir from AUTO to 2.
Knitro changing mip_clique from AUTO to 0.
Knitro changing mip_zerohalf from AUTO to 0.
Knitro changing mip_liftproject from AUTO to 0.
Knitro changing mip_knapsack from AUTO to 1.
Knitro changing mip_gomory from AUTO to 0.
Knitro changing mip_rounding from AUTO to 3.
Knitro changing mip_heuristic_strategy from AUTO to 1.
Knitro changing mip_heuristic_feaspump from AUTO to 1.
Knitro changing mip_heuristic_misqp from AUTO to 0.
Knitro changing mip_heuristic_mpec from AUTO to 1.
Knitro changing mip_heuristic_diving from AUTO to 0.
Knitro changing mip_heuristic_lns from AUTO to 0.
Knitro changing mip_pseudoinit from AUTO to 1.

Problem Characteristics
-----------------------
Objective goal:  Minimize
Objective type:  quadratic
Number of variables:                               1357
    bounded below only:                               0
    bounded above only:                               0
    bounded below and above:                       1357
    fixed:                                            0
    free:                                             0
Number of binary variables:                          76
Number of integer variables:                          0
Number of constraints:                             4676
    linear equalities:                              656
    quadratic equalities:                             0
    gen. nonlinear equalities:                        0
    linear one-sided inequalities:                  198
    quadratic one-sided inequalities:              1274
    gen. nonlinear one-sided inequalities:         2548
    linear two-sided inequalities:                    0
    quadratic two-sided inequalities:                 0
    gen. nonlinear two-sided inequalities:            0
Number of nonzeros in Jacobian:                   18387
Number of nonzeros in Hessian:                      637

Knitro detected 18 GUB constraints
Knitro derived 4 knapsack covers after examining 217 constraints
Knitro using Branch and Bound method with 1 thread.

       Nodes        Best solution   Best bound      Gap       Time 
   Expl  |  Unexpl      value         value                  (secs)
   ---------------  -------------   ----------      ---      ------
      0       0                           -inf                0.040
      1       2                       -601.187                0.155
      1       2     -87.9790   FP     -601.187    583.33%    11.133
     10       9     -87.9790          -407.660    363.36%    22.527
     20      11     -87.9790          -252.714    187.24%    34.733
     30       7     -87.9790          -128.870     46.48%    49.048
     37       0     -87.9790          -77.0580    -12.41%    53.806

EXIT: Optimal solution found (assuming convexity).

Final Statistics for MIP
------------------------
Final objective value               =  -8.79790021811719e+01
Final bound value                   =  -7.70579811522996e+01
Final optimality gap (abs / rel)    =  -1.09e+01 / -1.24e-01 (-12.41%)
# of root cutting plane rounds      =  0
# of restarts                       =  0
# of nodes processed                =  37 (41.916s)
# of strong branching evaluations   =  0 (0.000s)
# of function evaluations           =  8321 (2.582s)
# of gradient evaluations           =  6378 (3.125s)
# of hessian evaluations            =  6415 (2.571s)
# of hessian-vector evaluations     =  0
# of subproblems processed          =  53 (53.720s)
Total program time (secs)           =  53.80610 (53.783 CPU time)
Time spent in evaluations (secs)    =  8.27813

Cuts statistics (gen / add)
---------------------------
Knapsack cuts                       =  4 / 0
Mixed-integer rounding cuts         =  0 / 0

Heuristics statistics (calls / successes / time)
------------------------------------------------
Feasibility pump                    =  1 / 1 / 10.978s
Rounding heuristic                  =  0 / 0 / 0.023s
MPEC heuristic                      =  1 / 0 / 0.836s

===========================================================================

--- Reading solution for model GAMS_MODEL
--- Executing after solve: elapsed 0:00:53.873
--- model.gms(12672) 7 Mb
--- model.gms(18757) 9 Mb
--- Putfile results /tmp/tmp2rzset1l/results.dat
--- Putfile statresults /tmp/tmp2rzset1l/resultsstat.dat
*** Status: Normal completion
--- Job model.gms Stop 02/26/24 00:19:13 elapsed 0:00:53.885

Problem: 
- Name: /tmp/tmp2rzset1l/model.gms
  Lower bound: -77.0579811522996
  Upper bound: -87.97900218117184
  Number of objectives: 1
  Number of constraints: 4677.0
  Number of variables: 1358.0
  Number of binary variables: None
  Number of integer variables: 76.0
  Number of continuous variables: 1282.0
  Number of nonzeros: 19025.0
  Sense: minimize
Solver: 
- Name: GAMS (44, 3, 0, 0)
  Status: ok
  Return code: 0
  Message: None
  User time: 53.83800007402897
  System time: None
  Wallclock time: None
  Termination condition: optimal
  Termination message: None
Solution: 
- number of solutions: 0
  number of solutions displayed: 0

