--- Job model.gms Start 02/26/24 00:50:11 44.3.0 8b8fb1cb LEX-LEG x86 64bit/Linux
--- Applying:
    /local/scratch/a/peng372/opt/gams/44.3/gmsprmun.txt
--- GAMS Parameters defined
    Input /tmp/tmpnzsz0_ou/model.gms
    Output /tmp/tmpnzsz0_ou/output.lst
    ScrDir /tmp/tmpnzsz0_ou/225a/
    SysDir /local/scratch/a/peng372/opt/gams/44.3/
    CurDir /tmp/tmpnzsz0_ou/
    LogOption 3
Licensee: Prof. Ignacio E. Grossmann                     G240103|0002AS-GEN
          Carnegie Mellon University, Dept. of Chemical Engineering  DCE375
          /local/scratch/a/peng372/opt/gams/44.3/gamslice.txt
          License Admin: Ignacio E. Grossmann,                             
          Evaluation license: Not for commercial or production use
Processor information: 1 socket(s), 48 core(s), and 96 thread(s) available
GAMS 44.3.0   Copyright (C) 1987-2023 GAMS Development. All rights reserved
--- Starting compilation
--- model.gms(47649) 10 Mb
--- Starting execution: elapsed 0:00:00.066
--- model.gms(32569) 12 Mb
--- Generating MINLP model GAMS_MODEL
--- model.gms(32573) 16 Mb
--- Reset Solvelink = 2
---   9,822 rows  5,201 columns  27,503 non-zeroes
---   52,656 nl-code  7,462 nl-non-zeroes
---   76 discrete-columns
--- Range statistics (absolute non-zero finite values)
--- RHS       [min, max] : [ 1.000E+00, 1.000E+00] - Zero values observed as well
--- Bound     [min, max] : [ 1.000E+00, 3.000E+02] - Zero values observed as well
--- Matrix    [min, max] : [ 3.704E-02, 3.000E+02] - Zero values observed as well
--- model.gms(32573) 14 Mb
--- Executing BARON (Solvelink=2): elapsed 0:00:00.115

GAMS/BARON       44.3.0 8b8fb1cb Sep 1, 2023           LEG x86 64bit/Linux    

===========================================================================
 BARON version 23.6.22. Built: LNX-64 Thu Jun 22 20:08:45 EDT 2023

 BARON is a product of The Optimization Firm.
 For information on BARON, see https://minlp.com/about-baron

 If you use this software, please cite publications from
 https://minlp.com/baron-publications, such as: 

 Khajavirad, A. and N. V. Sahinidis,
 A hybrid LP/NLP paradigm for global optimization relaxations,
 Mathematical Programming Computation, 10, 383-421, 2018.
===========================================================================
 This BARON run may utilize the following subsolver(s)
 For LP/MIP/QP: CLP/CBC, ILOG CPLEX                             
 For NLP: MINOS, SNOPT, External NLP, IPOPT, FILTERSQP
===========================================================================
 Doing local search
 Preprocessing found feasible solution with value -87.9790
 Solving bounding LP
 Starting multi-start local search
 Done with local search
===========================================================================
  Iteration    Open nodes         Time (s)    Lower bound      Upper bound
          1+            1            60.88     -609.603         -87.9790       
          1             1           133.49     -434.494         -87.9790       
          3             2           189.98     -434.494         -87.9790       
          4+            3           221.03     -434.494         -87.9790       
          4+            3           251.18     -434.494         -87.9790       
          4+            3           281.50     -434.494         -87.9790       
          4+            3           312.07     -434.494         -87.9790       
          4+            3           345.63     -434.494         -87.9790       
          4+            3           377.68     -434.494         -87.9790       
          4+            3           408.55     -434.494         -87.9790       
          4+            3           439.23     -434.494         -87.9790       
          4+            3           469.75     -434.494         -87.9790       
          4+            3           501.37     -434.494         -87.9790       
          4+            3           534.01     -434.494         -87.9790       
          4+            3           564.93     -434.494         -87.9790       
          4+            3           596.47     -434.494         -87.9790       
          4+            3           627.06     -434.494         -87.9790       
          4+            3           657.92     -434.494         -87.9790       
          4+            3           688.64     -434.494         -87.9790       
          4+            3           719.26     -434.494         -87.9790       
          4+            3           752.87     -434.494         -87.9790       
          4+            3           784.13     -434.494         -87.9790       
          4+            3           816.55     -434.494         -87.9790       
          4+            3           847.95     -434.494         -87.9790       
          4+            3           878.26     -434.494         -87.9790       
          4+            3           910.93     -434.494         -87.9790       
          4+            3           941.28     -434.494         -87.9790       
          4+            3           974.87     -434.494         -87.9790       
          4+            3          1009.13     -434.494         -87.9790       
          4+            3          1042.71     -434.494         -87.9790       
          4+            3          1076.02     -434.494         -87.9790       
          4+            3          1109.92     -434.494         -87.9790       
          4+            3          1143.07     -434.494         -87.9790       
          4+            3          1176.79     -434.494         -87.9790       
          4+            3          1207.37     -434.494         -87.9790       
          4+            3          1238.62     -434.494         -87.9790       
          4+            3          1269.72     -434.494         -87.9790       
          4+            3          1301.57     -434.494         -87.9790       
          4+            3          1333.38     -434.494         -87.9790       
          4+            3          1365.77     -434.494         -87.9790       
          4+            3          1397.97     -434.494         -87.9790       
          4+            3          1429.94     -434.494         -87.9790       
          4+            3          1463.41     -434.494         -87.9790       
          4+            3          1495.78     -434.494         -87.9790       
          4+            3          1530.00     -434.494         -87.9790       
          4+            3          1560.63     -434.494         -87.9790       
          4+            3          1592.49     -434.494         -87.9790       
          4+            3          1625.85     -434.494         -87.9790       
          4+            3          1656.99     -434.494         -87.9790       
          4+            3          1688.36     -434.494         -87.9790       
          4+            3          1720.34     -434.494         -87.9790       
          4+            3          1752.75     -434.494         -87.9790       
          4+            3          1783.34     -434.494         -87.9790       
          4             2          1800.22     -434.494         -87.9790       

                    *** Max. allowable time exceeded ***      

 Wall clock time:                  1800.27
 Total CPU time used:              1800.22

 Total no. of BaR iterations:       4
 Best solution found at node:      -1
 Max. no. of nodes in memory:       3
 
 All done
===========================================================================

Solution      = -87.9790021952659  best solution found during preprocessing
Best possible = -434.493855526
Absolute gap  = 346.514853330734  optca = 1E-9
Relative gap  = 0.797513817338664  optcr = 0.0001

--- Reading solution for model GAMS_MODEL
--- Executing after solve: elapsed 0:30:00.489
--- model.gms(32576) 14 Mb
--- model.gms(47649) 16 Mb
--- Putfile results /tmp/tmpnzsz0_ou/results.dat
--- Putfile statresults /tmp/tmpnzsz0_ou/resultsstat.dat
*** Status: Normal completion
--- Job model.gms Stop 02/26/24 01:20:11 elapsed 0:30:00.517

Problem: 
- Name: /tmp/tmpnzsz0_ou/model.gms
  Lower bound: -434.493855526
  Upper bound: -87.97900219526586
  Number of objectives: 1
  Number of constraints: 9822.0
  Number of variables: 5201.0
  Number of binary variables: None
  Number of integer variables: 76.0
  Number of continuous variables: 5125.0
  Number of nonzeros: 27503.0
  Sense: minimize
Solver: 
- Name: GAMS (44, 3, 0, 0)
  Status: ok
  Return code: 0
  Message: None
  User time: 1800.4160001408309
  System time: None
  Wallclock time: None
  Termination condition: optimal
  Termination message: None
Solution: 
- number of solutions: 0
  number of solutions displayed: 0

