Starting GDPopt version 22.5.13 using enumerate algorithm
iterlim: None
time_limit: 1800
tee: true
logger: <Logger pyomo.contrib.gdpopt (INFO)>
nlp_solver: gams
nlp_solver_args:
  solver: baron
minlp_solver: baron
minlp_solver_args:
local_minlp_solver: bonmin
local_minlp_solver_args:
small_dual_tolerance: 1e-08
integer_tolerance: 1e-05
constraint_tolerance: 1e-06
variable_tolerance: 1e-08
subproblem_initialization_method: <function restore_vars_to_original_values_enumerate at 0x7f650c38e480>
call_before_subproblem_solve: <class 'pyomo.contrib.gdpopt.util._DoNothing'>
call_after_subproblem_solve: <class 'pyomo.contrib.gdpopt.util._DoNothing'>
call_after_subproblem_feasible: <class 'pyomo.contrib.gdpopt.util._DoNothing'>
force_subproblem_nlp: false
subproblem_presolve: true
tighten_nlp_var_bounds: false
round_discrete_vars: true
max_fbbt_iterations: 3
mip_solver: gurobi
mip_solver_args:

If you use this software, you may cite the following:
            - Implementation:
            Chen, Q; Johnson, ES; Bernal, DE; Valentin, R; Kale, S;
            Bates, J; Siirola, JD; Grossmann, IE.
            Pyomo.GDP: an ecosystem for logic based modeling and optimization
            development.
            Optimization and Engineering, 2021.
Original model has 2275 constraints (1638 nonlinear) and 7 disjunctions, with 1299 variables, of which 18 are binary, 0 are integer, and 1281 are continuous.
   1/2187        subproblem          -inf     -22.12364       inf%   1800.27  *
GDPopt exiting--Did not converge bounds before time limit of 1800 seconds. 

Solved in 1 iterations and 1800.27405 seconds
Optimal objective value -22.1236439369
Relative optimality gap inf%

Problem: 
- Name: unknown
  Lower bound: -inf
  Upper bound: -22.123643936895252
  Number of objectives: 1
  Number of constraints: 2275
  Number of variables: 1299
  Number of binary variables: 18
  Number of integer variables: 0
  Number of continuous variables: 1281
  Number of nonzeros: None
  Sense: 1
  Number of disjunctions: 7
Solver: 
- Name: GDPopt (22, 5, 13) - enumerate
  Status: ok
  User time: 1800.274012961425
  Wallclock time: 1800.274012961425
  Termination condition: maxTimeLimit
  Iterations: 1
  Timing: main_timer_start_time: 5861418.343743464
nlp: 1800.1200107969344
total: 1800.274012961425

