Starting GDPopt version 22.5.13 using LDSDA algorithm
iterlim: None
time_limit: 1800
tee: true
logger: <Logger pyomo.contrib.gdpopt (INFO)>
mip_solver: gurobi
mip_solver_args:
nlp_solver: ipopt
nlp_solver_args:
minlp_solver: gams
minlp_solver_args:
  solver: knitro
local_minlp_solver: bonmin
local_minlp_solver_args:
small_dual_tolerance: 1e-08
integer_tolerance: 1e-05
constraint_tolerance: 1e-06
variable_tolerance: 1e-08
subproblem_initialization_method: <function restore_vars_to_original_values at 0x7efe31b7e3e0>
call_before_subproblem_solve: <class 'pyomo.contrib.gdpopt.util._DoNothing'>
call_after_subproblem_solve: <class 'pyomo.contrib.gdpopt.util._DoNothing'>
call_after_subproblem_feasible: <class 'pyomo.contrib.gdpopt.util._DoNothing'>
force_subproblem_nlp: false
subproblem_presolve: true
tighten_nlp_var_bounds: false
round_discrete_vars: true
max_fbbt_iterations: 3
bound_tolerance: 1e-06
direction_norm: Linf
starting_point: [1, 2, 3, 3, 3, 3, 3]
logical_constraint_list: None
disjunction_list: ['d[1]', 'd[2]', 'd[3]', 'd[4]', 'd[5]', 'd[6]', 'd[7]']

If you use this software, you may cite the following:
            - Implementation:
            Chen, Q; Johnson, ES; Bernal, DE; Valentin, R; Kale, S;
            Bates, J; Siirola, JD; Grossmann, IE.
            Pyomo.GDP: an ecosystem for logic based modeling and optimization
            development.
            Optimization and Engineering, 2021.

- LDSDA algorithm:
        Bernal DE, Ovalle D, Liñán DA, Ricardez-Sandoval LA, Gómez JM, Grossmann IE.
        Process Superstructure Optimization through Discrete Steepest Descent Optimization: a GDP Analysis and Applications in Process Intensification.
        Computer Aided Chemical Engineering 2022 Jan 1 (Vol. 49, pp. 1279-1284). Elsevier.
        https://doi.org/10.1016/B978-0-323-85159-6.50213-X
Original model has 2275 constraints (1638 nonlinear) and 7 disjunctions, with 1299 variables, of which 18 are binary, 0 are integer, and 1281 are continuous.
Reformulation Summary:
┌─────────────────┬──────┬──────┬─────────────────────────────────────────────────────────────────────────────────────────────────────┐
│   Ext Var Index │   LB │   UB │ Associated Boolean Vars                                                                             │
├─────────────────┼──────┼──────┼─────────────────────────────────────────────────────────────────────────────────────────────────────┤
│               0 │    1 │    3 │ ['stage_mode[1,1].indicator_var', 'stage_mode[1,2].indicator_var', 'stage_mode[1,3].indicator_var'] │
│               1 │    1 │    3 │ ['stage_mode[2,1].indicator_var', 'stage_mode[2,2].indicator_var', 'stage_mode[2,3].indicator_var'] │
│               2 │    1 │    3 │ ['stage_mode[3,1].indicator_var', 'stage_mode[3,2].indicator_var', 'stage_mode[3,3].indicator_var'] │
│               3 │    1 │    3 │ ['stage_mode[4,1].indicator_var', 'stage_mode[4,2].indicator_var', 'stage_mode[4,3].indicator_var'] │
│               4 │    1 │    3 │ ['stage_mode[5,1].indicator_var', 'stage_mode[5,2].indicator_var', 'stage_mode[5,3].indicator_var'] │
│               5 │    1 │    3 │ ['stage_mode[6,1].indicator_var', 'stage_mode[6,2].indicator_var', 'stage_mode[6,3].indicator_var'] │
│               6 │    1 │    3 │ ['stage_mode[7,1].indicator_var', 'stage_mode[7,2].indicator_var', 'stage_mode[7,3].indicator_var'] │
└─────────────────┴──────┴──────┴─────────────────────────────────────────────────────────────────────────────────────────────────────┘
=====================================================================================================
Iteration |   Search Type   |  External Variables  | Lower Bound | Upper Bound |   Gap    | Time(s)

        0     Initial point   (1, 2, 3, 3, 3, 3, 3)          -inf     -78.03804       inf%      1.04  *
        1   Neighbor search   (1, 1, 2, 2, 2, 2, 2)          -inf     -78.03804       inf%      2.12  
        1   Neighbor search   (1, 1, 2, 2, 2, 2, 3)          -inf    -126.80258       inf%      2.98  *
        1   Neighbor search   (1, 1, 2, 2, 2, 3, 3)          -inf    -126.80258       inf%      4.07  
        1   Neighbor search   (1, 1, 2, 2, 3, 3, 3)          -inf    -126.80258       inf%      5.94  
        1   Neighbor search   (1, 1, 2, 3, 3, 3, 3)          -inf    -126.80258       inf%      8.59  
        1   Neighbor search   (1, 2, 2, 2, 2, 2, 2)          -inf    -126.80258       inf%     13.17  
        1   Neighbor search   (1, 2, 2, 2, 2, 2, 3)          -inf    -133.31269       inf%     14.28  *
        1   Neighbor search   (1, 2, 2, 2, 2, 3, 3)          -inf    -160.08149       inf%     15.32  *
        1   Neighbor search   (1, 2, 2, 2, 3, 3, 3)          -inf    -160.08149       inf%     17.10  
        1   Neighbor search   (1, 2, 2, 3, 3, 3, 3)          -inf    -160.08149       inf%     19.68  
        1   Neighbor search   (2, 3, 3, 3, 3, 3, 3)          -inf    -160.08149       inf%     52.12  
        2   Neighbor search   (1, 1, 1, 1, 1, 2, 2)          -inf    -160.08149       inf%     53.18  
        2   Neighbor search   (1, 1, 1, 1, 1, 2, 3)          -inf    -160.08149       inf%     54.28  
        2   Neighbor search   (1, 1, 1, 1, 2, 2, 2)          -inf    -160.08149       inf%     55.54  
        2   Neighbor search   (1, 1, 1, 1, 2, 2, 3)          -inf    -160.08149       inf%     56.39  
        2   Neighbor search   (1, 1, 1, 1, 2, 3, 3)          -inf    -160.08149       inf%     57.79  
        2   Neighbor search   (1, 1, 1, 2, 2, 2, 2)          -inf    -160.08149       inf%     60.43  
        2   Neighbor search   (1, 1, 1, 2, 2, 2, 3)          -inf    -160.08149       inf%     61.30  
        2   Neighbor search   (1, 1, 1, 2, 2, 3, 3)          -inf    -160.08149       inf%     62.62  
        2   Neighbor search   (1, 1, 1, 2, 3, 3, 3)          -inf    -160.08149       inf%     64.08  

Solved in 2 iterations and 158.50124 seconds
Optimal objective value -160.0814912799
Relative optimality gap inf%

Problem: 
- Name: unknown
  Lower bound: -inf
  Upper bound: -160.08149127991544
  Number of objectives: 1
  Number of constraints: 2275
  Number of variables: 1299
  Number of binary variables: 18
  Number of integer variables: 0
  Number of continuous variables: 1281
  Number of nonzeros: None
  Sense: 1
  Number of disjunctions: 7
Solver: 
- Name: GDPopt (22, 5, 13) - LDSDA
  Status: ok
  User time: 158.5011884495616
  Wallclock time: 158.5011884495616
  Termination condition: unknown
  Iterations: 2
  Timing: main_timer_start_time: 5889823.10487776
total: 158.5011884495616

