Starting GDPopt version 22.5.13 using LDSDA algorithm
iterlim: None
time_limit: 1800
tee: true
logger: <Logger pyomo.contrib.gdpopt (INFO)>
mip_solver: gurobi
mip_solver_args:
nlp_solver: ipopt
nlp_solver_args:
minlp_solver: gams
minlp_solver_args:
  solver: knitro
local_minlp_solver: bonmin
local_minlp_solver_args:
small_dual_tolerance: 1e-08
integer_tolerance: 1e-05
constraint_tolerance: 1e-06
variable_tolerance: 1e-08
subproblem_initialization_method: <function restore_vars_to_original_values at 0x7efe31b7e3e0>
call_before_subproblem_solve: <class 'pyomo.contrib.gdpopt.util._DoNothing'>
call_after_subproblem_solve: <class 'pyomo.contrib.gdpopt.util._DoNothing'>
call_after_subproblem_feasible: <class 'pyomo.contrib.gdpopt.util._DoNothing'>
force_subproblem_nlp: false
subproblem_presolve: true
tighten_nlp_var_bounds: false
round_discrete_vars: true
max_fbbt_iterations: 3
bound_tolerance: 1e-06
direction_norm: L2
starting_point: [1, 2]
logical_constraint_list: ['mode_transfer_lc1', 'mode_transfer_lc2']
disjunction_list: None

If you use this software, you may cite the following:
            - Implementation:
            Chen, Q; Johnson, ES; Bernal, DE; Valentin, R; Kale, S;
            Bates, J; Siirola, JD; Grossmann, IE.
            Pyomo.GDP: an ecosystem for logic based modeling and optimization
            development.
            Optimization and Engineering, 2021.

- LDSDA algorithm:
        Bernal DE, Ovalle D, Liñán DA, Ricardez-Sandoval LA, Gómez JM, Grossmann IE.
        Process Superstructure Optimization through Discrete Steepest Descent Optimization: a GDP Analysis and Applications in Process Intensification.
        Computer Aided Chemical Engineering 2022 Jan 1 (Vol. 49, pp. 1279-1284). Elsevier.
        https://doi.org/10.1016/B978-0-323-85159-6.50213-X
Original model has 2275 constraints (1638 nonlinear) and 7 disjunctions, with 1299 variables, of which 18 are binary, 0 are integer, and 1281 are continuous.
Reformulation Summary:
┌─────────────────┬──────┬──────┬────────────────────────────────────────────────────────────────────────────────────────────────────────────────────────────────────────────────────────────┐
│   Ext Var Index │   LB │   UB │ Associated Boolean Vars                                                                                                                                    │
├─────────────────┼──────┼──────┼────────────────────────────────────────────────────────────────────────────────────────────────────────────────────────────────────────────────────────────┤
│               0 │    1 │    7 │ ['mode_transfer[2,1]', 'mode_transfer[3,1]', 'mode_transfer[4,1]', 'mode_transfer[5,1]', 'mode_transfer[6,1]', 'mode_transfer[7,1]', 'mode_transfer[8,1]'] │
│               1 │    1 │    7 │ ['mode_transfer[2,2]', 'mode_transfer[3,2]', 'mode_transfer[4,2]', 'mode_transfer[5,2]', 'mode_transfer[6,2]', 'mode_transfer[7,2]', 'mode_transfer[8,2]'] │
└─────────────────┴──────┴──────┴────────────────────────────────────────────────────────────────────────────────────────────────────────────────────────────────────────────────────────────┘
=====================================================================================================
Iteration |   Search Type   |  External Variables  | Lower Bound | Upper Bound |   Gap    | Time(s)

        0     Initial point                 (1, 2)          -inf     -78.03804       inf%      1.08  *
        1   Neighbor search                 (1, 3)          -inf     -87.97900       inf%      2.18  *
        1       Line search                 (1, 4)          -inf    -118.97998       inf%      3.55  *
        1       Line search                 (1, 5)          -inf    -160.08149       inf%      4.41  *
        1       Line search                 (1, 6)          -inf    -160.08149       inf%      5.25  
        2   Neighbor search                 (2, 5)          -inf    -160.08149       inf%      6.16  

Solved in 2 iterations and 6.15528 seconds
Optimal objective value -160.0814912799
Relative optimality gap inf%

Problem: 
- Name: unknown
  Lower bound: -inf
  Upper bound: -160.08149127991544
  Number of objectives: 1
  Number of constraints: 2275
  Number of variables: 1299
  Number of binary variables: 18
  Number of integer variables: 0
  Number of continuous variables: 1281
  Number of nonzeros: None
  Sense: 1
  Number of disjunctions: 7
Solver: 
- Name: GDPopt (22, 5, 13) - LDSDA
  Status: ok
  User time: 6.15523495990783
  Wallclock time: 6.15523495990783
  Termination condition: unknown
  Iterations: 2
  Timing: main_timer_start_time: 5889981.803358701
total: 6.15523495990783

