--- Job model.gms Start 02/25/24 14:51:19 44.3.0 8b8fb1cb LEX-LEG x86 64bit/Linux
--- Applying:
    /local/scratch/a/peng372/opt/gams/44.3/gmsprmun.txt
--- GAMS Parameters defined
    Input /tmp/tmpry9a0ai8/model.gms
    Output /tmp/tmpry9a0ai8/output.lst
    ScrDir /tmp/tmpry9a0ai8/225a/
    SysDir /local/scratch/a/peng372/opt/gams/44.3/
    CurDir /tmp/tmpry9a0ai8/
    LogOption 3
Licensee: Prof. Ignacio E. Grossmann                     G240103|0002AS-GEN
          Carnegie Mellon University, Dept. of Chemical Engineering  DCE375
          /local/scratch/a/peng372/opt/gams/44.3/gamslice.txt
          License Admin: Ignacio E. Grossmann,                             
          Evaluation license: Not for commercial or production use
Processor information: 1 socket(s), 48 core(s), and 96 thread(s) available
GAMS 44.3.0   Copyright (C) 1987-2023 GAMS Development. All rights reserved
--- Starting compilation
--- model.gms(37262) 8 Mb
--- $echo File /tmp/tmpry9a0ai8/dicopt.opt
--- model.gms(54512) 12 Mb
--- Starting execution: elapsed 0:00:00.075
--- model.gms(37261) 13 Mb
--- Generating MINLP model GAMS_MODEL
--- model.gms(37268) 17 Mb
--- Reset Solvelink = 2
---   11,245 rows  5,946 columns  31,645 non-zeroes
---   60,841 nl-code  8,645 nl-non-zeroes
---   89 discrete-columns
--- Range statistics (absolute non-zero finite values)
--- RHS       [min, max] : [ 1.000E+00, 1.000E+00] - Zero values observed as well
--- Bound     [min, max] : [ 1.000E+00, 3.000E+02] - Zero values observed as well
--- Matrix    [min, max] : [ 3.571E-02, 3.000E+02] - Zero values observed as well
--- model.gms(37268) 15 Mb
--- Executing DICOPT (Solvelink=2): elapsed 0:00:00.131
-------------------------------------------------------------------------------
Dicopt 2         44.3.0 8b8fb1cb Sep 1, 2023           LEG x86 64bit/Linux    
-------------------------------------------------------------------------------
Reading parameter(s) from "/tmp/tmpry9a0ai8/dicopt.opt"
>>  stop 1
Finished reading from "/tmp/tmpry9a0ai8/dicopt.opt"

--- DICOPT: Starting major iteration 1
--- DICOPT: Setting up first (relaxed) NLP.

COIN-OR Ipopt    44.3.0 8b8fb1cb Sep 1, 2023           LEG x86 64bit/Linux    

COIN-OR Interior Point Optimizer (Ipopt Library 3.14.12)
written by A. Waechter, commercially supported by GAMS Development Corp.

******************************************************************************
This program contains Ipopt, a library for large-scale nonlinear optimization.
 Ipopt is released as open source code under the Eclipse Public License (EPL).
         For more information visit https://github.com/coin-or/Ipopt
******************************************************************************

This is Ipopt version 3.14.12, running with linear solver ma27.

Number of nonzeros in equality constraint Jacobian...:    17983
Number of nonzeros in inequality constraint Jacobian.:    12933
Number of nonzeros in Lagrangian Hessian.............:     6776

Total number of variables............................:     5945
                     variables with only lower bounds:        0
                variables with lower and upper bounds:     5945
                     variables with only upper bounds:        0
Total number of equality constraints.................:     4398
Total number of inequality constraints...............:     6846
        inequality constraints with only lower bounds:        0
   inequality constraints with lower and upper bounds:        0
        inequality constraints with only upper bounds:     6846

iter    objective    inf_pr   inf_du lg(mu)  ||d||  lg(rg) alpha_du alpha_pr  ls
   0 -7.9999998e-04 2.50e+00 1.00e+00   0.0 0.00e+00    -  0.00e+00 0.00e+00   0
   1 -2.0504186e-03 2.45e+00 1.99e+00  -4.0 9.94e+01    -  9.07e-03 1.83e-02h  1
   2 -2.3338982e-03 2.44e+00 4.61e+00  -4.0 9.78e+01    -  1.86e-02 4.87e-03h  1
   3 -6.4497010e-03 2.30e+00 4.53e+00  -4.0 9.73e+01    -  2.30e-02 6.01e-02h  1
   4 -8.8765586e-03 2.22e+00 4.14e+00  -4.0 9.14e+01    -  6.75e-02 3.44e-02h  1
   5 -5.1861325e-02 1.58e+00 3.98e+00  -4.1 8.83e+01    -  1.03e-01 3.24e-01h  1
   6 -6.0429178e-02 1.48e+00 5.16e+00  -4.1 5.96e+01    -  3.82e-01 6.22e-02h  1
   7 -1.1450099e-01 1.04e+00 3.25e+00  -4.3 5.59e+01    -  3.85e-01 3.33e-01h  1
   8 -1.1521419e-01 1.03e+00 2.02e+02  -4.5 3.73e+01    -  3.40e-01 5.62e-03h  1
   9 -1.1686963e-01 1.03e+00 4.58e+02  -0.8 1.67e+02    -  1.57e-03 9.18e-04f  1
iter    objective    inf_pr   inf_du lg(mu)  ||d||  lg(rg) alpha_du alpha_pr  ls
  10 -1.1877191e-01 1.03e+00 1.46e+03  -0.8 2.23e+02    -  2.72e-03 9.97e-04h  1
  11 -1.2099684e-01 1.03e+00 3.83e+04  -0.4 4.65e+02    -  6.90e-03 4.18e-04h  1
  12 -1.2099843e-01 1.03e+00 9.81e+06  -4.7 3.71e+01    -  4.15e-03 1.74e-05h  1
  13r-1.2099843e-01 1.03e+00 1.00e+03   0.0 0.00e+00    -  0.00e+00 9.58e-08R  2
  14r-1.2483720e-01 3.61e-01 9.99e+02  -5.0 6.19e+03    -  1.27e-03 1.08e-03f  1
  15r-1.2483720e-01 3.61e-01 9.99e+02  -0.4 0.00e+00    -  0.00e+00 1.13e-07R  2
  16r-1.3290076e-01 3.56e-01 9.98e+02   0.6 3.18e+02    -  7.99e-04 9.72e-04f  1
  17r-1.5391677e-01 3.46e-01 9.96e+02   0.7 9.25e+01    -  8.07e-03 1.87e-03f  1
  18r-1.9175120e-01 3.24e-01 9.88e+02   0.3 1.78e+01    -  1.33e-02 7.91e-03f  1
  19 -2.5701344e-01 1.93e-01 2.16e+00  -4.0 3.02e+01    -  5.58e-01 4.03e-01h  1
iter    objective    inf_pr   inf_du lg(mu)  ||d||  lg(rg) alpha_du alpha_pr  ls
  20 -2.7224123e-01 1.64e-01 9.97e+00  -4.4 1.80e+01    -  7.23e-01 1.54e-01h  1
  21 -2.7243320e-01 1.63e-01 9.42e+01  -4.9 1.52e+01    -  1.60e-01 2.29e-03h  1
  22 -3.5054972e-01 1.61e-01 4.28e+02  -1.1 1.55e+01    -  7.30e-02 1.62e-02f  1
  23 -3.9790027e-01 1.59e-01 9.70e+03  -1.1 1.54e+01    -  1.40e-01 7.98e-03f  1
  24 -5.1399803e-01 1.59e-01 3.37e+04  -0.1 3.28e+01    -  4.15e-03 1.35e-03f  1
  25 -5.1739465e-01 1.59e-01 2.45e+07  -1.2 1.53e+01    -  2.40e-01 4.48e-04f  1
  26 -5.1883471e-01 1.59e-01 9.76e+09  -0.2 3.43e+01    -  5.73e-03 1.42e-05h  1
  27r-5.1883471e-01 1.59e-01 1.00e+03  -0.8 0.00e+00    -  0.00e+00 7.15e-08R  2
  28r-2.1360420e+00 1.30e-01 1.01e+03   0.8 9.14e+02    -  3.65e-02 2.43e-03f  1
  29 -2.1384803e+00 1.29e-01 7.91e+01  -4.0 1.31e+01    -  8.25e-01 1.09e-02h  1
iter    objective    inf_pr   inf_du lg(mu)  ||d||  lg(rg) alpha_du alpha_pr  ls
  30 -2.1421353e+00 1.29e-01 2.54e+05  -0.9 1.37e+01    -  3.57e-01 2.60e-04h  1
  31 -2.1806044e+00 1.29e-01 4.59e+07   0.1 3.12e+01    -  3.96e-02 2.18e-04f  1
  32r-2.1806044e+00 1.29e-01 1.00e+03  -0.9 0.00e+00    -  0.00e+00 3.74e-07R  5
  33r-2.1826592e+00 1.25e-01 9.94e+02  -5.3 1.17e+02    -  1.59e-01 3.39e-03f  1
  34r-2.9305929e+00 4.53e-02 9.16e+02  -1.3 1.10e+02    -  3.91e-01 7.26e-02f  1
  35 -2.9311123e+00 4.49e-02 1.12e+02  -4.0 4.54e+00    -  9.18e-01 8.86e-03h  1
  36 -2.9354221e+00 4.49e-02 2.65e+05  -1.2 5.24e+00    -  4.14e-01 2.91e-04h  1
  37 -2.9708524e+00 4.48e-02 7.27e+07  -0.2 3.08e+01    -  4.91e-02 1.78e-04f  1
  38r-2.9708524e+00 4.48e-02 1.00e+03  -1.3 0.00e+00    -  0.00e+00 4.61e-07R  4
  39r-2.9867149e+00 4.24e-02 1.27e+03  -1.3 8.07e+01    -  5.24e-01 3.01e-03f  1
iter    objective    inf_pr   inf_du lg(mu)  ||d||  lg(rg) alpha_du alpha_pr  ls
  40r-3.8640520e+00 1.59e-02 8.82e+02  -1.4 1.16e+01    -  6.80e-01 2.33e-01f  1
  41 -3.8651862e+00 1.56e-02 1.81e+01  -4.0 1.60e+00    -  2.15e-01 1.76e-02h  1
  42 -3.8841232e+00 1.56e-02 7.27e+03  -0.2 2.08e+00    -  5.31e-01 1.38e-03f  1
  43 -3.8957469e+00 1.40e-02 3.96e+04  -4.4 1.57e+00    -  7.66e-01 9.90e-02h  1
  44 -4.4679415e+00 1.38e-02 8.72e+05  -0.7 3.77e+00    -  4.22e-01 1.88e-02f  1
  45 -4.7360263e+00 1.37e-02 3.63e+07  -0.4 1.27e+01    -  1.12e-01 2.74e-03f  1
  46 -4.8358813e+00 1.37e-02 4.42e+09  -0.6 7.28e+00    -  2.13e-01 1.78e-03f  1
  47 -4.8404956e+00 1.37e-02 1.06e+13  -0.3 1.36e+01    -  1.11e-01 4.57e-05h  1
  48r-4.8404956e+00 1.37e-02 1.00e+03  -1.5 0.00e+00    -  0.00e+00 2.29e-07R  2
  49r-5.5980471e+00 1.37e-02 1.70e+03   0.1 1.04e+01    -  5.24e-01 6.44e-03f  1
iter    objective    inf_pr   inf_du lg(mu)  ||d||  lg(rg) alpha_du alpha_pr  ls
  50r-5.6541482e+00 9.68e-03 1.43e+03  -1.4 1.10e+00    -  5.96e-01 3.62e-01f  1
  51 -5.6685523e+00 8.29e-03 2.06e+00  -4.0 9.73e-01    -  2.92e-01 1.43e-01h  1
  52 -5.6815403e+00 7.51e-03 4.34e+00  -4.1 8.35e-01    -  1.54e-01 9.37e-02h  1
  53 -5.6830772e+00 7.44e-03 6.20e+02  -4.2 7.58e-01    -  6.00e-01 9.42e-03h  1
  54 -5.6868653e+00 7.37e-03 8.10e+03  -4.6 7.58e-01    -  1.18e-01 9.13e-03h  1
  55 -5.6894723e+00 7.33e-03 6.05e+05  -4.7 7.53e-01    -  3.76e-01 5.49e-03h  1
  56 -5.6895251e+00 7.33e-03 1.44e+09  -4.9 7.58e-01    -  1.58e-01 6.62e-05h  1
  57r-5.6895251e+00 7.33e-03 1.00e+03  -2.1 0.00e+00    -  0.00e+00 3.47e-07R  2
  58r-5.6901013e+00 5.99e-03 1.00e+03  -5.3 2.58e+01    -  1.54e-01 5.20e-03f  1
  59r-5.6901013e+00 5.99e-03 9.99e+02  -2.2 0.00e+00    -  0.00e+00 4.32e-07R  3
iter    objective    inf_pr   inf_du lg(mu)  ||d||  lg(rg) alpha_du alpha_pr  ls
  60r-5.6902503e+00 5.89e-03 9.97e+02  -4.3 4.65e+00    -  8.57e-03 2.11e-03f  1
  61r-5.6908101e+00 5.48e-03 9.88e+02  -4.3 4.63e+00    -  1.30e-02 8.96e-03f  1
  62r-5.6911520e+00 5.13e-03 9.80e+02  -4.3 4.58e+00    -  2.68e-02 7.59e-03f  1
  63 -5.6911622e+00 5.13e-03 8.50e+04  -4.0 5.17e-01    -  9.79e-01 1.04e-04h  1
  64 -5.6928767e+00 5.13e-03 3.00e+08  -5.7 1.66e+00    -  3.41e-01 9.57e-05h  1
  65 -5.6938191e+00 5.13e-03 2.09e+12  -5.8 2.36e+01  -2.0 3.51e-02 4.98e-06f  1
  66r-5.6938191e+00 5.13e-03 1.00e+03  -2.0 0.00e+00  -1.6 0.00e+00 3.37e-08R  2
  67r-5.7372330e+00 3.11e-04 9.04e+02  -2.1 3.02e+01    -  7.64e-01 1.69e-02f  1
  68 -5.7376742e+00 3.09e-04 8.85e+02  -4.0 8.41e-03    -  9.81e-01 4.55e-03h  1
  69 -5.9388078e+00 3.07e-04 2.90e+04  -5.7 3.40e+00    -  2.02e-01 5.74e-03f  1
iter    objective    inf_pr   inf_du lg(mu)  ||d||  lg(rg) alpha_du alpha_pr  ls
  70 -5.9639858e+00 3.07e-04 6.54e+07  -1.1 2.93e+00  -1.1 1.00e+00 7.61e-04f  1
  71 -5.9640714e+00 3.07e-04 5.13e+11  -7.1 7.16e-02    -  9.14e-01 1.15e-04h  1
  72r-5.9640714e+00 3.07e-04 1.00e+03  -2.6 0.00e+00  -1.6 0.00e+00 3.19e-07R  3
  73r-6.8869218e+00 2.77e-03 9.61e+02  -1.0 5.67e+01    -  6.98e-01 1.36e-02f  1
  74r-6.7088178e+00 1.99e-03 6.56e+02  -7.4 4.45e-02    -  9.17e-01 3.12e-01f  1
  75r-6.7847482e+00 2.96e-04 9.22e+01  -4.1 3.16e-02    -  9.89e-01 8.58e-01f  1
  76r-6.0733172e+00 1.45e-03 1.22e+00  -4.7 2.34e-01    -  1.00e+00 9.86e-01f  1
  77r-5.9875470e+00 7.10e-05 5.98e-01  -5.6 1.04e-01    -  1.00e+00 9.65e-01h  1
  78 -5.9876033e+00 7.10e-05 2.40e+04  -4.0 8.60e-03    -  9.81e-01 5.51e-04h  1
  79 -3.4557179e+01 2.45e+00 1.43e+04  -5.7 3.90e+00    -  1.84e-01 4.05e-01f  1
iter    objective    inf_pr   inf_du lg(mu)  ||d||  lg(rg) alpha_du alpha_pr  ls
  80 -4.0605728e+01 2.44e+00 4.02e+05  -1.7 5.77e+01  -2.1 5.25e-02 5.47e-03f  1
  81 -4.3156914e+01 2.41e+00 9.16e+07  -0.6 1.27e+01  -1.7 1.00e+00 9.78e-03f  1
  82 -6.0340326e+01 1.17e+00 8.25e+06  -1.2 5.19e+00    -  8.46e-01 8.98e-01h  1
  83 -1.8997750e+02 1.14e+02 4.50e+06  -1.4 2.19e+02    -  5.84e-02 8.80e-02f  1
  84 -2.5053671e+02 1.06e+02 2.92e+06  -1.4 1.84e+02    -  6.05e-02 7.09e-02f  1
  85 -2.5889441e+02 9.85e+01 1.22e+07  -0.8 7.89e+01    -  5.11e-02 7.78e-02f  1
  86 -9.5477330e+01 9.61e+01 5.28e+08  -0.2 1.34e+02    -  3.96e-01 1.53e-01f  1
  87 -2.2324599e+02 2.96e+01 8.21e+07  -0.7 2.33e+01    -  9.32e-01 8.90e-01h  1
  88 -2.7379534e+02 4.02e+00 4.30e+01  -0.9 1.13e+01    -  1.00e+00 1.00e+00h  1
  89 -3.4644268e+02 2.78e+00 2.63e+01  -1.1 7.10e+00    -  1.00e+00 1.00e+00f  1
iter    objective    inf_pr   inf_du lg(mu)  ||d||  lg(rg) alpha_du alpha_pr  ls
  90 -4.7342142e+02 6.66e+00 2.40e+07  -1.5 1.01e+01    -  1.00e+00 9.76e-01f  1
  91 -5.2919787e+02 7.94e+00 3.36e+01  -1.6 9.58e+00    -  1.00e+00 1.00e+00h  1
  92 -5.5460866e+02 1.79e+00 1.59e+00  -1.8 5.38e+00    -  1.00e+00 1.00e+00h  1
  93 -5.7601250e+02 5.86e+00 4.25e+00  -2.1 8.20e+00    -  1.00e+00 1.00e+00h  1
  94 -5.8938634e+02 4.61e+00 2.27e+05  -2.4 1.11e+01    -  1.00e+00 9.98e-01h  1
  95 -5.7960729e+02 2.08e+00 2.40e+00  -2.1 6.46e+00    -  1.00e+00 1.00e+00f  1
  96 -5.9102386e+02 1.03e+00 1.03e+06  -2.4 1.08e+01    -  1.00e+00 9.85e-01h  1
  97 -5.9496504e+02 3.29e+00 3.05e-01  -2.5 1.01e+01    -  1.00e+00 1.00e+00h  1
  98 -6.0076415e+02 2.49e+00 1.37e+00  -2.8 9.42e+00    -  1.00e+00 1.00e+00f  1
  99 -6.0165354e+02 9.61e-01 2.20e+03  -2.8 3.49e+00    -  9.99e-01 1.00e+00h  1
iter    objective    inf_pr   inf_du lg(mu)  ||d||  lg(rg) alpha_du alpha_pr  ls
 100 -6.0413362e+02 1.67e+00 1.44e+05  -3.0 4.77e+00    -  1.00e+00 9.87e-01h  1
 101 -6.0080595e+02 4.02e+00 1.28e+00  -2.8 6.38e+00    -  1.00e+00 1.00e+00f  1
 102 -6.0231134e+02 1.98e+00 9.23e-01  -2.9 3.01e+00    -  1.00e+00 1.00e+00h  1
 103 -6.0487723e+02 3.28e+00 5.33e-01  -3.1 5.07e+00    -  1.00e+00 1.00e+00h  1
 104 -6.0207856e+02 1.32e+00 2.65e+06  -2.8 5.58e+00    -  7.85e-01 1.00e+00f  1
 105 -6.0233791e+02 1.13e+00 6.02e+06  -3.0 3.09e+00    -  1.00e+00 1.62e-01h  1
 106 -6.0447697e+02 1.79e+00 1.20e+05  -3.1 4.15e+00    -  1.00e+00 9.88e-01h  1
 107 -6.0145769e+02 2.91e+00 7.63e-01  -2.8 5.82e+00    -  1.00e+00 1.00e+00f  1
 108 -6.0281916e+02 1.72e+00 6.54e-01  -2.9 2.76e+00    -  1.00e+00 1.00e+00h  1
 109 -6.0347084e+02 1.14e+00 4.69e-01  -3.0 1.25e+00    -  1.00e+00 1.00e+00h  1
iter    objective    inf_pr   inf_du lg(mu)  ||d||  lg(rg) alpha_du alpha_pr  ls
 110 -6.0375330e+02 1.26e-01 9.32e-02  -3.0 1.28e+00    -  1.00e+00 1.00e+00h  1
 111 -6.0613462e+02 2.41e+00 5.31e+05  -3.3 5.67e+00    -  1.00e+00 9.52e-01f  1
 112 -6.0651049e+02 7.87e-01 4.40e-02  -3.4 2.17e+00    -  1.00e+00 1.00e+00h  1
 113 -6.0669286e+02 2.36e-01 1.94e+05  -3.5 3.31e-01    -  8.02e-01 1.00e+00h  1
 114 -6.0718984e+02 9.61e-02 1.29e-01  -3.7 1.12e+00    -  1.00e+00 1.00e+00h  1
 115 -6.0732255e+02 2.85e-02 1.78e+03  -3.8 3.50e-01    -  9.98e-01 1.00e+00h  1
 116 -6.0753000e+02 3.39e-02 4.70e+04  -4.0 4.49e-01    -  1.00e+00 9.62e-01h  1
 117 -6.0759344e+02 8.96e-03 8.08e-02  -4.1 1.35e-01    -  1.00e+00 1.00e+00h  1
 118 -6.0775126e+02 1.34e-02 2.77e+03  -4.6 3.22e-01    -  9.97e-01 1.00e+00h  1
 119 -6.0776252e+02 1.55e-03 1.92e-01  -4.8 4.98e-02    -  1.00e+00 1.00e+00h  1
iter    objective    inf_pr   inf_du lg(mu)  ||d||  lg(rg) alpha_du alpha_pr  ls
 120 -6.0778216e+02 8.43e-04 2.08e+04  -5.1 4.80e-02    -  1.00e+00 8.78e-01h  1
 121 -6.0778556e+02 7.73e-05 7.35e-02  -5.2 1.00e-02    -  1.00e+00 1.00e+00h  1
 122 -6.0778961e+02 1.19e-04 2.61e+04  -5.5 1.88e-02    -  1.00e+00 5.84e-01h  1
 123 -6.0779237e+02 9.55e-05 8.35e-02  -5.5 1.12e-02    -  1.00e+00 1.00e+00h  1
 124 -6.0779342e+02 2.29e-05 5.60e+02  -5.6 7.79e-03    -  1.00e+00 9.53e-01h  1
 125 -6.0779526e+02 8.22e-05 1.37e+03  -5.9 9.40e-03    -  1.00e+00 9.32e-01h  1
 126 -6.0779541e+02 4.29e-04 5.03e-03  -5.9 5.08e-03    -  1.00e+00 1.00e+00h  1
 127 -6.0779650e+02 5.43e-05 1.70e-02  -6.2 1.02e-02    -  1.00e+00 1.00e+00h  1
 128 -6.0779689e+02 2.78e-05 4.53e-03  -6.3 9.29e-03    -  1.00e+00 1.00e+00h  1
 129 -6.0779718e+02 1.92e-05 4.69e-03  -6.5 8.52e-03    -  1.00e+00 1.00e+00h  1
iter    objective    inf_pr   inf_du lg(mu)  ||d||  lg(rg) alpha_du alpha_pr  ls
 130 -6.0779734e+02 2.65e-05 3.38e-03  -6.7 6.58e-03    -  1.00e+00 1.00e+00h  1
 131 -6.0779745e+02 2.12e-05 4.30e-04  -7.1 1.94e-04  -0.3 1.00e+00 1.00e+00h  1
 132 -6.0779734e+02 4.41e-05 2.01e-03  -6.7 2.20e-03    -  1.00e+00 1.00e+00h  1
 133 -6.0779738e+02 7.66e-07 3.73e-04  -6.8 3.89e-05   1.0 1.00e+00 1.00e+00h  1
 134 -6.0779750e+02 1.58e-06 9.01e+01  -7.5 1.31e-04   0.5 1.00e+00 9.61e-01h  1
 135 -6.0779753e+02 1.90e-07 3.74e+01  -8.1 6.84e-05   0.9 1.00e+00 9.34e-01h  1
 136 -6.0779755e+02 5.43e-07 6.63e+01  -8.8 1.79e-04   0.5 1.00e+00 5.68e-01h  1
 137 -6.0779755e+02 2.99e-07 1.99e+01  -9.0 6.74e-05   0.9 1.00e+00 7.39e-01h  1
 138 -6.0779756e+02 1.72e-06 1.50e+01  -9.1 1.78e-04   0.4 1.00e+00 3.38e-01h  1
 139 -6.0779756e+02 1.30e-06 1.02e+01  -9.1 5.63e-05   0.8 1.00e+00 3.20e-01f  1
iter    objective    inf_pr   inf_du lg(mu)  ||d||  lg(rg) alpha_du alpha_pr  ls
 140 -6.0779756e+02 5.65e-06 7.09e+00  -9.1 2.16e-04   0.4 1.00e+00 3.03e-01f  1
 141 -6.0779756e+02 3.78e-06 3.92e+00  -9.1 5.87e-05   0.8 1.00e+00 4.47e-01f  1
 142 -6.0779756e+02 5.82e-05 5.25e-01  -9.1 3.27e-04   0.3 1.00e+00 8.89e-01f  1
 143 -6.0779756e+02 5.78e-05 3.43e+00  -9.2 6.36e-04  -0.2 1.00e+00 8.32e-03h  1
 144 -6.0779756e+02 4.66e-05 2.76e+00  -9.2 1.03e-03  -0.7 8.76e-01 1.94e-01f  1
 145 -6.0779756e+02 4.18e-05 2.48e+00  -9.2 2.73e-03  -1.1 1.00e+00 1.03e-01f  1
 146 -6.0779757e+02 3.79e-05 2.25e+00  -9.2 3.01e-03  -1.6 1.14e-01 9.34e-02f  1
 147 -6.0779757e+02 3.54e-05 2.10e+00  -9.2 6.68e-03  -2.1 7.15e-02 6.76e-02f  1
 148 -6.0779759e+02 3.13e-05 2.12e+01  -7.9 4.36e-03  -2.6 4.37e-02 1.22e-01f  1
 149 -6.0779759e+02 3.03e-05 9.04e+00  -7.4 4.44e-03  -3.0 4.77e-02 3.27e-02h  1
iter    objective    inf_pr   inf_du lg(mu)  ||d||  lg(rg) alpha_du alpha_pr  ls
 150 -6.0779760e+02 2.89e-05 8.15e+00  -8.6 1.24e-02  -3.5 2.57e-03 4.51e-02h  1
 151 -6.0779759e+02 2.72e-05 7.01e+02  -6.9 9.02e-03  -4.0 3.95e-01 5.95e-02f  1
 152 -6.0779760e+02 2.16e-05 5.93e+02  -7.4 1.73e-02    -  2.99e-02 2.07e-01h  1
 153 -6.0779761e+02 1.87e-05 5.21e+02  -7.4 1.31e-02    -  9.94e-02 1.32e-01f  1
 154 -6.0779759e+02 4.94e-05 3.82e+01  -7.4 1.90e-04   0.9 7.92e-01 1.00e+00f  1
 155 -6.0779755e+02 3.00e-06 2.78e-03  -7.2 7.39e-05   1.4 1.00e+00 1.00e+00h  1
 156 -6.0779757e+02 3.05e-05 3.99e-03  -7.3 2.15e-04   0.9 1.00e+00 1.00e+00h  1
 157 -6.0779757e+02 2.68e-05 9.44e+00  -7.3 4.20e-04   0.4 1.00e+00 1.33e-01h  1
 158 -6.0779758e+02 1.92e-05 1.54e+02  -7.4 3.94e-04  -0.1 1.00e+00 2.85e-01h  1
 159 -6.0779759e+02 1.08e-06 1.17e+01  -7.4 1.52e-04  -0.5 1.00e+00 9.43e-01f  1
iter    objective    inf_pr   inf_du lg(mu)  ||d||  lg(rg) alpha_du alpha_pr  ls
 160 -6.0779763e+02 7.69e-07 2.28e-04  -8.1 1.93e-04  -1.0 1.00e+00 1.00e+00h  1
 161 -6.0779763e+02 3.22e-06 2.89e+02  -7.6 2.26e-02    -  1.00e+00 2.04e-01h  1
 162 -6.0779763e+02 4.57e-06 9.57e-03  -7.7 5.67e-03    -  1.00e+00 1.00e+00h  1
 163 -6.0779765e+02 6.36e-07 1.18e-03  -8.3 1.77e-03    -  1.00e+00 1.00e+00h  1
 164 -6.0779766e+02 3.78e-07 2.38e-04  -9.3 6.49e-04    -  1.00e+00 1.00e+00h  1
 165 -6.0779766e+02 4.71e-08 2.63e-06  -9.8 1.28e-04    -  1.00e+00 1.00e+00h  1
 166 -6.0779766e+02 1.04e-09 1.22e-07 -10.5 5.03e-05    -  1.00e+00 1.00e+00h  1
 167 -6.0779766e+02 2.16e-10 5.12e-09 -11.0 3.76e-05    -  1.00e+00 1.00e+00h  1

Number of Iterations....: 167

                                   (scaled)                 (unscaled)
Objective...............:  -6.0779765744175688e+02   -6.0779765744175688e+02
Dual infeasibility......:   5.1191667661338109e-09    5.1191667661338109e-09
Constraint violation....:   2.1627192556418723e-10    2.1627192556418723e-10
Variable bound violation:   1.9574386556087120e-10    1.9574386556087120e-10
Complementarity.........:   1.7160774580940660e-11    1.7160774580940660e-11
Overall NLP error.......:   5.1191667661338109e-09    5.1191667661338109e-09


Number of objective function evaluations             = 195
Number of objective gradient evaluations             = 157
Number of equality constraint evaluations            = 195
Number of inequality constraint evaluations          = 195
Number of equality constraint Jacobian evaluations   = 178
Number of inequality constraint Jacobian evaluations = 1
Number of Lagrangian Hessian evaluations             = 167
Total seconds in IPOPT                               = 3.094

EXIT: Optimal Solution Found.
--- DICOPT: Setting up first MIP

IBM ILOG CPLEX   44.3.0 8b8fb1cb Sep 1, 2023           LEG x86 64bit/Linux    

--- GAMS/CPLEX licensed for continuous and discrete problems.
--- GMO setup time: 0.00s
--- Space for names approximately 0.33 Mb
--- Use option 'names no' to turn use of names off
--- GMO memory 4.46 Mb (peak 4.54 Mb)
--- Dictionary memory 0.00 Mb
--- Cplex 22.1.1.0 link memory 0.33 Mb (peak 1.29 Mb)
--- Starting Cplex

Version identifier: 22.1.1.0 | 2022-11-28 | 9160aff4d
CPXPARAM_Advance                                 0
CPXPARAM_Threads                                 1
CPXPARAM_MIP_Display                             4
CPXPARAM_MIP_Pool_Capacity                       0
CPXPARAM_TimeLimit                               1796.9061329364777
CPXPARAM_MIP_Tolerances_AbsMIPGap                0
CPXPARAM_MIP_Tolerances_MIPGap                   0
Generic callback                                 0x50
Tried aggregator 2 times.
MIP Presolve eliminated 1524 rows and 1159 columns.
MIP Presolve modified 136 coefficients.
Aggregator did 212 substitutions.
Reduced MIP has 9509 rows, 8946 columns, and 31068 nonzeros.
Reduced MIP has 36 binaries, 0 generals, 0 SOSs, and 0 indicators.
Presolve time = 0.02 sec. (26.56 ticks)
Found incumbent of value 811752.393018 after 0.03 sec. (40.65 ticks)
Probing changed sense of 6 constraints.
Probing time = 0.02 sec. (33.82 ticks)
Tried aggregator 1 time.
Detecting symmetries...
MIP Presolve eliminated 30 rows and 12 columns.
Reduced MIP has 9479 rows, 8934 columns, and 30987 nonzeros.
Reduced MIP has 24 binaries, 0 generals, 0 SOSs, and 0 indicators.
Presolve time = 0.03 sec. (33.44 ticks)
Probing time = 0.01 sec. (12.92 ticks)
Clique table members: 143.
MIP emphasis: balance optimality and feasibility.
MIP search method: dynamic search.
Parallel mode: none, using 1 thread.
Initializing dual steep norms . . .

Iteration log . . .
Iteration:     1   Dual objective     =          -693.582764
Perturbation started.
Iteration:   101   Dual objective     =          -693.582764
Iteration:   574   Dual objective     =          -693.514511
Iteration:  1021   Dual objective     =          -693.477854
Iteration:  1548   Dual objective     =          -692.299104
Iteration:  1995   Dual objective     =          -692.014683
Iteration:  2382   Dual objective     =          -691.403160
Iteration:  2719   Dual objective     =          -691.397564
Iteration:  3046   Dual objective     =          -691.392541
Iteration:  3336   Dual objective     =          -691.385919
Iteration:  3654   Dual objective     =          -691.379821
Iteration:  3965   Dual objective     =          -690.442862
Iteration:  4246   Dual objective     =          -669.251581
Iteration:  4551   Dual objective     =          -650.542529
Iteration:  4714   Dual objective     =          -638.227983
Iteration:  4896   Dual objective     =          -624.660723
Iteration:  5077   Dual objective     =          -620.019557
Iteration:  5292   Dual objective     =          -616.965611
Iteration:  5545   Dual objective     =          -613.366284
Iteration:  5710   Dual objective     =          -611.763735
Iteration:  5907   Dual objective     =          -610.680251
Iteration:  6066   Dual objective     =          -608.887771
Iteration:  6228   Dual objective     =          -607.424474
Removing perturbation.
Iteration:  6351    Objective     =          -607.788445
Iteration:  6360   Dual objective     =          -607.788447
Root relaxation solution time = 0.32 sec. (567.72 ticks)

        Nodes                                         Cuts/
   Node  Left     Objective  IInf  Best Integer    Best Bound    ItCnt     Gap

*     0+    0                       811752.3930     -693.5828           100.09%
Found incumbent of value 811752.393018 after 0.42 sec. (705.82 ticks)
      0     0     -607.7884    24   811752.3930     -607.7884     6360  100.07%
*     0+    0                         5372.0536     -607.7884           111.31%
Found incumbent of value 5372.053597 after 0.67 sec. (1417.79 ticks)
      0     0     -542.9987    23     5372.0536      Cuts: 72     6632  110.11%
      0     0     -524.1354    20     5372.0536   Flowcuts: 2     6834  109.76%
      0     0     -524.1354    21     5372.0536     Cuts: 172     6836  109.76%
*     0+    0                         5372.0499     -524.1354           109.76%
Found incumbent of value 5372.049893 after 1.93 sec. (3892.33 ticks)
Detecting symmetries...
      0     2     -524.1354    21     5372.0499     -509.1132     6836  109.48%
Elapsed time = 2.39 sec. (4844.92 ticks, tree = 0.01 MB)
*     1     1      integral     0     5372.0425     -509.1132     8095  109.48%
Found incumbent of value 5372.042458 after 2.43 sec. (4909.97 ticks)
      4     4     -472.7604    14     5372.0425     -472.7965     9730  108.80%
      7     7     -471.3941     2     5372.0425     -472.7965    13144  108.80%
*     8     4      integral     0     -364.4096     -472.7965    13727   29.74%
Found incumbent of value -364.409634 after 2.77 sec. (5573.56 ticks)
*     9     3      integral     0     -471.0567     -472.7965    13873    0.37%
Found incumbent of value -471.056707 after 2.77 sec. (5584.24 ticks)
*    10+    2                         -471.2518     -472.7965             0.33%
Found incumbent of value -471.251826 after 2.82 sec. (5663.46 ticks)
     13     1     -471.4858     2     -471.2518     -472.7604    16183    0.32%

Clique cuts applied:  1
Implied bound cuts applied:  69
Flow cuts applied:  4

Root node processing (before b&c):
  Real time             =    2.38 sec. (4833.03 ticks)
Sequential b&c:
  Real time             =    0.56 sec. (1076.23 ticks)
                          ------------
Total (root+branch&cut) =    2.95 sec. (5909.26 ticks)

--- MIP status (101): integer optimal solution.
--- Cplex Time: 2.95sec (det. 5909.29 ticks)

--- Returning a primal only solution to GAMS (marginals all set to NA).
--- Fixing integer variables and solving final LP...

Version identifier: 22.1.1.0 | 2022-11-28 | 9160aff4d
CPXPARAM_Advance                                 2
CPXPARAM_Threads                                 1
CPXPARAM_MIP_Display                             4
CPXPARAM_MIP_Pool_Capacity                       0
CPXPARAM_TimeLimit                               1796.9061329364777
CPXPARAM_MIP_Tolerances_AbsMIPGap                0
CPXPARAM_MIP_Tolerances_MIPGap                   0
Tried aggregator 1 time.
LP Presolve eliminated 8356 rows and 5979 columns.
Aggregator did 1448 substitutions.
Reduced LP has 1441 rows, 2890 columns, and 7201 nonzeros.
Presolve time = 0.01 sec. (9.09 ticks)
Initializing dual steep norms . . .

Iteration log . . .
Iteration:     1   Dual objective     =          -686.544386
Iteration:   141   Dual objective     =          -623.504390
Perturbation started.
Iteration:   303   Dual objective     =          -590.822682
Iteration:   519   Dual objective     =          -590.797192
Iteration:   683   Dual objective     =          -551.435480
Iteration:   836   Dual objective     =          -523.719762
Iteration:   978   Dual objective     =          -474.813527
Removing perturbation.
Iteration:  1028   Scaled dual infeas =             0.000001
Iteration:  1030   Dual objective     =          -471.251848

--- Fixed MIP status (1): optimal.
--- Cplex Time: 0.02sec (det. 29.59 ticks)


Proven optimal solution
MIP Solution:         -471.251826    (16990 iterations, 17 nodes)
Final Solve:          -471.251826    (1035 iterations)

Best possible:        -471.251826
Absolute gap:            0.000001
Relative gap:            0.000000

--- DICOPT: Starting major iteration 2
--- DICOPT: Setting up next NLP

COIN-OR Ipopt    44.3.0 8b8fb1cb Sep 1, 2023           LEG x86 64bit/Linux    

COIN-OR Interior Point Optimizer (Ipopt Library 3.14.12)
written by A. Waechter, commercially supported by GAMS Development Corp.
This is Ipopt version 3.14.12, running with linear solver ma27.

Number of nonzeros in equality constraint Jacobian...:    16023
Number of nonzeros in inequality constraint Jacobian.:     6600
Number of nonzeros in Lagrangian Hessian.............:     2912

Total number of variables............................:     5856
                     variables with only lower bounds:        0
                variables with lower and upper bounds:     5856
                     variables with only upper bounds:        0
Total number of equality constraints.................:     4398
Total number of inequality constraints...............:     6846
        inequality constraints with only lower bounds:        0
   inequality constraints with lower and upper bounds:        0
        inequality constraints with only upper bounds:     6846

iter    objective    inf_pr   inf_du lg(mu)  ||d||  lg(rg) alpha_du alpha_pr  ls
   0 -5.0703980e+02 9.89e+40 1.00e+00   0.0 0.00e+00    -  0.00e+00 0.00e+00   0
   1 -5.0225588e+02 9.88e+40 3.91e+00   2.1 3.16e+02    -  5.14e-04 6.90e-04h  1
   2 -4.9154564e+02 9.85e+40 9.33e+01   1.7 7.95e+02    -  2.83e-04 3.51e-03h  1
   3 -4.8147193e+02 9.70e+40 9.02e+01   0.9 2.96e+02    -  4.02e-03 1.53e-02h  1
   4 -4.7925962e+02 9.60e+40 5.60e+01   0.2 2.97e+02    -  2.83e-02 9.97e-03h  1
   5 -4.7440899e+02 9.59e+40 1.75e+02   2.1 1.79e+03    -  1.76e-03 6.66e-04h  1
   6 -4.4642522e+02 9.59e+40 2.27e+02   2.9 7.90e+03    -  3.60e-04 5.76e-04h  1
   7 -4.1684068e+02 9.58e+40 6.13e+03   2.8 3.55e+03    -  4.74e-03 9.89e-04h  1
   8 -2.8299560e+02 9.50e+40 4.19e+03   2.7 7.57e+02    -  7.89e-03 8.84e-03h  1
   9 -2.6472016e+02 9.35e+40 2.03e+06   2.4 2.92e+02    -  1.00e+00 1.53e-02h  1
iter    objective    inf_pr   inf_du lg(mu)  ||d||  lg(rg) alpha_du alpha_pr  ls
  10 -2.5117242e+02 8.44e+40 1.91e+06   4.1 2.89e+02    -  1.96e-01 1.02e-01h  1
  11 -1.3635723e+02 4.39e+40 3.71e+06   3.2 2.55e+02    -  1.52e-01 6.53e-01h  1
  12 -1.1228484e+02 3.55e+40 4.11e+06   4.0 9.07e+01    -  1.00e+00 2.14e-01h  1
  13 -5.2352665e+01 1.73e+40 4.50e+06   4.1 8.54e+01    -  7.15e-01 7.18e-01h  1
  14 -1.5051649e+02 6.36e+39 2.40e+07   5.0 5.42e+01    -  3.64e-01 1.00e+00h  1
  15 -2.8619498e+01 4.14e+39 1.43e+07   5.1 5.82e+01    -  4.13e-01 4.30e-01h  1
  16 -2.1675309e+01 1.83e+39 5.10e+06   4.5 1.17e+02    -  3.97e-02 8.17e-01h  1
  17 -4.0712153e+01 6.72e+38 4.19e+06   4.8 2.96e+02    -  6.79e-01 1.00e+00h  1
  18 -3.6360038e+01 2.47e+38 1.20e+06   4.7 9.64e+01    -  9.60e-01 1.00e+00h  1
  19 -1.8534815e+01 9.10e+37 1.54e+06   4.1 1.93e+00    -  9.95e-01 1.00e+00h  1
iter    objective    inf_pr   inf_du lg(mu)  ||d||  lg(rg) alpha_du alpha_pr  ls
  20 -1.1780244e+01 3.35e+37 1.59e+06   3.5 1.22e+00    -  1.00e+00 1.00e+00h  1
  21 -1.3423574e+01 1.23e+37 1.33e+06   3.2 3.13e-01    -  8.79e-01 1.00e+00h  1
  22 -5.3805619e+01 4.53e+36 1.06e+06   3.8 2.83e+00    -  1.00e+00 1.00e+00h  1
  23 -3.5749735e+01 1.67e+36 1.20e+06   3.5 8.20e-01    -  9.99e-01 1.00e+00h  1
  24 -3.7227254e+01 6.13e+35 1.40e+06   2.8 1.20e-01    -  1.00e+00 1.00e+00h  1
  25 -4.7648324e+01 2.25e+35 1.45e+06   2.5 9.03e-01    -  1.00e+00 1.00e+00h  1
  26 -4.8277134e+01 8.29e+34 1.55e+06   1.4 1.83e-01    -  1.00e+00 1.00e+00h  1
  27 -4.8426166e+01 3.05e+34 1.74e+06   0.5 9.23e-03    -  1.00e+00 1.00e+00h  1
  28 -4.8731589e+01 1.12e+34 2.06e+06  -0.3 1.62e-01    -  1.00e+00 1.00e+00h  1
  29 -5.0225255e+01 4.13e+33 2.57e+06  -1.2 8.10e-01    -  1.00e+00 1.00e+00h  1
iter    objective    inf_pr   inf_du lg(mu)  ||d||  lg(rg) alpha_du alpha_pr  ls
  30 -5.3085443e+01 1.52e+33 3.42e+06  -1.4 2.89e+00    -  1.00e+00 1.00e+00h  1
  31 -5.3441357e+01 5.59e+32 4.27e+06  -2.1 9.77e-02    -  1.00e+00 1.00e+00h  1
  32 -5.3670216e+01 2.06e+32 5.64e+06  -3.7 1.23e-01    -  1.00e+00 1.00e+00h  1
  33 -5.3691401e+01 7.56e+31 9.26e+06  -4.7 1.07e-02    -  1.00e+00 1.00e+00h  1
  34 -5.3695014e+01 2.78e+31 1.58e+07  -5.8 3.74e-04    -  1.00e+00 1.00e+00h  1
  35 -5.3698255e+01 1.02e+31 2.72e+07  -7.3 3.47e-04    -  1.00e+00 1.00e+00h  1
  36 -5.3701456e+01 3.76e+30 5.59e+07  -7.6 3.44e-04  -4.0 1.00e+00 1.00e+00h  1
  37 -5.3704656e+01 1.38e+30 8.63e+07  -9.0 3.44e-04    -  1.00e+00 1.00e+00h  1
  38 -5.3707856e+01 5.09e+29 1.59e+08  -9.2 3.44e-04    -  1.00e+00 1.00e+00h  1
In iteration 38, 16 Slacks too small, adjusting variable bounds
  39 -5.3711056e+01 1.87e+29 2.31e+08  -9.7 3.44e-04    -  1.00e+00 1.00e+00h  1
In iteration 39, 16 Slacks too small, adjusting variable bounds
iter    objective    inf_pr   inf_du lg(mu)  ||d||  lg(rg) alpha_du alpha_pr  ls
  40 -5.3714256e+01 6.89e+28 3.23e+08  -9.9 3.44e-04    -  1.00e+00 1.00e+00h  1
In iteration 40, 61 Slacks too small, adjusting variable bounds
  41 -5.3717456e+01 2.53e+28 4.21e+08 -10.3 3.44e-04    -  1.00e+00 1.00e+00h  1
In iteration 41, 61 Slacks too small, adjusting variable bounds
  42 -5.3720656e+01 9.32e+27 5.46e+08 -10.7 3.44e-04    -  1.00e+00 1.00e+00h  1
In iteration 42, 61 Slacks too small, adjusting variable bounds
  43 -5.3723855e+01 3.43e+27 7.00e+08 -11.0 3.44e-04  -4.5 1.00e+00 1.00e+00h  1
In iteration 43, 61 Slacks too small, adjusting variable bounds
  44 -5.3727055e+01 1.26e+27 8.80e+08 -11.0 3.44e-04  -5.0 1.00e+00 1.00e+00h  1
In iteration 44, 61 Slacks too small, adjusting variable bounds
  45 -5.3730255e+01 4.64e+26 1.04e+09 -11.0 3.44e-04    -  1.00e+00 1.00e+00h  1
In iteration 45, 61 Slacks too small, adjusting variable bounds
  46 -5.3733454e+01 1.71e+26 1.20e+09 -11.0 3.43e-04    -  1.00e+00 1.00e+00h  1
In iteration 46, 61 Slacks too small, adjusting variable bounds
  47 -5.3736653e+01 6.28e+25 1.36e+09 -11.0 3.43e-04    -  1.00e+00 1.00e+00h  1
In iteration 47, 61 Slacks too small, adjusting variable bounds
  48 -5.3739852e+01 2.31e+25 1.51e+09 -11.0 3.43e-04    -  1.00e+00 1.00e+00h  1
In iteration 48, 61 Slacks too small, adjusting variable bounds
  49 -5.3743051e+01 8.49e+24 1.65e+09 -11.0 3.43e-04    -  1.00e+00 1.00e+00h  1
In iteration 49, 61 Slacks too small, adjusting variable bounds
iter    objective    inf_pr   inf_du lg(mu)  ||d||  lg(rg) alpha_du alpha_pr  ls
  50 -5.3746250e+01 3.12e+24 1.80e+09 -11.0 3.43e-04  -4.5 1.00e+00 1.00e+00h  1
In iteration 50, 61 Slacks too small, adjusting variable bounds
  51 -5.3749448e+01 1.15e+24 1.94e+09 -11.0 3.43e-04    -  1.00e+00 1.00e+00h  1
In iteration 51, 61 Slacks too small, adjusting variable bounds
  52 -5.3752646e+01 4.23e+23 2.08e+09 -11.0 3.43e-04    -  1.00e+00 1.00e+00h  1
In iteration 52, 61 Slacks too small, adjusting variable bounds
  53 -5.3755844e+01 1.55e+23 2.22e+09 -11.0 3.43e-04    -  1.00e+00 1.00e+00h  1
In iteration 53, 61 Slacks too small, adjusting variable bounds
  54 -5.3759041e+01 5.72e+22 2.35e+09 -11.0 3.43e-04  -5.0 1.00e+00 1.00e+00h  1
In iteration 54, 61 Slacks too small, adjusting variable bounds
  55 -5.3762238e+01 2.10e+22 2.49e+09 -11.0 3.43e-04    -  1.00e+00 1.00e+00h  1
In iteration 55, 61 Slacks too small, adjusting variable bounds
  56 -5.3765435e+01 7.74e+21 2.62e+09 -11.0 3.43e-04    -  1.00e+00 1.00e+00h  1
In iteration 56, 61 Slacks too small, adjusting variable bounds
  57 -5.3768632e+01 2.85e+21 2.75e+09 -11.0 3.43e-04    -  1.00e+00 1.00e+00h  1
In iteration 57, 61 Slacks too small, adjusting variable bounds
  58 -5.3771827e+01 1.05e+21 2.87e+09 -11.0 3.43e-04    -  1.00e+00 1.00e+00h  1
In iteration 58, 61 Slacks too small, adjusting variable bounds
  59 -5.3775023e+01 3.85e+20 3.00e+09 -11.0 3.43e-04  -4.6 1.00e+00 1.00e+00h  1
In iteration 59, 61 Slacks too small, adjusting variable bounds
iter    objective    inf_pr   inf_du lg(mu)  ||d||  lg(rg) alpha_du alpha_pr  ls
  60 -5.3778218e+01 1.42e+20 3.12e+09 -11.0 3.43e-04    -  1.00e+00 1.00e+00h  1
In iteration 60, 61 Slacks too small, adjusting variable bounds
  61 -5.3781412e+01 5.21e+19 3.24e+09 -11.0 3.43e-04    -  1.00e+00 1.00e+00h  1
In iteration 61, 61 Slacks too small, adjusting variable bounds
  62 -5.3784606e+01 1.92e+19 3.36e+09 -11.0 3.43e-04  -5.1 1.00e+00 1.00e+00h  1
  63 -5.3787799e+01 7.05e+18 3.47e+09  -9.0 3.42e-04  -5.5 3.16e-02 1.00e+00h  1
  64 -5.3790991e+01 2.59e+18 3.47e+09  -9.0 3.42e-04    -  8.52e-01 1.00e+00h  1
In iteration 64, 16 Slacks too small, adjusting variable bounds
  65 -5.3794183e+01 9.53e+17 3.49e+09  -9.7 3.42e-04    -  1.00e+00 1.00e+00h  1
In iteration 65, 61 Slacks too small, adjusting variable bounds
  66 -5.3797374e+01 3.51e+17 3.54e+09 -10.2 3.42e-04    -  1.00e+00 1.00e+00h  1
In iteration 66, 61 Slacks too small, adjusting variable bounds
  67 -5.3800564e+01 1.29e+17 3.62e+09 -10.6 3.42e-04    -  1.00e+00 1.00e+00h  1
In iteration 67, 61 Slacks too small, adjusting variable bounds
  68 -5.3803753e+01 4.74e+16 3.71e+09 -11.0 3.42e-04    -  1.00e+00 1.00e+00h  1
In iteration 68, 61 Slacks too small, adjusting variable bounds
  69 -5.3806941e+01 1.74e+16 3.83e+09 -11.0 3.42e-04    -  1.00e+00 1.00e+00h  1
In iteration 69, 61 Slacks too small, adjusting variable bounds
iter    objective    inf_pr   inf_du lg(mu)  ||d||  lg(rg) alpha_du alpha_pr  ls
  70 -5.3810128e+01 6.42e+15 3.93e+09 -11.0 3.42e-04    -  1.00e+00 1.00e+00h  1
In iteration 70, 61 Slacks too small, adjusting variable bounds
  71 -5.3813314e+01 2.36e+15 4.03e+09 -11.0 3.41e-04    -  1.00e+00 1.00e+00h  1
In iteration 71, 61 Slacks too small, adjusting variable bounds
  72 -5.3816499e+01 8.68e+14 4.13e+09 -11.0 3.41e-04    -  1.00e+00 1.00e+00h  1
In iteration 72, 61 Slacks too small, adjusting variable bounds
  73 -5.3819683e+01 3.19e+14 4.22e+09 -11.0 3.41e-04    -  1.00e+00 1.00e+00h  1
In iteration 73, 61 Slacks too small, adjusting variable bounds
  74 -5.3822865e+01 1.17e+14 4.31e+09 -11.0 3.41e-04    -  1.00e+00 1.00e+00h  1
In iteration 74, 61 Slacks too small, adjusting variable bounds
  75 -5.3826046e+01 4.32e+13 4.39e+09 -11.0 3.41e-04    -  1.00e+00 1.00e+00h  1
In iteration 75, 61 Slacks too small, adjusting variable bounds
  76 -5.3829225e+01 1.59e+13 4.48e+09 -11.0 3.41e-04    -  1.00e+00 1.00e+00h  1
In iteration 76, 61 Slacks too small, adjusting variable bounds
  77 -5.3832403e+01 5.84e+12 4.56e+09 -11.0 3.40e-04    -  1.00e+00 1.00e+00h  1
In iteration 77, 61 Slacks too small, adjusting variable bounds
  78 -5.3835579e+01 2.15e+12 4.64e+09 -11.0 3.40e-04    -  1.00e+00 1.00e+00h  1
In iteration 78, 61 Slacks too small, adjusting variable bounds
  79 -5.3838753e+01 7.90e+11 4.72e+09 -11.0 3.40e-04    -  1.00e+00 1.00e+00h  1
In iteration 79, 61 Slacks too small, adjusting variable bounds
iter    objective    inf_pr   inf_du lg(mu)  ||d||  lg(rg) alpha_du alpha_pr  ls
  80 -5.3841925e+01 2.90e+11 4.80e+09 -11.0 3.40e-04    -  1.00e+00 1.00e+00h  1
In iteration 80, 61 Slacks too small, adjusting variable bounds
  81 -5.3845095e+01 1.07e+11 4.87e+09 -11.0 3.40e-04    -  1.00e+00 1.00e+00h  1
In iteration 81, 61 Slacks too small, adjusting variable bounds
  82 -5.3848263e+01 3.93e+10 4.94e+09 -11.0 3.39e-04    -  1.00e+00 1.00e+00h  1
In iteration 82, 61 Slacks too small, adjusting variable bounds
  83 -5.3851429e+01 1.44e+10 5.01e+09 -11.0 3.39e-04    -  1.00e+00 1.00e+00h  1
In iteration 83, 61 Slacks too small, adjusting variable bounds
  84 -5.3854591e+01 5.31e+09 5.08e+09 -11.0 3.39e-04    -  1.00e+00 1.00e+00h  1
In iteration 84, 61 Slacks too small, adjusting variable bounds
  85 -5.3857751e+01 1.95e+09 5.14e+09 -11.0 3.38e-04    -  1.00e+00 1.00e+00h  1
In iteration 85, 61 Slacks too small, adjusting variable bounds
  86 -5.3860908e+01 7.18e+08 5.20e+09 -11.0 3.38e-04    -  1.00e+00 1.00e+00h  1
In iteration 86, 61 Slacks too small, adjusting variable bounds
  87 -5.3864061e+01 2.64e+08 5.26e+09 -11.0 3.38e-04    -  1.00e+00 1.00e+00h  1
In iteration 87, 61 Slacks too small, adjusting variable bounds
  88 -5.3867211e+01 9.70e+07 5.32e+09 -11.0 3.37e-04    -  1.00e+00 1.00e+00h  1
In iteration 88, 61 Slacks too small, adjusting variable bounds
  89 -5.3870357e+01 3.56e+07 5.38e+09 -11.0 3.37e-04    -  1.00e+00 1.00e+00h  1
In iteration 89, 61 Slacks too small, adjusting variable bounds
iter    objective    inf_pr   inf_du lg(mu)  ||d||  lg(rg) alpha_du alpha_pr  ls
  90 -5.3873499e+01 1.31e+07 5.43e+09 -11.0 3.36e-04    -  1.00e+00 1.00e+00h  1
In iteration 90, 61 Slacks too small, adjusting variable bounds
  91 -5.3876637e+01 4.82e+06 5.48e+09 -11.0 3.36e-04    -  1.00e+00 1.00e+00h  1
In iteration 91, 61 Slacks too small, adjusting variable bounds
  92 -5.3879769e+01 1.77e+06 5.53e+09 -11.0 3.35e-04    -  1.00e+00 1.00e+00h  1
In iteration 92, 61 Slacks too small, adjusting variable bounds
  93 -5.3882896e+01 6.51e+05 5.58e+09 -11.0 3.35e-04    -  1.00e+00 1.00e+00h  1
In iteration 93, 61 Slacks too small, adjusting variable bounds
  94 -5.3886017e+01 2.39e+05 5.62e+09 -11.0 3.34e-04    -  1.00e+00 1.00e+00h  1
In iteration 94, 61 Slacks too small, adjusting variable bounds
  95 -5.3889132e+01 8.78e+04 5.66e+09 -11.0 3.33e-04    -  1.00e+00 1.00e+00h  1
In iteration 95, 61 Slacks too small, adjusting variable bounds
  96 -5.3892239e+01 3.23e+04 5.70e+09 -11.0 3.32e-04    -  1.00e+00 1.00e+00h  1
In iteration 96, 61 Slacks too small, adjusting variable bounds
  97 -5.3895338e+01 1.19e+04 5.74e+09 -10.6 3.32e-04    -  1.00e+00 1.00e+00h  1
In iteration 97, 61 Slacks too small, adjusting variable bounds
  98 -5.3898429e+01 4.35e+03 5.76e+09  -9.9 3.31e-04    -  9.61e-01 1.00e+00h  1
  99 -5.3901510e+01 1.60e+03 5.77e+09  -9.3 3.30e-04    -  3.60e-01 1.00e+00h  1
iter    objective    inf_pr   inf_du lg(mu)  ||d||  lg(rg) alpha_du alpha_pr  ls
 100 -5.3904582e+01 5.87e+02 5.78e+09  -8.8 3.29e-04    -  6.03e-01 1.00e+00h  1
 101 -5.3907646e+01 2.15e+02 5.78e+09  -8.1 3.28e-04    -  5.68e-01 1.00e+00h  1
 102 -5.3910718e+01 7.90e+01 5.78e+09  -7.5 3.28e-04    -  4.03e-01 1.00e+00h  1
 103 -5.3913844e+01 2.90e+01 5.78e+09  -6.9 3.31e-04    -  1.00e+00 1.00e+00h  1
 104 -5.3917249e+01 1.06e+01 5.78e+09  -6.3 3.52e-04    -  3.51e-01 1.00e+00h  1
 105 -5.3921225e+01 3.89e+00 5.78e+09  -4.5 1.38e-03    -  6.40e-02 1.00e+00h  1
 106 -5.3918816e+01 1.43e+00 5.79e+09  -3.0 2.23e-02    -  2.05e-04 1.00e+00f  1
 107 -5.3429428e+01 6.26e-01 6.36e+09  -1.5 6.07e-01    -  3.30e-06 1.00e+00f  1
 108 -5.3427119e+01 5.65e-01 6.60e+09   0.1 7.38e-01   8.3 3.06e-02 2.04e-01f  1
 109 -5.3427102e+01 5.32e-01 6.43e+09   1.1 2.25e-01   9.6 5.88e-01 5.38e-02f  1
iter    objective    inf_pr   inf_du lg(mu)  ||d||  lg(rg) alpha_du alpha_pr  ls
 110 -5.3427004e+01 4.77e-01 1.36e+10   1.5 1.46e-01  10.1 1.00e+00 1.00e+00f  1
 111 -5.3427004e+01 4.77e-01 1.39e+10   2.0 1.31e-04  14.1 1.00e+00 1.00e+00f  1
 112 -5.3427004e+01 4.76e-01 1.39e+10   0.1 3.33e-04  13.6 1.00e+00 3.74e-01h  1
 113 -5.3426788e+01 4.76e-01 1.39e+10   2.6 2.64e+00    -  3.01e-01 8.34e-05h  1
 114 -5.3424171e+01 4.73e-01 1.31e+10   3.4 7.09e+00    -  1.40e-01 4.82e-03f  1
 115 -5.3421214e+01 4.22e-01 1.26e+10   2.8 5.65e+00    -  4.01e-02 5.24e-02f  1
 116 -5.3422565e+01 3.30e-01 7.94e+09   3.1 3.55e+00    -  3.71e-01 1.21e-01f  1
 117 -5.3369180e+01 9.07e-01 5.81e+09   3.2 3.18e+00    -  2.68e-01 4.79e-01f  1
 118 -5.3145194e+01 5.91e-01 6.41e+08   1.8 3.21e-01    -  8.90e-01 6.00e-01H  1
 119 -5.2676999e+01 2.10e-01 1.14e+07   1.0 1.09e+00    -  1.00e+00 9.10e-01h  1
iter    objective    inf_pr   inf_du lg(mu)  ||d||  lg(rg) alpha_du alpha_pr  ls
 120 -5.2481784e+01 3.49e-02 1.44e+06  -4.8 4.81e-01    -  8.16e-01 8.74e-01h  1
 121 -5.2512979e+01 3.50e-04 1.54e+04  -0.8 8.34e-02    -  7.09e-01 9.91e-01h  1
 122 -5.2534891e+01 3.77e-06 2.16e-02  -2.4 1.37e-02    -  1.00e+00 1.00e+00h  1
 123 -5.2670177e+01 4.32e-05 3.57e+01  -3.6 1.15e+00    -  9.13e-01 9.11e-02h  4
 124 -5.3926622e+01 1.99e-03 7.98e-01  -4.7 1.02e+00    -  1.00e+00 9.78e-01f  1
 125 -5.3950284e+01 4.09e-06 2.78e-03  -6.4 1.96e-02    -  1.00e+00 9.98e-01h  1
In iteration 125, 61 Slacks too small, adjusting variable bounds
 126 -5.3950336e+01 7.78e-10 1.56e-04 -11.0 4.14e-05    -  1.00e+00 1.00e+00h  1

Number of Iterations....: 126

                                   (scaled)                 (unscaled)
Objective...............:  -5.3950336328802805e+01   -5.3950336328802805e+01
Dual infeasibility......:   1.5640258889062500e-04    1.5640258889062500e-04
Constraint violation....:   7.7790102137598183e-10    7.7790102137598183e-10
Variable bound violation:   9.9999999591880386e-11    9.9999999591880386e-11
Complementarity.........:   1.3257574505746686e-09    1.3257574505746686e-09
Overall NLP error.......:   7.7790102137598183e-10    1.5640258889062500e-04


Number of objective function evaluations             = 133
Number of objective gradient evaluations             = 127
Number of equality constraint evaluations            = 133
Number of inequality constraint evaluations          = 133
Number of equality constraint Jacobian evaluations   = 127
Number of inequality constraint Jacobian evaluations = 1
Number of Lagrangian Hessian evaluations             = 126
Total seconds in IPOPT                               = 2.244

EXIT: Optimal Solution Found.
--- DICOPT: Checking convergence
--- DICOPT: Setting up next MIP
--- GMO Resort Time 0ms
--- DICOPT: Log File:
 Major Major     Objective    CPU time  Itera- Evaluation Solver
 Step  Iter       Function     (Sec)    tions   Errors
  NLP    1      -607.79766      3.09      167      0      ipopth
  MIP    1      -471.25183      2.97    16990      0      cplex
  NLP    2       -53.95034<     2.24      126      0      ipopth

IBM ILOG CPLEX   44.3.0 8b8fb1cb Sep 1, 2023           LEG x86 64bit/Linux    

--- GAMS/CPLEX licensed for continuous and discrete problems.
--- GMO setup time: 0.00s
--- Space for names approximately 0.46 Mb
--- Use option 'names no' to turn use of names off
--- GMO memory 5.72 Mb (peak 5.84 Mb)
--- Dictionary memory 0.00 Mb
--- Cplex 22.1.1.0 link memory 0.43 Mb (peak 1.77 Mb)
--- Starting Cplex

Version identifier: 22.1.1.0 | 2022-11-28 | 9160aff4d
CPXPARAM_Advance                                 0
CPXPARAM_Threads                                 1
CPXPARAM_MIP_Display                             4
CPXPARAM_MIP_Pool_Capacity                       0
CPXPARAM_TimeLimit                               1791.6963670253754
CPXPARAM_MIP_Tolerances_AbsMIPGap                0
CPXPARAM_MIP_Tolerances_MIPGap                   0
Generic callback                                 0x50
Tried aggregator 2 times.
MIP Presolve eliminated 1804 rows and 1719 columns.
MIP Presolve modified 1524 coefficients.
Aggregator did 211 substitutions.
Reduced MIP has 11416 rows, 12756 columns, and 41857 nonzeros.
Reduced MIP has 36 binaries, 0 generals, 0 SOSs, and 0 indicators.
Presolve time = 0.04 sec. (48.94 ticks)
Found incumbent of value 2.2183628e+13 after 0.05 sec. (67.38 ticks)
Probing changed sense of 6 constraints.
Probing time = 0.02 sec. (41.29 ticks)
Tried aggregator 1 time.
Detecting symmetries...
MIP Presolve eliminated 30 rows and 12 columns.
MIP Presolve modified 8 coefficients.
Reduced MIP has 11386 rows, 12744 columns, and 41308 nonzeros.
Reduced MIP has 24 binaries, 0 generals, 0 SOSs, and 0 indicators.
Presolve time = 0.04 sec. (42.68 ticks)
Probing time = 0.01 sec. (15.30 ticks)
Clique table members: 143.
MIP emphasis: balance optimality and feasibility.
MIP search method: dynamic search.
Parallel mode: none, using 1 thread.
Initializing dual steep norms . . .

Iteration log . . .
Iteration:     1   Dual objective     =          -693.582764
Perturbation started.
Iteration:   101   Dual objective     =          -693.582764
Iteration:   563   Dual objective     =          -693.515933
Iteration:  1005   Dual objective     =          -340.864986
Iteration:  1470   Dual objective     =          -340.825722
Iteration:  1794   Dual objective     =          -340.775935
Iteration:  2374   Dual objective     =          -339.614102
Iteration:  2585   Dual objective     =          -339.363754
Iteration:  2971   Dual objective     =          -338.775540
Iteration:  3344   Dual objective     =          -338.773542
Iteration:  3673   Dual objective     =          -338.771683
Iteration:  4063   Dual objective     =          -337.893568
Iteration:  4349   Dual objective     =          -318.176488
Iteration:  4694   Dual objective     =          -311.937798
Iteration:  4844   Dual objective     =          -294.179207
Iteration:  5041   Dual objective     =          -285.874009
Iteration:  5201   Dual objective     =          -282.999702
Iteration:  5386   Dual objective     =          -280.918293
Iteration:  5542   Dual objective     =          -278.840991
Iteration:  5726   Dual objective     =          -277.340939
Iteration:  5986   Dual objective     =          -277.279661
Removing perturbation.
Iteration:  6348    Objective     =          -277.632979
Iteration:  6349   Dual objective     =          -277.632979
Iteration:  6350   Dual objective     =          -277.632979

Iteration log . . .
Iteration:     1   Dual objective     =          -277.632978
Root relaxation solution time = 0.31 sec. (523.47 ticks)

        Nodes                                         Cuts/
   Node  Left     Objective  IInf  Best Integer    Best Bound    ItCnt     Gap

*     0+    0                       2.21836e+13     -693.5828           100.00%
Found incumbent of value 2.2183628e+13 after 0.44 sec. (713.53 ticks)
      0     0     -277.6330    23   2.21836e+13     -277.6330     6458  100.00%
*     0+    0                         9338.2046     -277.6330           102.97%
Found incumbent of value 9338.204582 after 0.93 sec. (1287.90 ticks)
      0     0     -276.6020    19     9338.2046     Cuts: 610     6974  102.96%
      0     0     -276.6020    19     9338.2046      Cuts: 25     6988  102.96%
Detecting symmetries...
      0     2     -276.6020    19     9338.2046     -276.4493     6988  102.96%
Elapsed time = 3.26 sec. (4967.44 ticks, tree = 0.01 MB)
      2     2     -247.1974    16     9338.2046     -241.3895     8477  102.58%
      3     3     9314.5670    13     9338.2046     -241.3895    10659  102.58%
      6     6     -194.2746     2     9338.2046     -230.4068    13712  102.47%
*     7     2      integral     0     -194.0077     -230.4068    14266   18.76%
Found incumbent of value -194.007668 after 3.85 sec. (6060.78 ticks)
*    10     3      integral     0     -200.8135     -216.3704    16183    7.75%
Found incumbent of value -200.813459 after 3.96 sec. (6250.05 ticks)

Flow cuts applied:  558
Mixed integer rounding cuts applied:  35
Gomory fractional cuts applied:  1

Root node processing (before b&c):
  Real time             =    3.25 sec. (4947.99 ticks)
Sequential b&c:
  Real time             =    0.75 sec. (1352.83 ticks)
                          ------------
Total (root+branch&cut) =    4.00 sec. (6300.82 ticks)

--- MIP status (101): integer optimal solution.
--- Cplex Time: 4.00sec (det. 6300.86 ticks)

--- Returning a primal only solution to GAMS (marginals all set to NA).
--- Fixing integer variables and solving final LP...

Version identifier: 22.1.1.0 | 2022-11-28 | 9160aff4d
CPXPARAM_Advance                                 2
CPXPARAM_Threads                                 1
CPXPARAM_MIP_Display                             4
CPXPARAM_MIP_Pool_Capacity                       0
CPXPARAM_TimeLimit                               1791.6963670253754
CPXPARAM_MIP_Tolerances_AbsMIPGap                0
CPXPARAM_MIP_Tolerances_MIPGap                   0
Tried aggregator 1 time.
LP Presolve eliminated 9805 rows and 8876 columns.
Aggregator did 1454 substitutions.
Reduced LP has 2172 rows, 4357 columns, and 11193 nonzeros.
Presolve time = 0.01 sec. (12.41 ticks)
Initializing dual steep norms . . .

Iteration log . . .
Iteration:     1   Dual objective     =          -329.378459
Perturbation started.
Iteration:   202   Dual objective     =          -329.378458
Iteration:   425   Dual objective     =          -329.344479
Iteration:   589   Dual objective     =          -299.146920
Iteration:   792   Dual objective     =          -287.288930
Iteration:   975   Dual objective     =          -272.646085
Iteration:  1096   Dual objective     =          -241.529233
Iteration:  1168   Dual objective     =          -232.129515
Iteration:  1230   Dual objective     =          -219.589934
Iteration:  1424   Dual objective     =          -210.122202
Iteration:  1621   Dual objective     =          -200.758607
Removing perturbation.

--- Fixed MIP status (1): optimal.
--- Cplex Time: 0.02sec (det. 48.38 ticks)


Proven optimal solution
MIP Solution:         -200.813459    (16630 iterations, 14 nodes)
Final Solve:          -200.813459    (1682 iterations)

Best possible:        -200.813459
Absolute gap:           -0.000000
Relative gap:           -0.000000

--- DICOPT: Starting major iteration 3
--- DICOPT: Setting up next NLP

COIN-OR Ipopt    44.3.0 8b8fb1cb Sep 1, 2023           LEG x86 64bit/Linux    

COIN-OR Interior Point Optimizer (Ipopt Library 3.14.12)
written by A. Waechter, commercially supported by GAMS Development Corp.
This is Ipopt version 3.14.12, running with linear solver ma27.

Number of nonzeros in equality constraint Jacobian...:    16023
Number of nonzeros in inequality constraint Jacobian.:     6600
Number of nonzeros in Lagrangian Hessian.............:     2912

Total number of variables............................:     5856
                     variables with only lower bounds:        0
                variables with lower and upper bounds:     5856
                     variables with only upper bounds:        0
Total number of equality constraints.................:     4398
Total number of inequality constraints...............:     6846
        inequality constraints with only lower bounds:        0
   inequality constraints with lower and upper bounds:        0
        inequality constraints with only upper bounds:     6846

iter    objective    inf_pr   inf_du lg(mu)  ||d||  lg(rg) alpha_du alpha_pr  ls
   0 -3.5922843e+02 9.89e+40 1.00e+00   0.0 0.00e+00    -  0.00e+00 0.00e+00   0
   1 -3.5706864e+02 9.87e+40 1.49e+01   2.1 1.57e+03    -  1.01e-03 2.11e-03h  1
   2 -3.5279998e+02 9.75e+40 5.23e+01   1.3 2.93e+02    -  5.37e-03 1.23e-02h  1
   3 -3.4589717e+02 9.43e+40 5.20e+01  -3.9 2.92e+02    -  6.07e-03 3.32e-02h  1
   4 -3.4404991e+02 9.42e+40 1.21e+02   2.4 3.77e+03    -  3.98e-04 8.77e-04h  1
   5 -3.4355386e+02 9.41e+40 1.23e+03   1.9 8.48e+02    -  9.99e-03 6.85e-04h  1
   6 -3.3630473e+02 9.40e+40 1.22e+03   2.8 6.49e+03    -  1.52e-03 1.52e-03h  1
   7 -3.2812098e+02 9.37e+40 5.04e+04   2.6 2.32e+03    -  3.52e-02 3.31e-03h  1
   8 -3.1108823e+02 9.00e+40 1.85e+05   2.1 2.82e+02    -  1.17e-01 4.03e-02h  1
   9 -2.6496297e+02 7.29e+40 1.07e+06   2.1 2.70e+02    -  1.53e-01 2.11e-01h  1
iter    objective    inf_pr   inf_du lg(mu)  ||d||  lg(rg) alpha_du alpha_pr  ls
  10 -2.1927419e+02 5.64e+40 2.23e+06   2.7 2.13e+02    -  1.00e+00 2.56e-01h  1
  11 -1.4017504e+02 3.05e+40 5.07e+06   3.2 1.58e+02    -  2.75e-01 6.16e-01h  1
  12 -1.2900116e+02 2.72e+40 4.55e+06   1.7 6.17e+01    -  1.47e-01 1.12e-01h  1
  13 -9.4584092e+01 1.86e+40 3.88e+06   3.4 5.48e+01    -  6.56e-01 3.79e-01h  1
  14 -8.9191330e+01 1.31e+40 1.92e+08   4.4 3.47e+01    -  2.99e-02 3.55e-01h  1
  15 -6.8106220e+01 1.25e+40 1.84e+08   3.3 7.81e+01   2.0 3.58e-03 4.45e-02h  1
  16 -1.6945885e+02 8.07e+39 1.12e+08   4.6 2.11e+01   2.4 4.59e-02 4.38e-01h  1
  17 -1.5294768e+02 7.74e+39 1.08e+08   4.6 5.53e+02    -  4.47e-02 4.17e-02h  1
  18 -1.0897772e+02 5.32e+39 7.13e+07   4.6 1.42e+01    -  5.11e-02 3.76e-01h  1
  19 -8.9328987e+01 3.29e+39 4.12e+07   4.5 2.20e+01    -  4.74e-01 4.81e-01h  1
iter    objective    inf_pr   inf_du lg(mu)  ||d||  lg(rg) alpha_du alpha_pr  ls
  20 -4.7305067e+01 1.24e+39 1.20e+07   4.7 8.17e+00   2.9 7.21e-02 9.74e-01h  1
  21 -3.3354600e+01 7.90e+38 7.19e+06   4.7 8.89e+00   4.2 3.50e-01 4.51e-01h  1
  22 -1.6256041e+01 4.21e+38 2.40e+07   5.1 1.25e+01   3.7 7.68e-02 6.31e-01h  1
  23 -1.9061184e+01 1.83e+38 8.40e+06   4.7 9.37e+00    -  2.87e-01 8.33e-01h  1
  24 -3.5299219e+01 6.73e+37 8.11e+06   4.8 4.32e+00    -  3.85e-01 1.00e+00h  1
  25 -1.7338614e+01 2.47e+37 3.11e+05   4.6 2.67e+00   4.1 1.00e+00 1.00e+00h  1
  26 -2.9282145e+01 9.10e+36 3.13e+06   4.9 2.58e+00    -  1.00e+00 1.00e+00h  1
  27 -1.3938445e+01 3.35e+36 1.44e+06   4.8 2.18e+00    -  9.32e-01 1.00e+00h  1
  28 -2.9984851e+01 1.23e+36 1.97e+07   5.1 1.97e+00    -  2.78e-01 1.00e+00h  1
  29 -1.8620326e+01 4.53e+35 6.23e+06   4.3 1.96e+00    -  1.00e+00 1.00e+00h  1
iter    objective    inf_pr   inf_du lg(mu)  ||d||  lg(rg) alpha_du alpha_pr  ls
  30 -1.2339295e+01 1.67e+35 1.49e+06   4.2 1.83e+00    -  1.00e+00 1.00e+00h  1
  31 -1.4761689e+01 6.13e+34 1.01e+06   4.2 1.13e+00    -  7.45e-01 1.00e+00h  1
  32 -1.5629382e+01 2.26e+34 1.79e+06   3.6 4.09e-01    -  1.00e+00 1.00e+00h  1
  33 -1.5272289e+01 8.30e+33 1.67e+06   2.2 2.31e-01    -  6.19e-01 1.00e+00h  1
  34 -4.0152265e+01 3.05e+33 1.46e+06   3.7 2.51e+00    -  1.00e+00 1.00e+00h  1
  35 -4.7779120e+01 1.12e+33 1.38e+06   3.8 2.50e+00    -  9.89e-01 1.00e+00h  1
  36 -4.3035697e+01 4.13e+32 1.87e+06   3.0 8.56e-01    -  1.00e+00 1.00e+00h  1
  37 -4.6328671e+01 1.52e+32 1.92e+06   2.0 6.91e-01    -  9.20e-01 1.00e+00h  1
  38 -4.0953099e+01 5.59e+31 1.98e+06   2.9 6.96e+00    -  7.82e-01 1.00e+00h  1
  39 -4.0825052e+01 2.06e+31 2.06e+06   1.6 4.62e-01    -  1.00e+00 1.00e+00h  1
iter    objective    inf_pr   inf_du lg(mu)  ||d||  lg(rg) alpha_du alpha_pr  ls
  40 -4.2673607e+01 7.56e+30 2.20e+06   1.0 1.57e+00    -  9.33e-01 1.00e+00h  1
  41 -4.3208128e+01 2.78e+30 2.42e+06   0.2 4.39e-01    -  1.00e+00 1.00e+00h  1
  42 -4.5304566e+01 1.02e+30 2.76e+06  -0.9 1.31e+00    -  1.00e+00 1.00e+00h  1
  43 -5.5108779e+01 7.08e+29 2.38e+06  -6.9 1.14e+01    -  2.45e-01 3.69e-01h  1
  44 -5.5559328e+01 2.60e+29 2.73e+07  -0.7 2.81e+00    -  3.16e-01 1.00e+00h  1
  45 -5.4323541e+01 9.57e+28 2.28e+07  -0.6 1.00e+00    -  1.00e+00 1.00e+00h  1
  46 -5.9102351e+01 3.52e+28 2.14e+07  -1.1 3.17e+00    -  1.00e+00 1.00e+00h  1
  47 -6.0760670e+01 1.30e+28 2.13e+07  -1.2 2.49e+00    -  1.00e+00 1.00e+00h  1
  48 -6.1530382e+01 4.77e+27 2.17e+07  -1.7 9.02e-01    -  1.00e+00 1.00e+00h  1
  49 -6.1843030e+01 1.75e+27 2.25e+07  -2.7 2.77e-01    -  1.00e+00 1.00e+00h  1
iter    objective    inf_pr   inf_du lg(mu)  ||d||  lg(rg) alpha_du alpha_pr  ls
  50 -6.1933720e+01 6.45e+26 2.40e+07  -3.9 4.92e-02    -  1.00e+00 1.00e+00h  1
  51 -6.1954140e+01 2.37e+26 2.75e+07  -5.5 2.23e-02    -  1.00e+00 1.00e+00h  1
  52 -6.1970018e+01 8.72e+25 3.60e+07  -6.7 2.02e-02    -  1.00e+00 1.00e+00h  1
  53 -6.1972410e+01 3.21e+25 5.24e+07  -4.7 4.88e-03   3.7 9.39e-04 1.00e+00h  1
  54 -6.1978217e+01 1.18e+25 5.33e+07  -3.4 5.11e-02    -  1.00e+00 1.00e+00h  1
  55 -6.2004569e+01 4.34e+24 5.31e+07  -3.1 5.42e-02    -  1.00e+00 1.00e+00h  1
  56 -6.2032484e+01 1.60e+24 5.37e+07  -4.5 2.84e-02    -  1.00e+00 1.00e+00h  1
  57 -6.2049174e+01 5.88e+23 5.77e+07  -6.2 2.09e-02    -  1.00e+00 1.00e+00h  1
  58 -6.2053325e+01 2.16e+23 6.94e+07  -4.2 7.01e-03   3.2 1.93e-03 1.00e+00h  1
  59 -6.2067010e+01 7.95e+22 7.01e+07  -3.4 2.41e-02    -  1.00e+00 1.00e+00h  1
iter    objective    inf_pr   inf_du lg(mu)  ||d||  lg(rg) alpha_du alpha_pr  ls
  60 -6.1993231e+01 2.92e+22 7.06e+07  -2.5 4.45e-02    -  1.00e+00 1.00e+00h  1
  61 -6.2108235e+01 1.08e+22 7.08e+07  -3.8 1.05e-01    -  1.00e+00 1.00e+00h  1
  62 -6.2128564e+01 3.96e+21 7.31e+07  -5.4 2.30e-02    -  1.00e+00 1.00e+00h  1
  63 -6.2144608e+01 1.46e+21 7.97e+07  -6.9 2.07e-02    -  1.00e+00 1.00e+00h  1
  64 -6.2156621e+01 5.35e+20 9.57e+07  -8.1 1.61e-02   2.7 2.49e-03 1.00e+00h  1
  65 -6.2159734e+01 1.97e+20 1.28e+08  -5.0 1.08e-02   2.2 2.77e-02 1.00e+00h  1
  66 -6.2167711e+01 1.95e+20 1.26e+08  -3.5 1.18e+00    -  2.16e-01 1.13e-02h  1
  67 -6.2086638e+01 7.16e+19 1.20e+08  -3.0 1.19e-01    -  3.00e-03 1.00e+00h  1
  68 -6.0589107e+01 2.63e+19 1.18e+08  -1.7 1.54e+00    -  1.10e-01 1.00e+00h  1
  69 -5.8772186e+01 9.69e+18 1.17e+08  -1.1 2.58e+00    -  4.50e-03 1.00e+00h  1
iter    objective    inf_pr   inf_du lg(mu)  ||d||  lg(rg) alpha_du alpha_pr  ls
  70 -5.4885408e+01 3.82e+18 1.13e+08  -0.7 3.72e+00    -  7.65e-02 9.31e-01h  1
  71 -5.3861550e+01 1.40e+18 1.16e+08  -0.6 3.40e+00    -  6.31e-03 1.00e+00h  1
  72 -5.6821025e+01 9.87e+17 9.50e+07  -0.5 1.20e+01    -  1.00e+00 3.52e-01h  1
  73 -6.0351461e+01 3.63e+17 1.09e+08  -1.2 3.03e+00    -  2.79e-01 1.00e+00h  1
  74 -6.1835537e+01 1.33e+17 1.15e+08  -1.6 2.22e+00    -  7.36e-01 1.00e+00h  1
  75 -6.2010752e+01 4.91e+16 1.17e+08  -1.9 2.98e-01    -  5.66e-01 1.00e+00h  1
  76 -6.2242322e+01 1.81e+16 1.18e+08  -2.6 2.19e-01    -  9.90e-01 1.00e+00h  1
  77 -6.2336705e+01 6.64e+15 1.20e+08  -4.1 4.91e-02    -  1.00e+00 1.00e+00h  1
  78 -6.2357410e+01 2.44e+15 1.22e+08  -5.3 2.26e-02    -  1.00e+00 1.00e+00h  1
  79 -6.2373607e+01 8.98e+14 1.27e+08  -6.8 2.13e-02    -  1.00e+00 1.00e+00h  1
iter    objective    inf_pr   inf_du lg(mu)  ||d||  lg(rg) alpha_du alpha_pr  ls
  80 -6.2389085e+01 3.30e+14 1.38e+08  -8.3 2.05e-02   1.7 1.76e-02 1.00e+00h  1
  81 -6.2395731e+01 1.21e+14 1.65e+08  -5.0 1.25e-02   1.3 3.81e-03 1.00e+00h  1
  82 -6.2404827e+01 1.21e+14 1.64e+08  -3.5 2.88e+00    -  5.36e-02 5.38e-03h  1
  83 -6.2409650e+01 4.44e+13 1.59e+08  -4.0 1.45e-02    -  3.10e-02 1.00e+00h  1
  84 -6.2285759e+01 1.63e+13 1.58e+08  -2.5 1.07e-01    -  1.16e-02 1.00e+00h  1
  85 -6.1962822e+01 6.01e+12 1.57e+08  -2.1 5.27e-01    -  2.36e-02 1.00e+00h  1
  86 -5.9555066e+01 2.21e+12 1.57e+08  -1.1 2.12e+00    -  4.82e-03 1.00e+00h  1
  87 -6.0206337e+01 1.12e+12 1.36e+08  -1.1 2.93e+00    -  8.06e-02 6.79e-01h  1
  88 -5.6866069e+01 4.12e+11 1.49e+08  -0.8 1.74e+00    -  2.25e-02 1.00e+00h  1
  89 -6.0533238e+01 2.29e+11 1.27e+08  -1.0 3.46e+00    -  1.00e+00 5.88e-01h  1
iter    objective    inf_pr   inf_du lg(mu)  ||d||  lg(rg) alpha_du alpha_pr  ls
  90 -6.1919908e+01 8.41e+10 1.47e+08  -1.5 2.17e+00    -  2.10e-01 1.00e+00h  1
  91 -6.2361088e+01 3.09e+10 1.54e+08  -2.1 6.30e-01    -  1.00e+00 1.00e+00h  1
  92 -6.2529146e+01 1.14e+10 1.57e+08  -3.2 1.25e-01    -  1.00e+00 1.00e+00h  1
  93 -6.2571048e+01 4.18e+09 1.59e+08  -4.9 3.16e-02    -  1.00e+00 1.00e+00h  1
  94 -6.2587692e+01 1.54e+09 1.62e+08  -6.4 2.19e-02    -  1.00e+00 1.00e+00h  1
  95 -6.2603741e+01 5.65e+08 1.68e+08  -7.9 2.15e-02   0.8 1.50e-01 1.00e+00h  1
  96 -6.2619179e+01 2.08e+08 1.82e+08  -8.2 2.04e-02   0.3 1.00e-02 1.00e+00h  1
  97 -6.2623132e+01 1.71e+08 1.57e+08  -7.5 2.86e-02  -0.2 1.00e+00 1.96e-01h  1
  98 -6.2623151e+01 1.71e+08 1.57e+08  -7.7 4.14e-02    -  1.00e+00 6.91e-04h  1
  99 -6.2639167e+01 6.34e+07 1.82e+08  -7.7 2.18e-02    -  1.00e+00 9.90e-01h  1
iter    objective    inf_pr   inf_du lg(mu)  ||d||  lg(rg) alpha_du alpha_pr  ls
 100 -6.2655293e+01 2.33e+07 1.98e+08  -8.7 2.17e-02    -  1.00e+00 1.00e+00h  1
 101 -6.2671422e+01 8.56e+06 2.17e+08  -9.4 2.18e-02    -  1.00e+00 1.00e+00h  1
In iteration 101, 67 Slacks too small, adjusting variable bounds
 102 -6.2687541e+01 3.15e+06 2.43e+08  -9.9 2.18e-02    -  1.00e+00 1.00e+00h  1
In iteration 102, 67 Slacks too small, adjusting variable bounds
 103 -6.2703648e+01 1.16e+06 2.75e+08  -9.7 2.18e-02    -  1.00e+00 1.00e+00h  1
In iteration 103, 20 Slacks too small, adjusting variable bounds
 104 -6.2719741e+01 4.25e+05 2.97e+08 -10.2 2.18e-02  -0.6 1.00e+00 1.00e+00h  1
In iteration 104, 67 Slacks too small, adjusting variable bounds
 105 -6.2735818e+01 1.56e+05 3.28e+08 -10.3 2.18e-02    -  1.00e+00 1.00e+00h  1
In iteration 105, 20 Slacks too small, adjusting variable bounds
 106 -6.2751873e+01 5.74e+04 3.57e+08  -9.6 2.18e-02    -  8.10e-01 1.00e+00h  1
In iteration 106, 20 Slacks too small, adjusting variable bounds
 107 -6.2767905e+01 2.11e+04 3.71e+08  -9.3 2.18e-02    -  6.39e-01 1.00e+00h  1
 108 -6.2783908e+01 7.75e+03 3.82e+08  -9.5 2.18e-02    -  1.00e+00 1.00e+00h  1
 109 -6.2799878e+01 2.84e+03 3.96e+08  -8.9 2.18e-02    -  1.00e+00 1.00e+00h  1
iter    objective    inf_pr   inf_du lg(mu)  ||d||  lg(rg) alpha_du alpha_pr  ls
 110 -6.2815808e+01 1.04e+03 4.03e+08  -8.2 2.17e-02    -  5.31e-01 1.00e+00h  1
 111 -6.2831694e+01 3.83e+02 4.07e+08  -7.7 2.17e-02    -  4.21e-01 1.00e+00h  1
 112 -6.2847527e+01 1.41e+02 4.09e+08  -7.1 2.17e-02    -  8.91e-01 1.00e+00h  1
 113 -6.2863303e+01 5.16e+01 4.10e+08  -6.4 2.16e-02  -1.1 3.57e-01 1.00e+00h  1
 114 -6.2879034e+01 1.89e+01 4.10e+08  -5.9 2.16e-02  -1.6 8.00e-01 1.00e+00h  1
 115 -6.2894772e+01 6.94e+00 4.11e+08  -5.3 2.16e-02    -  3.97e-01 1.00e+00h  1
 116 -6.2910784e+01 2.54e+00 4.11e+08  -4.7 2.21e-02    -  7.84e-01 1.00e+00h  1
 117 -6.2928092e+01 9.30e-01 4.11e+08  -4.1 2.42e-02    -  3.96e-01 1.00e+00h  1
 118 -6.2941523e+01 3.42e-01 4.12e+08  -3.1 2.55e-02    -  2.90e-01 1.00e+00f  1
 119 -6.2211745e+01 1.36e-01 4.32e+08  -1.4 5.53e-01    -  9.82e-04 1.00e+00f  1
iter    objective    inf_pr   inf_du lg(mu)  ||d||  lg(rg) alpha_du alpha_pr  ls
 120 -6.2207308e+01 1.46e-01 5.73e+08   0.1 2.86e-01   8.2 1.72e-05 3.18e-01f  1
 121 -6.2207276e+01 1.44e-01 5.89e+08  -1.0 4.44e-01   9.6 8.85e-02 1.88e-02h  1
 122 -6.2207154e+01 1.91e-01 9.82e+08   1.1 4.67e-01  10.0 7.14e-01 1.50e-01f  1
 123 -6.2207154e+01 1.91e-01 9.80e+08   0.8 6.78e-02  12.2 1.00e+00 4.51e-03h  1
 124 -6.2207154e+01 1.91e-01 9.48e+08   0.8 9.31e-04  12.7 1.00e+00 1.36e-02h  1
 125 -6.2207153e+01 1.91e-01 8.62e+08   0.8 1.84e-04  13.1 1.00e+00 1.67e-01f  1
 126 -6.2207153e+01 1.91e-01 9.43e+08   0.8 5.29e-04  12.6 1.00e+00 1.58e-01f  1
 127 -6.2207153e+01 1.90e-01 9.85e+08  -0.8 1.39e-03  12.1 1.00e+00 2.41e-01h  1
 128 -6.2207220e+01 1.90e-01 1.25e+08   2.2 1.83e+00    -  1.00e+00 3.35e-04f  2
 129 -6.1970928e+01 8.45e-01 6.24e+07   2.8 1.72e+00    -  3.70e-03 9.76e-01f  1
iter    objective    inf_pr   inf_du lg(mu)  ||d||  lg(rg) alpha_du alpha_pr  ls
 130 -6.0537340e+01 7.45e-02 1.54e+05   2.3 1.81e+00    -  1.00e+00 1.00e+00h  1
 131 -5.9792972e+01 8.81e-02 8.87e+04   2.2 2.52e+01    -  3.44e-01 3.09e-02h  6
 132 -6.4785371e+01 2.54e-01 1.32e+05  -3.7 5.00e+01    -  1.53e-01 2.66e-02H  1
 133 -6.1554386e+01 4.28e-01 1.32e+05  -3.7 4.80e+00    -  3.21e-01 9.51e-01h  1
 134 -6.2000063e+01 1.75e-02 3.27e+04  -0.2 1.17e+00    -  7.39e-01 9.90e-01h  1
 135 -6.1990620e+01 3.70e-04 1.10e+03  -4.7 1.41e-02    -  9.66e-01 9.79e-01h  1
 136 -6.2013032e+01 6.86e-06 4.37e+00  -6.1 1.23e-02    -  9.96e-01 9.97e-01h  1
 137 -6.2968055e+01 1.38e-02 3.28e-04  -4.1 7.73e-01    -  1.00e+00 1.00e+00f  1
 138 -6.3062482e+01 4.17e-04 5.04e-03  -6.2 1.13e-01    -  9.96e-01 9.85e-01h  1
 139 -6.3063742e+01 1.97e-07 2.63e-04  -7.9 1.75e-03    -  1.00e+00 1.00e+00h  1
iter    objective    inf_pr   inf_du lg(mu)  ||d||  lg(rg) alpha_du alpha_pr  ls
 140 -6.3063743e+01 9.51e-09 9.37e-02 -11.0 9.42e-07    -  1.00e+00 9.52e-01h  1
In iteration 140, 20 Slacks too small, adjusting variable bounds
 141 -6.3063743e+01 1.80e-09 2.13e+00  -9.9 4.08e-08    -  1.00e+00 8.11e-01h  1
In iteration 141, 67 Slacks too small, adjusting variable bounds
 142 -6.3063743e+01 1.29e-10 2.22e-01 -10.4 7.63e-09    -  1.00e+00 9.64e-01h  1
In iteration 142, 67 Slacks too small, adjusting variable bounds
 143 -6.3063743e+01 9.45e-11 1.19e-07  -9.9 3.96e-09    -  1.00e+00 1.00e+00h  1

Number of Iterations....: 143

                                   (scaled)                 (unscaled)
Objective...............:  -6.3063742816955525e+01   -6.3063742816955525e+01
Dual infeasibility......:   1.1922323364671075e-07    1.1922323364671075e-07
Constraint violation....:   9.4493301090694991e-11    9.4493301090694991e-11
Variable bound violation:   3.6528113867007050e-10    3.6528113867007050e-10
Complementarity.........:   2.2457558500866934e-10    2.2457558500866934e-10
Overall NLP error.......:   9.4493301090694991e-11    1.1922323364671075e-07


Number of objective function evaluations             = 153
Number of objective gradient evaluations             = 144
Number of equality constraint evaluations            = 153
Number of inequality constraint evaluations          = 153
Number of equality constraint Jacobian evaluations   = 144
Number of inequality constraint Jacobian evaluations = 1
Number of Lagrangian Hessian evaluations             = 143
Total seconds in IPOPT                               = 2.680

EXIT: Optimal Solution Found.
--- DICOPT: Checking convergence
--- DICOPT: Setting up next MIP
--- GMO Resort Time 0ms
--- DICOPT: Log File:
 Major Major     Objective    CPU time  Itera- Evaluation Solver
 Step  Iter       Function     (Sec)    tions   Errors
  NLP    1      -607.79766      3.09      167      0      ipopth
  MIP    1      -471.25183      2.97    16990      0      cplex
  NLP    2       -53.95034<     2.24      126      0      ipopth
  MIP    2      -200.81346      4.02    16630      0      cplex
  NLP    3       -63.06374<     2.68      143      0      ipopth

IBM ILOG CPLEX   44.3.0 8b8fb1cb Sep 1, 2023           LEG x86 64bit/Linux    

--- GAMS/CPLEX licensed for continuous and discrete problems.
--- GMO setup time: 0.00s
--- Space for names approximately 0.59 Mb
--- Use option 'names no' to turn use of names off
--- GMO memory 7.48 Mb (peak 7.63 Mb)
--- Dictionary memory 0.00 Mb
--- Cplex 22.1.1.0 link memory 0.54 Mb (peak 2.26 Mb)
--- Starting Cplex

Version identifier: 22.1.1.0 | 2022-11-28 | 9160aff4d
CPXPARAM_Advance                                 0
CPXPARAM_Threads                                 1
CPXPARAM_MIP_Display                             4
CPXPARAM_MIP_Pool_Capacity                       0
CPXPARAM_TimeLimit                               1784.9945220947266
CPXPARAM_MIP_Tolerances_AbsMIPGap                0
CPXPARAM_MIP_Tolerances_MIPGap                   0
Generic callback                                 0x50
Tried aggregator 2 times.
MIP Presolve eliminated 2085 rows and 2278 columns.
MIP Presolve modified 2732 coefficients.
Aggregator did 206 substitutions.
Reduced MIP has 13326 rows, 16571 columns, and 53578 nonzeros.
Reduced MIP has 36 binaries, 0 generals, 0 SOSs, and 0 indicators.
Presolve time = 0.04 sec. (60.89 ticks)
Found incumbent of value 3.6799626e+13 after 0.06 sec. (83.77 ticks)
Probing changed sense of 6 constraints.
Probing time = 0.02 sec. (48.87 ticks)
Tried aggregator 1 time.
Detecting symmetries...
MIP Presolve eliminated 30 rows and 12 columns.
MIP Presolve modified 16 coefficients.
Reduced MIP has 13296 rows, 16559 columns, and 52657 nonzeros.
Reduced MIP has 24 binaries, 0 generals, 0 SOSs, and 0 indicators.
Presolve time = 0.05 sec. (62.77 ticks)
Probing time = 0.01 sec. (17.98 ticks)
Clique table members: 143.
MIP emphasis: balance optimality and feasibility.
MIP search method: dynamic search.
Parallel mode: none, using 1 thread.
Initializing dual steep norms . . .

Iteration log . . .
Iteration:     1   Scaled dual infeas =             1.000000
Perturbation started.
Iteration:   101   Scaled dual infeas =             1.000000
Iteration:   433   Scaled dual infeas =             0.999997
Iteration:   732   Scaled dual infeas =             0.999995
Iteration:   998   Scaled dual infeas =             0.999991
Iteration:  1144   Dual objective     =          -726.442215
Iteration:  1601   Dual objective     =          -726.374850
Iteration:  2111   Dual objective     =          -721.911234
Iteration:  2626   Dual objective     =          -721.870545
Iteration:  3103   Dual objective     =          -721.834373
Iteration:  3629   Dual objective     =          -357.034572
Iteration:  3929   Dual objective     =          -337.271045
Iteration:  4293   Dual objective     =          -337.185044
Iteration:  4619   Dual objective     =          -337.149661
Iteration:  4944   Dual objective     =          -325.753836
Iteration:  5388   Dual objective     =          -324.337157
Iteration:  5853   Dual objective     =          -308.141134
Iteration:  6079   Dual objective     =          -286.002553
Iteration:  6333   Dual objective     =          -276.928885
Iteration:  6498   Dual objective     =          -266.824777
Iteration:  6685   Dual objective     =          -256.190455
Iteration:  6906   Dual objective     =          -246.447411
Iteration:  7080   Dual objective     =          -237.756802
Iteration:  7241   Dual objective     =          -235.450404
Iteration:  7421   Dual objective     =          -227.554310
Iteration:  7600   Dual objective     =          -222.151592
Iteration:  7791   Dual objective     =          -220.626305
Iteration:  7952   Dual objective     =          -218.786438
Removing perturbation.

Iteration log . . .
Iteration:     1   Dual objective     =          -219.101619
Root relaxation solution time = 0.49 sec. (884.07 ticks)

        Nodes                                         Cuts/
   Node  Left     Objective  IInf  Best Integer    Best Bound    ItCnt     Gap

*     0+    0                       3.67996e+13                            --- 
Found incumbent of value 3.6799626e+13 after 0.66 sec. (1128.19 ticks)
      0     0     -219.1016    23   3.67996e+13     -219.1016     8058  100.00%
*     0+    0                        10089.8566     -219.1016           102.17%
Found incumbent of value 10089.856565 after 0.95 sec. (1753.06 ticks)
      0     0     -198.6261    23    10089.8566     Cuts: 707     9034  101.97%
      0     0     -197.2903    23    10089.8566     Cuts: 155     9167  101.96%
      0     0     -197.2899    24    10089.8566      Cuts: 96     9195  101.96%
*     0+    0                           94.9380     -197.2899           307.81%
Found incumbent of value 94.938012 after 3.94 sec. (6380.17 ticks)
Detecting symmetries...
      0     2     -197.2899    24       94.9380     -195.7664     9195  306.20%
Elapsed time = 5.29 sec. (9117.20 ticks, tree = 0.01 MB)
      1     3     -172.8048    11       94.9380     -194.5697    11635  304.94%
      3     4      -60.1542     7       94.9380     -172.7618    13149  281.97%
      4     5       10.8753     2       94.9380     -170.8655    14572  279.98%
      5     4        cutoff             94.9380     -170.8655    15705  279.98%
      6     5        5.7265     4       94.9380     -170.8655    17592  279.98%
      7     4        cutoff             94.9380     -170.8655    19909  279.98%
*     8     3      integral     0       94.9380     -170.8655    21968  279.98%
Found incumbent of value 94.938012 after 7.08 sec. (12283.29 ticks)
      8     3       94.9380     0       94.9380     -170.8655    21968  279.98%
      9     4     -168.1128    21       94.9380     -153.8060    22241  262.01%
     10     5      -48.5436    15       94.9380     -134.2151    24280  241.37%
     14     3        cutoff             94.9380      -16.9807    27882  117.89%
Elapsed time = 8.38 sec. (14536.84 ticks, tree = 0.23 MB)

Clique cuts applied:  6
Implied bound cuts applied:  81
Flow cuts applied:  461
Gomory fractional cuts applied:  1

Root node processing (before b&c):
  Real time             =    5.27 sec. (9086.81 ticks)
Sequential b&c:
  Real time             =    3.20 sec. (5578.44 ticks)
                          ------------
Total (root+branch&cut) =    8.47 sec. (14665.25 ticks)

--- MIP status (101): integer optimal solution.
--- Cplex Time: 8.47sec (det. 14665.31 ticks)

--- Returning a primal only solution to GAMS (marginals all set to NA).
--- Fixing integer variables and solving final LP...

Version identifier: 22.1.1.0 | 2022-11-28 | 9160aff4d
CPXPARAM_Advance                                 2
CPXPARAM_Threads                                 1
CPXPARAM_MIP_Display                             4
CPXPARAM_MIP_Pool_Capacity                       0
CPXPARAM_TimeLimit                               1784.9945220947266
CPXPARAM_MIP_Tolerances_AbsMIPGap                0
CPXPARAM_MIP_Tolerances_MIPGap                   0
Tried aggregator 1 time.
LP Presolve eliminated 11269 rows and 11803 columns.
Aggregator did 1453 substitutions.
Reduced LP has 2895 rows, 5801 columns, and 16349 nonzeros.
Presolve time = 0.01 sec. (16.30 ticks)
Initializing dual steep norms . . .

Iteration log . . .
Iteration:     1   Dual objective     =          -319.878599
Perturbation started.
Iteration:   101   Dual objective     =          -319.878599
Iteration:   328   Dual objective     =          -319.844266
Iteration:   555   Dual objective     =          -316.661844
Iteration:   717   Dual objective     =          -277.486860
Iteration:   943   Dual objective     =          -254.322001
Iteration:  1183   Dual objective     =          -226.987543
Iteration:  1364   Dual objective     =          -195.265888
Iteration:  1450   Dual objective     =          -150.298126
Iteration:  1619   Dual objective     =           -51.460624
Iteration:  1747   Dual objective     =            40.813514
Iteration:  1907   Dual objective     =            94.595076
Removing perturbation.

--- Fixed MIP status (1): optimal.
--- Cplex Time: 0.04sec (det. 74.95 ticks)


Proven optimal solution
MIP Solution:           94.938012    (29135 iterations, 18 nodes)
Final Solve:            94.938012    (2075 iterations)

Best possible:          94.938012
Absolute gap:            0.000000
Relative gap:            0.000000

--- DICOPT: Starting major iteration 4
--- Search stopped on crossover
--- DICOPT: Log File:
 Major Major     Objective    CPU time  Itera- Evaluation Solver
 Step  Iter       Function     (Sec)    tions   Errors
  NLP    1      -607.79766      3.09      167      0      ipopth
  MIP    1      -471.25183      2.97    16990      0      cplex
  NLP    2       -53.95034<     2.24      126      0      ipopth
  MIP    2      -200.81346      4.02    16630      0      cplex
  NLP    3       -63.06374<     2.68      143      0      ipopth
  MIP    3        94.93801      8.50    29135      0      cplex
--- DICOPT: Terminating...
--- DICOPT: Stopped on crossover

      The search was stopped because a crossover occurred.
      The bound provided by the MIP master problem exceeds or
      is within optcr of the objective value of the incumbent.

--- DICOPT: Best integer solution found: -63.063743
--- Reading solution for model GAMS_MODEL
--- Executing after solve: elapsed 0:00:23.803
--- model.gms(37271) 15 Mb
--- model.gms(54512) 17 Mb
--- Putfile results /tmp/tmpry9a0ai8/results.dat
--- Putfile statresults /tmp/tmpry9a0ai8/resultsstat.dat
*** Status: Normal completion
--- Job model.gms Stop 02/25/24 14:51:42 elapsed 0:00:23.838

Problem: 
- Name: /tmp/tmpry9a0ai8/model.gms
  Lower bound: -63.063742816955525
  Upper bound: -63.063742816955525
  Number of objectives: 1
  Number of constraints: 11245.0
  Number of variables: 5946.0
  Number of binary variables: None
  Number of integer variables: 89.0
  Number of continuous variables: 5857.0
  Number of nonzeros: 31645.0
  Sense: minimize
Solver: 
- Name: GAMS (44, 3, 0, 0)
  Status: ok
  Return code: 0
  Message: None
  User time: 23.720000591129065
  System time: None
  Wallclock time: None
  Termination condition: optimal
  Termination message: None
Solution: 
- number of solutions: 0
  number of solutions displayed: 0

