--- Job model.gms Start 02/25/24 14:51:44 44.3.0 8b8fb1cb LEX-LEG x86 64bit/Linux
--- Applying:
    /local/scratch/a/peng372/opt/gams/44.3/gmsprmun.txt
--- GAMS Parameters defined
    Input /tmp/tmpai0dv9iu/model.gms
    Output /tmp/tmpai0dv9iu/output.lst
    ScrDir /tmp/tmpai0dv9iu/225a/
    SysDir /local/scratch/a/peng372/opt/gams/44.3/
    CurDir /tmp/tmpai0dv9iu/
    LogOption 3
Licensee: Prof. Ignacio E. Grossmann                     G240103|0002AS-GEN
          Carnegie Mellon University, Dept. of Chemical Engineering  DCE375
          /local/scratch/a/peng372/opt/gams/44.3/gamslice.txt
          License Admin: Ignacio E. Grossmann,                             
          Evaluation license: Not for commercial or production use
Processor information: 1 socket(s), 48 core(s), and 96 thread(s) available
GAMS 44.3.0   Copyright (C) 1987-2023 GAMS Development. All rights reserved
--- Starting compilation
--- model.gms(37262) 8 Mb
--- $echo File /tmp/tmpai0dv9iu/knitro.opt
--- model.gms(54512) 12 Mb
--- Starting execution: elapsed 0:00:00.074
--- model.gms(37261) 13 Mb
--- Generating MINLP model GAMS_MODEL
--- model.gms(37268) 17 Mb
---   11,245 rows  5,946 columns  31,645 non-zeroes
---   60,841 nl-code  8,645 nl-non-zeroes
---   89 discrete-columns
--- Range statistics (absolute non-zero finite values)
--- RHS       [min, max] : [ 1.000E+00, 1.000E+00] - Zero values observed as well
--- Bound     [min, max] : [ 1.000E+00, 3.000E+02] - Zero values observed as well
--- Matrix    [min, max] : [ 3.571E-02, 3.000E+02] - Zero values observed as well
--- model.gms(37268) 15 Mb
--- Executing KNITRO (Solvelink=5): elapsed 0:00:00.114

KNITRO           44.3.0 8b8fb1cb Sep 1, 2023           LEG x86 64bit/Linux    

--- Artelys Knitro Optimizer 13.2.0

Reading parameter(s) from "/tmp/tmpai0dv9iu/knitro.opt"
>>  mip_multistart 1
Finished reading from "/tmp/tmpai0dv9iu/knitro.opt"

--- GMO Q Extraction (ThreePass): 0.00s
--- GMO setup time: 0.00s
--- Set initial levels for 0 / 5945 variables.
--- Set initial marginals for 0 / 5945 variables.
--- Set initial marginals for 0 / 11244 equations.

=======================================
          Commercial License
         Artelys Knitro 13.2.0
=======================================

No start point provided -- Knitro computing one.

WARNING: Problem appears to have nonlinear equalities and be non-convex.
         The Knitro mixed integer solver is designed for convex problems.
         For non-convex problems it is only a heuristic, and the reported
         bounds and optimality claims cannot be verified.

concurrent_evals:        0
datacheck:               0
hessian_no_f:            1
maxtime_real:            1800
numthreads:              1
mip_maxtime_real:        1800
mip_multistart           1
mip_opt_gap_abs:         0
Knitro changing mip_method from AUTO to 1.
Knitro changing mip_rootalg from AUTO to 1.
Knitro changing mip_lpalg from AUTO to 3.
Knitro changing mip_branchrule from AUTO to 2.
Knitro changing mip_selectrule from AUTO to 2.
Knitro changing mip_mir from AUTO to 2.
Knitro changing mip_clique from AUTO to 0.
Knitro changing mip_zerohalf from AUTO to 0.
Knitro changing mip_liftproject from AUTO to 0.
Knitro changing mip_knapsack from AUTO to 1.
Knitro changing mip_gomory from AUTO to 0.
Knitro changing mip_rounding from AUTO to 3.
Knitro changing mip_heuristic_strategy from AUTO to 1.
Knitro changing mip_heuristic_feaspump from AUTO to 1.
Knitro changing mip_heuristic_misqp from AUTO to 0.
Knitro changing mip_heuristic_mpec from AUTO to 1.
Knitro changing mip_heuristic_diving from AUTO to 0.
Knitro changing mip_heuristic_lns from AUTO to 0.
Knitro changing mip_pseudoinit from AUTO to 1.

Problem Characteristics
-----------------------
Objective goal:  Minimize
Objective type:  quadratic
Number of variables:                               5945
    bounded below only:                               0
    bounded above only:                               0
    bounded below and above:                       5945
    fixed:                                            0
    free:                                             0
Number of binary variables:                          89
Number of integer variables:                          0
Number of constraints:                            11244
    linear equalities:                             2214
    quadratic equalities:                           182
    gen. nonlinear equalities:                     2002
    linear one-sided inequalities:                 6846
    quadratic one-sided inequalities:                 0
    gen. nonlinear one-sided inequalities:            0
    linear two-sided inequalities:                    0
    quadratic two-sided inequalities:                 0
    gen. nonlinear two-sided inequalities:            0
Number of nonzeros in Jacobian:                   30916
Number of nonzeros in Hessian:                     6776

Knitro detected 21 GUB constraints
Knitro derived 4 knapsack covers after examining 6043 constraints
Knitro using Branch and Bound method with 1 thread.

       Nodes        Best solution   Best bound      Gap       Time 
   Expl  |  Unexpl      value         value                  (secs)
   ---------------  -------------   ----------      ---      ------
      0       0                           -inf                0.084
      1       0                            inf               13.587

EXIT: Problem appears to be infeasible.

Final Statistics for MIP
------------------------
Final objective value               =
Final bound value                   =  1.79769313486232e+308
Final optimality gap (abs / rel)    =  Infinity
# of root cutting plane rounds      =  0
# of restarts                       =  0
# of nodes processed                =  1 (13.502s)
# of strong branching evaluations   =  0 (0.000s)
# of function evaluations           =  1229 (0.720s)
# of gradient evaluations           =  428 (0.333s)
# of hessian evaluations            =  428 (1.324s)
# of hessian-vector evaluations     =  0
# of subproblems processed          =  1 (13.502s)
Total program time (secs)           =  13.58757 (13.565 CPU time)
Time spent in evaluations (secs)    =  2.37692

Cuts statistics (gen / add)
---------------------------
Knapsack cuts                       =  4 / 0
Mixed-integer rounding cuts         =  0 / 0

Heuristics statistics (calls / successes / time)
------------------------------------------------
Feasibility pump                    =  0 / 0 / 0.000s
Rounding heuristic                  =  0 / 0 / 0.000s
MPEC heuristic                      =  0 / 0 / 0.000s

===========================================================================

--- Reading solution for model GAMS_MODEL
--- Executing after solve: elapsed 0:00:13.727
--- model.gms(37271) 15 Mb
--- model.gms(54512) 17 Mb
--- Putfile results /tmp/tmpai0dv9iu/results.dat
--- Putfile statresults /tmp/tmpai0dv9iu/resultsstat.dat
*** Status: Normal completion
--- Job model.gms Stop 02/25/24 14:51:58 elapsed 0:00:13.761

Problem: 
- Name: /tmp/tmpai0dv9iu/model.gms
  Lower bound: nan
  Upper bound: -208.72016544717656
  Number of objectives: 1
  Number of constraints: 11245.0
  Number of variables: 5946.0
  Number of binary variables: None
  Number of integer variables: 89.0
  Number of continuous variables: 5857.0
  Number of nonzeros: 31645.0
  Sense: minimize
Solver: 
- Name: GAMS (44, 3, 0, 0)
  Status: ok
  Return code: 0
  Message: None
  User time: 13.644999917596579
  System time: None
  Wallclock time: None
  Termination condition: infeasible
  Termination message: None
Solution: 
- number of solutions: 0
  number of solutions displayed: 0

