--- Job model.gms Start 02/26/24 00:17:27 44.3.0 8b8fb1cb LEX-LEG x86 64bit/Linux
--- Applying:
    /local/scratch/a/peng372/opt/gams/44.3/gmsprmun.txt
--- GAMS Parameters defined
    Input /tmp/tmpb3y2t48g/model.gms
    Output /tmp/tmpb3y2t48g/output.lst
    ScrDir /tmp/tmpb3y2t48g/225a/
    SysDir /local/scratch/a/peng372/opt/gams/44.3/
    CurDir /tmp/tmpb3y2t48g/
    LogOption 3
Licensee: Prof. Ignacio E. Grossmann                     G240103|0002AS-GEN
          Carnegie Mellon University, Dept. of Chemical Engineering  DCE375
          /local/scratch/a/peng372/opt/gams/44.3/gamslice.txt
          License Admin: Ignacio E. Grossmann,                             
          Evaluation license: Not for commercial or production use
Processor information: 1 socket(s), 48 core(s), and 96 thread(s) available
GAMS 44.3.0   Copyright (C) 1987-2023 GAMS Development. All rights reserved
--- Starting compilation
--- model.gms(9007) 3 Mb
--- $echo File /tmp/tmpb3y2t48g/knitro.opt
--- model.gms(13353) 4 Mb
--- Starting execution: elapsed 0:00:00.025
--- model.gms(9006) 5 Mb
--- Generating MINLP model GAMS_MODEL
--- model.gms(9013) 8 Mb
---   3,319 rows  968 columns  13,365 non-zeroes
---   20,452 nl-code  3,185 nl-non-zeroes
---   52 discrete-columns
--- Range statistics (absolute non-zero finite values)
--- RHS       [min, max] : [ 1.000E+00, 1.000E+06] - Zero values observed as well
--- Bound     [min, max] : [ 1.000E+00, 3.000E+02] - Zero values observed as well
--- Matrix    [min, max] : [ 4.000E-02, 1.000E+06] - Zero values observed as well
--- model.gms(9013) 6 Mb
--- Executing KNITRO (Solvelink=5): elapsed 0:00:00.039

KNITRO           44.3.0 8b8fb1cb Sep 1, 2023           LEG x86 64bit/Linux    

--- Artelys Knitro Optimizer 13.2.0

Reading parameter(s) from "/tmp/tmpb3y2t48g/knitro.opt"
>>  mip_multistart 1
Finished reading from "/tmp/tmpb3y2t48g/knitro.opt"

--- GMO Q Extraction (ThreePass): 0.00s
--- GMO setup time: 0.00s
--- Set initial levels for 0 / 967 variables.
--- Set initial marginals for 0 / 967 variables.
--- Set initial marginals for 0 / 3318 equations.

=======================================
          Commercial License
         Artelys Knitro 13.2.0
=======================================

No start point provided -- Knitro computing one.

concurrent_evals:        0
datacheck:               0
hessian_no_f:            1
maxtime_real:            900
numthreads:              1
mip_maxtime_real:        900
mip_multistart           1
mip_opt_gap_abs:         0
Knitro changing mip_method from AUTO to 1.
Knitro changing mip_rootalg from AUTO to 1.
Knitro changing mip_lpalg from AUTO to 3.
Knitro changing mip_branchrule from AUTO to 2.
Knitro changing mip_selectrule from AUTO to 2.
Knitro changing mip_mir from AUTO to 2.
Knitro changing mip_clique from AUTO to 0.
Knitro changing mip_zerohalf from AUTO to 0.
Knitro changing mip_liftproject from AUTO to 0.
Knitro changing mip_knapsack from AUTO to 1.
Knitro changing mip_gomory from AUTO to 0.
Knitro changing mip_rounding from AUTO to 3.
Knitro changing mip_heuristic_strategy from AUTO to 1.
Knitro changing mip_heuristic_feaspump from AUTO to 1.
Knitro changing mip_heuristic_misqp from AUTO to 0.
Knitro changing mip_heuristic_mpec from AUTO to 1.
Knitro changing mip_heuristic_diving from AUTO to 0.
Knitro changing mip_heuristic_lns from AUTO to 0.
Knitro changing mip_pseudoinit from AUTO to 1.

Problem Characteristics
-----------------------
Objective goal:  Minimize
Objective type:  quadratic
Number of variables:                                967
    bounded below only:                               0
    bounded above only:                               0
    bounded below and above:                        967
    fixed:                                            0
    free:                                             0
Number of binary variables:                          52
Number of integer variables:                          0
Number of constraints:                             3318
    linear equalities:                              468
    quadratic equalities:                             0
    gen. nonlinear equalities:                        0
    linear one-sided inequalities:                  120
    quadratic one-sided inequalities:               910
    gen. nonlinear one-sided inequalities:         1820
    linear two-sided inequalities:                    0
    quadratic two-sided inequalities:                 0
    gen. nonlinear two-sided inequalities:            0
Number of nonzeros in Jacobian:                   12909
Number of nonzeros in Hessian:                      455

Knitro detected 12 GUB constraints
Knitro derived 0 knapsack covers after examining 133 constraints
Knitro using Branch and Bound method with 1 thread.

       Nodes        Best solution   Best bound      Gap       Time 
   Expl  |  Unexpl      value         value                  (secs)
   ---------------  -------------   ----------      ---      ------
      0       0                           -inf                0.035
      1       2                       -401.187                0.129
      1       2     -35.6106   FP     -401.187   1026.59%     0.487
     19       0     -35.6106          -35.6106      0.00%     9.682

EXIT: Optimal solution found (assuming convexity).

Final Statistics for MIP
------------------------
Final objective value               =  -3.56105863134052e+01
Final bound value                   =  -3.56105863134052e+01
Final optimality gap (abs / rel)    =  0.00e+00 / 0.00e+00 (0.00%)
# of root cutting plane rounds      =  0
# of restarts                       =  0
# of nodes processed                =  19 (9.076s)
# of strong branching evaluations   =  0 (0.000s)
# of function evaluations           =  2223 (0.483s)
# of gradient evaluations           =  1902 (0.653s)
# of hessian evaluations            =  1905 (0.539s)
# of hessian-vector evaluations     =  0
# of subproblems processed          =  23 (9.631s)
Total program time (secs)           =  9.68205 (9.662 CPU time)
Time spent in evaluations (secs)    =  1.67562

Cuts statistics (gen / add)
---------------------------
Knapsack cuts                       =  0 / 0
Mixed-integer rounding cuts         =  0 / 0

Heuristics statistics (calls / successes / time)
------------------------------------------------
Feasibility pump                    =  1 / 1 / 0.358s
Rounding heuristic                  =  0 / 0 / 0.008s
MPEC heuristic                      =  1 / 0 / 0.199s

===========================================================================

--- Reading solution for model GAMS_MODEL
--- Executing after solve: elapsed 0:00:09.735
--- model.gms(9016) 6 Mb
--- model.gms(13353) 8 Mb
--- Putfile results /tmp/tmpb3y2t48g/results.dat
--- Putfile statresults /tmp/tmpb3y2t48g/resultsstat.dat
*** Status: Normal completion
--- Job model.gms Stop 02/26/24 00:17:37 elapsed 0:00:09.743

Problem: 
- Name: /tmp/tmpb3y2t48g/model.gms
  Lower bound: -35.61058631340516
  Upper bound: -35.61058631340514
  Number of objectives: 1
  Number of constraints: 3319.0
  Number of variables: 968.0
  Number of binary variables: None
  Number of integer variables: 52.0
  Number of continuous variables: 916.0
  Number of nonzeros: 13365.0
  Sense: minimize
Solver: 
- Name: GAMS (44, 3, 0, 0)
  Status: ok
  Return code: 0
  Message: None
  User time: 9.70899984240532
  System time: None
  Wallclock time: None
  Termination condition: optimal
  Termination message: None
Solution: 
- number of solutions: 0
  number of solutions displayed: 0

