Starting GDPopt version 22.5.13 using enumerate algorithm
iterlim: None
time_limit: 900
tee: true
logger: <Logger pyomo.contrib.gdpopt (INFO)>
nlp_solver: gams
nlp_solver_args:
  solver: baron
minlp_solver: baron
minlp_solver_args:
local_minlp_solver: bonmin
local_minlp_solver_args:
small_dual_tolerance: 1e-08
integer_tolerance: 1e-05
constraint_tolerance: 1e-06
variable_tolerance: 1e-08
subproblem_initialization_method: <function restore_vars_to_original_values_enumerate at 0x7fe3dd38e480>
call_before_subproblem_solve: <class 'pyomo.contrib.gdpopt.util._DoNothing'>
call_after_subproblem_solve: <class 'pyomo.contrib.gdpopt.util._DoNothing'>
call_after_subproblem_feasible: <class 'pyomo.contrib.gdpopt.util._DoNothing'>
force_subproblem_nlp: false
subproblem_presolve: true
tighten_nlp_var_bounds: false
round_discrete_vars: true
max_fbbt_iterations: 3
mip_solver: gurobi
mip_solver_args:

If you use this software, you may cite the following:
            - Implementation:
            Chen, Q; Johnson, ES; Bernal, DE; Valentin, R; Kale, S;
            Bates, J; Siirola, JD; Grossmann, IE.
            Pyomo.GDP: an ecosystem for logic based modeling and optimization
            development.
            Optimization and Engineering, 2021.
Original model has 1547 constraints (1092 nonlinear) and 5 disjunctions, with 927 variables, of which 12 are binary, 0 are integer, and 915 are continuous.
    1/243        subproblem          -inf     -15.65055       inf%    641.06  *
    2/243        subproblem          -inf     -16.38101       inf%    900.47  *
GDPopt exiting--Did not converge bounds before time limit of 900 seconds. 

Solved in 2 iterations and 900.47128 seconds
Optimal objective value -16.3810123814
Relative optimality gap inf%

Problem: 
- Name: unknown
  Lower bound: -inf
  Upper bound: -16.381012381406578
  Number of objectives: 1
  Number of constraints: 1547
  Number of variables: 927
  Number of binary variables: 12
  Number of integer variables: 0
  Number of continuous variables: 915
  Number of nonzeros: None
  Sense: 1
  Number of disjunctions: 5
Solver: 
- Name: GDPopt (22, 5, 13) - enumerate
  Status: ok
  User time: 900.4712523119524
  Wallclock time: 900.4712523119524
  Termination condition: maxTimeLimit
  Iterations: 2
  Timing: main_timer_start_time: 5858712.254341801
nlp: 900.3633780153468
total: 900.4712523119524

