Starting GDPopt version 22.5.13 using enumerate algorithm
iterlim: None
time_limit: 900
tee: true
logger: <Logger pyomo.contrib.gdpopt (INFO)>
nlp_solver: gams
nlp_solver_args:
  solver: conopt
minlp_solver: baron
minlp_solver_args:
local_minlp_solver: bonmin
local_minlp_solver_args:
small_dual_tolerance: 1e-08
integer_tolerance: 1e-05
constraint_tolerance: 1e-06
variable_tolerance: 1e-08
subproblem_initialization_method: <function restore_vars_to_original_values_enumerate at 0x7fe3dd38e480>
call_before_subproblem_solve: <class 'pyomo.contrib.gdpopt.util._DoNothing'>
call_after_subproblem_solve: <class 'pyomo.contrib.gdpopt.util._DoNothing'>
call_after_subproblem_feasible: <class 'pyomo.contrib.gdpopt.util._DoNothing'>
force_subproblem_nlp: false
subproblem_presolve: true
tighten_nlp_var_bounds: false
round_discrete_vars: true
max_fbbt_iterations: 3
mip_solver: gurobi
mip_solver_args:

If you use this software, you may cite the following:
            - Implementation:
            Chen, Q; Johnson, ES; Bernal, DE; Valentin, R; Kale, S;
            Bates, J; Siirola, JD; Grossmann, IE.
            Pyomo.GDP: an ecosystem for logic based modeling and optimization
            development.
            Optimization and Engineering, 2021.
Original model has 1547 constraints (1092 nonlinear) and 5 disjunctions, with 927 variables, of which 12 are binary, 0 are integer, and 915 are continuous.
    1/243        subproblem          -inf     -15.65055       inf%      0.67  *
    2/243        subproblem          -inf     -16.38101       inf%      1.23  *
    3/243        subproblem          -inf     -16.38101       inf%      1.32  
    4/243        subproblem          -inf     -16.38101       inf%      1.41  
    5/243        subproblem          -inf     -19.25013       inf%      1.93  *
    6/243        subproblem          -inf     -19.25013       inf%      2.44  
    7/243        subproblem          -inf     -19.25013       inf%      2.54  
    8/243        subproblem          -inf     -19.25013       inf%      2.65  
    9/243        subproblem          -inf     -19.25013       inf%      2.74  
   10/243        subproblem          -inf     -19.25013       inf%      2.83  
   11/243        subproblem          -inf     -19.25013       inf%      2.92  
   12/243        subproblem          -inf     -19.25013       inf%      3.00  
   13/243        subproblem          -inf     -19.25013       inf%      3.09  
   14/243        subproblem          -inf     -26.63591       inf%      3.63  *
   15/243        subproblem          -inf     -26.63591       inf%      4.17  
   16/243        subproblem          -inf     -26.63591       inf%      4.26  
   17/243        subproblem          -inf     -26.63591       inf%      4.35  
   18/243        subproblem          -inf     -26.63591       inf%      4.86  
   19/243        subproblem          -inf     -26.63591       inf%      4.95  
   20/243        subproblem          -inf     -26.63591       inf%      5.04  
   21/243        subproblem          -inf     -26.63591       inf%      5.13  
   22/243        subproblem          -inf     -26.63591       inf%      5.25  
   23/243        subproblem          -inf     -26.63591       inf%      5.34  
   24/243        subproblem          -inf     -26.63591       inf%      5.43  
   25/243        subproblem          -inf     -26.63591       inf%      5.52  
   26/243        subproblem          -inf     -26.63591       inf%      5.61  
   27/243        subproblem          -inf     -26.63591       inf%      5.70  
   28/243        subproblem          -inf     -26.63591       inf%      5.79  
   29/243        subproblem          -inf     -26.63591       inf%      5.88  
   30/243        subproblem          -inf     -26.63591       inf%      5.96  
   31/243        subproblem          -inf     -26.63591       inf%      6.05  
   32/243        subproblem          -inf     -26.63591       inf%      6.16  
   33/243        subproblem          -inf     -26.63591       inf%      6.25  
   34/243        subproblem          -inf     -26.63591       inf%      6.33  
   35/243        subproblem          -inf     -26.63591       inf%      6.42  
   36/243        subproblem          -inf     -26.63591       inf%      6.51  
   37/243        subproblem          -inf     -26.63591       inf%      6.60  
   38/243        subproblem          -inf     -26.63591       inf%      6.69  
   39/243        subproblem          -inf     -26.63591       inf%      6.78  
   40/243        subproblem          -inf     -26.63591       inf%      6.87  
   41/243        subproblem          -inf     -52.79223       inf%      7.43  *
   42/243        subproblem          -inf     -52.79223       inf%      7.95  
   43/243        subproblem          -inf     -52.79223       inf%      8.04  
   44/243        subproblem          -inf     -52.79223       inf%      8.13  
   45/243        subproblem          -inf     -52.79223       inf%      8.64  
   46/243        subproblem          -inf     -52.79223       inf%      8.75  
   47/243        subproblem          -inf     -52.79223       inf%      8.84  
   48/243        subproblem          -inf     -52.79223       inf%      8.93  
   49/243        subproblem          -inf     -52.79223       inf%      9.02  
   50/243        subproblem          -inf     -52.79223       inf%      9.11  
   51/243        subproblem          -inf     -52.79223       inf%      9.21  
   52/243        subproblem          -inf     -52.79223       inf%      9.29  
   53/243        subproblem          -inf     -52.79223       inf%      9.39  
   54/243        subproblem          -inf     -52.79223       inf%      9.89  
   55/243        subproblem          -inf     -52.79223       inf%     10.00  
   56/243        subproblem          -inf     -52.79223       inf%     10.09  
   57/243        subproblem          -inf     -52.79223       inf%     10.18  
   58/243        subproblem          -inf     -52.79223       inf%     10.27  
   59/243        subproblem          -inf     -52.79223       inf%     10.36  
   60/243        subproblem          -inf     -52.79223       inf%     10.45  
   61/243        subproblem          -inf     -52.79223       inf%     10.54  
   62/243        subproblem          -inf     -52.79223       inf%     10.63  
   63/243        subproblem          -inf     -52.79223       inf%     10.72  
   64/243        subproblem          -inf     -52.79223       inf%     10.81  
   65/243        subproblem          -inf     -52.79223       inf%     10.89  
   66/243        subproblem          -inf     -52.79223       inf%     11.00  
   67/243        subproblem          -inf     -52.79223       inf%     11.09  
   68/243        subproblem          -inf     -52.79223       inf%     11.17  
   69/243        subproblem          -inf     -52.79223       inf%     11.26  
   70/243        subproblem          -inf     -52.79223       inf%     11.35  
   71/243        subproblem          -inf     -52.79223       inf%     11.44  
   72/243        subproblem          -inf     -52.79223       inf%     11.53  
   73/243        subproblem          -inf     -52.79223       inf%     11.62  
   74/243        subproblem          -inf     -52.79223       inf%     11.71  
   75/243        subproblem          -inf     -52.79223       inf%     11.80  
   76/243        subproblem          -inf     -52.79223       inf%     11.88  
   77/243        subproblem          -inf     -52.79223       inf%     11.99  
   78/243        subproblem          -inf     -52.79223       inf%     12.08  
   79/243        subproblem          -inf     -52.79223       inf%     12.17  
   80/243        subproblem          -inf     -52.79223       inf%     12.26  
   81/243        subproblem          -inf     -52.79223       inf%     12.35  
   82/243        subproblem          -inf     -52.79223       inf%     12.43  
   83/243        subproblem          -inf     -52.79223       inf%     12.52  
   84/243        subproblem          -inf     -52.79223       inf%     12.61  
   85/243        subproblem          -inf     -52.79223       inf%     12.70  
   86/243        subproblem          -inf     -52.79223       inf%     12.79  
   87/243        subproblem          -inf     -52.79223       inf%     12.89  
   88/243        subproblem          -inf     -52.79223       inf%     12.98  
   89/243        subproblem          -inf     -52.79223       inf%     13.06  
   90/243        subproblem          -inf     -52.79223       inf%     13.15  
   91/243        subproblem          -inf     -52.79223       inf%     13.23  
   92/243        subproblem          -inf     -52.79223       inf%     13.32  
   93/243        subproblem          -inf     -52.79223       inf%     13.41  
   94/243        subproblem          -inf     -52.79223       inf%     13.49  
   95/243        subproblem          -inf     -52.79223       inf%     13.58  
   96/243        subproblem          -inf     -52.79223       inf%     13.66  
   97/243        subproblem          -inf     -52.79223       inf%     13.75  
   98/243        subproblem          -inf     -52.79223       inf%     13.85  
   99/243        subproblem          -inf     -52.79223       inf%     13.94  
  100/243        subproblem          -inf     -52.79223       inf%     14.02  
  101/243        subproblem          -inf     -52.79223       inf%     14.11  
  102/243        subproblem          -inf     -52.79223       inf%     14.19  
  103/243        subproblem          -inf     -52.79223       inf%     14.28  
  104/243        subproblem          -inf     -52.79223       inf%     14.37  
  105/243        subproblem          -inf     -52.79223       inf%     14.45  
  106/243        subproblem          -inf     -52.79223       inf%     14.54  
  107/243        subproblem          -inf     -52.79223       inf%     14.62  
  108/243        subproblem          -inf     -52.79223       inf%     14.73  
  109/243        subproblem          -inf     -52.79223       inf%     14.81  
  110/243        subproblem          -inf     -52.79223       inf%     14.89  
  111/243        subproblem          -inf     -52.79223       inf%     14.98  
  112/243        subproblem          -inf     -52.79223       inf%     15.06  
  113/243        subproblem          -inf     -52.79223       inf%     15.14  
  114/243        subproblem          -inf     -52.79223       inf%     15.22  
  115/243        subproblem          -inf     -52.79223       inf%     15.31  
  116/243        subproblem          -inf     -52.79223       inf%     15.39  
  117/243        subproblem          -inf     -52.79223       inf%     15.47  
  118/243        subproblem          -inf     -52.79223       inf%     15.55  
  119/243        subproblem          -inf     -52.79223       inf%     15.65  
  120/243        subproblem          -inf     -52.79223       inf%     15.74  
  121/243        subproblem          -inf     -52.79223       inf%     15.82  
  122/243        subproblem          -inf     -52.79223       inf%     15.90  
  123/243        subproblem          -inf     -52.79223       inf%     15.98  
  124/243        subproblem          -inf     -52.79223       inf%     16.07  
  125/243        subproblem          -inf     -52.79223       inf%     16.15  
  126/243        subproblem          -inf     -52.79223       inf%     16.23  
  127/243        subproblem          -inf     -52.79223       inf%     16.31  
  128/243        subproblem          -inf     -52.79223       inf%     16.40  
  129/243        subproblem          -inf     -52.79223       inf%     16.48  
  130/243        subproblem          -inf     -52.79223       inf%     16.58  
  131/243        subproblem          -inf     -52.79223       inf%     16.66  
  132/243        subproblem          -inf     -52.79223       inf%     16.74  
  133/243        subproblem          -inf     -52.79223       inf%     16.83  
  134/243        subproblem          -inf     -52.79223       inf%     16.91  
  135/243        subproblem          -inf     -52.79223       inf%     16.99  
  136/243        subproblem          -inf     -52.79223       inf%     17.08  
  137/243        subproblem          -inf     -52.79223       inf%     17.16  
  138/243        subproblem          -inf     -52.79223       inf%     17.25  
  139/243        subproblem          -inf     -52.79223       inf%     17.33  
  140/243        subproblem          -inf     -52.79223       inf%     17.42  
  141/243        subproblem          -inf     -52.79223       inf%     17.52  
  142/243        subproblem          -inf     -52.79223       inf%     17.61  
  143/243        subproblem          -inf     -52.79223       inf%     17.70  
  144/243        subproblem          -inf     -52.79223       inf%     17.78  
  145/243        subproblem          -inf     -52.79223       inf%     17.87  
  146/243        subproblem          -inf     -52.79223       inf%     17.95  
  147/243        subproblem          -inf     -52.79223       inf%     18.03  
  148/243        subproblem          -inf     -52.79223       inf%     18.12  
  149/243        subproblem          -inf     -52.79223       inf%     18.20  
  150/243        subproblem          -inf     -52.79223       inf%     18.28  
  151/243        subproblem          -inf     -52.79223       inf%     18.37  
  152/243        subproblem          -inf     -52.79223       inf%     18.47  
  153/243        subproblem          -inf     -52.79223       inf%     18.55  
  154/243        subproblem          -inf     -52.79223       inf%     18.64  
  155/243        subproblem          -inf     -52.79223       inf%     18.72  
  156/243        subproblem          -inf     -52.79223       inf%     18.81  
  157/243        subproblem          -inf     -52.79223       inf%     18.89  
  158/243        subproblem          -inf     -52.79223       inf%     18.98  
  159/243        subproblem          -inf     -52.79223       inf%     19.06  
  160/243        subproblem          -inf     -52.79223       inf%     19.15  
  161/243        subproblem          -inf     -52.79223       inf%     19.23  
  162/243        subproblem          -inf     -52.79223       inf%     19.74  
  163/243        subproblem          -inf     -52.79223       inf%     20.26  
  164/243        subproblem          -inf     -52.79223       inf%     20.35  
  165/243        subproblem          -inf     -52.79223       inf%     20.44  
  166/243        subproblem          -inf     -52.79223       inf%     20.53  
  167/243        subproblem          -inf     -52.79223       inf%     20.62  
  168/243        subproblem          -inf     -52.79223       inf%     20.74  
  169/243        subproblem          -inf     -52.79223       inf%     20.83  
  170/243        subproblem          -inf     -52.79223       inf%     20.92  
  171/243        subproblem          -inf     -52.79223       inf%     21.01  
  172/243        subproblem          -inf     -52.79223       inf%     21.09  
  173/243        subproblem          -inf     -52.79223       inf%     21.18  
  174/243        subproblem          -inf     -52.79223       inf%     21.27  
  175/243        subproblem          -inf     -52.79223       inf%     21.36  
  176/243        subproblem          -inf     -52.79223       inf%     21.45  
  177/243        subproblem          -inf     -52.79223       inf%     21.54  
  178/243        subproblem          -inf     -52.79223       inf%     21.63  
  179/243        subproblem          -inf     -52.79223       inf%     21.74  
  180/243        subproblem          -inf     -52.79223       inf%     21.83  
  181/243        subproblem          -inf     -52.79223       inf%     21.92  
  182/243        subproblem          -inf     -52.79223       inf%     22.01  
  183/243        subproblem          -inf     -52.79223       inf%     22.10  
  184/243        subproblem          -inf     -52.79223       inf%     22.19  
  185/243        subproblem          -inf     -52.79223       inf%     22.27  
  186/243        subproblem          -inf     -52.79223       inf%     22.36  
  187/243        subproblem          -inf     -52.79223       inf%     22.45  
  188/243        subproblem          -inf     -52.79223       inf%     22.54  
  189/243        subproblem          -inf     -52.79223       inf%     22.63  
  190/243        subproblem          -inf     -52.79223       inf%     22.73  
  191/243        subproblem          -inf     -52.79223       inf%     22.82  
  192/243        subproblem          -inf     -52.79223       inf%     22.90  
  193/243        subproblem          -inf     -52.79223       inf%     22.98  
  194/243        subproblem          -inf     -52.79223       inf%     23.07  
  195/243        subproblem          -inf     -52.79223       inf%     23.15  
  196/243        subproblem          -inf     -52.79223       inf%     23.23  
  197/243        subproblem          -inf     -52.79223       inf%     23.32  
  198/243        subproblem          -inf     -52.79223       inf%     23.40  
  199/243        subproblem          -inf     -52.79223       inf%     23.48  
  200/243        subproblem          -inf     -52.79223       inf%     23.56  
  201/243        subproblem          -inf     -52.79223       inf%     23.66  
  202/243        subproblem          -inf     -52.79223       inf%     23.75  
  203/243        subproblem          -inf     -52.79223       inf%     23.83  
  204/243        subproblem          -inf     -52.79223       inf%     23.91  
  205/243        subproblem          -inf     -52.79223       inf%     24.00  
  206/243        subproblem          -inf     -52.79223       inf%     24.08  
  207/243        subproblem          -inf     -52.79223       inf%     24.16  
  208/243        subproblem          -inf     -52.79223       inf%     24.25  
  209/243        subproblem          -inf     -52.79223       inf%     24.33  
  210/243        subproblem          -inf     -52.79223       inf%     24.41  
  211/243        subproblem          -inf     -52.79223       inf%     24.50  
  212/243        subproblem          -inf     -52.79223       inf%     24.60  
  213/243        subproblem          -inf     -52.79223       inf%     24.68  
  214/243        subproblem          -inf     -52.79223       inf%     24.76  
  215/243        subproblem          -inf     -52.79223       inf%     24.84  
  216/243        subproblem          -inf     -52.79223       inf%     24.93  
  217/243        subproblem          -inf     -52.79223       inf%     25.02  
  218/243        subproblem          -inf     -52.79223       inf%     25.10  
  219/243        subproblem          -inf     -52.79223       inf%     25.19  
  220/243        subproblem          -inf     -52.79223       inf%     25.28  
  221/243        subproblem          -inf     -52.79223       inf%     25.37  
  222/243        subproblem          -inf     -52.79223       inf%     25.46  
  223/243        subproblem          -inf     -52.79223       inf%     25.56  
  224/243        subproblem          -inf     -52.79223       inf%     25.65  
  225/243        subproblem          -inf     -52.79223       inf%     25.74  
  226/243        subproblem          -inf     -52.79223       inf%     25.83  
  227/243        subproblem          -inf     -52.79223       inf%     25.91  
  228/243        subproblem          -inf     -52.79223       inf%     25.99  
  229/243        subproblem          -inf     -52.79223       inf%     26.08  
  230/243        subproblem          -inf     -52.79223       inf%     26.16  
  231/243        subproblem          -inf     -52.79223       inf%     26.24  
  232/243        subproblem          -inf     -52.79223       inf%     26.33  
  233/243        subproblem          -inf     -52.79223       inf%     26.41  
  234/243        subproblem          -inf     -52.79223       inf%     26.51  
  235/243        subproblem          -inf     -52.79223       inf%     26.60  
  236/243        subproblem          -inf     -52.79223       inf%     26.69  
  237/243        subproblem          -inf     -52.79223       inf%     26.78  
  238/243        subproblem          -inf     -52.79223       inf%     26.86  
  239/243        subproblem          -inf     -52.79223       inf%     26.95  
  240/243        subproblem          -inf     -52.79223       inf%     27.03  
  241/243        subproblem          -inf     -52.79223       inf%     27.12  
  242/243        subproblem          -inf     -52.79223       inf%     27.20  
  243/243        subproblem          -inf     -52.79223       inf%     27.29  
  243/243                       -52.79223     -52.79223      0.00%     27.29  
GDPopt exiting--all discrete solutions have been enumerated.

Solved in 243 iterations and 27.29303 seconds
Optimal objective value -52.7922262263
Relative optimality gap 0.00000%

Problem: 
- Name: unknown
  Lower bound: -52.79222622630021
  Upper bound: -52.79222622630021
  Number of objectives: 1
  Number of constraints: 1547
  Number of variables: 927
  Number of binary variables: 12
  Number of integer variables: 0
  Number of continuous variables: 915
  Number of nonzeros: None
  Sense: 1
  Number of disjunctions: 5
Solver: 
- Name: GDPopt (22, 5, 13) - enumerate
  Status: ok
  User time: 27.292992867529392
  Wallclock time: 27.292992867529392
  Termination condition: optimal
  Iterations: 243
  Timing: main_timer_start_time: 5858684.905572901
nlp: 27.182552407495677
total: 27.292992867529392

