Starting GDPopt version 22.5.13 using enumerate algorithm
iterlim: None
time_limit: 900
tee: true
logger: <Logger pyomo.contrib.gdpopt (INFO)>
nlp_solver: gams
nlp_solver_args:
  solver: knitro
minlp_solver: baron
minlp_solver_args:
local_minlp_solver: bonmin
local_minlp_solver_args:
small_dual_tolerance: 1e-08
integer_tolerance: 1e-05
constraint_tolerance: 1e-06
variable_tolerance: 1e-08
subproblem_initialization_method: <function restore_vars_to_original_values_enumerate at 0x7fe3dd38e480>
call_before_subproblem_solve: <class 'pyomo.contrib.gdpopt.util._DoNothing'>
call_after_subproblem_solve: <class 'pyomo.contrib.gdpopt.util._DoNothing'>
call_after_subproblem_feasible: <class 'pyomo.contrib.gdpopt.util._DoNothing'>
force_subproblem_nlp: false
subproblem_presolve: true
tighten_nlp_var_bounds: false
round_discrete_vars: true
max_fbbt_iterations: 3
mip_solver: gurobi
mip_solver_args:

If you use this software, you may cite the following:
            - Implementation:
            Chen, Q; Johnson, ES; Bernal, DE; Valentin, R; Kale, S;
            Bates, J; Siirola, JD; Grossmann, IE.
            Pyomo.GDP: an ecosystem for logic based modeling and optimization
            development.
            Optimization and Engineering, 2021.
Original model has 1547 constraints (1092 nonlinear) and 5 disjunctions, with 927 variables, of which 12 are binary, 0 are integer, and 915 are continuous.
    1/243        subproblem          -inf     -15.65056       inf%      0.72  *
    2/243        subproblem          -inf     -16.38101       inf%      1.32  *
    3/243        subproblem          -inf     -16.38101       inf%      1.42  
    4/243        subproblem          -inf     -16.38101       inf%      1.51  
    5/243        subproblem          -inf     -19.25013       inf%      2.09  *
    6/243        subproblem          -inf     -19.25013       inf%      2.67  
    7/243        subproblem          -inf     -19.25013       inf%      2.76  
    8/243        subproblem          -inf     -19.25013       inf%      2.88  
    9/243        subproblem          -inf     -19.25013       inf%      2.97  
   10/243        subproblem          -inf     -19.25013       inf%      3.06  
   11/243        subproblem          -inf     -19.25013       inf%      3.15  
   12/243        subproblem          -inf     -19.25013       inf%      3.24  
   13/243        subproblem          -inf     -19.25013       inf%      3.33  
   14/243        subproblem          -inf     -26.63591       inf%      3.90  *
   15/243        subproblem          -inf     -26.63591       inf%      4.50  
   16/243        subproblem          -inf     -26.63591       inf%      4.59  
   17/243        subproblem          -inf     -26.63591       inf%      4.68  
   18/243        subproblem          -inf     -26.63591       inf%      5.25  
   19/243        subproblem          -inf     -26.63591       inf%      5.34  
   20/243        subproblem          -inf     -26.63591       inf%      5.43  
   21/243        subproblem          -inf     -26.63591       inf%      5.53  
   22/243        subproblem          -inf     -26.63591       inf%      5.64  
   23/243        subproblem          -inf     -26.63591       inf%      5.73  
   24/243        subproblem          -inf     -26.63591       inf%      5.82  
   25/243        subproblem          -inf     -26.63591       inf%      5.92  
   26/243        subproblem          -inf     -26.63591       inf%      6.01  
   27/243        subproblem          -inf     -26.63591       inf%      6.10  
   28/243        subproblem          -inf     -26.63591       inf%      6.19  
   29/243        subproblem          -inf     -26.63591       inf%      6.28  
   30/243        subproblem          -inf     -26.63591       inf%      6.37  
   31/243        subproblem          -inf     -26.63591       inf%      6.45  
   32/243        subproblem          -inf     -26.63591       inf%      6.57  
   33/243        subproblem          -inf     -26.63591       inf%      6.65  
   34/243        subproblem          -inf     -26.63591       inf%      6.74  
   35/243        subproblem          -inf     -26.63591       inf%      6.83  
   36/243        subproblem          -inf     -26.63591       inf%      6.92  
   37/243        subproblem          -inf     -26.63591       inf%      7.01  
   38/243        subproblem          -inf     -26.63591       inf%      7.10  
   39/243        subproblem          -inf     -26.63591       inf%      7.19  
   40/243        subproblem          -inf     -26.63591       inf%      7.28  
   41/243        subproblem          -inf     -52.79223       inf%      7.88  *
   42/243        subproblem          -inf     -52.79223       inf%      8.42  
   43/243        subproblem          -inf     -52.79223       inf%      8.51  
   44/243        subproblem          -inf     -52.79223       inf%      8.61  
   45/243        subproblem          -inf     -52.79223       inf%      9.16  
   46/243        subproblem          -inf     -52.79223       inf%      9.27  
   47/243        subproblem          -inf     -52.79223       inf%      9.36  
   48/243        subproblem          -inf     -52.79223       inf%      9.45  
   49/243        subproblem          -inf     -52.79223       inf%      9.53  
   50/243        subproblem          -inf     -52.79223       inf%      9.63  
   51/243        subproblem          -inf     -52.79223       inf%      9.72  
   52/243        subproblem          -inf     -52.79223       inf%      9.81  
   53/243        subproblem          -inf     -52.79223       inf%      9.90  
   54/243        subproblem          -inf     -52.79223       inf%     10.45  
   55/243        subproblem          -inf     -52.79223       inf%     10.55  
   56/243        subproblem          -inf     -52.79223       inf%     10.64  
   57/243        subproblem          -inf     -52.79223       inf%     10.73  
   58/243        subproblem          -inf     -52.79223       inf%     10.82  
   59/243        subproblem          -inf     -52.79223       inf%     10.91  
   60/243        subproblem          -inf     -52.79223       inf%     11.00  
   61/243        subproblem          -inf     -52.79223       inf%     11.09  
   62/243        subproblem          -inf     -52.79223       inf%     11.18  
   63/243        subproblem          -inf     -52.79223       inf%     11.27  
   64/243        subproblem          -inf     -52.79223       inf%     11.36  
   65/243        subproblem          -inf     -52.79223       inf%     11.44  
   66/243        subproblem          -inf     -52.79223       inf%     11.55  
   67/243        subproblem          -inf     -52.79223       inf%     11.63  
   68/243        subproblem          -inf     -52.79223       inf%     11.72  
   69/243        subproblem          -inf     -52.79223       inf%     11.81  
   70/243        subproblem          -inf     -52.79223       inf%     11.90  
   71/243        subproblem          -inf     -52.79223       inf%     11.99  
   72/243        subproblem          -inf     -52.79223       inf%     12.08  
   73/243        subproblem          -inf     -52.79223       inf%     12.17  
   74/243        subproblem          -inf     -52.79223       inf%     12.26  
   75/243        subproblem          -inf     -52.79223       inf%     12.35  
   76/243        subproblem          -inf     -52.79223       inf%     12.44  
   77/243        subproblem          -inf     -52.79223       inf%     12.54  
   78/243        subproblem          -inf     -52.79223       inf%     12.63  
   79/243        subproblem          -inf     -52.79223       inf%     12.72  
   80/243        subproblem          -inf     -52.79223       inf%     12.81  
   81/243        subproblem          -inf     -52.79223       inf%     12.90  
   82/243        subproblem          -inf     -52.79223       inf%     12.98  
   83/243        subproblem          -inf     -52.79223       inf%     13.07  
   84/243        subproblem          -inf     -52.79223       inf%     13.16  
   85/243        subproblem          -inf     -52.79223       inf%     13.24  
   86/243        subproblem          -inf     -52.79223       inf%     13.33  
   87/243        subproblem          -inf     -52.79223       inf%     13.43  
   88/243        subproblem          -inf     -52.79223       inf%     13.52  
   89/243        subproblem          -inf     -52.79223       inf%     13.60  
   90/243        subproblem          -inf     -52.79223       inf%     13.69  
   91/243        subproblem          -inf     -52.79223       inf%     13.78  
   92/243        subproblem          -inf     -52.79223       inf%     13.86  
   93/243        subproblem          -inf     -52.79223       inf%     13.95  
   94/243        subproblem          -inf     -52.79223       inf%     14.04  
   95/243        subproblem          -inf     -52.79223       inf%     14.12  
   96/243        subproblem          -inf     -52.79223       inf%     14.21  
   97/243        subproblem          -inf     -52.79223       inf%     14.30  
   98/243        subproblem          -inf     -52.79223       inf%     14.40  
   99/243        subproblem          -inf     -52.79223       inf%     14.48  
  100/243        subproblem          -inf     -52.79223       inf%     14.57  
  101/243        subproblem          -inf     -52.79223       inf%     14.66  
  102/243        subproblem          -inf     -52.79223       inf%     14.74  
  103/243        subproblem          -inf     -52.79223       inf%     14.83  
  104/243        subproblem          -inf     -52.79223       inf%     14.92  
  105/243        subproblem          -inf     -52.79223       inf%     15.00  
  106/243        subproblem          -inf     -52.79223       inf%     15.09  
  107/243        subproblem          -inf     -52.79223       inf%     15.18  
  108/243        subproblem          -inf     -52.79223       inf%     15.28  
  109/243        subproblem          -inf     -52.79223       inf%     15.37  
  110/243        subproblem          -inf     -52.79223       inf%     15.45  
  111/243        subproblem          -inf     -52.79223       inf%     15.53  
  112/243        subproblem          -inf     -52.79223       inf%     15.62  
  113/243        subproblem          -inf     -52.79223       inf%     15.70  
  114/243        subproblem          -inf     -52.79223       inf%     15.79  
  115/243        subproblem          -inf     -52.79223       inf%     15.87  
  116/243        subproblem          -inf     -52.79223       inf%     15.95  
  117/243        subproblem          -inf     -52.79223       inf%     16.04  
  118/243        subproblem          -inf     -52.79223       inf%     16.12  
  119/243        subproblem          -inf     -52.79223       inf%     16.22  
  120/243        subproblem          -inf     -52.79223       inf%     16.30  
  121/243        subproblem          -inf     -52.79223       inf%     16.39  
  122/243        subproblem          -inf     -52.79223       inf%     16.47  
  123/243        subproblem          -inf     -52.79223       inf%     16.56  
  124/243        subproblem          -inf     -52.79223       inf%     16.64  
  125/243        subproblem          -inf     -52.79223       inf%     16.72  
  126/243        subproblem          -inf     -52.79223       inf%     16.81  
  127/243        subproblem          -inf     -52.79223       inf%     16.89  
  128/243        subproblem          -inf     -52.79223       inf%     16.98  
  129/243        subproblem          -inf     -52.79223       inf%     17.06  
  130/243        subproblem          -inf     -52.79223       inf%     17.16  
  131/243        subproblem          -inf     -52.79223       inf%     17.24  
  132/243        subproblem          -inf     -52.79223       inf%     17.33  
  133/243        subproblem          -inf     -52.79223       inf%     17.41  
  134/243        subproblem          -inf     -52.79223       inf%     17.50  
  135/243        subproblem          -inf     -52.79223       inf%     17.58  
  136/243        subproblem          -inf     -52.79223       inf%     17.67  
  137/243        subproblem          -inf     -52.79223       inf%     17.75  
  138/243        subproblem          -inf     -52.79223       inf%     17.84  
  139/243        subproblem          -inf     -52.79223       inf%     17.93  
  140/243        subproblem          -inf     -52.79223       inf%     18.02  
  141/243        subproblem          -inf     -52.79223       inf%     18.12  
  142/243        subproblem          -inf     -52.79223       inf%     18.21  
  143/243        subproblem          -inf     -52.79223       inf%     18.30  
  144/243        subproblem          -inf     -52.79223       inf%     18.38  
  145/243        subproblem          -inf     -52.79223       inf%     18.47  
  146/243        subproblem          -inf     -52.79223       inf%     18.55  
  147/243        subproblem          -inf     -52.79223       inf%     18.64  
  148/243        subproblem          -inf     -52.79223       inf%     18.72  
  149/243        subproblem          -inf     -52.79223       inf%     18.80  
  150/243        subproblem          -inf     -52.79223       inf%     18.89  
  151/243        subproblem          -inf     -52.79223       inf%     18.97  
  152/243        subproblem          -inf     -52.79223       inf%     19.08  
  153/243        subproblem          -inf     -52.79223       inf%     19.16  
  154/243        subproblem          -inf     -52.79223       inf%     19.25  
  155/243        subproblem          -inf     -52.79223       inf%     19.33  
  156/243        subproblem          -inf     -52.79223       inf%     19.42  
  157/243        subproblem          -inf     -52.79223       inf%     19.50  
  158/243        subproblem          -inf     -52.79223       inf%     19.59  
  159/243        subproblem          -inf     -52.79223       inf%     19.67  
  160/243        subproblem          -inf     -52.79223       inf%     19.76  
  161/243        subproblem          -inf     -52.79223       inf%     19.85  
  162/243        subproblem          -inf     -52.79223       inf%     20.43  
  163/243        subproblem          -inf     -52.79223       inf%     21.02  
  164/243        subproblem          -inf     -52.79223       inf%     21.11  
  165/243        subproblem          -inf     -52.79223       inf%     21.20  
  166/243        subproblem          -inf     -52.79223       inf%     21.29  
  167/243        subproblem          -inf     -52.79223       inf%     21.39  
  168/243        subproblem          -inf     -52.79223       inf%     21.50  
  169/243        subproblem          -inf     -52.79223       inf%     21.59  
  170/243        subproblem          -inf     -52.79223       inf%     21.69  
  171/243        subproblem          -inf     -52.79223       inf%     21.78  
  172/243        subproblem          -inf     -52.79223       inf%     21.87  
  173/243        subproblem          -inf     -52.79223       inf%     21.96  
  174/243        subproblem          -inf     -52.79223       inf%     22.05  
  175/243        subproblem          -inf     -52.79223       inf%     22.14  
  176/243        subproblem          -inf     -52.79223       inf%     22.23  
  177/243        subproblem          -inf     -52.79223       inf%     22.32  
  178/243        subproblem          -inf     -52.79223       inf%     22.41  
  179/243        subproblem          -inf     -52.79223       inf%     22.53  
  180/243        subproblem          -inf     -52.79223       inf%     22.62  
  181/243        subproblem          -inf     -52.79223       inf%     22.71  
  182/243        subproblem          -inf     -52.79223       inf%     22.80  
  183/243        subproblem          -inf     -52.79223       inf%     22.89  
  184/243        subproblem          -inf     -52.79223       inf%     22.98  
  185/243        subproblem          -inf     -52.79223       inf%     23.07  
  186/243        subproblem          -inf     -52.79223       inf%     23.16  
  187/243        subproblem          -inf     -52.79223       inf%     23.26  
  188/243        subproblem          -inf     -52.79223       inf%     23.35  
  189/243        subproblem          -inf     -52.79223       inf%     23.44  
  190/243        subproblem          -inf     -52.79223       inf%     23.54  
  191/243        subproblem          -inf     -52.79223       inf%     23.63  
  192/243        subproblem          -inf     -52.79223       inf%     23.71  
  193/243        subproblem          -inf     -52.79223       inf%     23.80  
  194/243        subproblem          -inf     -52.79223       inf%     23.88  
  195/243        subproblem          -inf     -52.79223       inf%     23.97  
  196/243        subproblem          -inf     -52.79223       inf%     24.05  
  197/243        subproblem          -inf     -52.79223       inf%     24.13  
  198/243        subproblem          -inf     -52.79223       inf%     24.22  
  199/243        subproblem          -inf     -52.79223       inf%     24.30  
  200/243        subproblem          -inf     -52.79223       inf%     24.39  
  201/243        subproblem          -inf     -52.79223       inf%     24.49  
  202/243        subproblem          -inf     -52.79223       inf%     24.58  
  203/243        subproblem          -inf     -52.79223       inf%     24.66  
  204/243        subproblem          -inf     -52.79223       inf%     24.74  
  205/243        subproblem          -inf     -52.79223       inf%     24.83  
  206/243        subproblem          -inf     -52.79223       inf%     24.91  
  207/243        subproblem          -inf     -52.79223       inf%     25.00  
  208/243        subproblem          -inf     -52.79223       inf%     25.08  
  209/243        subproblem          -inf     -52.79223       inf%     25.16  
  210/243        subproblem          -inf     -52.79223       inf%     25.25  
  211/243        subproblem          -inf     -52.79223       inf%     25.33  
  212/243        subproblem          -inf     -52.79223       inf%     25.44  
  213/243        subproblem          -inf     -52.79223       inf%     25.52  
  214/243        subproblem          -inf     -52.79223       inf%     25.60  
  215/243        subproblem          -inf     -52.79223       inf%     25.69  
  216/243        subproblem          -inf     -52.79223       inf%     25.77  
  217/243        subproblem          -inf     -52.79223       inf%     25.86  
  218/243        subproblem          -inf     -52.79223       inf%     25.95  
  219/243        subproblem          -inf     -52.79223       inf%     26.04  
  220/243        subproblem          -inf     -52.79223       inf%     26.14  
  221/243        subproblem          -inf     -52.79223       inf%     26.23  
  222/243        subproblem          -inf     -52.79223       inf%     26.32  
  223/243        subproblem          -inf     -52.79223       inf%     26.43  
  224/243        subproblem          -inf     -52.79223       inf%     26.52  
  225/243        subproblem          -inf     -52.79223       inf%     26.61  
  226/243        subproblem          -inf     -52.79223       inf%     26.69  
  227/243        subproblem          -inf     -52.79223       inf%     26.78  
  228/243        subproblem          -inf     -52.79223       inf%     26.86  
  229/243        subproblem          -inf     -52.79223       inf%     26.95  
  230/243        subproblem          -inf     -52.79223       inf%     27.03  
  231/243        subproblem          -inf     -52.79223       inf%     27.11  
  232/243        subproblem          -inf     -52.79223       inf%     27.20  
  233/243        subproblem          -inf     -52.79223       inf%     27.28  
  234/243        subproblem          -inf     -52.79223       inf%     27.39  
  235/243        subproblem          -inf     -52.79223       inf%     27.48  
  236/243        subproblem          -inf     -52.79223       inf%     27.57  
  237/243        subproblem          -inf     -52.79223       inf%     27.66  
  238/243        subproblem          -inf     -52.79223       inf%     27.74  
  239/243        subproblem          -inf     -52.79223       inf%     27.83  
  240/243        subproblem          -inf     -52.79223       inf%     27.91  
  241/243        subproblem          -inf     -52.79223       inf%     28.00  
  242/243        subproblem          -inf     -52.79223       inf%     28.09  
  243/243        subproblem          -inf     -52.79223       inf%     28.18  
  243/243                       -52.79223     -52.79223      0.00%     28.18  
GDPopt exiting--all discrete solutions have been enumerated.

Solved in 243 iterations and 28.17694 seconds
Optimal objective value -52.7922262261
Relative optimality gap 0.00000%

Problem: 
- Name: unknown
  Lower bound: -52.792226226148536
  Upper bound: -52.792226226148536
  Number of objectives: 1
  Number of constraints: 1547
  Number of variables: 927
  Number of binary variables: 12
  Number of integer variables: 0
  Number of continuous variables: 915
  Number of nonzeros: None
  Sense: 1
  Number of disjunctions: 5
Solver: 
- Name: GDPopt (22, 5, 13) - enumerate
  Status: ok
  User time: 28.176900662481785
  Wallclock time: 28.176900662481785
  Termination condition: optimal
  Iterations: 243
  Timing: main_timer_start_time: 5858656.672301265
nlp: 28.06441300921142
total: 28.176900662481785

