Starting GDPopt version 22.5.13 using enumerate algorithm
iterlim: None
time_limit: 900
tee: true
logger: <Logger pyomo.contrib.gdpopt (INFO)>
nlp_solver: gams
nlp_solver_args:
  solver: ipopth
minlp_solver: baron
minlp_solver_args:
local_minlp_solver: bonmin
local_minlp_solver_args:
small_dual_tolerance: 1e-08
integer_tolerance: 1e-05
constraint_tolerance: 1e-06
variable_tolerance: 1e-08
subproblem_initialization_method: <function restore_vars_to_original_values_enumerate at 0x7fe3dd38e480>
call_before_subproblem_solve: <class 'pyomo.contrib.gdpopt.util._DoNothing'>
call_after_subproblem_solve: <class 'pyomo.contrib.gdpopt.util._DoNothing'>
call_after_subproblem_feasible: <class 'pyomo.contrib.gdpopt.util._DoNothing'>
force_subproblem_nlp: false
subproblem_presolve: true
tighten_nlp_var_bounds: false
round_discrete_vars: true
max_fbbt_iterations: 3
mip_solver: gurobi
mip_solver_args:

If you use this software, you may cite the following:
            - Implementation:
            Chen, Q; Johnson, ES; Bernal, DE; Valentin, R; Kale, S;
            Bates, J; Siirola, JD; Grossmann, IE.
            Pyomo.GDP: an ecosystem for logic based modeling and optimization
            development.
            Optimization and Engineering, 2021.
Original model has 1547 constraints (1092 nonlinear) and 5 disjunctions, with 927 variables, of which 12 are binary, 0 are integer, and 915 are continuous.
    1/243        subproblem          -inf     -15.65055       inf%      0.68  *
    2/243        subproblem          -inf     -16.38101       inf%      1.30  *
    3/243        subproblem          -inf     -16.38101       inf%      1.39  
    4/243        subproblem          -inf     -16.38101       inf%      1.48  
    5/243        subproblem          -inf     -19.25013       inf%      2.05  *
    6/243        subproblem          -inf     -19.25013       inf%      2.60  
    7/243        subproblem          -inf     -19.25013       inf%      2.70  
    8/243        subproblem          -inf     -19.25013       inf%      2.81  
    9/243        subproblem          -inf     -19.25013       inf%      2.90  
   10/243        subproblem          -inf     -19.25013       inf%      2.99  
   11/243        subproblem          -inf     -19.25013       inf%      3.08  
   12/243        subproblem          -inf     -19.25013       inf%      3.17  
   13/243        subproblem          -inf     -19.25013       inf%      3.26  
   14/243        subproblem          -inf     -26.63591       inf%      3.82  *
   15/243        subproblem          -inf     -26.63591       inf%      4.38  
   16/243        subproblem          -inf     -26.63591       inf%      4.47  
   17/243        subproblem          -inf     -26.63591       inf%      4.57  
   18/243        subproblem          -inf     -26.63591       inf%      5.12  
   19/243        subproblem          -inf     -26.63591       inf%      5.21  
   20/243        subproblem          -inf     -26.63591       inf%      5.30  
   21/243        subproblem          -inf     -26.63591       inf%      5.39  
   22/243        subproblem          -inf     -26.63591       inf%      5.50  
   23/243        subproblem          -inf     -26.63591       inf%      5.59  
   24/243        subproblem          -inf     -26.63591       inf%      5.68  
   25/243        subproblem          -inf     -26.63591       inf%      5.78  
   26/243        subproblem          -inf     -26.63591       inf%      5.87  
   27/243        subproblem          -inf     -26.63591       inf%      5.95  
   28/243        subproblem          -inf     -26.63591       inf%      6.04  
   29/243        subproblem          -inf     -26.63591       inf%      6.13  
   30/243        subproblem          -inf     -26.63591       inf%      6.22  
   31/243        subproblem          -inf     -26.63591       inf%      6.31  
   32/243        subproblem          -inf     -26.63591       inf%      6.40  
   33/243        subproblem          -inf     -26.63591       inf%      6.50  
   34/243        subproblem          -inf     -26.63591       inf%      6.59  
   35/243        subproblem          -inf     -26.63591       inf%      6.68  
   36/243        subproblem          -inf     -26.63591       inf%      6.77  
   37/243        subproblem          -inf     -26.63591       inf%      6.86  
   38/243        subproblem          -inf     -26.63591       inf%      6.95  
   39/243        subproblem          -inf     -26.63591       inf%      7.04  
   40/243        subproblem          -inf     -26.63591       inf%      7.12  
   41/243        subproblem          -inf     -52.79223       inf%      7.69  *
   42/243        subproblem          -inf     -52.79223       inf%      8.24  
   43/243        subproblem          -inf     -52.79223       inf%      8.33  
   44/243        subproblem          -inf     -52.79223       inf%      8.42  
   45/243        subproblem          -inf     -52.79223       inf%      8.96  
   46/243        subproblem          -inf     -52.79223       inf%      9.07  
   47/243        subproblem          -inf     -52.79223       inf%      9.16  
   48/243        subproblem          -inf     -52.79223       inf%      9.25  
   49/243        subproblem          -inf     -52.79223       inf%      9.33  
   50/243        subproblem          -inf     -52.79223       inf%      9.43  
   51/243        subproblem          -inf     -52.79223       inf%      9.52  
   52/243        subproblem          -inf     -52.79223       inf%      9.61  
   53/243        subproblem          -inf     -52.79223       inf%      9.70  
   54/243        subproblem          -inf     -52.79223       inf%     10.24  
   55/243        subproblem          -inf     -52.79223       inf%     10.35  
   56/243        subproblem          -inf     -52.79223       inf%     10.44  
   57/243        subproblem          -inf     -52.79223       inf%     10.53  
   58/243        subproblem          -inf     -52.79223       inf%     10.62  
   59/243        subproblem          -inf     -52.79223       inf%     10.71  
   60/243        subproblem          -inf     -52.79223       inf%     10.80  
   61/243        subproblem          -inf     -52.79223       inf%     10.89  
   62/243        subproblem          -inf     -52.79223       inf%     10.98  
   63/243        subproblem          -inf     -52.79223       inf%     11.07  
   64/243        subproblem          -inf     -52.79223       inf%     11.16  
   65/243        subproblem          -inf     -52.79223       inf%     11.25  
   66/243        subproblem          -inf     -52.79223       inf%     11.35  
   67/243        subproblem          -inf     -52.79223       inf%     11.44  
   68/243        subproblem          -inf     -52.79223       inf%     11.53  
   69/243        subproblem          -inf     -52.79223       inf%     11.62  
   70/243        subproblem          -inf     -52.79223       inf%     11.71  
   71/243        subproblem          -inf     -52.79223       inf%     11.80  
   72/243        subproblem          -inf     -52.79223       inf%     11.88  
   73/243        subproblem          -inf     -52.79223       inf%     11.97  
   74/243        subproblem          -inf     -52.79223       inf%     12.06  
   75/243        subproblem          -inf     -52.79223       inf%     12.15  
   76/243        subproblem          -inf     -52.79223       inf%     12.24  
   77/243        subproblem          -inf     -52.79223       inf%     12.35  
   78/243        subproblem          -inf     -52.79223       inf%     12.44  
   79/243        subproblem          -inf     -52.79223       inf%     12.53  
   80/243        subproblem          -inf     -52.79223       inf%     12.61  
   81/243        subproblem          -inf     -52.79223       inf%     12.70  
   82/243        subproblem          -inf     -52.79223       inf%     12.79  
   83/243        subproblem          -inf     -52.79223       inf%     12.88  
   84/243        subproblem          -inf     -52.79223       inf%     12.96  
   85/243        subproblem          -inf     -52.79223       inf%     13.05  
   86/243        subproblem          -inf     -52.79223       inf%     13.14  
   87/243        subproblem          -inf     -52.79223       inf%     13.24  
   88/243        subproblem          -inf     -52.79223       inf%     13.33  
   89/243        subproblem          -inf     -52.79223       inf%     13.41  
   90/243        subproblem          -inf     -52.79223       inf%     13.50  
   91/243        subproblem          -inf     -52.79223       inf%     13.59  
   92/243        subproblem          -inf     -52.79223       inf%     13.67  
   93/243        subproblem          -inf     -52.79223       inf%     13.76  
   94/243        subproblem          -inf     -52.79223       inf%     13.85  
   95/243        subproblem          -inf     -52.79223       inf%     13.94  
   96/243        subproblem          -inf     -52.79223       inf%     14.02  
   97/243        subproblem          -inf     -52.79223       inf%     14.11  
   98/243        subproblem          -inf     -52.79223       inf%     14.21  
   99/243        subproblem          -inf     -52.79223       inf%     14.30  
  100/243        subproblem          -inf     -52.79223       inf%     14.39  
  101/243        subproblem          -inf     -52.79223       inf%     14.48  
  102/243        subproblem          -inf     -52.79223       inf%     14.56  
  103/243        subproblem          -inf     -52.79223       inf%     14.65  
  104/243        subproblem          -inf     -52.79223       inf%     14.74  
  105/243        subproblem          -inf     -52.79223       inf%     14.82  
  106/243        subproblem          -inf     -52.79223       inf%     14.91  
  107/243        subproblem          -inf     -52.79223       inf%     15.00  
  108/243        subproblem          -inf     -52.79223       inf%     15.10  
  109/243        subproblem          -inf     -52.79223       inf%     15.19  
  110/243        subproblem          -inf     -52.79223       inf%     15.27  
  111/243        subproblem          -inf     -52.79223       inf%     15.36  
  112/243        subproblem          -inf     -52.79223       inf%     15.44  
  113/243        subproblem          -inf     -52.79223       inf%     15.52  
  114/243        subproblem          -inf     -52.79223       inf%     15.61  
  115/243        subproblem          -inf     -52.79223       inf%     15.69  
  116/243        subproblem          -inf     -52.79223       inf%     15.78  
  117/243        subproblem          -inf     -52.79223       inf%     15.86  
  118/243        subproblem          -inf     -52.79223       inf%     15.94  
  119/243        subproblem          -inf     -52.79223       inf%     16.04  
  120/243        subproblem          -inf     -52.79223       inf%     16.13  
  121/243        subproblem          -inf     -52.79223       inf%     16.21  
  122/243        subproblem          -inf     -52.79223       inf%     16.29  
  123/243        subproblem          -inf     -52.79223       inf%     16.38  
  124/243        subproblem          -inf     -52.79223       inf%     16.46  
  125/243        subproblem          -inf     -52.79223       inf%     16.54  
  126/243        subproblem          -inf     -52.79223       inf%     16.63  
  127/243        subproblem          -inf     -52.79223       inf%     16.71  
  128/243        subproblem          -inf     -52.79223       inf%     16.79  
  129/243        subproblem          -inf     -52.79223       inf%     16.88  
  130/243        subproblem          -inf     -52.79223       inf%     16.98  
  131/243        subproblem          -inf     -52.79223       inf%     17.06  
  132/243        subproblem          -inf     -52.79223       inf%     17.15  
  133/243        subproblem          -inf     -52.79223       inf%     17.23  
  134/243        subproblem          -inf     -52.79223       inf%     17.31  
  135/243        subproblem          -inf     -52.79223       inf%     17.40  
  136/243        subproblem          -inf     -52.79223       inf%     17.48  
  137/243        subproblem          -inf     -52.79223       inf%     17.57  
  138/243        subproblem          -inf     -52.79223       inf%     17.66  
  139/243        subproblem          -inf     -52.79223       inf%     17.74  
  140/243        subproblem          -inf     -52.79223       inf%     17.83  
  141/243        subproblem          -inf     -52.79223       inf%     17.93  
  142/243        subproblem          -inf     -52.79223       inf%     18.02  
  143/243        subproblem          -inf     -52.79223       inf%     18.11  
  144/243        subproblem          -inf     -52.79223       inf%     18.19  
  145/243        subproblem          -inf     -52.79223       inf%     18.28  
  146/243        subproblem          -inf     -52.79223       inf%     18.36  
  147/243        subproblem          -inf     -52.79223       inf%     18.45  
  148/243        subproblem          -inf     -52.79223       inf%     18.53  
  149/243        subproblem          -inf     -52.79223       inf%     18.62  
  150/243        subproblem          -inf     -52.79223       inf%     18.70  
  151/243        subproblem          -inf     -52.79223       inf%     18.79  
  152/243        subproblem          -inf     -52.79223       inf%     18.89  
  153/243        subproblem          -inf     -52.79223       inf%     18.97  
  154/243        subproblem          -inf     -52.79223       inf%     19.06  
  155/243        subproblem          -inf     -52.79223       inf%     19.15  
  156/243        subproblem          -inf     -52.79223       inf%     19.23  
  157/243        subproblem          -inf     -52.79223       inf%     19.32  
  158/243        subproblem          -inf     -52.79223       inf%     19.40  
  159/243        subproblem          -inf     -52.79223       inf%     19.49  
  160/243        subproblem          -inf     -52.79223       inf%     19.58  
  161/243        subproblem          -inf     -52.79223       inf%     19.66  
  162/243        subproblem          -inf     -52.79223       inf%     20.22  
  163/243        subproblem          -inf     -52.79223       inf%     20.79  
  164/243        subproblem          -inf     -52.79223       inf%     20.89  
  165/243        subproblem          -inf     -52.79223       inf%     20.98  
  166/243        subproblem          -inf     -52.79223       inf%     21.07  
  167/243        subproblem          -inf     -52.79223       inf%     21.16  
  168/243        subproblem          -inf     -52.79223       inf%     21.28  
  169/243        subproblem          -inf     -52.79223       inf%     21.37  
  170/243        subproblem          -inf     -52.79223       inf%     21.46  
  171/243        subproblem          -inf     -52.79223       inf%     21.55  
  172/243        subproblem          -inf     -52.79223       inf%     21.64  
  173/243        subproblem          -inf     -52.79223       inf%     21.73  
  174/243        subproblem          -inf     -52.79223       inf%     21.82  
  175/243        subproblem          -inf     -52.79223       inf%     21.91  
  176/243        subproblem          -inf     -52.79223       inf%     22.00  
  177/243        subproblem          -inf     -52.79223       inf%     22.10  
  178/243        subproblem          -inf     -52.79223       inf%     22.19  
  179/243        subproblem          -inf     -52.79223       inf%     22.30  
  180/243        subproblem          -inf     -52.79223       inf%     22.40  
  181/243        subproblem          -inf     -52.79223       inf%     22.49  
  182/243        subproblem          -inf     -52.79223       inf%     22.58  
  183/243        subproblem          -inf     -52.79223       inf%     22.67  
  184/243        subproblem          -inf     -52.79223       inf%     22.76  
  185/243        subproblem          -inf     -52.79223       inf%     22.85  
  186/243        subproblem          -inf     -52.79223       inf%     22.94  
  187/243        subproblem          -inf     -52.79223       inf%     23.03  
  188/243        subproblem          -inf     -52.79223       inf%     23.13  
  189/243        subproblem          -inf     -52.79223       inf%     23.22  
  190/243        subproblem          -inf     -52.79223       inf%     23.32  
  191/243        subproblem          -inf     -52.79223       inf%     23.41  
  192/243        subproblem          -inf     -52.79223       inf%     23.49  
  193/243        subproblem          -inf     -52.79223       inf%     23.58  
  194/243        subproblem          -inf     -52.79223       inf%     23.66  
  195/243        subproblem          -inf     -52.79223       inf%     23.74  
  196/243        subproblem          -inf     -52.79223       inf%     23.83  
  197/243        subproblem          -inf     -52.79223       inf%     23.91  
  198/243        subproblem          -inf     -52.79223       inf%     24.00  
  199/243        subproblem          -inf     -52.79223       inf%     24.08  
  200/243        subproblem          -inf     -52.79223       inf%     24.17  
  201/243        subproblem          -inf     -52.79223       inf%     24.27  
  202/243        subproblem          -inf     -52.79223       inf%     24.36  
  203/243        subproblem          -inf     -52.79223       inf%     24.44  
  204/243        subproblem          -inf     -52.79223       inf%     24.52  
  205/243        subproblem          -inf     -52.79223       inf%     24.61  
  206/243        subproblem          -inf     -52.79223       inf%     24.69  
  207/243        subproblem          -inf     -52.79223       inf%     24.78  
  208/243        subproblem          -inf     -52.79223       inf%     24.86  
  209/243        subproblem          -inf     -52.79223       inf%     24.94  
  210/243        subproblem          -inf     -52.79223       inf%     25.03  
  211/243        subproblem          -inf     -52.79223       inf%     25.11  
  212/243        subproblem          -inf     -52.79223       inf%     25.22  
  213/243        subproblem          -inf     -52.79223       inf%     25.30  
  214/243        subproblem          -inf     -52.79223       inf%     25.39  
  215/243        subproblem          -inf     -52.79223       inf%     25.47  
  216/243        subproblem          -inf     -52.79223       inf%     25.55  
  217/243        subproblem          -inf     -52.79223       inf%     25.64  
  218/243        subproblem          -inf     -52.79223       inf%     25.73  
  219/243        subproblem          -inf     -52.79223       inf%     25.82  
  220/243        subproblem          -inf     -52.79223       inf%     25.91  
  221/243        subproblem          -inf     -52.79223       inf%     26.01  
  222/243        subproblem          -inf     -52.79223       inf%     26.10  
  223/243        subproblem          -inf     -52.79223       inf%     26.20  
  224/243        subproblem          -inf     -52.79223       inf%     26.29  
  225/243        subproblem          -inf     -52.79223       inf%     26.38  
  226/243        subproblem          -inf     -52.79223       inf%     26.47  
  227/243        subproblem          -inf     -52.79223       inf%     26.55  
  228/243        subproblem          -inf     -52.79223       inf%     26.64  
  229/243        subproblem          -inf     -52.79223       inf%     26.72  
  230/243        subproblem          -inf     -52.79223       inf%     26.81  
  231/243        subproblem          -inf     -52.79223       inf%     26.89  
  232/243        subproblem          -inf     -52.79223       inf%     26.98  
  233/243        subproblem          -inf     -52.79223       inf%     27.06  
  234/243        subproblem          -inf     -52.79223       inf%     27.17  
  235/243        subproblem          -inf     -52.79223       inf%     27.26  
  236/243        subproblem          -inf     -52.79223       inf%     27.35  
  237/243        subproblem          -inf     -52.79223       inf%     27.44  
  238/243        subproblem          -inf     -52.79223       inf%     27.52  
  239/243        subproblem          -inf     -52.79223       inf%     27.61  
  240/243        subproblem          -inf     -52.79223       inf%     27.69  
  241/243        subproblem          -inf     -52.79223       inf%     27.78  
  242/243        subproblem          -inf     -52.79223       inf%     27.87  
  243/243        subproblem          -inf     -52.79223       inf%     27.96  
  243/243                       -52.79223     -52.79223      0.00%     27.96  
GDPopt exiting--all discrete solutions have been enumerated.

Solved in 243 iterations and 27.95791 seconds
Optimal objective value -52.7922262461
Relative optimality gap 0.00000%

Problem: 
- Name: unknown
  Lower bound: -52.79222624613853
  Upper bound: -52.79222624613853
  Number of objectives: 1
  Number of constraints: 1547
  Number of variables: 927
  Number of binary variables: 12
  Number of integer variables: 0
  Number of continuous variables: 915
  Number of nonzeros: None
  Sense: 1
  Number of disjunctions: 5
Solver: 
- Name: GDPopt (22, 5, 13) - enumerate
  Status: ok
  User time: 27.957867776043713
  Wallclock time: 27.957867776043713
  Termination condition: optimal
  Iterations: 243
  Timing: main_timer_start_time: 5858628.65429594
nlp: 27.84939539525658
total: 27.957867776043713

