--- Job model.gms Start 02/25/24 14:19:42 44.3.0 8b8fb1cb LEX-LEG x86 64bit/Linux
--- Applying:
    /local/scratch/a/peng372/opt/gams/44.3/gmsprmun.txt
--- GAMS Parameters defined
    Input /tmp/tmpeffabf3x/model.gms
    Output /tmp/tmpeffabf3x/output.lst
    ScrDir /tmp/tmpeffabf3x/225a/
    SysDir /local/scratch/a/peng372/opt/gams/44.3/
    CurDir /tmp/tmpeffabf3x/
    LogOption 3
Licensee: Prof. Ignacio E. Grossmann                     G240103|0002AS-GEN
          Carnegie Mellon University, Dept. of Chemical Engineering  DCE375
          /local/scratch/a/peng372/opt/gams/44.3/gamslice.txt
          License Admin: Ignacio E. Grossmann,                             
          Evaluation license: Not for commercial or production use
Processor information: 1 socket(s), 48 core(s), and 96 thread(s) available
GAMS 44.3.0   Copyright (C) 1987-2023 GAMS Development. All rights reserved
--- Starting compilation
--- model.gms(10838) 4 Mb
--- $echo File /tmp/tmpeffabf3x/knitro.opt
--- model.gms(16060) 5 Mb
--- Starting execution: elapsed 0:00:00.028
--- model.gms(10837) 6 Mb
--- Generating MINLP model GAMS_MODEL
--- model.gms(10844) 9 Mb
---   3,999 rows  1,164 columns  16,193 non-zeroes
---   24,542 nl-code  3,822 nl-non-zeroes
---   65 discrete-columns
--- Range statistics (absolute non-zero finite values)
--- RHS       [min, max] : [ 1.000E+00, 1.000E+06] - Zero values observed as well
--- Bound     [min, max] : [ 1.000E+00, 3.000E+02] - Zero values observed as well
--- Matrix    [min, max] : [ 3.846E-02, 1.000E+06] - Zero values observed as well
--- model.gms(10844) 7 Mb
--- Executing KNITRO (Solvelink=5): elapsed 0:00:00.044

KNITRO           44.3.0 8b8fb1cb Sep 1, 2023           LEG x86 64bit/Linux    

--- Artelys Knitro Optimizer 13.2.0

Reading parameter(s) from "/tmp/tmpeffabf3x/knitro.opt"
>>  mip_multistart 1
Finished reading from "/tmp/tmpeffabf3x/knitro.opt"

--- GMO Q Extraction (ThreePass): 0.00s
--- GMO setup time: 0.00s
--- Set initial levels for 0 / 1163 variables.
--- Set initial marginals for 0 / 1163 variables.
--- Set initial marginals for 0 / 3998 equations.

=======================================
          Commercial License
         Artelys Knitro 13.2.0
=======================================

No start point provided -- Knitro computing one.

concurrent_evals:        0
datacheck:               0
hessian_no_f:            1
maxtime_real:            900
numthreads:              1
mip_maxtime_real:        900
mip_multistart           1
mip_opt_gap_abs:         0
Knitro changing mip_method from AUTO to 1.
Knitro changing mip_rootalg from AUTO to 1.
Knitro changing mip_lpalg from AUTO to 3.
Knitro changing mip_branchrule from AUTO to 2.
Knitro changing mip_selectrule from AUTO to 2.
Knitro changing mip_mir from AUTO to 2.
Knitro changing mip_clique from AUTO to 0.
Knitro changing mip_zerohalf from AUTO to 0.
Knitro changing mip_liftproject from AUTO to 0.
Knitro changing mip_knapsack from AUTO to 1.
Knitro changing mip_gomory from AUTO to 0.
Knitro changing mip_rounding from AUTO to 3.
Knitro changing mip_heuristic_strategy from AUTO to 1.
Knitro changing mip_heuristic_feaspump from AUTO to 1.
Knitro changing mip_heuristic_misqp from AUTO to 0.
Knitro changing mip_heuristic_mpec from AUTO to 1.
Knitro changing mip_heuristic_diving from AUTO to 0.
Knitro changing mip_heuristic_lns from AUTO to 0.
Knitro changing mip_pseudoinit from AUTO to 1.

Problem Characteristics
-----------------------
Objective goal:  Minimize
Objective type:  quadratic
Number of variables:                               1163
    bounded below only:                               0
    bounded above only:                               0
    bounded below and above:                       1163
    fixed:                                            0
    free:                                             0
Number of binary variables:                          65
Number of integer variables:                          0
Number of constraints:                             3998
    linear equalities:                              562
    quadratic equalities:                             0
    gen. nonlinear equalities:                        0
    linear one-sided inequalities:                  160
    quadratic one-sided inequalities:              1092
    gen. nonlinear one-sided inequalities:         2184
    linear two-sided inequalities:                    0
    quadratic two-sided inequalities:                 0
    gen. nonlinear two-sided inequalities:            0
Number of nonzeros in Jacobian:                   15646
Number of nonzeros in Hessian:                      546

Knitro detected 15 GUB constraints
Knitro derived 3 knapsack covers after examining 176 constraints
Knitro using Branch and Bound method with 1 thread.

       Nodes        Best solution   Best bound      Gap       Time 
   Expl  |  Unexpl      value         value                  (secs)
   ---------------  -------------   ----------      ---      ------
      0       0                           -inf                0.052
      1       2                       -501.187                0.178
      1       2     -70.4160   FP     -501.187    611.75%     5.427
     10       9     -70.4160          -307.660    336.92%     9.214
     15       6     -70.7865 LEAF     -211.793    199.20%    14.015
     20       7     -70.7865          -184.393    160.49%    15.705
     27       0     -70.7865          -70.7865      0.00%    17.911

EXIT: Optimal solution found (assuming convexity).

Final Statistics for MIP
------------------------
Final objective value               =  -7.07865251293234e+01
Final bound value                   =  -7.07865251293234e+01
Final optimality gap (abs / rel)    =  0.00e+00 / 0.00e+00 (0.00%)
# of root cutting plane rounds      =  0
# of restarts                       =  0
# of nodes processed                =  27 (12.347s)
# of strong branching evaluations   =  0 (0.000s)
# of function evaluations           =  3551 (0.957s)
# of gradient evaluations           =  2741 (1.167s)
# of hessian evaluations            =  2725 (0.932s)
# of hessian-vector evaluations     =  0
# of subproblems processed          =  39 (17.829s)
Total program time (secs)           =  17.91123 (17.874 CPU time)
Time spent in evaluations (secs)    =  3.05554

Cuts statistics (gen / add)
---------------------------
Knapsack cuts                       =  3 / 0
Mixed-integer rounding cuts         =  0 / 0

Heuristics statistics (calls / successes / time)
------------------------------------------------
Feasibility pump                    =  1 / 1 / 5.249s
Rounding heuristic                  =  0 / 0 / 0.014s
MPEC heuristic                      =  1 / 0 / 0.239s

===========================================================================

--- Reading solution for model GAMS_MODEL
--- Executing after solve: elapsed 0:00:17.969
--- model.gms(10847) 7 Mb
--- model.gms(16060) 9 Mb
--- Putfile results /tmp/tmpeffabf3x/results.dat
--- Putfile statresults /tmp/tmpeffabf3x/resultsstat.dat
*** Status: Normal completion
--- Job model.gms Stop 02/25/24 14:20:00 elapsed 0:00:17.979

Problem: 
- Name: /tmp/tmpeffabf3x/model.gms
  Lower bound: -70.7865251293234
  Upper bound: -70.78652512932345
  Number of objectives: 1
  Number of constraints: 3999.0
  Number of variables: 1164.0
  Number of binary variables: None
  Number of integer variables: 65.0
  Number of continuous variables: 1099.0
  Number of nonzeros: 16193.0
  Sense: minimize
Solver: 
- Name: GAMS (44, 3, 0, 0)
  Status: ok
  Return code: 0
  Message: None
  User time: 17.938999459147453
  System time: None
  Wallclock time: None
  Termination condition: optimal
  Termination message: None
Solution: 
- number of solutions: 0
  number of solutions displayed: 0

