--- Job model.gms Start 02/25/24 14:19:26 44.3.0 8b8fb1cb LEX-LEG x86 64bit/Linux
--- Applying:
    /local/scratch/a/peng372/opt/gams/44.3/gmsprmun.txt
--- GAMS Parameters defined
    Input /tmp/tmptboqppch/model.gms
    Output /tmp/tmptboqppch/output.lst
    ScrDir /tmp/tmptboqppch/225a/
    SysDir /local/scratch/a/peng372/opt/gams/44.3/
    CurDir /tmp/tmptboqppch/
    LogOption 3
Licensee: Prof. Ignacio E. Grossmann                     G240103|0002AS-GEN
          Carnegie Mellon University, Dept. of Chemical Engineering  DCE375
          /local/scratch/a/peng372/opt/gams/44.3/gamslice.txt
          License Admin: Ignacio E. Grossmann,                             
          Evaluation license: Not for commercial or production use
Processor information: 1 socket(s), 48 core(s), and 96 thread(s) available
GAMS 44.3.0   Copyright (C) 1987-2023 GAMS Development. All rights reserved
--- Starting compilation
--- model.gms(10838) 4 Mb
--- $echo File /tmp/tmptboqppch/dicopt.opt
--- model.gms(16060) 5 Mb
--- Starting execution: elapsed 0:00:00.029
--- model.gms(10837) 6 Mb
--- Generating MINLP model GAMS_MODEL
--- model.gms(10844) 9 Mb
--- Reset Solvelink = 2
---   3,999 rows  1,164 columns  16,193 non-zeroes
---   24,542 nl-code  3,822 nl-non-zeroes
---   65 discrete-columns
--- Range statistics (absolute non-zero finite values)
--- RHS       [min, max] : [ 1.000E+00, 1.000E+06] - Zero values observed as well
--- Bound     [min, max] : [ 1.000E+00, 3.000E+02] - Zero values observed as well
--- Matrix    [min, max] : [ 3.846E-02, 1.000E+06] - Zero values observed as well
--- model.gms(10844) 7 Mb
--- Executing DICOPT (Solvelink=2): elapsed 0:00:00.048
-------------------------------------------------------------------------------
Dicopt 2         44.3.0 8b8fb1cb Sep 1, 2023           LEG x86 64bit/Linux    
-------------------------------------------------------------------------------
Reading parameter(s) from "/tmp/tmptboqppch/dicopt.opt"
>>  stop 1
Finished reading from "/tmp/tmptboqppch/dicopt.opt"

--- DICOPT: Starting major iteration 1
--- DICOPT: Setting up first (relaxed) NLP.

COIN-OR Ipopt    44.3.0 8b8fb1cb Sep 1, 2023           LEG x86 64bit/Linux    

COIN-OR Interior Point Optimizer (Ipopt Library 3.14.12)
written by A. Waechter, commercially supported by GAMS Development Corp.

******************************************************************************
This program contains Ipopt, a library for large-scale nonlinear optimization.
 Ipopt is released as open source code under the Eclipse Public License (EPL).
         For more information visit https://github.com/coin-or/Ipopt
******************************************************************************

This is Ipopt version 3.14.12, running with linear solver ma27.

Number of nonzeros in equality constraint Jacobian...:     2746
Number of nonzeros in inequality constraint Jacobian.:    12900
Number of nonzeros in Lagrangian Hessian.............:      546

Total number of variables............................:     1163
                     variables with only lower bounds:        0
                variables with lower and upper bounds:     1163
                     variables with only upper bounds:        0
Total number of equality constraints.................:      562
Total number of inequality constraints...............:     3436
        inequality constraints with only lower bounds:        0
   inequality constraints with lower and upper bounds:        0
        inequality constraints with only upper bounds:     3436

iter    objective    inf_pr   inf_du lg(mu)  ||d||  lg(rg) alpha_du alpha_pr  ls
   0 -5.9999999e-04 9.90e-01 1.00e+00   0.0 0.00e+00    -  0.00e+00 0.00e+00   0
   1 -9.0432160e-04 9.76e-01 1.79e+00  -1.0 9.90e+01    -  1.09e-02 2.35e-02f  1
   2 -2.6512693e-03 8.90e-01 8.86e+00  -1.0 9.67e+01    -  2.53e-02 8.74e-02f  1
   3 -1.4890398e-02 6.35e-01 5.86e+00  -1.0 8.82e+01    -  1.37e-01 2.80e-01f  1
   4 -3.3717036e-02 4.78e-01 4.71e+00  -1.1 6.35e+01    -  3.35e-01 2.48e-01f  1
   5 -1.1897558e-01 1.64e-01 2.07e+00  -1.3 4.78e+01    -  5.49e-01 6.56e-01h  1
   6 -2.2568841e-01 7.11e-02 5.13e+00  -1.6 1.64e+01    -  8.40e-01 5.67e-01h  1
   7 -5.4468165e-01 7.03e-03 1.22e+00  -2.4 7.11e+00    -  6.86e-01 9.01e-01h  1
   8 -6.9337647e+00 1.54e-03 1.44e+01  -2.9 1.04e+01  -4.0 2.29e-01 7.80e-01f  1
   9 -7.0433583e+00 1.54e-03 7.07e+05   0.9 1.56e+02  -0.9 9.91e-01 2.19e-04f  1
iter    objective    inf_pr   inf_du lg(mu)  ||d||  lg(rg) alpha_du alpha_pr  ls
  10 -7.4312896e+00 4.38e-05 2.04e+04  -0.7 2.42e+00    -  9.89e-01 9.72e-01h  1
  11 -1.3703560e+01 6.80e-06 3.20e+03  -6.4 1.23e+01    -  6.66e-01 8.45e-01f  1
  12 -2.8310126e+01 6.42e-06 1.62e+07  -0.1 5.68e+01  -1.3 1.00e+00 5.54e-02f  1
  13 -4.8944706e+01 1.78e-06 8.01e+06  -0.3 3.25e+01    -  1.00e+00 7.22e-01H  1
  14 -1.6187673e+02 1.72e-06 4.38e+08   0.7 9.76e+01  -1.8 1.00e+00 3.40e-02f  2
  15 -1.6788911e+02 3.07e-07 8.54e+07  -0.3 2.07e+01    -  1.00e+00 8.22e-01h  1
  16 -1.9179224e+02 3.01e-07 8.41e+07  -6.3 4.76e+03    -  7.54e-03 1.76e-02f  1
  17 -2.1231149e+02 2.75e-07 4.80e+08  -0.0 3.06e+02    -  1.00e+00 8.76e-02f  2
  18 -2.8911010e+02 1.48e-03 3.52e+07  -0.6 3.95e+01    -  1.00e+00 9.38e-01h  1
  19 -4.2809762e+02 5.51e-09 1.56e+08  -0.8 1.84e+02    -  1.00e+00 6.77e-01f  1
iter    objective    inf_pr   inf_du lg(mu)  ||d||  lg(rg) alpha_du alpha_pr  ls
  20 -4.6783325e+02 4.61e-04 7.19e+07  -1.4 7.11e+01    -  1.00e+00 8.05e-01h  1
  21 -4.9114002e+02 2.04e-04 1.34e+08  -2.0 2.17e+02    -  1.00e+00 8.26e-01h  1
  22 -4.9946984e+02 1.90e-04 4.02e+07  -2.8 5.88e+01    -  1.00e+00 8.88e-01h  1
  23 -5.0112011e+02 1.47e-05 1.18e+06  -4.0 1.53e+01    -  1.00e+00 9.86e-01h  1
  24 -5.0115434e+02 8.81e-05 1.42e+03  -4.1 3.88e-01    -  1.00e+00 9.91e-01h  1
  25 -5.0118652e+02 9.92e-05 2.78e-06  -6.0 8.43e-02    -  1.00e+00 1.00e+00h  1
In iteration 25, 182 Slacks too small, adjusting variable bounds
  26 -5.0118693e+02 9.79e-05 4.74e+06 -11.0 1.32e-03    -  5.26e-01 9.99e-01h  1
  27 -5.0117731e+02 4.31e-05 1.42e+12  -4.4 7.30e+00    -  1.29e-06 5.54e-01f  1
  28 -5.0118240e+02 2.01e-05 1.42e+12  -5.5 2.62e+01    -  2.35e-08 3.04e-01f  1
  29 -5.0118338e+02 1.40e-05 9.89e+11  -5.5 2.64e+01    -  1.00e+00 3.03e-01f  1
iter    objective    inf_pr   inf_du lg(mu)  ||d||  lg(rg) alpha_du alpha_pr  ls
  30 -5.0118450e+02 7.02e-06 4.95e+11  -5.5 4.00e+00    -  1.00e+00 5.00e-01f  2
  31 -5.0118562e+02 2.48e-06 2.38e+06  -5.5 2.00e+00    -  1.00e+00 1.00e+00h  1
In iteration 31, 1 Slack too small, adjusting variable bound
  32 -5.0118562e+02 7.90e-06 2.19e+06  -5.5 1.29e-01    -  9.95e-01 4.68e-02h  1
In iteration 32, 1 Slack too small, adjusting variable bound
  33 -5.0118562e+02 6.56e-13 2.17e+05  -5.5 1.23e-01    -  1.00e+00 9.08e-01h  1
  34 -5.0118562e+02 5.16e-07 1.76e+05  -5.5 1.14e-02    -  1.90e-01 2.27e-01h  1
In iteration 34, 1 Slack too small, adjusting variable bound
  35 -5.0118562e+02 3.33e-06 2.04e+05  -5.5 8.81e-03    -  2.02e-01 3.08e-02f  1
In iteration 35, 1 Slack too small, adjusting variable bound
  36 -5.0118562e+02 1.77e-06 1.91e+05  -5.5 8.53e-03    -  1.15e-01 7.25e-02h  1
In iteration 36, 1 Slack too small, adjusting variable bound
  37 -5.0118562e+02 6.18e-13 6.86e+04  -5.5 7.92e-03    -  4.30e-01 7.26e-01h  1
  38 -5.0118562e+02 9.76e-13 6.77e+04  -5.5 2.17e-03    -  1.48e-05 2.02e-02f  6
  39 -5.0118562e+02 6.31e-13 6.76e+04  -5.5 2.13e-03    -  3.22e-01 1.30e-03h 10
In iteration 39, 1 Slack too small, adjusting variable bound
iter    objective    inf_pr   inf_du lg(mu)  ||d||  lg(rg) alpha_du alpha_pr  ls
  40 -5.0118562e+02 7.75e-13 3.95e+04  -5.5 2.12e-03    -  1.00e+00 4.15e-01h  1
  41 -5.0118562e+02 1.78e-10 2.16e+04  -5.5 1.24e-03    -  5.16e-01 1.00e+00H  1
  42 -5.0118562e+02 2.47e-07 4.26e-08  -5.5 5.77e-06    -  1.00e+00 1.00e+00F  1
  43 -5.0118693e+02 7.84e-13 3.60e+04 -11.0 3.47e-03    -  6.87e-01 1.00e+00f  1
  44 -5.0118663e+02 1.27e-09 3.59e+04  -6.2 7.98e-04    -  3.71e-04 1.00e+00f  1
  45 -5.0118663e+02 9.88e-07 3.48e+04  -6.2 8.71e-06    -  3.21e-02 5.09e-01h  1
  46 -5.0118663e+02 2.68e-06 3.30e+04  -6.2 1.75e-05    -  4.20e-02 9.40e-01f  1
  47 -5.0118663e+02 1.78e-06 2.95e+04  -6.2 5.64e-05    -  4.96e-02 3.55e-01f  1
  48 -5.0118663e+02 9.06e-07 2.53e+04  -6.2 4.58e-05    -  5.50e-02 1.56e-01f  1
  49 -5.0118663e+02 5.07e-06 1.74e+04  -6.2 8.52e-06    -  1.15e-01 6.93e-01f  1
iter    objective    inf_pr   inf_du lg(mu)  ||d||  lg(rg) alpha_du alpha_pr  ls
  50 -5.0118663e+02 4.64e-06 1.57e+04  -6.2 2.22e-05    -  9.92e-02 8.52e-02f  1
  51 -5.0118663e+02 3.80e-06 1.34e+04  -6.2 5.40e-06    -  4.52e-02 1.94e-01f  1
  52 -5.0118663e+02 3.76e-06 1.32e+04  -6.2 1.88e-05    -  7.19e-02 9.53e-03f  2
  53 -5.0118663e+02 2.60e-06 8.65e+03  -6.2 4.32e-06    -  9.40e-03 3.47e-01h  1
  54 -5.0118663e+02 1.37e-06 5.37e+03  -6.2 2.94e-06    -  1.48e-01 5.91e-01f  1
  55 -5.0118663e+02 1.31e-06 5.10e+03  -6.2 5.04e-06    -  1.00e+00 5.09e-02f  4
  56 -5.0118663e+02 2.65e-07 8.88e+02  -6.2 3.79e-06    -  1.00e+00 8.26e-01h  1
  57 -5.0118663e+02 1.27e-07 2.50e+02  -6.2 9.31e-07    -  7.68e-01 7.18e-01f  1
  58 -5.0118663e+02 1.23e-07 2.45e+02  -6.2 7.74e-06    -  1.00e+00 4.35e-02f  2
  59 -5.0118663e+02 6.41e-08 2.74e+01  -6.2 4.60e-07    -  1.00e+00 8.90e-01h  1
iter    objective    inf_pr   inf_du lg(mu)  ||d||  lg(rg) alpha_du alpha_pr  ls
  60 -5.0118663e+02 4.80e-08 5.69e+01  -6.2 6.65e-07    -  1.00e+00 1.87e-01f  3
  61 -5.0118663e+02 1.07e-08 1.05e-01  -6.2 3.91e-07    -  1.00e+00 9.99e-01h  1
  62 -5.0118693e+02 1.05e-06 2.75e-09  -8.3 7.92e-04    -  1.00e+00 1.00e+00h  1
In iteration 62, 1 Slack too small, adjusting variable bound
  63 -5.0118693e+02 1.28e-07 1.32e+01 -11.0 6.40e-06  -2.3 9.90e-01 9.25e-01h  1
  64 -5.0118693e+02 9.69e-13 1.77e+06  -8.0 4.21e-04    -  5.66e-04 1.40e-01f  1
  65 -5.0118693e+02 6.57e-13 1.62e+04  -9.2 5.34e-04    -  1.05e-01 1.00e+00h  1
In iteration 65, 1 Slack too small, adjusting variable bound
  66 -5.0118694e+02 2.31e-04 1.61e+04  -9.2 5.66e-04  -2.8 2.44e-03 6.66e-01f  1
In iteration 66, 1 Slack too small, adjusting variable bound
  67 -5.0118695e+02 2.23e-04 1.56e+04  -9.2 1.13e-02  -3.3 2.94e-02 6.71e-02h  1
  68 -5.0118695e+02 2.23e-04 1.55e+04 -11.0 5.30e-03    -  2.29e-02 1.93e-03h 10
In iteration 68, 1 Slack too small, adjusting variable bound
  69 -5.0118693e+02 8.67e-07 1.06e+02  -8.1 2.21e-02    -  1.00e+00 9.93e-01h  1
iter    objective    inf_pr   inf_du lg(mu)  ||d||  lg(rg) alpha_du alpha_pr  ls
  70 -5.0118693e+02 5.34e-08 4.32e+01  -8.1 2.15e-02    -  6.89e-01 5.65e-01h  1
  71 -5.0118693e+02 1.67e-06 3.98e-09  -8.1 2.12e-05  -3.7 1.00e+00 1.00e+00f  1
  72 -5.0118693e+02 4.26e-13 3.30e-10  -8.1 9.38e-03    -  1.00e+00 1.00e+00h  1

Number of Iterations....: 72

                                   (scaled)                 (unscaled)
Objective...............:  -5.0118693132859812e+02   -5.0118693132859812e+02
Dual infeasibility......:   3.3033131785487058e-10    3.3033131785487058e-10
Constraint violation....:   1.8867185625692890e-13    4.2632564145606011e-13
Variable bound violation:   3.3332669957530925e-11    3.3332669957530925e-11
Complementarity.........:   7.7112783496461923e-09    7.7112783496461923e-09
Overall NLP error.......:   7.7112783496461923e-09    7.7112783496461923e-09


Number of objective function evaluations             = 123
Number of objective gradient evaluations             = 73
Number of equality constraint evaluations            = 123
Number of inequality constraint evaluations          = 123
Number of equality constraint Jacobian evaluations   = 1
Number of inequality constraint Jacobian evaluations = 73
Number of Lagrangian Hessian evaluations             = 72
Total seconds in IPOPT                               = 0.690

EXIT: Optimal Solution Found.
--- DICOPT: Setting up first MIP

IBM ILOG CPLEX   44.3.0 8b8fb1cb Sep 1, 2023           LEG x86 64bit/Linux    

--- GAMS/CPLEX licensed for continuous and discrete problems.
--- GMO setup time: 0.00s
--- Space for names approximately 0.14 Mb
--- Use option 'names no' to turn use of names off
--- GMO memory 2.47 Mb (peak 2.50 Mb)
--- Dictionary memory 0.00 Mb
--- Cplex 22.1.1.0 link memory 0.13 Mb (peak 0.59 Mb)
--- Starting Cplex

Version identifier: 22.1.1.0 | 2022-11-28 | 9160aff4d
CPXPARAM_Advance                                 0
CPXPARAM_Threads                                 1
CPXPARAM_MIP_Display                             4
CPXPARAM_MIP_Pool_Capacity                       0
CPXPARAM_TimeLimit                               899.30988502502441
CPXPARAM_MIP_Tolerances_AbsMIPGap                0
CPXPARAM_MIP_Tolerances_MIPGap                   0
Generic callback                                 0x50
Tried aggregator 2 times.
MIP Presolve eliminated 3195 rows and 3136 columns.
Aggregator did 19 substitutions.
Reduced MIP has 785 rows, 1288 columns, and 3579 nonzeros.
Reduced MIP has 24 binaries, 0 generals, 0 SOSs, and 0 indicators.
Presolve time = 0.00 sec. (4.98 ticks)
Probing changed sense of 4 constraints.
Probing time = 0.00 sec. (0.12 ticks)
Tried aggregator 1 time.
Detecting symmetries...
MIP Presolve eliminated 63 rows and 24 columns.
Reduced MIP has 722 rows, 1264 columns, and 3423 nonzeros.
Reduced MIP has 0 binaries, 0 generals, 0 SOSs, and 0 indicators.
Presolve time = 0.00 sec. (2.16 ticks)
MIP emphasis: balance optimality and feasibility.
MIP search method: dynamic search.
Parallel mode: none, using 1 thread.
Initializing dual steep norms . . .

Iteration log . . .
Iteration:     1   Dual objective     =          -528.809227
Iteration:    86   Dual objective     =          -503.427103
Root relaxation solution time = 0.00 sec. (1.83 ticks)

        Nodes                                         Cuts/
   Node  Left     Objective  IInf  Best Integer    Best Bound    ItCnt     Gap

*     0     0      integral     0     -501.1869     -501.1869       94    0.00%
Elapsed time = 0.01 sec. (12.90 ticks, tree = 0.00 MB)
Found incumbent of value -501.186934 after 0.01 sec. (12.90 ticks)

Root node processing (before b&c):
  Real time             =    0.01 sec. (12.98 ticks)
Sequential b&c:
  Real time             =    0.00 sec. (0.00 ticks)
                          ------------
Total (root+branch&cut) =    0.01 sec. (12.98 ticks)

--- MIP status (101): integer optimal solution.
--- Cplex Time: 0.01sec (det. 12.99 ticks)

--- Returning a primal only solution to GAMS (marginals all set to NA).
--- Fixing integer variables and solving final LP...

Version identifier: 22.1.1.0 | 2022-11-28 | 9160aff4d
CPXPARAM_Advance                                 2
CPXPARAM_Threads                                 1
CPXPARAM_MIP_Display                             4
CPXPARAM_MIP_Pool_Capacity                       0
CPXPARAM_TimeLimit                               899.30988502502441
CPXPARAM_MIP_Tolerances_AbsMIPGap                0
CPXPARAM_MIP_Tolerances_MIPGap                   0
Tried aggregator 1 time.
LP Presolve eliminated 3272 rows and 3174 columns.
Aggregator did 5 substitutions.
Reduced LP has 722 rows, 1264 columns, and 3423 nonzeros.
Presolve time = 0.00 sec. (3.71 ticks)
Initializing dual steep norms . . .

Iteration log . . .
Iteration:     1   Dual objective     =          -529.151583
Iteration:    86   Dual objective     =          -503.427103
Iteration:    95   Scaled dual infeas =             0.000037

--- Fixed MIP status (1): optimal.
--- Cplex Time: 0.00sec (det. 8.31 ticks)


Proven optimal solution
MIP Solution:         -501.186934    (94 iterations, 0 nodes)
Final Solve:          -501.186801    (98 iterations)

Best possible:        -501.186934
Absolute gap:            0.000133
Relative gap:            0.000000

--- DICOPT: Starting major iteration 2
--- DICOPT: Setting up next NLP

COIN-OR Ipopt    44.3.0 8b8fb1cb Sep 1, 2023           LEG x86 64bit/Linux    

COIN-OR Interior Point Optimizer (Ipopt Library 3.14.12)
written by A. Waechter, commercially supported by GAMS Development Corp.
This is Ipopt version 3.14.12, running with linear solver ma27.

Number of nonzeros in equality constraint Jacobian...:     2711
Number of nonzeros in inequality constraint Jacobian.:     9828
Number of nonzeros in Lagrangian Hessian.............:      546

Total number of variables............................:     1098
                     variables with only lower bounds:        0
                variables with lower and upper bounds:     1098
                     variables with only upper bounds:        0
Total number of equality constraints.................:      562
Total number of inequality constraints...............:     3436
        inequality constraints with only lower bounds:        0
   inequality constraints with lower and upper bounds:        0
        inequality constraints with only upper bounds:     3436

iter    objective    inf_pr   inf_du lg(mu)  ||d||  lg(rg) alpha_du alpha_pr  ls
   0 -4.9129149e+02 7.26e+04 1.00e+00   0.0 0.00e+00    -  0.00e+00 0.00e+00   0
   1 -4.7402341e+02 3.74e+04 1.45e+01  -0.6 1.03e+04    -  1.33e-01 7.02e-01h  1
   2 -4.5490896e+02 1.52e+04 2.32e+01  -0.6 3.07e+03    -  6.08e-01 8.94e-01h  1
   3 -4.5176195e+02 1.30e+04 5.48e+01  -1.1 4.68e+02    -  2.76e-02 1.54e-01h  1
   4 -4.4543590e+02 9.47e+03 1.14e+02  -1.1 5.32e+02    -  7.84e-02 3.16e-01h  1
   5 -4.2986777e+02 4.67e+03 1.83e+02  -1.1 3.64e+02    -  3.56e-01 7.03e-01h  1
   6 -4.0446071e+02 2.61e+03 4.12e+02  -1.3 1.28e+02    -  1.98e-01 5.68e-01h  1
   7 -3.9462461e+02 2.07e+03 5.18e+02  -1.4 5.73e+01    -  7.75e-02 2.07e-01h  1
   8 -3.9075759e+02 1.89e+03 2.24e+02  -1.4 4.61e+01    -  2.45e-01 9.12e-02h  1
   9 -3.8508978e+02 1.67e+03 2.78e+02  -1.5 1.38e+02    -  5.55e-02 1.23e-01h  1
iter    objective    inf_pr   inf_du lg(mu)  ||d||  lg(rg) alpha_du alpha_pr  ls
  10 -3.7914658e+02 1.48e+03 1.67e+02  -1.6 1.60e+02    -  1.84e-01 1.22e-01h  1
  11 -3.6586391e+02 1.16e+03 9.48e+01  -1.7 2.45e+02    -  2.72e-01 2.42e-01h  1
  12 -3.5938948e+02 1.09e+03 2.57e+01  -1.8 2.76e+02    -  1.99e-01 6.55e-02h  1
  13 -3.4826281e+02 1.02e+03 9.27e+01  -1.9 2.68e+02    -  1.76e-01 7.36e-02h  3
  14 -3.3420931e+02 9.45e+02 1.58e+02  -2.0 2.76e+02    -  2.03e-01 7.22e-02h  3
  15 -3.1926830e+02 8.78e+02 2.36e+02  -2.1 2.83e+02    -  2.83e-01 7.41e-02h  3
  16 -2.9635797e+02 7.65e+02 2.92e+02  -2.2 2.88e+02    -  4.64e-01 1.39e-01h  2
  17 -2.7548799e+02 6.16e+02 3.35e+02  -2.5 2.89e+02    -  5.56e-01 2.18e-01h  1
  18 -2.6482368e+02 5.09e+02 7.08e+02  -2.8 2.61e+02    -  5.26e-01 2.15e-01h  1
  19 -2.6011417e+02 4.28e+02 1.13e+03  -3.2 1.88e+02    -  3.61e-01 2.12e-01h  1
iter    objective    inf_pr   inf_du lg(mu)  ||d||  lg(rg) alpha_du alpha_pr  ls
  20 -2.6042361e+02 3.78e+02 8.07e+03  -3.4 1.21e+02    -  7.74e-01 1.40e-01h  1
  21 -2.6272547e+02 3.50e+02 9.80e+04  -0.1 1.15e+02    -  9.92e-01 8.53e-02h  1
  22 -2.7243742e+02 3.00e+02 2.63e+05   0.1 1.24e+02    -  1.00e+00 1.89e-01h  1
  23 -2.6895997e+02 2.83e+02 4.95e+06   0.5 1.02e+02    -  1.00e+00 6.06e-02h  1
  24 -2.0900292e+02 1.55e+02 1.86e+06   0.8 1.17e+02    -  1.00e+00 6.37e-01H  1
  25 -1.9667135e+02 1.11e+02 6.57e+05   1.1 1.22e+02    -  6.39e-01 3.18e-01h  1
  26 -1.9589919e+02 1.09e+02 2.28e+06   2.2 1.08e+02    -  8.64e-01 2.00e-02f  1
  27 -1.9362084e+02 1.02e+02 1.99e+06   1.6 8.36e+01    -  2.65e-01 6.92e-02f  1
  28 -1.9133752e+02 9.39e+01 1.68e+06   1.8 8.03e+01    -  2.49e-01 7.70e-02f  1
  29 -1.8432619e+02 7.60e+01 1.09e+06   2.2 7.63e+01    -  8.90e-01 1.95e-01f  1
iter    objective    inf_pr   inf_du lg(mu)  ||d||  lg(rg) alpha_du alpha_pr  ls
  30 -1.8149056e+02 6.59e+01 1.17e+06   1.8 6.52e+01    -  7.70e-01 1.35e-01h  1
  31 -1.7220161e+02 5.27e+01 7.53e+05   2.4 5.78e+01    -  1.65e-01 3.29e-01h  1
  32 -1.6242599e+02 4.27e+01 5.13e+05   2.3 5.85e+01    -  2.57e-01 3.46e-01h  1
  33 -1.6226123e+02 4.25e+01 7.43e+05  -3.9 2.73e+01    -  4.20e-01 1.04e-02h  1
  34 -1.6083401e+02 4.22e+01 1.50e+06   3.0 9.43e+02    -  1.00e+00 5.01e-03f  7
  35 -1.4698957e+02 3.87e+01 9.29e+05   2.9 7.85e+01    -  2.83e-02 4.03e-01H  1
  36 -1.4614162e+02 3.10e+01 2.56e+05   2.0 1.97e+01    -  8.34e-01 2.53e-01h  1
  37 -1.4562905e+02 3.09e+01 3.34e+05   2.8 2.61e+02    -  1.00e+00 3.18e-03h  9
  38 -1.4342576e+02 3.06e+01 3.57e+05   2.8 1.11e+02    -  3.56e-01 2.93e-02h  6
  39 -1.3363543e+02 2.65e+01 2.87e+05   2.3 3.71e+01    -  8.78e-01 2.41e-01H  1
iter    objective    inf_pr   inf_du lg(mu)  ||d||  lg(rg) alpha_du alpha_pr  ls
  40 -1.3018558e+02 2.55e+01 2.74e+05   1.7 4.12e+01    -  4.48e-01 5.66e-02h  3
  41 -4.3621399e+01 3.29e+00 1.60e+04   2.2 9.88e+01    -  1.00e+00 9.33e-01H  1
  42 -3.0217502e+01 4.37e+00 2.54e+03   2.0 5.66e+00    -  9.85e-01 1.00e+00h  1
  43 -2.7918038e+01 3.52e+00 3.61e+04   0.5 2.08e+00    -  9.99e-01 6.83e-01h  1
  44 -3.2092922e+01 6.47e-01 2.19e+03   0.0 2.43e+00    -  1.00e+00 9.53e-01h  1
  45 -3.4506802e+01 2.35e-02 3.55e+00  -0.9 7.18e-01    -  1.00e+00 1.00e+00h  1
  46 -3.5167718e+01 9.87e-04 1.55e+00  -2.4 6.98e-01    -  9.92e-01 1.00e+00h  1
  47 -3.5452743e+01 6.08e-04 5.54e+00  -4.2 1.92e-01    -  1.00e+00 9.86e-01h  1
  48 -3.5458756e+01 6.55e-06 1.06e+01  -6.0 4.39e-03    -  1.00e+00 9.91e-01h  1
In iteration 48, 922 Slacks too small, adjusting variable bounds
  49 -3.5458818e+01 3.09e-13 2.98e+01  -7.8 4.38e-05    -  1.00e+00 9.91e-01h  1
In iteration 49, 1092 Slacks too small, adjusting variable bounds
iter    objective    inf_pr   inf_du lg(mu)  ||d||  lg(rg) alpha_du alpha_pr  ls
  50 -3.5458819e+01 2.51e-13 2.12e+01  -8.7 4.34e-07    -  1.00e+00 9.98e-01h  1
  51 -3.5458819e+01 2.29e-13 8.66e-11 -10.4 1.40e-08    -  1.00e+00 1.00e+00s 22

Number of Iterations....: 51

                                   (scaled)                 (unscaled)
Objective...............:  -3.5458818922742175e+01   -3.5458818922742175e+01
Dual infeasibility......:   8.6570894821591047e-11    8.6570894821591047e-11
Constraint violation....:   1.0136198944219839e-13    2.2903900998016979e-13
Variable bound violation:   3.9460434919647014e-10    3.9460434919647014e-10
Complementarity.........:   5.0748045187136193e-11    5.0748045187136193e-11
Overall NLP error.......:   4.1454984140473112e-13    8.6570894821591047e-11


Number of objective function evaluations             = 122
Number of objective gradient evaluations             = 52
Number of equality constraint evaluations            = 122
Number of inequality constraint evaluations          = 122
Number of equality constraint Jacobian evaluations   = 1
Number of inequality constraint Jacobian evaluations = 52
Number of Lagrangian Hessian evaluations             = 51
Total seconds in IPOPT                               = 0.266

EXIT: Optimal Solution Found.
--- DICOPT: Checking convergence
--- DICOPT: Setting up next MIP
--- GMO Resort Time 0ms
--- DICOPT: Log File:
 Major Major     Objective    CPU time  Itera- Evaluation Solver
 Step  Iter       Function     (Sec)    tions   Errors
  NLP    1      -501.18693      0.69       72      0      ipopth
  MIP    1      -501.18680      0.02       94      0      cplex
  NLP    2       -35.45882<     0.27       51      0      ipopth

IBM ILOG CPLEX   44.3.0 8b8fb1cb Sep 1, 2023           LEG x86 64bit/Linux    

--- GAMS/CPLEX licensed for continuous and discrete problems.
--- GMO setup time: 0.00s
--- Space for names approximately 0.26 Mb
--- Use option 'names no' to turn use of names off
--- GMO memory 3.72 Mb (peak 3.78 Mb)
--- Dictionary memory 0.00 Mb
--- Cplex 22.1.1.0 link memory 0.23 Mb (peak 1.07 Mb)
--- Starting Cplex

Version identifier: 22.1.1.0 | 2022-11-28 | 9160aff4d
CPXPARAM_Advance                                 0
CPXPARAM_Threads                                 1
CPXPARAM_MIP_Display                             4
CPXPARAM_MIP_Pool_Capacity                       0
CPXPARAM_TimeLimit                               899.02848386764526
CPXPARAM_MIP_Tolerances_AbsMIPGap                0
CPXPARAM_MIP_Tolerances_MIPGap                   0
Generic callback                                 0x50
Tried aggregator 2 times.
MIP Presolve eliminated 5380 rows and 5309 columns.
MIP Presolve modified 1839 coefficients.
Aggregator did 20 substitutions.
Reduced MIP has 1877 rows, 2390 columns, and 9409 nonzeros.
Reduced MIP has 24 binaries, 0 generals, 0 SOSs, and 0 indicators.
Presolve time = 0.01 sec. (13.08 ticks)
Found incumbent of value 7.7549811e+12 after 0.01 sec. (17.53 ticks)
Probing changed sense of 4 constraints.
Probing time = 0.00 sec. (0.75 ticks)
Tried aggregator 1 time.
Detecting symmetries...
MIP Presolve eliminated 20 rows and 8 columns.
MIP Presolve modified 32 coefficients.
Reduced MIP has 1857 rows, 2382 columns, and 9352 nonzeros.
Reduced MIP has 16 binaries, 0 generals, 0 SOSs, and 0 indicators.
Presolve time = 0.01 sec. (7.59 ticks)
Probing time = 0.00 sec. (0.52 ticks)
Clique table members: 63.
MIP emphasis: balance optimality and feasibility.
MIP search method: dynamic search.
Parallel mode: none, using 1 thread.
Initializing dual steep norms . . .

Iteration log . . .
Iteration:     1   Dual objective     =          -245.890132
Iteration:   103   Dual objective     =          -218.464163

Iteration log . . .
Iteration:     1   Dual objective     =          -218.424517
Root relaxation solution time = 0.00 sec. (4.39 ticks)

        Nodes                                         Cuts/
   Node  Left     Objective  IInf  Best Integer    Best Bound    ItCnt     Gap

*     0+    0                       7.75498e+12     -529.0461           100.00%
Found incumbent of value 7.7549811e+12 after 0.02 sec. (35.02 ticks)
      0     0     -218.4245    11   7.75498e+12     -218.4245      105  100.00%
*     0+    0                         -213.9503     -218.4245             2.09%
Found incumbent of value -213.950337 after 0.03 sec. (40.54 ticks)
      0     0     -218.4245    15     -213.9503   MIRcuts: 73      120    2.09%
      0     0     -218.3714    11     -213.9503     Cuts: 369      473    2.07%
      0     0     -218.3429    11     -213.9503   MIRcuts: 50      506    2.05%
*     0+    0                         -213.9503     -218.3429             2.05%
Found incumbent of value -213.950337 after 0.10 sec. (177.57 ticks)
Detecting symmetries...
      0     2     -218.3429    11     -213.9503     -218.3418      506    2.05%
Elapsed time = 0.11 sec. (196.08 ticks, tree = 0.01 MB)

Clique cuts applied:  1
Mixed integer rounding cuts applied:  455
Gomory fractional cuts applied:  1

Root node processing (before b&c):
  Real time             =    0.11 sec. (196.09 ticks)
Sequential b&c:
  Real time             =    0.01 sec. (14.16 ticks)
                          ------------
Total (root+branch&cut) =    0.11 sec. (210.26 ticks)

--- MIP status (101): integer optimal solution.
--- Cplex Time: 0.11sec (det. 210.28 ticks)

--- Returning a primal only solution to GAMS (marginals all set to NA).
--- Fixing integer variables and solving final LP...

Version identifier: 22.1.1.0 | 2022-11-28 | 9160aff4d
CPXPARAM_Advance                                 2
CPXPARAM_Threads                                 1
CPXPARAM_MIP_Display                             4
CPXPARAM_MIP_Pool_Capacity                       0
CPXPARAM_TimeLimit                               899.02848386764526
CPXPARAM_MIP_Tolerances_AbsMIPGap                0
CPXPARAM_MIP_Tolerances_MIPGap                   0
Tried aggregator 1 time.
LP Presolve eliminated 6184 rows and 6083 columns.
Aggregator did 6 substitutions.
Reduced LP has 1087 rows, 1632 columns, and 5419 nonzeros.
Presolve time = 0.00 sec. (6.63 ticks)
Initializing dual steep norms . . .

Iteration log . . .
Iteration:     1   Dual objective     =          -529.151583
Iteration:    94   Dual objective     =          -218.464163
Iteration:   188   Scaled dual infeas =             0.000038
Iteration:   192   Dual objective     =          -213.950336

--- Fixed MIP status (1): optimal.
--- Cplex Time: 0.01sec (det. 17.44 ticks)


Proven optimal solution
MIP Solution:         -213.950337    (860 iterations, 5 nodes)
Final Solve:          -213.950336    (198 iterations)

Best possible:        -213.950337
Absolute gap:            0.000001
Relative gap:            0.000000

--- DICOPT: Starting major iteration 3
--- DICOPT: Setting up next NLP

COIN-OR Ipopt    44.3.0 8b8fb1cb Sep 1, 2023           LEG x86 64bit/Linux    

COIN-OR Interior Point Optimizer (Ipopt Library 3.14.12)
written by A. Waechter, commercially supported by GAMS Development Corp.
This is Ipopt version 3.14.12, running with linear solver ma27.

Number of nonzeros in equality constraint Jacobian...:     2711
Number of nonzeros in inequality constraint Jacobian.:     9828
Number of nonzeros in Lagrangian Hessian.............:      546

Total number of variables............................:     1098
                     variables with only lower bounds:        0
                variables with lower and upper bounds:     1098
                     variables with only upper bounds:        0
Total number of equality constraints.................:      562
Total number of inequality constraints...............:     3436
        inequality constraints with only lower bounds:        0
   inequality constraints with lower and upper bounds:        0
        inequality constraints with only upper bounds:     3436

iter    objective    inf_pr   inf_du lg(mu)  ||d||  lg(rg) alpha_du alpha_pr  ls
   0 -4.7175339e+02 3.09e+02 1.00e+00   0.0 0.00e+00    -  0.00e+00 0.00e+00   0
   1 -4.6574364e+02 3.09e+02 1.24e+00  -0.6 1.03e+04    -  9.04e-01 9.60e-01h  1
   2 -4.6529143e+02 2.98e+02 3.94e+00  -1.7 5.83e+02    -  1.76e-02 6.83e-02h  1
   3 -4.6201027e+02 1.83e+02 2.36e+01  -1.7 6.46e+02    -  4.46e-02 4.13e-01h  1
   4 -4.5662658e+02 1.54e+02 2.48e+01  -1.7 3.88e+02    -  1.30e-01 1.90e-01h  1
   5 -4.2752721e+02 6.69e+01 5.75e+01  -1.8 3.15e+02    -  1.30e-01 6.02e-01h  1
   6 -3.9344565e+02 5.02e+01 6.06e+01  -1.8 2.75e+02    -  1.77e-01 2.59e-01h  1
   7 -2.7268718e+02 2.73e+01 1.19e+02  -1.9 2.91e+02    -  2.10e-01 6.00e-01h  1
   8 -2.2836673e+02 2.05e+01 1.99e+02  -2.0 4.41e+01    -  3.50e-02 2.78e-01h  1
   9 -2.1384907e+02 1.83e+01 2.33e+02  -2.0 7.23e+01    -  1.68e-02 1.09e-01h  1
iter    objective    inf_pr   inf_du lg(mu)  ||d||  lg(rg) alpha_du alpha_pr  ls
  10 -2.0978171e+02 1.77e+01 1.57e+02  -2.0 4.96e+01    -  6.13e-01 3.30e-02h  1
  11 -1.4806804e+02 8.81e+00 1.01e+02  -2.4 4.83e+01    -  6.97e-01 5.56e-01h  1
  12 -1.0709219e+02 3.97e+00 1.40e+01  -3.0 2.97e+01    -  9.08e-02 5.92e-01h  1
  13 -1.0514711e+02 3.90e+00 5.26e+04   0.9 8.46e+02    -  3.74e-02 9.14e-03f  1
  14 -9.0651254e+01 2.28e+00 1.04e+04  -3.0 1.46e+01    -  8.13e-01 4.26e-01h  1
  15 -8.9663859e+01 2.17e+00 4.39e+03  -3.7 8.60e+00    -  8.92e-01 4.88e-02h  1
  16 -8.1820338e+01 1.28e+00 2.96e+03  -4.7 8.19e+00    -  2.26e-01 4.20e-01h  1
  17 -7.5388909e+01 7.66e-01 2.51e+03  -0.9 2.01e+01    -  6.56e-01 3.79e-01h  1
  18 -7.0943783e+01 2.09e-01 3.58e+02  -0.8 6.16e+00    -  9.96e-01 6.83e-01h  1
  19 -7.0736515e+01 1.51e-01 1.09e+02  -1.9 4.68e+00    -  8.93e-01 2.64e-01h  1
iter    objective    inf_pr   inf_du lg(mu)  ||d||  lg(rg) alpha_du alpha_pr  ls
  20 -6.9606942e+01 4.42e-02 3.68e+02  -1.0 1.04e+00    -  1.00e+00 7.14e-01h  1
  21 -7.0038969e+01 2.39e-02 1.13e+03  -0.6 7.22e+00    -  1.00e+00 3.28e-01h  1
  22 -7.0412707e+01 8.21e-03 5.38e+01  -1.7 7.59e+00    -  1.00e+00 6.49e-01h  1
  23 -7.0723882e+01 1.79e-03 6.90e+00  -2.6 1.08e+00    -  1.00e+00 7.81e-01h  1
  24 -7.0704051e+01 5.80e-04 6.36e+01  -1.9 2.75e-01    -  1.00e+00 7.48e-01h  1
  25 -7.0778083e+01 1.56e-05 1.46e-01  -3.4 3.10e-01    -  1.00e+00 9.70e-01h  1
  26 -7.0786423e+01 1.89e-10 4.63e-03  -5.1 1.11e-02    -  1.00e+00 9.95e-01h  1
  27 -7.0786525e+01 6.58e-13 3.76e-10  -7.1 2.42e-04    -  1.00e+00 1.00e+00h  1
  28 -7.0786526e+01 5.72e-13 7.61e-02 -11.0 2.24e-06    -  9.42e-01 1.00e+00h  1
  29 -7.0786539e+01 5.68e-13 1.59e-13  -7.8 7.13e-06    -  1.00e+00 1.00e+00f  1

Number of Iterations....: 29

                                   (scaled)                 (unscaled)
Objective...............:  -7.0786539055645392e+01   -7.0786539055645392e+01
Dual infeasibility......:   1.5948353748740374e-13    1.5948353748740374e-13
Constraint violation....:   2.5116940864203497e-13    5.6754601018838002e-13
Variable bound violation:   0.0000000000000000e+00    0.0000000000000000e+00
Complementarity.........:   3.1208130358306867e-08    3.1208130358306867e-08
Overall NLP error.......:   6.1249790902980402e-09    3.1208130358306867e-08


Number of objective function evaluations             = 30
Number of objective gradient evaluations             = 30
Number of equality constraint evaluations            = 30
Number of inequality constraint evaluations          = 30
Number of equality constraint Jacobian evaluations   = 1
Number of inequality constraint Jacobian evaluations = 30
Number of Lagrangian Hessian evaluations             = 29
Total seconds in IPOPT                               = 0.130

EXIT: Optimal Solution Found.
--- DICOPT: Checking convergence
--- DICOPT: Setting up next MIP
--- GMO Resort Time 0ms
--- DICOPT: Log File:
 Major Major     Objective    CPU time  Itera- Evaluation Solver
 Step  Iter       Function     (Sec)    tions   Errors
  NLP    1      -501.18693      0.69       72      0      ipopth
  MIP    1      -501.18680      0.02       94      0      cplex
  NLP    2       -35.45882<     0.27       51      0      ipopth
  MIP    2      -213.95034      0.13      860      0      cplex
  NLP    3       -70.78654<     0.13       29      0      ipopth

IBM ILOG CPLEX   44.3.0 8b8fb1cb Sep 1, 2023           LEG x86 64bit/Linux    

--- GAMS/CPLEX licensed for continuous and discrete problems.
--- GMO setup time: 0.00s
--- Space for names approximately 0.39 Mb
--- Use option 'names no' to turn use of names off
--- GMO memory 5.47 Mb (peak 5.55 Mb)
--- Dictionary memory 0.00 Mb
--- Cplex 22.1.1.0 link memory 0.33 Mb (peak 1.55 Mb)
--- Starting Cplex

Version identifier: 22.1.1.0 | 2022-11-28 | 9160aff4d
CPXPARAM_Advance                                 0
CPXPARAM_Threads                                 1
CPXPARAM_MIP_Display                             4
CPXPARAM_MIP_Pool_Capacity                       0
CPXPARAM_TimeLimit                               898.7732617855072
CPXPARAM_MIP_Tolerances_AbsMIPGap                0
CPXPARAM_MIP_Tolerances_MIPGap                   0
Generic callback                                 0x50
Tried aggregator 2 times.
MIP Presolve eliminated 6834 rows and 6759 columns.
MIP Presolve modified 5151 coefficients.
Aggregator did 19 substitutions.
Reduced MIP has 3702 rows, 4217 columns, and 19442 nonzeros.
Reduced MIP has 24 binaries, 0 generals, 0 SOSs, and 0 indicators.
Presolve time = 0.01 sec. (22.32 ticks)
Found incumbent of value 9.6929079e+12 after 0.02 sec. (35.23 ticks)
Probing changed sense of 4 constraints.
Probing time = 0.00 sec. (1.95 ticks)
Tried aggregator 1 time.
Detecting symmetries...
MIP Presolve eliminated 20 rows and 8 columns.
MIP Presolve modified 77 coefficients.
Reduced MIP has 3682 rows, 4209 columns, and 19379 nonzeros.
Reduced MIP has 16 binaries, 0 generals, 0 SOSs, and 0 indicators.
Presolve time = 0.01 sec. (15.69 ticks)
Probing time = 0.00 sec. (1.39 ticks)
Clique table members: 63.
MIP emphasis: balance optimality and feasibility.
MIP search method: dynamic search.
Parallel mode: none, using 1 thread.
Initializing dual steep norms . . .

Iteration log . . .
Iteration:     1   Scaled dual infeas =             1.000000
Perturbation started.
Iteration:   101   Scaled dual infeas =             1.000000
Iteration:   543   Dual objective     =          -274.388387
Iteration:   727   Dual objective     =          -228.885450
Removing perturbation.
Root relaxation solution time = 0.01 sec. (15.19 ticks)

        Nodes                                         Cuts/
   Node  Left     Objective  IInf  Best Integer    Best Bound    ItCnt     Gap

*     0+    0                       9.69291e+12                            --- 
Found incumbent of value 9.6929079e+12 after 0.05 sec. (78.59 ticks)
      0     0     -218.0263    16   9.69291e+12     -218.0263      767  100.00%
*     0+    0                         -188.9219     -218.0263            15.41%
Found incumbent of value -188.921918 after 0.06 sec. (92.11 ticks)
      0     0     -215.8697    14     -188.9219    Cuts: 1020     1505   14.26%
      0     0     -214.0752    16     -188.9219     Cuts: 479     1663   13.31%
      0     0     -212.6603    16     -188.9219      Cuts: 65     1719   12.57%
      0     0     -211.5102    16     -188.9219     Cuts: 106     1759   11.96%
      0     0     -210.3758    16     -188.9219      Cuts: 49     1794   11.36%
Detecting symmetries...
      0     0     -209.3530    16     -188.9219      Cuts: 42     1827   10.81%
      0     0     -208.3714    16     -188.9219      Cuts: 22     1848   10.29%
      0     0     -207.4682    16     -188.9219   MIRcuts: 72     1896    9.82%
      0     0     -206.4837     9     -188.9219      Cuts: 57     1930    9.30%
      0     0     -205.6621    16     -188.9219   MIRcuts: 25     1949    8.86%
      0     0     -204.8544    16     -188.9219      Cuts: 30     1969    8.43%
      0     0     -204.4608     9     -188.9219  MIRcuts: 226     1986    8.23%
      0     0     -202.9732     9     -188.9219     Cuts: 117     2011    7.44%
      0     0     -202.1302     9     -188.9219      Cuts: 40     2038    6.99%
      0     0     -201.0919     9     -188.9219     Cuts: 134     2066    6.44%
      0     0     -199.8216     9     -188.9219      Cuts: 20     2082    5.77%
      0     0     -198.9340    16     -188.9219     Cuts: 180     2317    5.30%
      0     0     -198.8574    14     -188.9219     Cuts: 599     2331    5.26%
      0     0     -198.8574    14     -188.9219   MIRcuts: 29     2352    5.26%
Detecting symmetries...
      0     2     -198.8574    12     -188.9219     -198.7128     2352    5.18%
Elapsed time = 2.03 sec. (3841.17 ticks, tree = 0.01 MB)
*     3     0      integral     0     -188.9219     -188.9219     2640    0.00%
Found incumbent of value -188.921918 after 2.04 sec. (3872.89 ticks)

Clique cuts applied:  11
Flow cuts applied:  22
Mixed integer rounding cuts applied:  677
Gomory fractional cuts applied:  1

Root node processing (before b&c):
  Real time             =    2.03 sec. (3838.99 ticks)
Sequential b&c:
  Real time             =    0.02 sec. (34.10 ticks)
                          ------------
Total (root+branch&cut) =    2.04 sec. (3873.09 ticks)

--- MIP status (101): integer optimal solution.
--- Cplex Time: 2.04sec (det. 3873.12 ticks)

--- Returning a primal only solution to GAMS (marginals all set to NA).
--- Fixing integer variables and solving final LP...

Version identifier: 22.1.1.0 | 2022-11-28 | 9160aff4d
CPXPARAM_Advance                                 2
CPXPARAM_Threads                                 1
CPXPARAM_MIP_Display                             4
CPXPARAM_MIP_Pool_Capacity                       0
CPXPARAM_TimeLimit                               898.7732617855072
CPXPARAM_MIP_Tolerances_AbsMIPGap                0
CPXPARAM_MIP_Tolerances_MIPGap                   0
Tried aggregator 1 time.
LP Presolve eliminated 9275 rows and 9174 columns.
Aggregator did 5 substitutions.
Reduced LP has 1275 rows, 1820 columns, and 7245 nonzeros.
Presolve time = 0.01 sec. (9.01 ticks)
Initializing dual steep norms . . .

Iteration log . . .
Iteration:     1   Dual objective     =          -246.005573
Perturbation started.
Iteration:   101   Dual objective     =          -246.005573
Iteration:   192   Dual objective     =          -219.894584
Removing perturbation.
Iteration:   293   Scaled dual infeas =             0.010731
Iteration:   629   Scaled dual infeas =             0.006259
Iteration:  1318   Scaled dual infeas =             0.000922
Iteration:  1445   Dual objective     =          -188.921122

--- Fixed MIP status (1): optimal.
--- Cplex Time: 0.02sec (det. 61.20 ticks)


Proven optimal solution
MIP Solution:         -188.921918    (2640 iterations, 4 nodes)
Final Solve:          -188.920745    (2605 iterations)

Best possible:        -188.921918
Absolute gap:            0.001173
Relative gap:            0.000006

--- DICOPT: Starting major iteration 4
--- DICOPT: Setting up next NLP

COIN-OR Ipopt    44.3.0 8b8fb1cb Sep 1, 2023           LEG x86 64bit/Linux    

COIN-OR Interior Point Optimizer (Ipopt Library 3.14.12)
written by A. Waechter, commercially supported by GAMS Development Corp.
This is Ipopt version 3.14.12, running with linear solver ma27.

Number of nonzeros in equality constraint Jacobian...:     2711
Number of nonzeros in inequality constraint Jacobian.:     9828
Number of nonzeros in Lagrangian Hessian.............:      546

Total number of variables............................:     1098
                     variables with only lower bounds:        0
                variables with lower and upper bounds:     1098
                     variables with only upper bounds:        0
Total number of equality constraints.................:      562
Total number of inequality constraints...............:     3436
        inequality constraints with only lower bounds:        0
   inequality constraints with lower and upper bounds:        0
        inequality constraints with only upper bounds:     3436

iter    objective    inf_pr   inf_du lg(mu)  ||d||  lg(rg) alpha_du alpha_pr  ls
   0 -3.9651754e+02 7.26e+04 1.00e+00   0.0 0.00e+00    -  0.00e+00 0.00e+00   0
   1 -3.3890193e+02 3.09e+04 2.72e+01  -0.4 1.03e+04    -  1.60e-01 8.63e-01h  1
   2 -2.9014328e+02 1.39e+04 5.14e+01  -0.5 1.41e+03    -  5.96e-01 7.88e-01h  1
   3 -2.6339167e+02 8.82e+03 2.22e+02  -0.9 5.65e+02    -  2.10e-02 4.53e-01h  1
   4 -2.3412306e+02 5.24e+03 2.71e+01  -0.9 3.15e+02    -  6.20e-01 5.20e-01h  1
   5 -2.0713217e+02 3.16e+03 1.81e+02  -1.3 1.51e+02    -  8.36e-01 5.07e-01h  1
   6 -2.0514295e+02 3.05e+03 1.98e+02  -2.1 7.47e+01    -  1.99e-01 3.92e-02h  1
   7 -1.9881501e+02 2.69e+03 1.59e+02  -2.2 2.99e+02    -  1.84e-02 1.26e-01h  1
   8 -1.9078395e+02 2.28e+03 1.30e+02  -2.2 2.65e+02    -  1.42e-01 1.63e-01h  1
   9 -1.8046376e+02 1.84e+03 8.48e+01  -2.3 2.21e+02    -  1.07e-01 2.16e-01h  1
iter    objective    inf_pr   inf_du lg(mu)  ||d||  lg(rg) alpha_du alpha_pr  ls
  10 -1.7434942e+02 1.61e+03 6.02e+01  -2.3 1.74e+02    -  5.69e-02 1.33e-01h  1
  11 -1.6962879e+02 1.45e+03 4.86e+01  -2.3 2.03e+02    -  7.62e-02 1.04e-01h  1
  12 -1.4730355e+02 8.93e+02 4.58e+01  -2.4 2.34e+02    -  1.61e-01 5.19e-01h  1
  13 -1.3440675e+02 6.70e+02 7.92e+00  -2.5 2.78e+02    -  4.52e-01 3.24e-01h  1
  14 -1.2576674e+02 5.29e+02 8.80e+01  -2.7 2.31e+02    -  6.43e-01 2.29e-01h  1
  15 -1.2345176e+02 5.42e+02 6.69e+05   0.7 3.81e+03    -  9.89e-01 1.35e-02h  1
  16 -1.0208593e+02 3.98e+02 7.84e+02   0.8 2.11e+02    -  1.00e+00 6.26e-01h  1
  17 -9.6239822e+01 3.46e+02 1.29e+05   1.5 1.35e+02    -  1.00e+00 1.61e-01f  1
  18 -8.0004289e+01 1.98e+02 1.18e+04   1.8 1.64e+02    -  1.00e+00 5.49e-01h  1
  19 -6.9328619e+01 1.27e+02 5.06e+04   2.3 1.62e+02    -  1.00e+00 3.87e-01h  1
iter    objective    inf_pr   inf_du lg(mu)  ||d||  lg(rg) alpha_du alpha_pr  ls
  20 -4.8760456e+01 6.38e+01 3.35e+03   1.8 1.14e+02    -  1.00e+00 8.95e-01h  1
  21 -3.8137564e+01 2.54e+01 3.45e+03   1.4 4.61e+01    -  1.00e+00 6.44e-01h  1
  22 -2.7033342e+01 6.99e+00 1.78e+02   0.4 2.16e+01    -  1.00e+00 9.24e-01h  1
  23 -2.0818183e+01 1.32e+00 9.22e+00  -1.2 5.16e+00    -  9.99e-01 9.73e-01h  1
  24 -1.8846240e+01 1.00e-01 4.66e-01  -2.2 8.67e-01    -  9.99e-01 1.00e+00h  1
  25 -1.8739367e+01 8.57e-04 1.20e-01  -3.5 7.06e-02    -  9.99e-01 1.00e+00h  1
  26 -1.8870191e+01 4.06e-04 1.94e+00  -5.1 6.13e-02    -  1.00e+00 9.97e-01h  1
  27 -1.8885269e+01 5.06e-06 4.63e-07  -3.5 7.79e-03    -  1.00e+00 1.00e+00f  1
  28 -1.8887052e+01 6.50e-12 2.66e-08  -5.2 6.07e-04    -  1.00e+00 1.00e+00h  1
  29 -1.8887096e+01 1.42e-13 1.46e-11  -7.3 1.50e-05    -  1.00e+00 1.00e+00h  1

Number of Iterations....: 29

                                   (scaled)                 (unscaled)
Objective...............:  -1.8887095995490228e+01   -1.8887095995490228e+01
Dual infeasibility......:   1.4551915228366852e-11    1.3106032471433758e-11
Constraint violation....:   6.2910251575346493e-14    1.4215290976147865e-13
Variable bound violation:   0.0000000000000000e+00    0.0000000000000000e+00
Complementarity.........:   5.7470364419992686e-08    5.7470364419992686e-08
Overall NLP error.......:   5.0059045590472371e-10    5.7470364419992686e-08


Number of objective function evaluations             = 30
Number of objective gradient evaluations             = 30
Number of equality constraint evaluations            = 30
Number of inequality constraint evaluations          = 30
Number of equality constraint Jacobian evaluations   = 1
Number of inequality constraint Jacobian evaluations = 30
Number of Lagrangian Hessian evaluations             = 29
Total seconds in IPOPT                               = 0.132

EXIT: Optimal Solution Found.
--- DICOPT: Checking convergence
--- DICOPT: Setting up next MIP
--- DICOPT: Log File:
 Major Major     Objective    CPU time  Itera- Evaluation Solver
 Step  Iter       Function     (Sec)    tions   Errors
  NLP    1      -501.18693      0.69       72      0      ipopth
  MIP    1      -501.18680      0.02       94      0      cplex
  NLP    2       -35.45882<     0.27       51      0      ipopth
  MIP    2      -213.95034      0.13      860      0      cplex
  NLP    3       -70.78654<     0.13       29      0      ipopth
  MIP    3      -188.92075      2.07     2640      0      cplex
  NLP    4       -18.88710      0.13       29      0      ipopth

IBM ILOG CPLEX   44.3.0 8b8fb1cb Sep 1, 2023           LEG x86 64bit/Linux    

--- GAMS/CPLEX licensed for continuous and discrete problems.
--- GMO setup time: 0.00s
--- Space for names approximately 0.39 Mb
--- Use option 'names no' to turn use of names off
--- GMO memory 5.47 Mb (peak 5.55 Mb)
--- Dictionary memory 0.00 Mb
--- Cplex 22.1.1.0 link memory 0.33 Mb (peak 1.55 Mb)
--- Starting Cplex

Version identifier: 22.1.1.0 | 2022-11-28 | 9160aff4d
CPXPARAM_Advance                                 0
CPXPARAM_Threads                                 1
CPXPARAM_MIP_Display                             4
CPXPARAM_MIP_Pool_Capacity                       0
CPXPARAM_TimeLimit                               896.57305145263672
CPXPARAM_MIP_Tolerances_AbsMIPGap                0
CPXPARAM_MIP_Tolerances_MIPGap                   0
Generic callback                                 0x50
Tried aggregator 2 times.
MIP Presolve eliminated 6834 rows and 6759 columns.
MIP Presolve modified 5163 coefficients.
Aggregator did 19 substitutions.
Reduced MIP has 3703 rows, 4217 columns, and 19461 nonzeros.
Reduced MIP has 24 binaries, 0 generals, 0 SOSs, and 0 indicators.
Presolve time = 0.01 sec. (22.61 ticks)
Found incumbent of value 9.6929079e+12 after 0.02 sec. (31.53 ticks)
Probing fixed 2 vars, tightened 0 bounds.
Probing changed sense of 4 constraints.
Probing time = 0.00 sec. (2.13 ticks)
Cover probing fixed 0 vars, tightened 1 bounds.
Tried aggregator 2 times.
Detecting symmetries...
MIP Presolve eliminated 31 rows and 12 columns.
MIP Presolve modified 90 coefficients.
Aggregator did 1 substitutions.
Reduced MIP has 3671 rows, 4204 columns, and 19350 nonzeros.
Reduced MIP has 11 binaries, 0 generals, 0 SOSs, and 0 indicators.
Presolve time = 0.02 sec. (21.22 ticks)
Probing time = 0.00 sec. (1.04 ticks)
Clique table members: 29.
MIP emphasis: balance optimality and feasibility.
MIP search method: dynamic search.
Parallel mode: none, using 1 thread.
Initializing dual steep norms . . .

Iteration log . . .
Iteration:     1   Scaled dual infeas =             1.000000
Perturbation started.
Iteration:   101   Scaled dual infeas =             1.000000
Iteration:   548   Scaled dual infeas =             0.000843
Iteration:   551   Dual objective     =          -340.218362
Iteration:   668   Dual objective     =          -247.026490
Removing perturbation.
Root relaxation solution time = 0.01 sec. (16.98 ticks)

        Nodes                                         Cuts/
   Node  Left     Objective  IInf  Best Integer    Best Bound    ItCnt     Gap

*     0+    0                       9.69291e+12                            --- 
Found incumbent of value 9.6929079e+12 after 0.06 sec. (82.16 ticks)
      0     0     -218.0263     9   9.69291e+12     -218.0263      807  100.00%
*     0+    0                         -160.7299     -218.0263            35.65%
Found incumbent of value -160.729894 after 0.06 sec. (98.32 ticks)
      0     0     -215.7868    11     -160.7299     Cuts: 907     1504   34.25%
      0     0     -214.0543     9     -160.7299     Cuts: 493     1587   33.18%
      0     0     -212.6258    11     -160.7299     Cuts: 184     1772   32.29%
      0     0     -211.4554    11     -160.7299     Cuts: 262     1823   31.56%
*     0+    0                         -160.7299     -211.4554            31.56%
Found incumbent of value -160.729894 after 0.39 sec. (742.75 ticks)
      0     0     -210.3096    11     -160.7299     Cuts: 208     1854   30.85%
Detecting symmetries...
      0     0     -209.2839     9     -160.7299     Cuts: 217     1888   30.21%
      0     0     -208.2923     9     -160.7299     Cuts: 108     1916   29.59%
      0     0     -207.3544     9     -160.7299     Cuts: 259     1971   29.01%
      0     0     -206.4765     9     -160.7299     Cuts: 139     2004   28.46%
      0     0     -205.4229    10     -160.7299     Cuts: 172     2046   27.81%
      0     0     -204.8883     9     -160.7299     Cuts: 107     2071   27.47%
      0     0     -203.4631     9     -160.7299     Cuts: 151     2131   26.59%
      0     0     -202.5333     9     -160.7299     Cuts: 134     2166   26.01%
      0     0     -201.3055     9     -160.7299     Cuts: 159     2201   25.24%
      0     0     -199.6444     9     -160.7299      Cuts: 99     2218   24.21%
      0     0     -198.8498    10     -160.7299     Cuts: 142     2276   23.72%
      0     0     -198.7851     9     -160.7299      Cuts: 95     2292   23.68%
      0     0     -198.7848     9     -160.7299   MIRcuts: 81     2296   23.68%
      0     0     -198.7840     9     -160.7299   MIRcuts: 91     2298   23.68%
Detecting symmetries...
      0     2     -198.7840     9     -160.7299     -198.5597     2298   23.54%
Elapsed time = 1.85 sec. (3775.39 ticks, tree = 0.01 MB)
*     3     3      integral     0     -160.7299     -189.4128     2644   17.85%
Found incumbent of value -160.729894 after 1.86 sec. (3802.47 ticks)

Flow cuts applied:  21
Mixed integer rounding cuts applied:  814
Gomory fractional cuts applied:  1

Root node processing (before b&c):
  Real time             =    1.85 sec. (3773.87 ticks)
Sequential b&c:
  Real time             =    0.06 sec. (125.60 ticks)
                          ------------
Total (root+branch&cut) =    1.90 sec. (3899.48 ticks)

--- MIP status (101): integer optimal solution.
--- Cplex Time: 1.90sec (det. 3899.51 ticks)

--- Returning a primal only solution to GAMS (marginals all set to NA).
--- Fixing integer variables and solving final LP...

Version identifier: 22.1.1.0 | 2022-11-28 | 9160aff4d
CPXPARAM_Advance                                 2
CPXPARAM_Threads                                 1
CPXPARAM_MIP_Display                             4
CPXPARAM_MIP_Pool_Capacity                       0
CPXPARAM_TimeLimit                               896.57305145263672
CPXPARAM_MIP_Tolerances_AbsMIPGap                0
CPXPARAM_MIP_Tolerances_MIPGap                   0
Tried aggregator 1 time.
LP Presolve eliminated 9094 rows and 8990 columns.
Aggregator did 5 substitutions.
Reduced LP has 1457 rows, 2004 columns, and 7973 nonzeros.
Presolve time = 0.01 sec. (9.19 ticks)
Initializing dual steep norms . . .

Iteration log . . .
Iteration:     1   Dual objective     =          -246.005573
Perturbation started.
Iteration:   101   Dual objective     =          -246.005573
Iteration:   203   Dual objective     =          -220.973386
Iteration:   299   Dual objective     =          -188.399541
Removing perturbation.
Iteration:   387   Scaled dual infeas =             0.007906
Iteration:  1091   Scaled dual infeas =             0.002468
Iteration:  1324   Scaled dual infeas =             0.000029
Iteration:  1329   Dual objective     =          -160.729156

--- Fixed MIP status (1): optimal.
--- Cplex Time: 0.02sec (det. 58.62 ticks)


Proven optimal solution
MIP Solution:         -160.729894    (4032 iterations, 9 nodes)
Final Solve:          -160.728827    (2278 iterations)

Best possible:        -160.729894
Absolute gap:            0.001066
Relative gap:            0.000007

--- DICOPT: Starting major iteration 5
--- DICOPT: Setting up next NLP

COIN-OR Ipopt    44.3.0 8b8fb1cb Sep 1, 2023           LEG x86 64bit/Linux    

COIN-OR Interior Point Optimizer (Ipopt Library 3.14.12)
written by A. Waechter, commercially supported by GAMS Development Corp.
This is Ipopt version 3.14.12, running with linear solver ma27.

Number of nonzeros in equality constraint Jacobian...:     2711
Number of nonzeros in inequality constraint Jacobian.:     9828
Number of nonzeros in Lagrangian Hessian.............:      546

Total number of variables............................:     1098
                     variables with only lower bounds:        0
                variables with lower and upper bounds:     1098
                     variables with only upper bounds:        0
Total number of equality constraints.................:      562
Total number of inequality constraints...............:     3436
        inequality constraints with only lower bounds:        0
   inequality constraints with lower and upper bounds:        0
        inequality constraints with only upper bounds:     3436

iter    objective    inf_pr   inf_du lg(mu)  ||d||  lg(rg) alpha_du alpha_pr  ls
   0 -3.3379759e+02 7.26e+04 1.00e+00   0.0 0.00e+00    -  0.00e+00 0.00e+00   0
   1 -2.9200328e+02 3.13e+04 2.55e+01  -0.4 1.03e+04    -  1.54e-01 8.57e-01h  1
   2 -2.5615882e+02 1.40e+04 4.59e+01  -0.5 1.47e+03    -  6.07e-01 7.96e-01h  1
   3 -2.4668693e+02 1.11e+04 1.20e+02  -0.9 5.65e+02    -  2.05e-02 2.26e-01h  1
   4 -2.3084211e+02 7.55e+03 1.60e+02  -0.9 4.44e+02    -  2.16e-01 3.81e-01h  1
   5 -2.0584070e+02 4.12e+03 2.54e+01  -1.0 2.75e+02    -  7.40e-01 6.04e-01h  1
   6 -1.9002083e+02 2.84e+03 1.29e+02  -1.6 1.09e+02    -  6.67e-01 3.74e-01h  1
   7 -1.8819572e+02 2.73e+03 1.35e+02  -2.1 1.02e+02    -  1.07e-01 4.37e-02h  1
   8 -1.8146861e+02 2.32e+03 1.02e+02  -2.1 2.51e+02    -  9.91e-02 1.64e-01h  1
   9 -1.6879776e+02 1.67e+03 2.32e+01  -2.2 2.35e+02    -  8.20e-02 3.25e-01h  1
iter    objective    inf_pr   inf_du lg(mu)  ||d||  lg(rg) alpha_du alpha_pr  ls
  10 -1.6467842e+02 1.49e+03 1.32e+01  -2.2 1.59e+02    -  8.57e-02 1.15e-01h  1
  11 -1.6102401e+02 1.34e+03 9.98e+00  -2.3 2.21e+02    -  9.67e-02 1.04e-01h  1
  12 -1.4927237e+02 9.59e+02 3.29e+01  -2.3 2.48e+02    -  1.92e-01 3.49e-01h  1
  13 -1.3897757e+02 7.14e+02 5.88e+00  -2.4 2.76e+02    -  4.23e-01 3.27e-01h  1
  14 -1.3105682e+02 5.45e+02 3.79e+01  -2.6 2.44e+02    -  4.26e-01 2.66e-01h  1
  15 -1.1228739e+02 3.82e+02 5.26e+01  -2.9 3.71e+02    -  5.37e-03 4.49e-01H  1
  16 -8.6074960e+01 2.25e+02 1.18e+02  -2.9 1.44e+02    -  2.41e-01 5.62e-01H  1
  17 -8.6071543e+01 2.25e+02 3.68e+04   0.9 1.72e+04    -  2.01e-02 2.01e-04f  1
  18 -8.4383389e+01 2.32e+02 4.30e+04   1.5 2.00e+03    -  9.99e-01 9.07e-03f  1
  19 -7.4553534e+01 1.51e+02 5.48e+04   2.0 1.84e+02    -  1.00e+00 3.64e-01f  1
iter    objective    inf_pr   inf_du lg(mu)  ||d||  lg(rg) alpha_du alpha_pr  ls
  20 -5.6289612e+01 8.58e+01 3.19e+03   1.5 1.26e+02    -  1.00e+00 8.51e-01h  1
  21 -4.3902886e+01 3.62e+01 2.96e+03   1.1 5.28e+01    -  1.00e+00 7.14e-01h  1
  22 -3.1336064e+01 1.12e+01 2.86e+02   0.2 2.96e+01    -  1.00e+00 9.08e-01h  1
  23 -2.3200234e+01 2.45e+00 4.48e+01  -1.1 8.65e+00    -  1.00e+00 9.56e-01h  1
  24 -1.9994009e+01 3.24e-01 1.77e+01  -2.4 1.72e+00    -  1.00e+00 9.64e-01h  1
  25 -1.9511504e+01 9.72e-03 9.50e-02  -3.3 7.28e-01    -  1.00e+00 1.00e+00h  1
  26 -1.9601067e+01 1.09e-04 1.58e+00  -4.6 3.95e-01    -  1.00e+00 9.93e-01h  1
  27 -1.9617112e+01 4.41e-06 4.77e-01  -4.1 7.03e-03    -  1.00e+00 9.98e-01h  1
  28 -1.9617519e+01 2.34e-12 3.22e-09  -5.2 5.81e-04    -  1.00e+00 1.00e+00h  1
  29 -1.9617559e+01 1.78e-13 7.25e-02  -6.8 5.82e-05    -  9.98e-01 1.00e+00h  1
In iteration 29, 2 Slacks too small, adjusting variable bounds
iter    objective    inf_pr   inf_du lg(mu)  ||d||  lg(rg) alpha_du alpha_pr  ls
  30 -1.9617561e+01 1.42e-13 7.28e-12  -8.0 1.41e-06    -  1.00e+00 1.00e+00h  1

Number of Iterations....: 30

                                   (scaled)                 (unscaled)
Objective...............:  -1.9617561445387761e+01   -1.9617561445387761e+01
Dual infeasibility......:   7.2759576141834259e-12    2.0211439493772165e-13
Constraint violation....:   6.2723546353555103e-14    1.4173102795556058e-13
Variable bound violation:   0.0000000000000000e+00    0.0000000000000000e+00
Complementarity.........:   1.7836643814376811e-08    1.7836643814376811e-08
Overall NLP error.......:   3.9447616325621899e-10    1.7836643814376811e-08


Number of objective function evaluations             = 33
Number of objective gradient evaluations             = 31
Number of equality constraint evaluations            = 33
Number of inequality constraint evaluations          = 33
Number of equality constraint Jacobian evaluations   = 1
Number of inequality constraint Jacobian evaluations = 31
Number of Lagrangian Hessian evaluations             = 30
Total seconds in IPOPT                               = 0.136

EXIT: Optimal Solution Found.
--- DICOPT: Checking convergence
--- DICOPT: Setting up next MIP
--- GMO Resort Time 0ms
--- DICOPT: Log File:
 Major Major     Objective    CPU time  Itera- Evaluation Solver
 Step  Iter       Function     (Sec)    tions   Errors
  NLP    1      -501.18693      0.69       72      0      ipopth
  MIP    1      -501.18680      0.02       94      0      cplex
  NLP    2       -35.45882<     0.27       51      0      ipopth
  MIP    2      -213.95034      0.13      860      0      cplex
  NLP    3       -70.78654<     0.13       29      0      ipopth
  MIP    3      -188.92075      2.07     2640      0      cplex
  NLP    4       -18.88710      0.13       29      0      ipopth
  MIP    4      -160.72883      1.93     4032      0      cplex
  NLP    5       -19.61756      0.14       30      0      ipopth

IBM ILOG CPLEX   44.3.0 8b8fb1cb Sep 1, 2023           LEG x86 64bit/Linux    

--- GAMS/CPLEX licensed for continuous and discrete problems.
--- GMO setup time: 0.00s
--- Space for names approximately 0.52 Mb
--- Use option 'names no' to turn use of names off
--- GMO memory 7.22 Mb (peak 7.33 Mb)
--- Dictionary memory 0.00 Mb
--- Cplex 22.1.1.0 link memory 0.43 Mb (peak 2.04 Mb)
--- Starting Cplex

Version identifier: 22.1.1.0 | 2022-11-28 | 9160aff4d
CPXPARAM_Advance                                 0
CPXPARAM_Threads                                 1
CPXPARAM_MIP_Display                             4
CPXPARAM_MIP_Pool_Capacity                       0
CPXPARAM_TimeLimit                               894.50801968574524
CPXPARAM_MIP_Tolerances_AbsMIPGap                0
CPXPARAM_MIP_Tolerances_MIPGap                   0
Generic callback                                 0x50
Tried aggregator 2 times.
MIP Presolve eliminated 9020 rows and 8943 columns.
MIP Presolve modified 7003 coefficients.
Aggregator did 19 substitutions.
Reduced MIP has 4795 rows, 5309 columns, and 25290 nonzeros.
Reduced MIP has 24 binaries, 0 generals, 0 SOSs, and 0 indicators.
Presolve time = 0.02 sec. (29.85 ticks)
Found incumbent of value 9.7067750e+12 after 0.03 sec. (40.20 ticks)
Probing fixed 5 vars, tightened 0 bounds.
Probing changed sense of 4 constraints.
Probing time = 0.00 sec. (2.69 ticks)
Cover probing fixed 0 vars, tightened 6 bounds.
Tried aggregator 2 times.
Detecting symmetries...
MIP Presolve eliminated 225 rows and 196 columns.
MIP Presolve modified 89 coefficients.
Aggregator did 1 substitutions.
Reduced MIP has 4569 rows, 5112 columns, and 24217 nonzeros.
Reduced MIP has 9 binaries, 0 generals, 0 SOSs, and 0 indicators.
Presolve time = 0.02 sec. (30.84 ticks)
Probing time = 0.00 sec. (1.07 ticks)
Clique table members: 19.
MIP emphasis: balance optimality and feasibility.
MIP search method: dynamic search.
Parallel mode: none, using 1 thread.
Initializing dual steep norms . . .

Iteration log . . .
Iteration:     1   Scaled dual infeas =             1.000000
Perturbation started.
Iteration:   101   Scaled dual infeas =             1.000000
Iteration:   350   Scaled dual infeas =             0.999981
Iteration:   593   Dual objective     =          -339.495116
Iteration:   759   Dual objective     =          -197.265186
Removing perturbation.
Root relaxation solution time = 0.02 sec. (24.63 ticks)

        Nodes                                         Cuts/
   Node  Left     Objective  IInf  Best Integer    Best Bound    ItCnt     Gap

*     0+    0                       9.70677e+12                            --- 
Found incumbent of value 9.7067750e+12 after 0.07 sec. (110.23 ticks)
      0     0     -168.6761     7   9.70677e+12     -168.6761      895  100.00%
*     0+    0                          218.7457     -168.6761           177.11%
Found incumbent of value 218.745708 after 0.09 sec. (154.42 ticks)
      0     0     -166.4995     8      218.7457     Cuts: 688     1234  176.12%
*     0+    0                         -114.7997     -166.4995            45.03%
Found incumbent of value -114.799719 after 0.15 sec. (288.01 ticks)
      0     0     -164.2999     7     -114.7997     Cuts: 988     1632   43.12%
      0     0     -159.0075     9     -114.7997     Cuts: 691     2042   38.51%
      0     0     -157.0417     9     -114.7997     Cuts: 436     2359   36.80%
      0     0     -155.5334     9     -114.7997      Cuts: 55     2401   35.48%
Detecting symmetries...
      0     0     -154.3029     9     -114.7997      Cuts: 38     2437   34.41%
      0     0     -153.2703     9     -114.7997      Cuts: 95     2505   33.51%
      0     0     -152.6538     9     -114.7997     Cuts: 271     2542   32.97%
      0     0     -151.8026     9     -114.7997      Cuts: 51     2578   32.23%
      0     0     -151.0525     9     -114.7997      Cuts: 48     2622   31.58%
      0     0     -150.2985     9     -114.7997     Cuts: 222     2680   30.92%
      0     0     -148.9656     8     -114.7997     Cuts: 219     2755   29.76%
      0     0     -148.0744     9     -114.7997     Cuts: 199     2817   28.98%
*     0+    0                         -114.7997     -148.0744            28.98%
Found incumbent of value -114.799720 after 1.62 sec. (3289.74 ticks)
      0     0     -147.3006     9     -114.7997     Cuts: 164     2909   28.31%
      0     0     -146.4793     9     -114.7997     Cuts: 145     2960   27.60%
      0     0     -145.5790     9     -114.7997     Cuts: 117     3013   26.81%
      0     0     -144.7357     9     -114.7997     Cuts: 220     3083   26.08%
      0     0     -143.7204     9     -114.7997     Cuts: 166     3144   25.19%
      0     0     -142.6910     9     -114.7997     Cuts: 149     3209   24.30%
      0     0     -141.9300     9     -114.7997      Cuts: 81     3290   23.63%
      0     0     -140.6533     9     -114.7997     Cuts: 366     3359   22.52%
      0     0     -139.9388     9     -114.7997     Cuts: 105     3415   21.90%
      0     0     -138.7930     9     -114.7997     Cuts: 179     3482   20.90%
      0     0     -138.5297     9     -114.7997     Cuts: 101     3532   20.67%
      0     0     -137.9875     9     -114.7997     Cuts: 384     3615   20.20%
      0     0     -137.9308     9     -114.7997      Cuts: 46     3627   20.15%
      0     0     -137.9026     9     -114.7997      Cuts: 95     3640   20.12%
      0     0     -137.8832     9     -114.7997      Cuts: 42     3649   20.11%
*     0+    0                         -114.7997     -137.8832            20.11%
Found incumbent of value -114.799722 after 3.15 sec. (6239.77 ticks)
Detecting symmetries...
      0     2     -137.8832     9     -114.7997     -137.8432     3649   20.07%
Elapsed time = 3.27 sec. (6513.92 ticks, tree = 0.01 MB)
*     3     3      integral     0     -114.7997     -128.3756     4698   11.83%
Found incumbent of value -114.799723 after 3.32 sec. (6649.77 ticks)

Implied bound cuts applied:  14
Flow cuts applied:  185
Mixed integer rounding cuts applied:  430
Gomory fractional cuts applied:  1

Root node processing (before b&c):
  Real time             =    3.27 sec. (6509.60 ticks)
Sequential b&c:
  Real time             =    0.09 sec. (193.00 ticks)
                          ------------
Total (root+branch&cut) =    3.36 sec. (6702.61 ticks)

--- MIP status (101): integer optimal solution.
--- Cplex Time: 3.36sec (det. 6702.65 ticks)

--- Returning a primal only solution to GAMS (marginals all set to NA).
--- Fixing integer variables and solving final LP...

Version identifier: 22.1.1.0 | 2022-11-28 | 9160aff4d
CPXPARAM_Advance                                 2
CPXPARAM_Threads                                 1
CPXPARAM_MIP_Display                             4
CPXPARAM_MIP_Pool_Capacity                       0
CPXPARAM_TimeLimit                               894.50801968574524
CPXPARAM_MIP_Tolerances_AbsMIPGap                0
CPXPARAM_MIP_Tolerances_MIPGap                   0
Tried aggregator 1 time.
LP Presolve eliminated 11101 rows and 10991 columns.
Aggregator did 5 substitutions.
Reduced LP has 2728 rows, 3281 columns, and 13593 nonzeros.
Presolve time = 0.01 sec. (12.66 ticks)
Initializing dual steep norms . . .

Iteration log . . .
Iteration:     1   Dual objective     =          -196.655389
Perturbation started.
Iteration:   101   Dual objective     =          -196.655389
Iteration:   234   Dual objective     =          -158.668770
Iteration:   457   Dual objective     =          -139.807089
Iteration:   628   Dual objective     =          -130.665286
Iteration:   825   Dual objective     =          -117.681240
Removing perturbation.
Iteration:   952   Scaled dual infeas =             0.000076
Iteration:   954   Dual objective     =          -114.799722

--- Fixed MIP status (1): optimal.
--- Cplex Time: 0.03sec (det. 61.45 ticks)


Proven optimal solution
MIP Solution:         -114.799723    (4934 iterations, 7 nodes)
Final Solve:          -114.799722    (955 iterations)

Best possible:        -114.799723
Absolute gap:            0.000001
Relative gap:            0.000000

--- DICOPT: Starting major iteration 6
--- DICOPT: Setting up next NLP

COIN-OR Ipopt    44.3.0 8b8fb1cb Sep 1, 2023           LEG x86 64bit/Linux    

COIN-OR Interior Point Optimizer (Ipopt Library 3.14.12)
written by A. Waechter, commercially supported by GAMS Development Corp.
This is Ipopt version 3.14.12, running with linear solver ma27.

Number of nonzeros in equality constraint Jacobian...:     2711
Number of nonzeros in inequality constraint Jacobian.:     9828
Number of nonzeros in Lagrangian Hessian.............:      546

Total number of variables............................:     1098
                     variables with only lower bounds:        0
                variables with lower and upper bounds:     1098
                     variables with only upper bounds:        0
Total number of equality constraints.................:      562
Total number of inequality constraints...............:     3436
        inequality constraints with only lower bounds:        0
   inequality constraints with lower and upper bounds:        0
        inequality constraints with only upper bounds:     3436

iter    objective    inf_pr   inf_du lg(mu)  ||d||  lg(rg) alpha_du alpha_pr  ls
   0 -2.8321951e+02 2.98e+02 1.00e+00   0.0 0.00e+00    -  0.00e+00 0.00e+00   0
   1 -2.8512297e+02 2.98e+02 1.52e+00  -0.6 1.03e+04    -  9.02e-01 9.61e-01h  1
   2 -2.9707991e+02 2.53e+02 2.04e+01  -1.6 6.03e+02    -  1.53e-02 3.08e-01h  1
   3 -3.2766704e+02 4.15e+01 6.75e+01  -1.6 8.89e+02    -  1.60e-01 8.42e-01H  1
   4 -3.2949079e+02 3.60e+01 5.80e+01  -1.7 1.33e+03    -  2.95e-01 1.36e-01h  1
   5 -3.3364094e+02 2.29e+01 3.70e+01  -1.8 1.55e+03    -  2.82e-01 3.69e-01h  1
   6 -3.3459413e+02 1.63e+01 2.65e+01  -2.0 1.96e+03    -  3.06e-01 2.90e-01h  1
   7 -3.2620299e+02 8.72e+00 1.28e+02  -2.1 5.62e+03    -  1.55e-01 4.67e-01h  1
   8 -3.0808649e+02 5.18e+00 9.83e+01  -2.2 1.71e+04    -  3.68e-01 4.08e-01h  1
   9 -3.0573219e+02 5.08e+00 7.36e+01  -2.4 3.39e+04    -  3.61e-01 1.97e-02h  5
iter    objective    inf_pr   inf_du lg(mu)  ||d||  lg(rg) alpha_du alpha_pr  ls
  10 -3.0205324e+02 4.95e+00 1.84e+02  -2.6 3.69e+04    -  4.26e-01 2.46e-02h  5
  11 -2.9973381e+02 4.88e+00 1.93e+02  -2.8 3.76e+04    -  1.04e-01 1.35e-02h  6
  12 -2.9492007e+02 4.85e+00 1.69e+04   1.0 9.23e+05    -  1.50e-02 2.25e-03f  1
  13 -2.6371349e+02 4.86e+00 1.66e+04   3.0 5.54e+06    -  1.63e-05 3.00e-04f  1
  14 -1.6174400e+02 3.83e+00 1.56e+04   2.3 1.13e+06    -  2.10e-03 5.85e-03f  1
  15 -7.7120583e+01 3.22e+00 2.15e+04   2.3 8.17e+04    -  3.77e-02 1.01e-02f  1
  16 -1.2967563e+02 2.76e+00 1.55e+05   2.3 4.63e+03    -  1.00e+00 5.05e-02f  2
  17 -1.0147845e+02 1.16e+00 1.17e+04   2.3 5.29e+03    -  1.00e+00 7.09e-01h  1
  18 -9.1282065e+01 6.97e-01 7.74e+03   1.6 1.57e+03    -  3.68e-01 3.51e-01h  1
  19 -7.9049615e+01 4.37e-01 4.19e+03   1.6 1.05e+03    -  2.62e-01 3.40e-01h  1
iter    objective    inf_pr   inf_du lg(mu)  ||d||  lg(rg) alpha_du alpha_pr  ls
  20 -6.0388805e+01 1.86e-01 6.36e+02   1.6 6.96e+02    -  3.79e-01 4.85e-01h  1
  21 -4.4221190e+01 6.86e-02 4.52e+02   1.2 3.61e+02    -  8.82e-01 8.26e-01h  1
  22 -4.8428115e+01 1.00e-02 1.62e+02   0.4 6.41e+01    -  9.66e-01 8.71e-01h  1
  23 -4.9104985e+01 1.38e-03 4.98e+01  -0.4 8.25e+00    -  1.00e+00 8.86e-01h  1
  24 -4.9967811e+01 5.49e-04 2.22e+00  -1.6 1.44e+00    -  9.99e-01 9.48e-01h  1
  25 -5.0641807e+01 1.82e-04 8.98e-01  -2.8 5.29e-01    -  1.00e+00 9.74e-01h  1
  26 -5.0678899e+01 2.87e-07 6.81e-01  -4.7 1.46e-02    -  1.00e+00 9.95e-01h  1
  27 -5.0679146e+01 1.22e-12 2.96e-10  -4.6 4.93e-05    -  1.00e+00 1.00e+00h  1
  28 -5.0679286e+01 2.43e-12 1.52e-10  -5.9 1.16e-04    -  1.00e+00 1.00e+00h  1
  29 -5.0679352e+01 3.10e-13 1.70e-12  -6.8 8.41e-06    -  1.00e+00 1.00e+00h  1
iter    objective    inf_pr   inf_du lg(mu)  ||d||  lg(rg) alpha_du alpha_pr  ls
  30 -5.0679390e+01 3.66e-13 8.81e-02  -8.9 3.69e-06    -  8.21e-01 1.00e+00h  1
  31 -5.0679403e+01 2.58e-13 7.17e-14  -8.1 1.67e-06    -  1.00e+00 1.00e+00h  1

Number of Iterations....: 31

                                   (scaled)                 (unscaled)
Objective...............:  -5.0679403122904297e+01   -5.0679403122904297e+01
Dual infeasibility......:   7.1720407390785113e-14    7.1720407390785113e-14
Constraint violation....:   1.1428404626396193e-13    2.5823787552781141e-13
Variable bound violation:   0.0000000000000000e+00    0.0000000000000000e+00
Complementarity.........:   1.4086778244937767e-08    1.4086778244937767e-08
Overall NLP error.......:   9.1289624776844214e-10    1.4086778244937767e-08


Number of objective function evaluations             = 59
Number of objective gradient evaluations             = 32
Number of equality constraint evaluations            = 59
Number of inequality constraint evaluations          = 59
Number of equality constraint Jacobian evaluations   = 1
Number of inequality constraint Jacobian evaluations = 32
Number of Lagrangian Hessian evaluations             = 31
Total seconds in IPOPT                               = 0.152

EXIT: Optimal Solution Found.
--- DICOPT: Checking convergence
--- DICOPT: Setting up next MIP
--- GMO Resort Time 1ms
--- DICOPT: Log File:
 Major Major     Objective    CPU time  Itera- Evaluation Solver
 Step  Iter       Function     (Sec)    tions   Errors
  NLP    1      -501.18693      0.69       72      0      ipopth
  MIP    1      -501.18680      0.02       94      0      cplex
  NLP    2       -35.45882<     0.27       51      0      ipopth
  MIP    2      -213.95034      0.13      860      0      cplex
  NLP    3       -70.78654<     0.13       29      0      ipopth
  MIP    3      -188.92075      2.07     2640      0      cplex
  NLP    4       -18.88710      0.13       29      0      ipopth
  MIP    4      -160.72883      1.93     4032      0      cplex
  NLP    5       -19.61756      0.14       30      0      ipopth
  MIP    5      -114.79972      3.39     4934      0      cplex
  NLP    6       -50.67940      0.15       31      0      ipopth

IBM ILOG CPLEX   44.3.0 8b8fb1cb Sep 1, 2023           LEG x86 64bit/Linux    

--- GAMS/CPLEX licensed for continuous and discrete problems.
--- GMO setup time: 0.00s
--- Space for names approximately 0.65 Mb
--- Use option 'names no' to turn use of names off
--- GMO memory 8.97 Mb (peak 9.10 Mb)
--- Dictionary memory 0.00 Mb
--- Cplex 22.1.1.0 link memory 0.53 Mb (peak 2.53 Mb)
--- Starting Cplex

Version identifier: 22.1.1.0 | 2022-11-28 | 9160aff4d
CPXPARAM_Advance                                 0
CPXPARAM_Threads                                 1
CPXPARAM_MIP_Display                             4
CPXPARAM_MIP_Pool_Capacity                       0
CPXPARAM_TimeLimit                               890.96514940261841
CPXPARAM_MIP_Tolerances_AbsMIPGap                0
CPXPARAM_MIP_Tolerances_MIPGap                   0
Generic callback                                 0x50
Tried aggregator 2 times.
MIP Presolve eliminated 11206 rows and 11127 columns.
MIP Presolve modified 8843 coefficients.
Aggregator did 19 substitutions.
Reduced MIP has 5887 rows, 6401 columns, and 31121 nonzeros.
Reduced MIP has 24 binaries, 0 generals, 0 SOSs, and 0 indicators.
Presolve time = 0.02 sec. (37.50 ticks)
Found incumbent of value 9.7068241e+12 after 0.04 sec. (54.54 ticks)
Probing fixed 7 vars, tightened 0 bounds.
Probing changed sense of 5 constraints.
Probing time = 0.00 sec. (3.25 ticks)
Cover probing fixed 0 vars, tightened 6 bounds.
Tried aggregator 2 times.
Detecting symmetries...
MIP Presolve eliminated 599 rows and 562 columns.
MIP Presolve modified 100 coefficients.
Aggregator did 1 substitutions.
Reduced MIP has 5287 rows, 5838 columns, and 28184 nonzeros.
Reduced MIP has 7 binaries, 0 generals, 0 SOSs, and 0 indicators.
Presolve time = 0.03 sec. (35.92 ticks)
Probing time = 0.00 sec. (0.96 ticks)
Clique table members: 13.
MIP emphasis: balance optimality and feasibility.
MIP search method: dynamic search.
Parallel mode: none, using 1 thread.
Initializing dual steep norms . . .

Iteration log . . .
Iteration:     1   Scaled dual infeas =             1.000000
Perturbation started.
Iteration:   101   Scaled dual infeas =             1.000000
Iteration:   374   Scaled dual infeas =             0.999997
Iteration:   602   Dual objective     =          -627.658575
Iteration:   825   Dual objective     =          -191.463459
Iteration:   990   Dual objective     =          -169.001042
Removing perturbation.
Root relaxation solution time = 0.02 sec. (28.67 ticks)

        Nodes                                         Cuts/
   Node  Left     Objective  IInf  Best Integer    Best Bound    ItCnt     Gap

*     0+    0                       9.70682e+12                            --- 
Found incumbent of value 9.7068241e+12 after 0.09 sec. (135.83 ticks)
      0     0     -168.6761     7   9.70682e+12     -168.6761      999  100.00%
*     0+    0                          293.6868     -168.6761           157.43%
Found incumbent of value 293.686777 after 0.12 sec. (206.90 ticks)
      0     0     -166.5216     7      293.6868    Cuts: 1000     1426  156.70%
*     0+    0                          219.1623     -166.5216           175.98%
Found incumbent of value 219.162322 after 0.21 sec. (378.97 ticks)
      0     0     -162.1395     7      219.1623     Cuts: 667     1738  173.98%
*     0+    0                          177.3241     -162.1395           191.44%
Found incumbent of value 177.324106 after 0.36 sec. (682.00 ticks)
      0     0     -155.9650     6      177.3241     Cuts: 573     2131  187.95%
      0     0     -147.4049     7      177.3241     Cuts: 547     2359  183.13%
      0     0     -135.9992     7      177.3241     Cuts: 265     2484  176.70%
*     0+    0                          140.6000     -135.9992           196.73%
Found incumbent of value 140.600039 after 0.92 sec. (1781.48 ticks)
Detecting symmetries...
      0     0     -132.9639     7      140.6000     Cuts: 182     2592  194.57%
      0     0     -131.3578     7      140.6000      Cuts: 83     2655  193.43%
      0     0     -130.1861     7      140.6000      Cuts: 93     2723  192.59%
      0     0     -129.0694     7      140.6000      Cuts: 82     2777  191.80%
      0     0     -128.0019     7      140.6000      Cuts: 64     2835  191.04%
      0     0     -126.8869     7      140.6000      Cuts: 75     2896  190.25%
      0     0     -125.7688     7      140.6000      Cuts: 64     2956  189.45%
      0     0     -125.0905     7      140.6000      Cuts: 83     3000  188.97%
      0     0     -124.0739     7      140.6000      Cuts: 77     3063  188.25%
      0     0     -123.4129     7      140.6000     Cuts: 156     3120  187.78%
      0     0     -122.3978     7      140.6000      Cuts: 61     3185  187.05%
      0     0     -121.7349     7      140.6000      Cuts: 67     3226  186.58%
      0     0     -120.6955     7      140.6000      Cuts: 81     3286  185.84%
      0     0     -119.9723     7      140.6000      Cuts: 64     3340  185.33%
      0     0     -118.9609     7      140.6000     Cuts: 104     3401  184.61%
      0     0     -118.7618     7      140.6000      Cuts: 29     3409  184.47%
      0     0     -118.2998     7      140.6000      Cuts: 19     3431  184.14%
      0     0     -118.2535     7      140.6000      Cuts: 20     3441  184.11%
      0     0     -117.8177     7      140.6000      Cuts: 26     3460  183.80%
      0     0     -117.7720     7      140.6000      Cuts: 35     3466  183.76%
      0     0     -117.3353     7      140.6000       Cuts: 5     3473  183.45%
      0     0     -117.2904     7      140.6000       Cuts: 8     3476  183.42%
      0     0     -116.8540     7      140.6000       Cuts: 5     3491  183.11%
      0     0     -116.8515     7      140.6000      Cuts: 25     3498  183.11%
      0     0     -116.3649     7      140.6000       Cuts: 7     3510  182.76%
      0     0     -116.3199     7      140.6000      Cuts: 15     3516  182.73%
      0     0     -115.8756     7      140.6000       Cuts: 5     3526  182.42%
      0     0     -115.8315     7      140.6000       Cuts: 7     3529  182.38%
      0     0     -115.3886     7      140.6000       Cuts: 5     3536  182.07%
      0     0     -115.3445     7      140.6000       Cuts: 7     3539  182.04%
      0     0     -114.8989     7      140.6000       Cuts: 5     3546  181.72%
      0     0     -114.8548     7      140.6000       Cuts: 7     3549  181.69%
      0     0     -114.4072     7      140.6000       Cuts: 5     3560  181.37%
      0     0     -114.4065     7      140.6000       Cuts: 9     3565  181.37%
Detecting symmetries...
      0     2     -114.4065     7      140.6000     -113.6974     3565  180.87%
Elapsed time = 6.39 sec. (12568.07 ticks, tree = 0.01 MB)
      7     5      107.8890     1      140.6000      -81.5400     5631  157.99%
     11     1        cutoff            140.6000      -81.4246     7511  157.91%

Implied bound cuts applied:  5
Flow cuts applied:  38
Mixed integer rounding cuts applied:  563
Gomory fractional cuts applied:  2

Root node processing (before b&c):
  Real time             =    6.39 sec. (12565.88 ticks)
Sequential b&c:
  Real time             =    0.31 sec. (697.16 ticks)
                          ------------
Total (root+branch&cut) =    6.71 sec. (13263.04 ticks)

--- MIP status (101): integer optimal solution.
--- Cplex Time: 6.71sec (det. 13263.09 ticks)

--- Returning a primal only solution to GAMS (marginals all set to NA).
--- Fixing integer variables and solving final LP...

Version identifier: 22.1.1.0 | 2022-11-28 | 9160aff4d
CPXPARAM_Advance                                 2
CPXPARAM_Threads                                 1
CPXPARAM_MIP_Display                             4
CPXPARAM_MIP_Pool_Capacity                       0
CPXPARAM_TimeLimit                               890.96514940261841
CPXPARAM_MIP_Tolerances_AbsMIPGap                0
CPXPARAM_MIP_Tolerances_MIPGap                   0
Tried aggregator 1 time.
LP Presolve eliminated 14014 rows and 13904 columns.
Aggregator did 5 substitutions.
Reduced LP has 3093 rows, 3646 columns, and 15589 nonzeros.
Presolve time = 0.01 sec. (15.30 ticks)
Initializing dual steep norms . . .

Iteration log . . .
Iteration:     1   Dual objective     =          -196.655389
Perturbation started.
Iteration:   101   Dual objective     =          -196.655389
Iteration:   233   Dual objective     =          -159.269328
Iteration:   391   Dual objective     =          -119.817137
Iteration:   554   Dual objective     =           -86.396677
Iteration:   637   Dual objective     =           -11.456173
Iteration:   726   Dual objective     =            22.220144
Iteration:   916   Dual objective     =            86.156844
Iteration:  1044   Dual objective     =           140.172791
Iteration:  1154   Dual objective     =           140.589747
Removing perturbation.

--- Fixed MIP status (1): optimal.
--- Cplex Time: 0.04sec (det. 77.31 ticks)


Proven optimal solution
MIP Solution:          140.600039    (8322 iterations, 15 nodes)
Final Solve:           140.600039    (1161 iterations)

Best possible:         140.600039
Absolute gap:           -0.000000
Relative gap:           -0.000000

--- DICOPT: Starting major iteration 7
--- Search stopped on crossover
--- DICOPT: Log File:
 Major Major     Objective    CPU time  Itera- Evaluation Solver
 Step  Iter       Function     (Sec)    tions   Errors
  NLP    1      -501.18693      0.69       72      0      ipopth
  MIP    1      -501.18680      0.02       94      0      cplex
  NLP    2       -35.45882<     0.27       51      0      ipopth
  MIP    2      -213.95034      0.13      860      0      cplex
  NLP    3       -70.78654<     0.13       29      0      ipopth
  MIP    3      -188.92075      2.07     2640      0      cplex
  NLP    4       -18.88710      0.13       29      0      ipopth
  MIP    4      -160.72883      1.93     4032      0      cplex
  NLP    5       -19.61756      0.14       30      0      ipopth
  MIP    5      -114.79972      3.39     4934      0      cplex
  NLP    6       -50.67940      0.15       31      0      ipopth
  MIP    6       140.60004      6.75     8322      0      cplex
--- DICOPT: Terminating...
--- DICOPT: Stopped on crossover

      The search was stopped because a crossover occurred.
      The bound provided by the MIP master problem exceeds or
      is within optcr of the objective value of the incumbent.

--- DICOPT: Best integer solution found: -70.786539
--- Reading solution for model GAMS_MODEL
--- Executing after solve: elapsed 0:00:16.008
--- model.gms(10847) 7 Mb
--- model.gms(16060) 9 Mb
--- Putfile results /tmp/tmptboqppch/results.dat
--- Putfile statresults /tmp/tmptboqppch/resultsstat.dat
*** Status: Normal completion
--- Job model.gms Stop 02/25/24 14:19:42 elapsed 0:00:16.019

Problem: 
- Name: /tmp/tmptboqppch/model.gms
  Lower bound: -70.78653905564539
  Upper bound: -70.78653905564539
  Number of objectives: 1
  Number of constraints: 3999.0
  Number of variables: 1164.0
  Number of binary variables: None
  Number of integer variables: 65.0
  Number of continuous variables: 1099.0
  Number of nonzeros: 16193.0
  Sense: minimize
Solver: 
- Name: GAMS (44, 3, 0, 0)
  Status: ok
  Return code: 0
  Message: None
  User time: 15.977000445127487
  System time: None
  Wallclock time: None
  Termination condition: optimal
  Termination message: None
Solution: 
- number of solutions: 0
  number of solutions displayed: 0

