--- Job model.gms Start 02/25/24 14:36:49 44.3.0 8b8fb1cb LEX-LEG x86 64bit/Linux
--- Applying:
    /local/scratch/a/peng372/opt/gams/44.3/gmsprmun.txt
--- GAMS Parameters defined
    Input /tmp/tmp2_94nf2a/model.gms
    Output /tmp/tmp2_94nf2a/output.lst
    ScrDir /tmp/tmp2_94nf2a/225a/
    SysDir /local/scratch/a/peng372/opt/gams/44.3/
    CurDir /tmp/tmp2_94nf2a/
    LogOption 3
Licensee: Prof. Ignacio E. Grossmann                     G240103|0002AS-GEN
          Carnegie Mellon University, Dept. of Chemical Engineering  DCE375
          /local/scratch/a/peng372/opt/gams/44.3/gamslice.txt
          License Admin: Ignacio E. Grossmann,                             
          Evaluation license: Not for commercial or production use
Processor information: 1 socket(s), 48 core(s), and 96 thread(s) available
GAMS 44.3.0   Copyright (C) 1987-2023 GAMS Development. All rights reserved
--- Starting compilation
--- model.gms(40824) 8 Mb
--- Starting execution: elapsed 0:00:00.056
--- model.gms(27900) 9 Mb
--- Generating MINLP model GAMS_MODEL
--- model.gms(27904) 13 Mb
--- Reset Solvelink = 2
---   8,409 rows  4,458 columns  23,381 non-zeroes
---   44,471 nl-code  6,279 nl-non-zeroes
---   65 discrete-columns
--- Range statistics (absolute non-zero finite values)
--- RHS       [min, max] : [ 1.000E+00, 1.000E+00] - Zero values observed as well
--- Bound     [min, max] : [ 1.000E+00, 3.000E+02] - Zero values observed as well
--- Matrix    [min, max] : [ 3.846E-02, 3.000E+02] - Zero values observed as well
--- model.gms(27904) 11 Mb
--- Executing BARON (Solvelink=2): elapsed 0:00:00.096

GAMS/BARON       44.3.0 8b8fb1cb Sep 1, 2023           LEG x86 64bit/Linux    

===========================================================================
 BARON version 23.6.22. Built: LNX-64 Thu Jun 22 20:08:45 EDT 2023

 BARON is a product of The Optimization Firm.
 For information on BARON, see https://minlp.com/about-baron

 If you use this software, please cite publications from
 https://minlp.com/baron-publications, such as: 

 Khajavirad, A. and N. V. Sahinidis,
 A hybrid LP/NLP paradigm for global optimization relaxations,
 Mathematical Programming Computation, 10, 383-421, 2018.
===========================================================================
 This BARON run may utilize the following subsolver(s)
 For LP/MIP/QP: CLP/CBC, ILOG CPLEX                             
 For NLP: MINOS, SNOPT, External NLP, IPOPT, FILTERSQP
===========================================================================
 Doing local search
 Preprocessing found feasible solution with value -50.6792
 Solving bounding LP
 Starting multi-start local search
 Preprocessing found feasible solution with value -55.9875
 Done with local search
===========================================================================
  Iteration    Open nodes         Time (s)    Lower bound      Upper bound
          1+            1            57.16     -510.229         -55.9875       
*         1             1            58.36     -510.229         -122.424       
          1             1            84.60     -373.733         -122.424       
          3             2           135.94     -373.733         -122.424       
          4             3           172.71     -373.733         -122.424       
          5+            3           203.44     -373.733         -122.424       
          5+            3           239.10     -373.733         -122.424       
          5+            3           269.34     -373.733         -122.424       
          5+            3           300.76     -373.733         -122.424       
          5+            3           335.21     -373.733         -122.424       
          5+            3           369.56     -373.733         -122.424       
          5+            3           399.91     -373.733         -122.424       
          5+            3           433.97     -373.733         -122.424       
          5+            3           468.60     -373.733         -122.424       
          5+            3           498.96     -373.733         -122.424       
          5+            3           530.57     -373.733         -122.424       
          5+            3           562.35     -373.733         -122.424       
          5+            3           594.35     -373.733         -122.424       
          5+            3           629.12     -373.733         -122.424       
          5+            3           661.89     -373.733         -122.424       
          5+            3           692.96     -373.733         -122.424       
          5+            3           726.74     -373.733         -122.424       
          5+            3           758.01     -373.733         -122.424       
          5+            3           790.08     -373.733         -122.424       
          5+            3           823.22     -373.733         -122.424       
          5+            3           853.86     -373.733         -122.424       
          5+            3           884.21     -373.733         -122.424       
          5             2           900.12     -373.733         -122.424       

                    *** Max. allowable time exceeded ***      

 Wall clock time:                   900.14
 Total CPU time used:               900.12

 Total no. of BaR iterations:       5
 Best solution found at node:       1
 Max. no. of nodes in memory:       3
 
 All done
===========================================================================

Solution      = -122.423721215843  found at node 1
Best possible = -373.732643084
Absolute gap  = 251.308921868157  optca = 1E-9
Relative gap  = 0.672429680732152  optcr = 0.0001

--- Reading solution for model GAMS_MODEL
--- Executing after solve: elapsed 0:15:00.351
--- model.gms(27907) 11 Mb
--- model.gms(40824) 13 Mb
--- Putfile results /tmp/tmp2_94nf2a/results.dat
--- Putfile statresults /tmp/tmp2_94nf2a/resultsstat.dat
*** Status: Normal completion
--- Job model.gms Stop 02/25/24 14:51:49 elapsed 0:15:00.374

Problem: 
- Name: /tmp/tmp2_94nf2a/model.gms
  Lower bound: -373.732643084
  Upper bound: -122.42372121584256
  Number of objectives: 1
  Number of constraints: 8409.0
  Number of variables: 4458.0
  Number of binary variables: None
  Number of integer variables: 65.0
  Number of continuous variables: 4393.0
  Number of nonzeros: 23381.0
  Sense: minimize
Solver: 
- Name: GAMS (44, 3, 0, 0)
  Status: ok
  Return code: 0
  Message: None
  User time: 900.2890000585467
  System time: None
  Wallclock time: None
  Termination condition: optimal
  Termination message: None
Solution: 
- number of solutions: 0
  number of solutions displayed: 0

