Starting GDPopt version 22.5.13 using enumerate algorithm
iterlim: None
time_limit: 900
tee: true
logger: <Logger pyomo.contrib.gdpopt (INFO)>
nlp_solver: gams
nlp_solver_args:
  solver: ipopth
minlp_solver: baron
minlp_solver_args:
local_minlp_solver: bonmin
local_minlp_solver_args:
small_dual_tolerance: 1e-08
integer_tolerance: 1e-05
constraint_tolerance: 1e-06
variable_tolerance: 1e-08
subproblem_initialization_method: <function restore_vars_to_original_values_enumerate at 0x7f8ce73663e0>
call_before_subproblem_solve: <class 'pyomo.contrib.gdpopt.util._DoNothing'>
call_after_subproblem_solve: <class 'pyomo.contrib.gdpopt.util._DoNothing'>
call_after_subproblem_feasible: <class 'pyomo.contrib.gdpopt.util._DoNothing'>
force_subproblem_nlp: false
subproblem_presolve: true
tighten_nlp_var_bounds: false
round_discrete_vars: true
max_fbbt_iterations: 3
mip_solver: gurobi
mip_solver_args:

If you use this software, you may cite the following:
            - Implementation:
            Chen, Q; Johnson, ES; Bernal, DE; Valentin, R; Kale, S;
            Bates, J; Siirola, JD; Grossmann, IE.
            Pyomo.GDP: an ecosystem for logic based modeling and optimization
            development.
            Optimization and Engineering, 2021.
Original model has 1911 constraints (1365 nonlinear) and 6 disjunctions, with 1113 variables, of which 15 are binary, 0 are integer, and 1098 are continuous.
    1/729        subproblem          -inf     -18.88710       inf%      0.90  *
    2/729        subproblem          -inf     -19.61756       inf%      1.54  *
    3/729        subproblem          -inf     -19.61756       inf%      1.68  
    4/729        subproblem          -inf     -19.61756       inf%      1.78  
    5/729        subproblem          -inf     -22.48668       inf%      2.42  *
    6/729        subproblem          -inf     -22.48668       inf%      3.05  
    7/729        subproblem          -inf     -22.48668       inf%      3.18  
    8/729        subproblem          -inf     -22.48668       inf%      3.29  
    9/729        subproblem          -inf     -22.48668       inf%      3.40  
   10/729        subproblem          -inf     -22.48668       inf%      3.51  
   11/729        subproblem          -inf     -22.48668       inf%      3.61  
   12/729        subproblem          -inf     -22.48668       inf%      3.72  
   13/729        subproblem          -inf     -22.48668       inf%      3.83  
   14/729        subproblem          -inf     -29.87264       inf%      4.48  *
   15/729        subproblem          -inf     -29.87264       inf%      5.13  
   16/729        subproblem          -inf     -29.87264       inf%      5.23  
   17/729        subproblem          -inf     -29.87264       inf%      5.35  
   18/729        subproblem          -inf     -29.87264       inf%      6.00  
   19/729        subproblem          -inf     -29.87264       inf%      6.11  
   20/729        subproblem          -inf     -29.87264       inf%      6.21  
   21/729        subproblem          -inf     -29.87264       inf%      6.32  
   22/729        subproblem          -inf     -29.87264       inf%      6.43  
   23/729        subproblem          -inf     -29.87264       inf%      6.54  
   24/729        subproblem          -inf     -29.87264       inf%      6.64  
   25/729        subproblem          -inf     -29.87264       inf%      6.77  
   26/729        subproblem          -inf     -29.87264       inf%      6.88  
   27/729        subproblem          -inf     -29.87264       inf%      6.99  
   28/729        subproblem          -inf     -29.87264       inf%      7.09  
   29/729        subproblem          -inf     -29.87264       inf%      7.20  
   30/729        subproblem          -inf     -29.87264       inf%      7.30  
   31/729        subproblem          -inf     -29.87264       inf%      7.41  
   32/729        subproblem          -inf     -29.87264       inf%      7.52  
   33/729        subproblem          -inf     -29.87264       inf%      7.64  
   34/729        subproblem          -inf     -29.87264       inf%      7.74  
   35/729        subproblem          -inf     -29.87264       inf%      7.85  
   36/729        subproblem          -inf     -29.87264       inf%      7.95  
   37/729        subproblem          -inf     -29.87264       inf%      8.06  
   38/729        subproblem          -inf     -29.87264       inf%      8.16  
   39/729        subproblem          -inf     -29.87264       inf%      8.27  
   40/729        subproblem          -inf     -29.87264       inf%      8.37  
   41/729        subproblem          -inf     -56.58952       inf%      9.02  *
   42/729        subproblem          -inf     -56.58952       inf%      9.64  
   43/729        subproblem          -inf     -56.58952       inf%      9.75  
   44/729        subproblem          -inf     -56.58952       inf%      9.87  
   45/729        subproblem          -inf     -56.58952       inf%     10.51  
   46/729        subproblem          -inf     -56.58952       inf%     10.62  
   47/729        subproblem          -inf     -56.58952       inf%     10.72  
   48/729        subproblem          -inf     -56.58952       inf%     10.83  
   49/729        subproblem          -inf     -56.58952       inf%     10.94  
   50/729        subproblem          -inf     -56.58952       inf%     11.05  
   51/729        subproblem          -inf     -56.58952       inf%     11.19  
   52/729        subproblem          -inf     -56.58952       inf%     11.29  
   53/729        subproblem          -inf     -56.58952       inf%     11.41  
   54/729        subproblem          -inf     -56.58952       inf%     12.01  
   55/729        subproblem          -inf     -56.58952       inf%     12.12  
   56/729        subproblem          -inf     -56.58952       inf%     12.23  
   57/729        subproblem          -inf     -56.58952       inf%     12.36  
   58/729        subproblem          -inf     -56.58952       inf%     12.47  
   59/729        subproblem          -inf     -56.58952       inf%     12.58  
   60/729        subproblem          -inf     -56.58952       inf%     12.69  
   61/729        subproblem          -inf     -56.58952       inf%     12.79  
   62/729        subproblem          -inf     -56.58952       inf%     12.90  
   63/729        subproblem          -inf     -56.58952       inf%     13.01  
   64/729        subproblem          -inf     -56.58952       inf%     13.12  
   65/729        subproblem          -inf     -56.58952       inf%     13.22  
   66/729        subproblem          -inf     -56.58952       inf%     13.35  
   67/729        subproblem          -inf     -56.58952       inf%     13.45  
   68/729        subproblem          -inf     -56.58952       inf%     13.56  
   69/729        subproblem          -inf     -56.58952       inf%     13.67  
   70/729        subproblem          -inf     -56.58952       inf%     13.78  
   71/729        subproblem          -inf     -56.58952       inf%     13.89  
   72/729        subproblem          -inf     -56.58952       inf%     14.00  
   73/729        subproblem          -inf     -56.58952       inf%     14.10  
   74/729        subproblem          -inf     -56.58952       inf%     14.23  
   75/729        subproblem          -inf     -56.58952       inf%     14.34  
   76/729        subproblem          -inf     -56.58952       inf%     14.45  
   77/729        subproblem          -inf     -56.58952       inf%     14.56  
   78/729        subproblem          -inf     -56.58952       inf%     14.67  
   79/729        subproblem          -inf     -56.58952       inf%     14.78  
   80/729        subproblem          -inf     -56.58952       inf%     14.89  
   81/729        subproblem          -inf     -56.58952       inf%     15.00  
   82/729        subproblem          -inf     -56.58952       inf%     15.10  
   83/729        subproblem          -inf     -56.58952       inf%     15.22  
   84/729        subproblem          -inf     -56.58952       inf%     15.33  
   85/729        subproblem          -inf     -56.58952       inf%     15.44  
   86/729        subproblem          -inf     -56.58952       inf%     15.54  
   87/729        subproblem          -inf     -56.58952       inf%     15.65  
   88/729        subproblem          -inf     -56.58952       inf%     15.75  
   89/729        subproblem          -inf     -56.58952       inf%     15.86  
   90/729        subproblem          -inf     -56.58952       inf%     15.97  
   91/729        subproblem          -inf     -56.58952       inf%     16.09  
   92/729        subproblem          -inf     -56.58952       inf%     16.20  
   93/729        subproblem          -inf     -56.58952       inf%     16.30  
   94/729        subproblem          -inf     -56.58952       inf%     16.41  
   95/729        subproblem          -inf     -56.58952       inf%     16.51  
   96/729        subproblem          -inf     -56.58952       inf%     16.62  
   97/729        subproblem          -inf     -56.58952       inf%     16.72  
   98/729        subproblem          -inf     -56.58952       inf%     16.83  
   99/729        subproblem          -inf     -56.58952       inf%     16.93  
  100/729        subproblem          -inf     -56.58952       inf%     17.06  
  101/729        subproblem          -inf     -56.58952       inf%     17.16  
  102/729        subproblem          -inf     -56.58952       inf%     17.27  
  103/729        subproblem          -inf     -56.58952       inf%     17.37  
  104/729        subproblem          -inf     -56.58952       inf%     17.48  
  105/729        subproblem          -inf     -56.58952       inf%     17.58  
  106/729        subproblem          -inf     -56.58952       inf%     17.69  
  107/729        subproblem          -inf     -56.58952       inf%     17.80  
  108/729        subproblem          -inf     -56.58952       inf%     17.92  
  109/729        subproblem          -inf     -56.58952       inf%     18.02  
  110/729        subproblem          -inf     -56.58952       inf%     18.13  
  111/729        subproblem          -inf     -56.58952       inf%     18.23  
  112/729        subproblem          -inf     -56.58952       inf%     18.34  
  113/729        subproblem          -inf     -56.58952       inf%     18.44  
  114/729        subproblem          -inf     -56.58952       inf%     18.55  
  115/729        subproblem          -inf     -56.58952       inf%     18.65  
  116/729        subproblem          -inf     -56.58952       inf%     18.78  
  117/729        subproblem          -inf     -56.58952       inf%     18.88  
  118/729        subproblem          -inf     -56.58952       inf%     18.99  
  119/729        subproblem          -inf     -56.58952       inf%     19.09  
  120/729        subproblem          -inf     -56.58952       inf%     19.20  
  121/729        subproblem          -inf     -56.58952       inf%     19.30  
  122/729        subproblem          -inf     -70.78653       inf%     19.96  *
  123/729        subproblem          -inf    -122.42372       inf%     20.59  *
  124/729        subproblem          -inf    -122.42372       inf%     20.70  
  125/729        subproblem          -inf    -122.42372       inf%     20.81  
  126/729        subproblem          -inf    -122.42372       inf%     21.45  
  127/729        subproblem          -inf    -122.42372       inf%     21.55  
  128/729        subproblem          -inf    -122.42372       inf%     21.65  
  129/729        subproblem          -inf    -122.42372       inf%     21.76  
  130/729        subproblem          -inf    -122.42372       inf%     21.86  
  131/729        subproblem          -inf    -122.42372       inf%     21.97  
  132/729        subproblem          -inf    -122.42372       inf%     22.09  
  133/729        subproblem          -inf    -122.42372       inf%     22.19  
  134/729        subproblem          -inf    -122.42372       inf%     22.32  
  135/729        subproblem          -inf    -122.42372       inf%     22.94  
  136/729        subproblem          -inf    -122.42372       inf%     23.05  
  137/729        subproblem          -inf    -122.42372       inf%     23.16  
  138/729        subproblem          -inf    -122.42372       inf%     23.26  
  139/729        subproblem          -inf    -122.42372       inf%     23.37  
  140/729        subproblem          -inf    -122.42372       inf%     23.50  
  141/729        subproblem          -inf    -122.42372       inf%     23.60  
  142/729        subproblem          -inf    -122.42372       inf%     23.71  
  143/729        subproblem          -inf    -122.42372       inf%     23.81  
  144/729        subproblem          -inf    -122.42372       inf%     23.92  
  145/729        subproblem          -inf    -122.42372       inf%     24.02  
  146/729        subproblem          -inf    -122.42372       inf%     24.13  
  147/729        subproblem          -inf    -122.42372       inf%     24.24  
  148/729        subproblem          -inf    -122.42372       inf%     24.34  
  149/729        subproblem          -inf    -122.42372       inf%     24.48  
  150/729        subproblem          -inf    -122.42372       inf%     24.59  
  151/729        subproblem          -inf    -122.42372       inf%     24.70  
  152/729        subproblem          -inf    -122.42372       inf%     24.81  
  153/729        subproblem          -inf    -122.42372       inf%     24.92  
  154/729        subproblem          -inf    -122.42372       inf%     25.03  
  155/729        subproblem          -inf    -122.42372       inf%     25.13  
  156/729        subproblem          -inf    -122.42372       inf%     25.24  
  157/729        subproblem          -inf    -122.42372       inf%     25.36  
  158/729        subproblem          -inf    -122.42372       inf%     25.48  
  159/729        subproblem          -inf    -122.42372       inf%     25.59  
  160/729        subproblem          -inf    -122.42372       inf%     25.69  
  161/729        subproblem          -inf    -122.42372       inf%     25.81  
  162/729        subproblem          -inf    -122.42372       inf%     26.42  
  163/729        subproblem          -inf    -122.42372       inf%     26.55  
  164/729        subproblem          -inf    -122.42372       inf%     26.66  
  165/729        subproblem          -inf    -122.42372       inf%     26.76  
  166/729        subproblem          -inf    -122.42372       inf%     26.87  
  167/729        subproblem          -inf    -122.42372       inf%     26.98  
  168/729        subproblem          -inf    -122.42372       inf%     27.09  
  169/729        subproblem          -inf    -122.42372       inf%     27.20  
  170/729        subproblem          -inf    -122.42372       inf%     27.31  
  171/729        subproblem          -inf    -122.42372       inf%     27.43  
  172/729        subproblem          -inf    -122.42372       inf%     27.54  
  173/729        subproblem          -inf    -122.42372       inf%     27.65  
  174/729        subproblem          -inf    -122.42372       inf%     27.75  
  175/729        subproblem          -inf    -122.42372       inf%     27.86  
  176/729        subproblem          -inf    -122.42372       inf%     27.96  
  177/729        subproblem          -inf    -122.42372       inf%     28.07  
  178/729        subproblem          -inf    -122.42372       inf%     28.18  
  179/729        subproblem          -inf    -122.42372       inf%     28.28  
  180/729        subproblem          -inf    -122.42372       inf%     28.41  
  181/729        subproblem          -inf    -122.42372       inf%     28.52  
  182/729        subproblem          -inf    -122.42372       inf%     28.62  
  183/729        subproblem          -inf    -122.42372       inf%     28.73  
  184/729        subproblem          -inf    -122.42372       inf%     28.84  
  185/729        subproblem          -inf    -122.42372       inf%     28.94  
  186/729        subproblem          -inf    -122.42372       inf%     29.05  
  187/729        subproblem          -inf    -122.42372       inf%     29.16  
  188/729        subproblem          -inf    -122.42372       inf%     29.27  
  189/729        subproblem          -inf    -122.42372       inf%     29.40  
  190/729        subproblem          -inf    -122.42372       inf%     29.50  
  191/729        subproblem          -inf    -122.42372       inf%     29.61  
  192/729        subproblem          -inf    -122.42372       inf%     29.71  
  193/729        subproblem          -inf    -122.42372       inf%     29.82  
  194/729        subproblem          -inf    -122.42372       inf%     29.92  
  195/729        subproblem          -inf    -122.42372       inf%     30.03  
  196/729        subproblem          -inf    -122.42372       inf%     30.13  
  197/729        subproblem          -inf    -122.42372       inf%     30.24  
  198/729        subproblem          -inf    -122.42372       inf%     30.36  
  199/729        subproblem          -inf    -122.42372       inf%     30.47  
  200/729        subproblem          -inf    -122.42372       inf%     30.57  
  201/729        subproblem          -inf    -122.42372       inf%     30.68  
  202/729        subproblem          -inf    -122.42372       inf%     30.78  
  203/729        subproblem          -inf    -122.42372       inf%     30.89  
  204/729        subproblem          -inf    -122.42372       inf%     30.99  
  205/729        subproblem          -inf    -122.42372       inf%     31.10  
  206/729        subproblem          -inf    -122.42372       inf%     31.22  
  207/729        subproblem          -inf    -122.42372       inf%     31.33  
  208/729        subproblem          -inf    -122.42372       inf%     31.44  
  209/729        subproblem          -inf    -122.42372       inf%     31.54  
  210/729        subproblem          -inf    -122.42372       inf%     31.65  
  211/729        subproblem          -inf    -122.42372       inf%     31.75  
  212/729        subproblem          -inf    -122.42372       inf%     31.86  
  213/729        subproblem          -inf    -122.42372       inf%     31.96  
  214/729        subproblem          -inf    -122.42372       inf%     32.07  
  215/729        subproblem          -inf    -122.42372       inf%     32.19  
  216/729        subproblem          -inf    -122.42372       inf%     32.30  
  217/729        subproblem          -inf    -122.42372       inf%     32.41  
  218/729        subproblem          -inf    -122.42372       inf%     32.51  
  219/729        subproblem          -inf    -122.42372       inf%     32.62  
  220/729        subproblem          -inf    -122.42372       inf%     32.73  
  221/729        subproblem          -inf    -122.42372       inf%     32.83  
  222/729        subproblem          -inf    -122.42372       inf%     32.94  
  223/729        subproblem          -inf    -122.42372       inf%     33.07  
  224/729        subproblem          -inf    -122.42372       inf%     33.17  
  225/729        subproblem          -inf    -122.42372       inf%     33.28  
  226/729        subproblem          -inf    -122.42372       inf%     33.39  
  227/729        subproblem          -inf    -122.42372       inf%     33.49  
  228/729        subproblem          -inf    -122.42372       inf%     33.60  
  229/729        subproblem          -inf    -122.42372       inf%     33.70  
  230/729        subproblem          -inf    -122.42372       inf%     33.81  
  231/729        subproblem          -inf    -122.42372       inf%     33.93  
  232/729        subproblem          -inf    -122.42372       inf%     34.04  
  233/729        subproblem          -inf    -122.42372       inf%     34.15  
  234/729        subproblem          -inf    -122.42372       inf%     34.25  
  235/729        subproblem          -inf    -122.42372       inf%     34.36  
  236/729        subproblem          -inf    -122.42372       inf%     34.47  
  237/729        subproblem          -inf    -122.42372       inf%     34.58  
  238/729        subproblem          -inf    -122.42372       inf%     34.68  
  239/729        subproblem          -inf    -122.42372       inf%     34.79  
  240/729        subproblem          -inf    -122.42372       inf%     34.92  
  241/729        subproblem          -inf    -122.42372       inf%     35.02  
  242/729        subproblem          -inf    -122.42372       inf%     35.13  
  243/729        subproblem          -inf    -122.42372       inf%     35.24  
  244/729        subproblem          -inf    -122.42372       inf%     35.34  
  245/729        subproblem          -inf    -122.42372       inf%     35.45  
  246/729        subproblem          -inf    -122.42372       inf%     35.55  
  247/729        subproblem          -inf    -122.42372       inf%     35.66  
  248/729        subproblem          -inf    -122.42372       inf%     35.78  
  249/729        subproblem          -inf    -122.42372       inf%     35.88  
  250/729        subproblem          -inf    -122.42372       inf%     35.99  
  251/729        subproblem          -inf    -122.42372       inf%     36.09  
  252/729        subproblem          -inf    -122.42372       inf%     36.20  
  253/729        subproblem          -inf    -122.42372       inf%     36.30  
  254/729        subproblem          -inf    -122.42372       inf%     36.40  
  255/729        subproblem          -inf    -122.42372       inf%     36.51  
  256/729        subproblem          -inf    -122.42372       inf%     36.63  
  257/729        subproblem          -inf    -122.42372       inf%     36.74  
  258/729        subproblem          -inf    -122.42372       inf%     36.84  
  259/729        subproblem          -inf    -122.42372       inf%     36.95  
  260/729        subproblem          -inf    -122.42372       inf%     37.05  
  261/729        subproblem          -inf    -122.42372       inf%     37.16  
  262/729        subproblem          -inf    -122.42372       inf%     37.26  
  263/729        subproblem          -inf    -122.42372       inf%     37.37  
  264/729        subproblem          -inf    -122.42372       inf%     37.47  
  265/729        subproblem          -inf    -122.42372       inf%     37.60  
  266/729        subproblem          -inf    -122.42372       inf%     37.70  
  267/729        subproblem          -inf    -122.42372       inf%     37.80  
  268/729        subproblem          -inf    -122.42372       inf%     37.91  
  269/729        subproblem          -inf    -122.42372       inf%     38.01  
  270/729        subproblem          -inf    -122.42372       inf%     38.11  
  271/729        subproblem          -inf    -122.42372       inf%     38.22  
  272/729        subproblem          -inf    -122.42372       inf%     38.32  
  273/729        subproblem          -inf    -122.42372       inf%     38.43  
  274/729        subproblem          -inf    -122.42372       inf%     38.55  
  275/729        subproblem          -inf    -122.42372       inf%     38.65  
  276/729        subproblem          -inf    -122.42372       inf%     38.76  
  277/729        subproblem          -inf    -122.42372       inf%     38.86  
  278/729        subproblem          -inf    -122.42372       inf%     38.97  
  279/729        subproblem          -inf    -122.42372       inf%     39.07  
  280/729        subproblem          -inf    -122.42372       inf%     39.18  
  281/729        subproblem          -inf    -122.42372       inf%     39.28  
  282/729        subproblem          -inf    -122.42372       inf%     39.41  
  283/729        subproblem          -inf    -122.42372       inf%     39.51  
  284/729        subproblem          -inf    -122.42372       inf%     39.62  
  285/729        subproblem          -inf    -122.42372       inf%     39.72  
  286/729        subproblem          -inf    -122.42372       inf%     39.82  
  287/729        subproblem          -inf    -122.42372       inf%     39.93  
  288/729        subproblem          -inf    -122.42372       inf%     40.03  
  289/729        subproblem          -inf    -122.42372       inf%     40.13  
  290/729        subproblem          -inf    -122.42372       inf%     40.24  
  291/729        subproblem          -inf    -122.42372       inf%     40.36  
  292/729        subproblem          -inf    -122.42372       inf%     40.47  
  293/729        subproblem          -inf    -122.42372       inf%     40.57  
  294/729        subproblem          -inf    -122.42372       inf%     40.67  
  295/729        subproblem          -inf    -122.42372       inf%     40.77  
  296/729        subproblem          -inf    -122.42372       inf%     40.88  
  297/729        subproblem          -inf    -122.42372       inf%     40.98  
  298/729        subproblem          -inf    -122.42372       inf%     41.08  
  299/729        subproblem          -inf    -122.42372       inf%     41.19  
  300/729        subproblem          -inf    -122.42372       inf%     41.31  
  301/729        subproblem          -inf    -122.42372       inf%     41.42  
  302/729        subproblem          -inf    -122.42372       inf%     41.52  
  303/729        subproblem          -inf    -122.42372       inf%     41.62  
  304/729        subproblem          -inf    -122.42372       inf%     41.73  
  305/729        subproblem          -inf    -122.42372       inf%     41.83  
  306/729        subproblem          -inf    -122.42372       inf%     41.93  
  307/729        subproblem          -inf    -122.42372       inf%     42.04  
  308/729        subproblem          -inf    -122.42372       inf%     42.14  
  309/729        subproblem          -inf    -122.42372       inf%     42.26  
  310/729        subproblem          -inf    -122.42372       inf%     42.37  
  311/729        subproblem          -inf    -122.42372       inf%     42.47  
  312/729        subproblem          -inf    -122.42372       inf%     42.58  
  313/729        subproblem          -inf    -122.42372       inf%     42.68  
  314/729        subproblem          -inf    -122.42372       inf%     42.78  
  315/729        subproblem          -inf    -122.42372       inf%     42.88  
  316/729        subproblem          -inf    -122.42372       inf%     42.99  
  317/729        subproblem          -inf    -122.42372       inf%     43.11  
  318/729        subproblem          -inf    -122.42372       inf%     43.21  
  319/729        subproblem          -inf    -122.42372       inf%     43.32  
  320/729        subproblem          -inf    -122.42372       inf%     43.42  
  321/729        subproblem          -inf    -122.42372       inf%     43.52  
  322/729        subproblem          -inf    -122.42372       inf%     43.62  
  323/729        subproblem          -inf    -122.42372       inf%     43.73  
  324/729        subproblem          -inf    -122.42372       inf%     43.83  
  325/729        subproblem          -inf    -122.42372       inf%     43.93  
  326/729        subproblem          -inf    -122.42372       inf%     44.05  
  327/729        subproblem          -inf    -122.42372       inf%     44.15  
  328/729        subproblem          -inf    -122.42372       inf%     44.25  
  329/729        subproblem          -inf    -122.42372       inf%     44.35  
  330/729        subproblem          -inf    -122.42372       inf%     44.45  
  331/729        subproblem          -inf    -122.42372       inf%     44.55  
  332/729        subproblem          -inf    -122.42372       inf%     44.65  
  333/729        subproblem          -inf    -122.42372       inf%     44.75  
  334/729        subproblem          -inf    -122.42372       inf%     44.87  
  335/729        subproblem          -inf    -122.42372       inf%     44.97  
  336/729        subproblem          -inf    -122.42372       inf%     45.06  
  337/729        subproblem          -inf    -122.42372       inf%     45.16  
  338/729        subproblem          -inf    -122.42372       inf%     45.26  
  339/729        subproblem          -inf    -122.42372       inf%     45.36  
  340/729        subproblem          -inf    -122.42372       inf%     45.46  
  341/729        subproblem          -inf    -122.42372       inf%     45.56  
  342/729        subproblem          -inf    -122.42372       inf%     45.66  
  343/729        subproblem          -inf    -122.42372       inf%     45.78  
  344/729        subproblem          -inf    -122.42372       inf%     45.88  
  345/729        subproblem          -inf    -122.42372       inf%     45.98  
  346/729        subproblem          -inf    -122.42372       inf%     46.08  
  347/729        subproblem          -inf    -122.42372       inf%     46.18  
  348/729        subproblem          -inf    -122.42372       inf%     46.28  
  349/729        subproblem          -inf    -122.42372       inf%     46.38  
  350/729        subproblem          -inf    -122.42372       inf%     46.48  
  351/729        subproblem          -inf    -122.42372       inf%     46.58  
  352/729        subproblem          -inf    -122.42372       inf%     46.70  
  353/729        subproblem          -inf    -122.42372       inf%     46.80  
  354/729        subproblem          -inf    -122.42372       inf%     46.90  
  355/729        subproblem          -inf    -122.42372       inf%     47.00  
  356/729        subproblem          -inf    -122.42372       inf%     47.10  
  357/729        subproblem          -inf    -122.42372       inf%     47.20  
  358/729        subproblem          -inf    -122.42372       inf%     47.30  
  359/729        subproblem          -inf    -122.42372       inf%     47.40  
  360/729        subproblem          -inf    -122.42372       inf%     47.50  
  361/729        subproblem          -inf    -122.42372       inf%     47.62  
  362/729        subproblem          -inf    -122.42372       inf%     47.72  
  363/729        subproblem          -inf    -122.42372       inf%     47.82  
  364/729        subproblem          -inf    -122.42372       inf%     47.92  
  365/729        subproblem          -inf    -122.42372       inf%     48.01  
  366/729        subproblem          -inf    -122.42372       inf%     48.11  
  367/729        subproblem          -inf    -122.42372       inf%     48.21  
  368/729        subproblem          -inf    -122.42372       inf%     48.31  
  369/729        subproblem          -inf    -122.42372       inf%     48.41  
  370/729        subproblem          -inf    -122.42372       inf%     48.52  
  371/729        subproblem          -inf    -122.42372       inf%     48.62  
  372/729        subproblem          -inf    -122.42372       inf%     48.72  
  373/729        subproblem          -inf    -122.42372       inf%     48.82  
  374/729        subproblem          -inf    -122.42372       inf%     48.92  
  375/729        subproblem          -inf    -122.42372       inf%     49.01  
  376/729        subproblem          -inf    -122.42372       inf%     49.11  
  377/729        subproblem          -inf    -122.42372       inf%     49.21  
  378/729        subproblem          -inf    -122.42372       inf%     49.33  
  379/729        subproblem          -inf    -122.42372       inf%     49.43  
  380/729        subproblem          -inf    -122.42372       inf%     49.53  
  381/729        subproblem          -inf    -122.42372       inf%     49.63  
  382/729        subproblem          -inf    -122.42372       inf%     49.72  
  383/729        subproblem          -inf    -122.42372       inf%     49.82  
  384/729        subproblem          -inf    -122.42372       inf%     49.92  
  385/729        subproblem          -inf    -122.42372       inf%     50.02  
  386/729        subproblem          -inf    -122.42372       inf%     50.12  
  387/729        subproblem          -inf    -122.42372       inf%     50.24  
  388/729        subproblem          -inf    -122.42372       inf%     50.34  
  389/729        subproblem          -inf    -122.42372       inf%     50.44  
  390/729        subproblem          -inf    -122.42372       inf%     50.54  
  391/729        subproblem          -inf    -122.42372       inf%     50.64  
  392/729        subproblem          -inf    -122.42372       inf%     50.74  
  393/729        subproblem          -inf    -122.42372       inf%     50.83  
  394/729        subproblem          -inf    -122.42372       inf%     50.93  
  395/729        subproblem          -inf    -122.42372       inf%     51.03  
  396/729        subproblem          -inf    -122.42372       inf%     51.15  
  397/729        subproblem          -inf    -122.42372       inf%     51.25  
  398/729        subproblem          -inf    -122.42372       inf%     51.35  
  399/729        subproblem          -inf    -122.42372       inf%     51.45  
  400/729        subproblem          -inf    -122.42372       inf%     51.55  
  401/729        subproblem          -inf    -122.42372       inf%     51.65  
  402/729        subproblem          -inf    -122.42372       inf%     51.75  
  403/729        subproblem          -inf    -122.42372       inf%     51.85  
  404/729        subproblem          -inf    -122.42372       inf%     51.96  
  405/729        subproblem          -inf    -122.42372       inf%     52.06  
  406/729        subproblem          -inf    -122.42372       inf%     52.17  
  407/729        subproblem          -inf    -122.42372       inf%     52.27  
  408/729        subproblem          -inf    -122.42372       inf%     52.38  
  409/729        subproblem          -inf    -122.42372       inf%     52.48  
  410/729        subproblem          -inf    -122.42372       inf%     52.58  
  411/729        subproblem          -inf    -122.42372       inf%     52.69  
  412/729        subproblem          -inf    -122.42372       inf%     52.79  
  413/729        subproblem          -inf    -122.42372       inf%     52.92  
  414/729        subproblem          -inf    -122.42372       inf%     53.02  
  415/729        subproblem          -inf    -122.42372       inf%     53.13  
  416/729        subproblem          -inf    -122.42372       inf%     53.23  
  417/729        subproblem          -inf    -122.42372       inf%     53.34  
  418/729        subproblem          -inf    -122.42372       inf%     53.44  
  419/729        subproblem          -inf    -122.42372       inf%     53.54  
  420/729        subproblem          -inf    -122.42372       inf%     53.65  
  421/729        subproblem          -inf    -122.42372       inf%     53.75  
  422/729        subproblem          -inf    -122.42372       inf%     53.87  
  423/729        subproblem          -inf    -122.42372       inf%     53.98  
  424/729        subproblem          -inf    -122.42372       inf%     54.08  
  425/729        subproblem          -inf    -122.42372       inf%     54.18  
  426/729        subproblem          -inf    -122.42372       inf%     54.29  
  427/729        subproblem          -inf    -122.42372       inf%     54.39  
  428/729        subproblem          -inf    -122.42372       inf%     54.49  
  429/729        subproblem          -inf    -122.42372       inf%     54.60  
  430/729        subproblem          -inf    -122.42372       inf%     54.72  
  431/729        subproblem          -inf    -122.42372       inf%     54.82  
  432/729        subproblem          -inf    -122.42372       inf%     54.93  
  433/729        subproblem          -inf    -122.42372       inf%     55.03  
  434/729        subproblem          -inf    -122.42372       inf%     55.13  
  435/729        subproblem          -inf    -122.42372       inf%     55.23  
  436/729        subproblem          -inf    -122.42372       inf%     55.33  
  437/729        subproblem          -inf    -122.42372       inf%     55.43  
  438/729        subproblem          -inf    -122.42372       inf%     55.55  
  439/729        subproblem          -inf    -122.42372       inf%     55.65  
  440/729        subproblem          -inf    -122.42372       inf%     55.75  
  441/729        subproblem          -inf    -122.42372       inf%     55.85  
  442/729        subproblem          -inf    -122.42372       inf%     55.95  
  443/729        subproblem          -inf    -122.42372       inf%     56.05  
  444/729        subproblem          -inf    -122.42372       inf%     56.15  
  445/729        subproblem          -inf    -122.42372       inf%     56.25  
  446/729        subproblem          -inf    -122.42372       inf%     56.35  
  447/729        subproblem          -inf    -122.42372       inf%     56.47  
  448/729        subproblem          -inf    -122.42372       inf%     56.57  
  449/729        subproblem          -inf    -122.42372       inf%     56.67  
  450/729        subproblem          -inf    -122.42372       inf%     56.76  
  451/729        subproblem          -inf    -122.42372       inf%     56.86  
  452/729        subproblem          -inf    -122.42372       inf%     56.96  
  453/729        subproblem          -inf    -122.42372       inf%     57.06  
  454/729        subproblem          -inf    -122.42372       inf%     57.16  
  455/729        subproblem          -inf    -122.42372       inf%     57.26  
  456/729        subproblem          -inf    -122.42372       inf%     57.38  
  457/729        subproblem          -inf    -122.42372       inf%     57.48  
  458/729        subproblem          -inf    -122.42372       inf%     57.58  
  459/729        subproblem          -inf    -122.42372       inf%     57.68  
  460/729        subproblem          -inf    -122.42372       inf%     57.78  
  461/729        subproblem          -inf    -122.42372       inf%     57.89  
  462/729        subproblem          -inf    -122.42372       inf%     57.99  
  463/729        subproblem          -inf    -122.42372       inf%     58.10  
  464/729        subproblem          -inf    -122.42372       inf%     58.20  
  465/729        subproblem          -inf    -122.42372       inf%     58.32  
  466/729        subproblem          -inf    -122.42372       inf%     58.43  
  467/729        subproblem          -inf    -122.42372       inf%     58.54  
  468/729        subproblem          -inf    -122.42372       inf%     58.64  
  469/729        subproblem          -inf    -122.42372       inf%     58.74  
  470/729        subproblem          -inf    -122.42372       inf%     58.84  
  471/729        subproblem          -inf    -122.42372       inf%     58.94  
  472/729        subproblem          -inf    -122.42372       inf%     59.04  
  473/729        subproblem          -inf    -122.42372       inf%     59.16  
  474/729        subproblem          -inf    -122.42372       inf%     59.26  
  475/729        subproblem          -inf    -122.42372       inf%     59.36  
  476/729        subproblem          -inf    -122.42372       inf%     59.46  
  477/729        subproblem          -inf    -122.42372       inf%     59.56  
  478/729        subproblem          -inf    -122.42372       inf%     59.66  
  479/729        subproblem          -inf    -122.42372       inf%     59.77  
  480/729        subproblem          -inf    -122.42372       inf%     59.87  
  481/729        subproblem          -inf    -122.42372       inf%     59.97  
  482/729        subproblem          -inf    -122.42372       inf%     60.09  
  483/729        subproblem          -inf    -122.42372       inf%     60.19  
  484/729        subproblem          -inf    -122.42372       inf%     60.29  
  485/729        subproblem          -inf    -122.42372       inf%     60.40  
  486/729        subproblem          -inf    -122.42372       inf%     61.02  
  487/729        subproblem          -inf    -122.42372       inf%     61.70  
  488/729        subproblem          -inf    -122.42372       inf%     61.81  
  489/729        subproblem          -inf    -122.42372       inf%     61.92  
  490/729        subproblem          -inf    -122.42372       inf%     62.03  
  491/729        subproblem          -inf    -122.42372       inf%     62.14  
  492/729        subproblem          -inf    -122.42372       inf%     62.26  
  493/729        subproblem          -inf    -122.42372       inf%     62.37  
  494/729        subproblem          -inf    -122.42372       inf%     62.50  
  495/729        subproblem          -inf    -122.42372       inf%     62.61  
  496/729        subproblem          -inf    -122.42372       inf%     62.72  
  497/729        subproblem          -inf    -122.42372       inf%     62.82  
  498/729        subproblem          -inf    -122.42372       inf%     62.93  
  499/729        subproblem          -inf    -122.42372       inf%     63.03  
  500/729        subproblem          -inf    -122.42372       inf%     63.15  
  501/729        subproblem          -inf    -122.42372       inf%     63.26  
  502/729        subproblem          -inf    -122.42372       inf%     63.38  
  503/729        subproblem          -inf    -122.42372       inf%     63.50  
  504/729        subproblem          -inf    -122.42372       inf%     63.61  
  505/729        subproblem          -inf    -122.42372       inf%     63.72  
  506/729        subproblem          -inf    -122.42372       inf%     63.83  
  507/729        subproblem          -inf    -122.42372       inf%     63.95  
  508/729        subproblem          -inf    -122.42372       inf%     64.05  
  509/729        subproblem          -inf    -122.42372       inf%     64.16  
  510/729        subproblem          -inf    -122.42372       inf%     64.27  
  511/729        subproblem          -inf    -122.42372       inf%     64.39  
  512/729        subproblem          -inf    -122.42372       inf%     64.50  
  513/729        subproblem          -inf    -122.42372       inf%     64.61  
  514/729        subproblem          -inf    -122.42372       inf%     64.72  
  515/729        subproblem          -inf    -122.42372       inf%     64.82  
  516/729        subproblem          -inf    -122.42372       inf%     64.93  
  517/729        subproblem          -inf    -122.42372       inf%     65.03  
  518/729        subproblem          -inf    -122.42372       inf%     65.13  
  519/729        subproblem          -inf    -122.42372       inf%     65.26  
  520/729        subproblem          -inf    -122.42372       inf%     65.36  
  521/729        subproblem          -inf    -122.42372       inf%     65.47  
  522/729        subproblem          -inf    -122.42372       inf%     65.57  
  523/729        subproblem          -inf    -122.42372       inf%     65.68  
  524/729        subproblem          -inf    -122.42372       inf%     65.78  
  525/729        subproblem          -inf    -122.42372       inf%     65.88  
  526/729        subproblem          -inf    -122.42372       inf%     66.00  
  527/729        subproblem          -inf    -122.42372       inf%     66.11  
  528/729        subproblem          -inf    -122.42372       inf%     66.24  
  529/729        subproblem          -inf    -122.42372       inf%     66.34  
  530/729        subproblem          -inf    -122.42372       inf%     66.45  
  531/729        subproblem          -inf    -122.42372       inf%     66.56  
  532/729        subproblem          -inf    -122.42372       inf%     66.67  
  533/729        subproblem          -inf    -122.42372       inf%     66.77  
  534/729        subproblem          -inf    -122.42372       inf%     66.88  
  535/729        subproblem          -inf    -122.42372       inf%     66.98  
  536/729        subproblem          -inf    -122.42372       inf%     67.11  
  537/729        subproblem          -inf    -122.42372       inf%     67.22  
  538/729        subproblem          -inf    -122.42372       inf%     67.33  
  539/729        subproblem          -inf    -122.42372       inf%     67.44  
  540/729        subproblem          -inf    -122.42372       inf%     67.55  
  541/729        subproblem          -inf    -122.42372       inf%     67.65  
  542/729        subproblem          -inf    -122.42372       inf%     67.76  
  543/729        subproblem          -inf    -122.42372       inf%     67.87  
  544/729        subproblem          -inf    -122.42372       inf%     67.99  
  545/729        subproblem          -inf    -122.42372       inf%     68.10  
  546/729        subproblem          -inf    -122.42372       inf%     68.21  
  547/729        subproblem          -inf    -122.42372       inf%     68.31  
  548/729        subproblem          -inf    -122.42372       inf%     68.42  
  549/729        subproblem          -inf    -122.42372       inf%     68.53  
  550/729        subproblem          -inf    -122.42372       inf%     68.64  
  551/729        subproblem          -inf    -122.42372       inf%     68.74  
  552/729        subproblem          -inf    -122.42372       inf%     68.85  
  553/729        subproblem          -inf    -122.42372       inf%     68.97  
  554/729        subproblem          -inf    -122.42372       inf%     69.08  
  555/729        subproblem          -inf    -122.42372       inf%     69.19  
  556/729        subproblem          -inf    -122.42372       inf%     69.29  
  557/729        subproblem          -inf    -122.42372       inf%     69.40  
  558/729        subproblem          -inf    -122.42372       inf%     69.51  
  559/729        subproblem          -inf    -122.42372       inf%     69.61  
  560/729        subproblem          -inf    -122.42372       inf%     69.72  
  561/729        subproblem          -inf    -122.42372       inf%     69.85  
  562/729        subproblem          -inf    -122.42372       inf%     69.95  
  563/729        subproblem          -inf    -122.42372       inf%     70.06  
  564/729        subproblem          -inf    -122.42372       inf%     70.17  
  565/729        subproblem          -inf    -122.42372       inf%     70.28  
  566/729        subproblem          -inf    -122.42372       inf%     70.39  
  567/729        subproblem          -inf    -122.42372       inf%     70.50  
  568/729        subproblem          -inf    -122.42372       inf%     70.60  
  569/729        subproblem          -inf    -122.42372       inf%     70.69  
  570/729        subproblem          -inf    -122.42372       inf%     70.81  
  571/729        subproblem          -inf    -122.42372       inf%     70.91  
  572/729        subproblem          -inf    -122.42372       inf%     71.01  
  573/729        subproblem          -inf    -122.42372       inf%     71.11  
  574/729        subproblem          -inf    -122.42372       inf%     71.20  
  575/729        subproblem          -inf    -122.42372       inf%     71.30  
  576/729        subproblem          -inf    -122.42372       inf%     71.40  
  577/729        subproblem          -inf    -122.42372       inf%     71.50  
  578/729        subproblem          -inf    -122.42372       inf%     71.60  
  579/729        subproblem          -inf    -122.42372       inf%     71.72  
  580/729        subproblem          -inf    -122.42372       inf%     71.82  
  581/729        subproblem          -inf    -122.42372       inf%     71.91  
  582/729        subproblem          -inf    -122.42372       inf%     72.01  
  583/729        subproblem          -inf    -122.42372       inf%     72.11  
  584/729        subproblem          -inf    -122.42372       inf%     72.21  
  585/729        subproblem          -inf    -122.42372       inf%     72.31  
  586/729        subproblem          -inf    -122.42372       inf%     72.41  
  587/729        subproblem          -inf    -122.42372       inf%     72.52  
  588/729        subproblem          -inf    -122.42372       inf%     72.62  
  589/729        subproblem          -inf    -122.42372       inf%     72.72  
  590/729        subproblem          -inf    -122.42372       inf%     72.82  
  591/729        subproblem          -inf    -122.42372       inf%     72.92  
  592/729        subproblem          -inf    -122.42372       inf%     73.01  
  593/729        subproblem          -inf    -122.42372       inf%     73.11  
  594/729        subproblem          -inf    -122.42372       inf%     73.21  
  595/729        subproblem          -inf    -122.42372       inf%     73.31  
  596/729        subproblem          -inf    -122.42372       inf%     73.42  
  597/729        subproblem          -inf    -122.42372       inf%     73.52  
  598/729        subproblem          -inf    -122.42372       inf%     73.62  
  599/729        subproblem          -inf    -122.42372       inf%     73.72  
  600/729        subproblem          -inf    -122.42372       inf%     73.82  
  601/729        subproblem          -inf    -122.42372       inf%     73.92  
  602/729        subproblem          -inf    -122.42372       inf%     74.02  
  603/729        subproblem          -inf    -122.42372       inf%     74.11  
  604/729        subproblem          -inf    -122.42372       inf%     74.21  
  605/729        subproblem          -inf    -122.42372       inf%     74.33  
  606/729        subproblem          -inf    -122.42372       inf%     74.43  
  607/729        subproblem          -inf    -122.42372       inf%     74.53  
  608/729        subproblem          -inf    -122.42372       inf%     74.62  
  609/729        subproblem          -inf    -122.42372       inf%     74.72  
  610/729        subproblem          -inf    -122.42372       inf%     74.82  
  611/729        subproblem          -inf    -122.42372       inf%     74.92  
  612/729        subproblem          -inf    -122.42372       inf%     75.02  
  613/729        subproblem          -inf    -122.42372       inf%     75.11  
  614/729        subproblem          -inf    -122.42372       inf%     75.23  
  615/729        subproblem          -inf    -122.42372       inf%     75.33  
  616/729        subproblem          -inf    -122.42372       inf%     75.43  
  617/729        subproblem          -inf    -122.42372       inf%     75.52  
  618/729        subproblem          -inf    -122.42372       inf%     75.62  
  619/729        subproblem          -inf    -122.42372       inf%     75.72  
  620/729        subproblem          -inf    -122.42372       inf%     75.82  
  621/729        subproblem          -inf    -122.42372       inf%     75.92  
  622/729        subproblem          -inf    -122.42372       inf%     76.04  
  623/729        subproblem          -inf    -122.42372       inf%     76.13  
  624/729        subproblem          -inf    -122.42372       inf%     76.23  
  625/729        subproblem          -inf    -122.42372       inf%     76.33  
  626/729        subproblem          -inf    -122.42372       inf%     76.43  
  627/729        subproblem          -inf    -122.42372       inf%     76.53  
  628/729        subproblem          -inf    -122.42372       inf%     76.63  
  629/729        subproblem          -inf    -122.42372       inf%     76.73  
  630/729        subproblem          -inf    -122.42372       inf%     76.82  
  631/729        subproblem          -inf    -122.42372       inf%     76.94  
  632/729        subproblem          -inf    -122.42372       inf%     77.04  
  633/729        subproblem          -inf    -122.42372       inf%     77.14  
  634/729        subproblem          -inf    -122.42372       inf%     77.24  
  635/729        subproblem          -inf    -122.42372       inf%     77.34  
  636/729        subproblem          -inf    -122.42372       inf%     77.44  
  637/729        subproblem          -inf    -122.42372       inf%     77.53  
  638/729        subproblem          -inf    -122.42372       inf%     77.63  
  639/729        subproblem          -inf    -122.42372       inf%     77.73  
  640/729        subproblem          -inf    -122.42372       inf%     77.85  
  641/729        subproblem          -inf    -122.42372       inf%     77.95  
  642/729        subproblem          -inf    -122.42372       inf%     78.05  
  643/729        subproblem          -inf    -122.42372       inf%     78.15  
  644/729        subproblem          -inf    -122.42372       inf%     78.25  
  645/729        subproblem          -inf    -122.42372       inf%     78.35  
  646/729        subproblem          -inf    -122.42372       inf%     78.44  
  647/729        subproblem          -inf    -122.42372       inf%     78.54  
  648/729        subproblem          -inf    -122.42372       inf%     78.64  
  649/729        subproblem          -inf    -122.42372       inf%     78.77  
  650/729        subproblem          -inf    -122.42372       inf%     78.87  
  651/729        subproblem          -inf    -122.42372       inf%     78.98  
  652/729        subproblem          -inf    -122.42372       inf%     79.08  
  653/729        subproblem          -inf    -122.42372       inf%     79.19  
  654/729        subproblem          -inf    -122.42372       inf%     79.30  
  655/729        subproblem          -inf    -122.42372       inf%     79.40  
  656/729        subproblem          -inf    -122.42372       inf%     79.51  
  657/729        subproblem          -inf    -122.42372       inf%     79.63  
  658/729        subproblem          -inf    -122.42372       inf%     79.74  
  659/729        subproblem          -inf    -122.42372       inf%     79.85  
  660/729        subproblem          -inf    -122.42372       inf%     79.95  
  661/729        subproblem          -inf    -122.42372       inf%     80.06  
  662/729        subproblem          -inf    -122.42372       inf%     80.16  
  663/729        subproblem          -inf    -122.42372       inf%     80.27  
  664/729        subproblem          -inf    -122.42372       inf%     80.37  
  665/729        subproblem          -inf    -122.42372       inf%     80.48  
  666/729        subproblem          -inf    -122.42372       inf%     80.60  
  667/729        subproblem          -inf    -122.42372       inf%     80.71  
  668/729        subproblem          -inf    -122.42372       inf%     80.82  
  669/729        subproblem          -inf    -122.42372       inf%     80.92  
  670/729        subproblem          -inf    -122.42372       inf%     81.03  
  671/729        subproblem          -inf    -122.42372       inf%     81.14  
  672/729        subproblem          -inf    -122.42372       inf%     81.24  
  673/729        subproblem          -inf    -122.42372       inf%     81.35  
  674/729        subproblem          -inf    -122.42372       inf%     81.45  
  675/729        subproblem          -inf    -122.42372       inf%     81.58  
  676/729        subproblem          -inf    -122.42372       inf%     81.68  
  677/729        subproblem          -inf    -122.42372       inf%     81.78  
  678/729        subproblem          -inf    -122.42372       inf%     81.87  
  679/729        subproblem          -inf    -122.42372       inf%     81.97  
  680/729        subproblem          -inf    -122.42372       inf%     82.07  
  681/729        subproblem          -inf    -122.42372       inf%     82.17  
  682/729        subproblem          -inf    -122.42372       inf%     82.27  
  683/729        subproblem          -inf    -122.42372       inf%     82.37  
  684/729        subproblem          -inf    -122.42372       inf%     82.49  
  685/729        subproblem          -inf    -122.42372       inf%     82.59  
  686/729        subproblem          -inf    -122.42372       inf%     82.69  
  687/729        subproblem          -inf    -122.42372       inf%     82.79  
  688/729        subproblem          -inf    -122.42372       inf%     82.88  
  689/729        subproblem          -inf    -122.42372       inf%     82.98  
  690/729        subproblem          -inf    -122.42372       inf%     83.08  
  691/729        subproblem          -inf    -122.42372       inf%     83.18  
  692/729        subproblem          -inf    -122.42372       inf%     83.28  
  693/729        subproblem          -inf    -122.42372       inf%     83.39  
  694/729        subproblem          -inf    -122.42372       inf%     83.49  
  695/729        subproblem          -inf    -122.42372       inf%     83.59  
  696/729        subproblem          -inf    -122.42372       inf%     83.69  
  697/729        subproblem          -inf    -122.42372       inf%     83.79  
  698/729        subproblem          -inf    -122.42372       inf%     83.89  
  699/729        subproblem          -inf    -122.42372       inf%     83.99  
  700/729        subproblem          -inf    -122.42372       inf%     84.09  
  701/729        subproblem          -inf    -122.42372       inf%     84.20  
  702/729        subproblem          -inf    -122.42372       inf%     84.30  
  703/729        subproblem          -inf    -122.42372       inf%     84.41  
  704/729        subproblem          -inf    -122.42372       inf%     84.52  
  705/729        subproblem          -inf    -122.42372       inf%     84.62  
  706/729        subproblem          -inf    -122.42372       inf%     84.73  
  707/729        subproblem          -inf    -122.42372       inf%     84.83  
  708/729        subproblem          -inf    -122.42372       inf%     84.94  
  709/729        subproblem          -inf    -122.42372       inf%     85.05  
  710/729        subproblem          -inf    -122.42372       inf%     85.17  
  711/729        subproblem          -inf    -122.42372       inf%     85.28  
  712/729        subproblem          -inf    -122.42372       inf%     85.38  
  713/729        subproblem          -inf    -122.42372       inf%     85.48  
  714/729        subproblem          -inf    -122.42372       inf%     85.58  
  715/729        subproblem          -inf    -122.42372       inf%     85.68  
  716/729        subproblem          -inf    -122.42372       inf%     85.78  
  717/729        subproblem          -inf    -122.42372       inf%     85.88  
  718/729        subproblem          -inf    -122.42372       inf%     85.98  
  719/729        subproblem          -inf    -122.42372       inf%     86.09  
  720/729        subproblem          -inf    -122.42372       inf%     86.19  
  721/729        subproblem          -inf    -122.42372       inf%     86.30  
  722/729        subproblem          -inf    -122.42372       inf%     86.41  
  723/729        subproblem          -inf    -122.42372       inf%     86.51  
  724/729        subproblem          -inf    -122.42372       inf%     86.61  
  725/729        subproblem          -inf    -122.42372       inf%     86.71  
  726/729        subproblem          -inf    -122.42372       inf%     86.81  
  727/729        subproblem          -inf    -122.42372       inf%     86.92  
  728/729        subproblem          -inf    -122.42372       inf%     87.04  
  729/729        subproblem          -inf    -122.42372       inf%     87.14  
  729/729                      -122.42372    -122.42372      0.00%     87.14  
GDPopt exiting--all discrete solutions have been enumerated.

Solved in 729 iterations and 87.14225 seconds
Optimal objective value -122.4237212358
Relative optimality gap 0.00000%

Problem: 
- Name: unknown
  Lower bound: -122.42372123584425
  Upper bound: -122.42372123584425
  Number of objectives: 1
  Number of constraints: 1911
  Number of variables: 1113
  Number of binary variables: 15
  Number of integer variables: 0
  Number of continuous variables: 1098
  Number of nonzeros: None
  Sense: 1
  Number of disjunctions: 6
Solver: 
- Name: GDPopt (22, 5, 13) - enumerate
  Status: ok
  User time: 87.14220979064703
  Wallclock time: 87.14220979064703
  Termination condition: optimal
  Iterations: 729
  Timing: main_timer_start_time: 5822851.357612035
nlp: 87.00355748739094
total: 87.14220979064703

