Starting GDPopt version 22.5.13 using enumerate algorithm
iterlim: None
time_limit: 900
tee: true
logger: <Logger pyomo.contrib.gdpopt (INFO)>
nlp_solver: gams
nlp_solver_args:
  solver: knitro
minlp_solver: baron
minlp_solver_args:
local_minlp_solver: bonmin
local_minlp_solver_args:
small_dual_tolerance: 1e-08
integer_tolerance: 1e-05
constraint_tolerance: 1e-06
variable_tolerance: 1e-08
subproblem_initialization_method: <function restore_vars_to_original_values_enumerate at 0x7f8ce73663e0>
call_before_subproblem_solve: <class 'pyomo.contrib.gdpopt.util._DoNothing'>
call_after_subproblem_solve: <class 'pyomo.contrib.gdpopt.util._DoNothing'>
call_after_subproblem_feasible: <class 'pyomo.contrib.gdpopt.util._DoNothing'>
force_subproblem_nlp: false
subproblem_presolve: true
tighten_nlp_var_bounds: false
round_discrete_vars: true
max_fbbt_iterations: 3
mip_solver: gurobi
mip_solver_args:

If you use this software, you may cite the following:
            - Implementation:
            Chen, Q; Johnson, ES; Bernal, DE; Valentin, R; Kale, S;
            Bates, J; Siirola, JD; Grossmann, IE.
            Pyomo.GDP: an ecosystem for logic based modeling and optimization
            development.
            Optimization and Engineering, 2021.
Original model has 1911 constraints (1365 nonlinear) and 6 disjunctions, with 1113 variables, of which 15 are binary, 0 are integer, and 1098 are continuous.
    1/729        subproblem          -inf     -18.88716       inf%      0.86  *
    2/729        subproblem          -inf     -19.61756       inf%      1.54  *
    3/729        subproblem          -inf     -19.61756       inf%      1.65  
    4/729        subproblem          -inf     -19.61756       inf%      1.76  
    5/729        subproblem          -inf     -22.48668       inf%      2.45  *
    6/729        subproblem          -inf     -22.48668       inf%      3.10  
    7/729        subproblem          -inf     -22.48668       inf%      3.22  
    8/729        subproblem          -inf     -22.48668       inf%      3.33  
    9/729        subproblem          -inf     -22.48668       inf%      3.44  
   10/729        subproblem          -inf     -22.48668       inf%      3.57  
   11/729        subproblem          -inf     -22.48668       inf%      3.68  
   12/729        subproblem          -inf     -22.48668       inf%      3.78  
   13/729        subproblem          -inf     -22.48668       inf%      3.89  
   14/729        subproblem          -inf     -29.87264       inf%      4.56  *
   15/729        subproblem          -inf     -29.87264       inf%      5.22  
   16/729        subproblem          -inf     -29.87264       inf%      5.33  
   17/729        subproblem          -inf     -29.87264       inf%      5.45  
   18/729        subproblem          -inf     -29.87264       inf%      6.10  
   19/729        subproblem          -inf     -29.87264       inf%      6.23  
   20/729        subproblem          -inf     -29.87264       inf%      6.34  
   21/729        subproblem          -inf     -29.87264       inf%      6.45  
   22/729        subproblem          -inf     -29.87264       inf%      6.56  
   23/729        subproblem          -inf     -29.87264       inf%      6.67  
   24/729        subproblem          -inf     -29.87264       inf%      6.78  
   25/729        subproblem          -inf     -29.87264       inf%      6.89  
   26/729        subproblem          -inf     -29.87264       inf%      7.00  
   27/729        subproblem          -inf     -29.87264       inf%      7.11  
   28/729        subproblem          -inf     -29.87264       inf%      7.24  
   29/729        subproblem          -inf     -29.87264       inf%      7.35  
   30/729        subproblem          -inf     -29.87264       inf%      7.46  
   31/729        subproblem          -inf     -29.87264       inf%      7.56  
   32/729        subproblem          -inf     -29.87264       inf%      7.67  
   33/729        subproblem          -inf     -29.87264       inf%      7.78  
   34/729        subproblem          -inf     -29.87264       inf%      7.88  
   35/729        subproblem          -inf     -29.87264       inf%      7.99  
   36/729        subproblem          -inf     -29.87264       inf%      8.10  
   37/729        subproblem          -inf     -29.87264       inf%      8.22  
   38/729        subproblem          -inf     -29.87264       inf%      8.33  
   39/729        subproblem          -inf     -29.87264       inf%      8.44  
   40/729        subproblem          -inf     -29.87264       inf%      8.55  
   41/729        subproblem          -inf     -56.58952       inf%      9.20  *
   42/729        subproblem          -inf     -56.58952       inf%      9.88  
   43/729        subproblem          -inf     -56.58952       inf%      9.99  
   44/729        subproblem          -inf     -56.58952       inf%     10.11  
   45/729        subproblem          -inf     -56.58952       inf%     10.75  
   46/729        subproblem          -inf     -56.58952       inf%     10.88  
   47/729        subproblem          -inf     -56.58952       inf%     10.99  
   48/729        subproblem          -inf     -56.58952       inf%     11.09  
   49/729        subproblem          -inf     -56.58952       inf%     11.20  
   50/729        subproblem          -inf     -56.58952       inf%     11.31  
   51/729        subproblem          -inf     -56.58952       inf%     11.43  
   52/729        subproblem          -inf     -56.58952       inf%     11.53  
   53/729        subproblem          -inf     -56.58952       inf%     11.65  
   54/729        subproblem          -inf     -56.58952       inf%     12.30  
   55/729        subproblem          -inf     -56.58952       inf%     12.41  
   56/729        subproblem          -inf     -56.58952       inf%     12.52  
   57/729        subproblem          -inf     -56.58952       inf%     12.63  
   58/729        subproblem          -inf     -56.58952       inf%     12.74  
   59/729        subproblem          -inf     -56.58952       inf%     12.85  
   60/729        subproblem          -inf     -56.58952       inf%     12.96  
   61/729        subproblem          -inf     -56.58952       inf%     13.10  
   62/729        subproblem          -inf     -56.58952       inf%     13.21  
   63/729        subproblem          -inf     -56.58952       inf%     13.33  
   64/729        subproblem          -inf     -56.58952       inf%     13.44  
   65/729        subproblem          -inf     -56.58952       inf%     13.55  
   66/729        subproblem          -inf     -56.58952       inf%     13.66  
   67/729        subproblem          -inf     -56.58952       inf%     13.77  
   68/729        subproblem          -inf     -56.58952       inf%     13.88  
   69/729        subproblem          -inf     -56.58952       inf%     14.01  
   70/729        subproblem          -inf     -56.58952       inf%     14.12  
   71/729        subproblem          -inf     -56.58952       inf%     14.23  
   72/729        subproblem          -inf     -56.58952       inf%     14.34  
   73/729        subproblem          -inf     -56.58952       inf%     14.46  
   74/729        subproblem          -inf     -56.58952       inf%     14.57  
   75/729        subproblem          -inf     -56.58952       inf%     14.68  
   76/729        subproblem          -inf     -56.58952       inf%     14.79  
   77/729        subproblem          -inf     -56.58952       inf%     14.92  
   78/729        subproblem          -inf     -56.58952       inf%     15.03  
   79/729        subproblem          -inf     -56.58952       inf%     15.14  
   80/729        subproblem          -inf     -56.58952       inf%     15.25  
   81/729        subproblem          -inf     -56.58952       inf%     15.36  
   82/729        subproblem          -inf     -56.58952       inf%     15.47  
   83/729        subproblem          -inf     -56.58952       inf%     15.57  
   84/729        subproblem          -inf     -56.58952       inf%     15.68  
   85/729        subproblem          -inf     -56.58952       inf%     15.79  
   86/729        subproblem          -inf     -56.58952       inf%     15.92  
   87/729        subproblem          -inf     -56.58952       inf%     16.03  
   88/729        subproblem          -inf     -56.58952       inf%     16.13  
   89/729        subproblem          -inf     -56.58952       inf%     16.24  
   90/729        subproblem          -inf     -56.58952       inf%     16.35  
   91/729        subproblem          -inf     -56.58952       inf%     16.46  
   92/729        subproblem          -inf     -56.58952       inf%     16.57  
   93/729        subproblem          -inf     -56.58952       inf%     16.68  
   94/729        subproblem          -inf     -56.58952       inf%     16.81  
   95/729        subproblem          -inf     -56.58952       inf%     16.92  
   96/729        subproblem          -inf     -56.58952       inf%     17.03  
   97/729        subproblem          -inf     -56.58952       inf%     17.14  
   98/729        subproblem          -inf     -56.58952       inf%     17.24  
   99/729        subproblem          -inf     -56.58952       inf%     17.35  
  100/729        subproblem          -inf     -56.58952       inf%     17.46  
  101/729        subproblem          -inf     -56.58952       inf%     17.57  
  102/729        subproblem          -inf     -56.58952       inf%     17.70  
  103/729        subproblem          -inf     -56.58952       inf%     17.81  
  104/729        subproblem          -inf     -56.58952       inf%     17.92  
  105/729        subproblem          -inf     -56.58952       inf%     18.02  
  106/729        subproblem          -inf     -56.58952       inf%     18.13  
  107/729        subproblem          -inf     -56.58952       inf%     18.24  
  108/729        subproblem          -inf     -56.58952       inf%     18.35  
  109/729        subproblem          -inf     -56.58952       inf%     18.46  
  110/729        subproblem          -inf     -56.58952       inf%     18.56  
  111/729        subproblem          -inf     -56.58952       inf%     18.70  
  112/729        subproblem          -inf     -56.58952       inf%     18.81  
  113/729        subproblem          -inf     -56.58952       inf%     18.92  
  114/729        subproblem          -inf     -56.58952       inf%     19.02  
  115/729        subproblem          -inf     -56.58952       inf%     19.13  
  116/729        subproblem          -inf     -56.58952       inf%     19.24  
  117/729        subproblem          -inf     -56.58952       inf%     19.35  
  118/729        subproblem          -inf     -56.58952       inf%     19.46  
  119/729        subproblem          -inf     -56.58952       inf%     19.56  
  120/729        subproblem          -inf     -56.58952       inf%     19.69  
  121/729        subproblem          -inf     -56.58952       inf%     19.80  
  122/729        subproblem          -inf     -70.78653       inf%     20.50  *
  123/729        subproblem          -inf    -122.42372       inf%     21.20  *
  124/729        subproblem          -inf    -122.42372       inf%     21.33  
  125/729        subproblem          -inf    -122.42372       inf%     21.45  
  126/729        subproblem          -inf    -122.42372       inf%     22.13  
  127/729        subproblem          -inf    -122.42372       inf%     22.24  
  128/729        subproblem          -inf    -122.42372       inf%     22.35  
  129/729        subproblem          -inf    -122.42372       inf%     22.45  
  130/729        subproblem          -inf    -122.42372       inf%     22.58  
  131/729        subproblem          -inf    -122.42372       inf%     22.70  
  132/729        subproblem          -inf    -122.42372       inf%     22.81  
  133/729        subproblem          -inf    -122.42372       inf%     22.92  
  134/729        subproblem          -inf    -122.42372       inf%     23.03  
  135/729        subproblem          -inf    -122.42372       inf%     23.69  
  136/729        subproblem          -inf    -122.42372       inf%     23.82  
  137/729        subproblem          -inf    -122.42372       inf%     23.92  
  138/729        subproblem          -inf    -122.42372       inf%     24.03  
  139/729        subproblem          -inf    -122.42372       inf%     24.14  
  140/729        subproblem          -inf    -122.42372       inf%     24.24  
  141/729        subproblem          -inf    -122.42372       inf%     24.35  
  142/729        subproblem          -inf    -122.42372       inf%     24.46  
  143/729        subproblem          -inf    -122.42372       inf%     24.56  
  144/729        subproblem          -inf    -122.42372       inf%     24.69  
  145/729        subproblem          -inf    -122.42372       inf%     24.80  
  146/729        subproblem          -inf    -122.42372       inf%     24.91  
  147/729        subproblem          -inf    -122.42372       inf%     25.01  
  148/729        subproblem          -inf    -122.42372       inf%     25.11  
  149/729        subproblem          -inf    -122.42372       inf%     25.23  
  150/729        subproblem          -inf    -122.42372       inf%     25.34  
  151/729        subproblem          -inf    -122.42372       inf%     25.45  
  152/729        subproblem          -inf    -122.42372       inf%     25.56  
  153/729        subproblem          -inf    -122.42372       inf%     25.70  
  154/729        subproblem          -inf    -122.42372       inf%     25.80  
  155/729        subproblem          -inf    -122.42372       inf%     25.91  
  156/729        subproblem          -inf    -122.42372       inf%     26.02  
  157/729        subproblem          -inf    -122.42372       inf%     26.12  
  158/729        subproblem          -inf    -122.42372       inf%     26.24  
  159/729        subproblem          -inf    -122.42372       inf%     26.35  
  160/729        subproblem          -inf    -122.42372       inf%     26.46  
  161/729        subproblem          -inf    -122.42372       inf%     26.57  
  162/729        subproblem          -inf    -122.42372       inf%     27.24  
  163/729        subproblem          -inf    -122.42372       inf%     27.35  
  164/729        subproblem          -inf    -122.42372       inf%     27.46  
  165/729        subproblem          -inf    -122.42372       inf%     27.56  
  166/729        subproblem          -inf    -122.42372       inf%     27.67  
  167/729        subproblem          -inf    -122.42372       inf%     27.78  
  168/729        subproblem          -inf    -122.42372       inf%     27.92  
  169/729        subproblem          -inf    -122.42372       inf%     28.03  
  170/729        subproblem          -inf    -122.42372       inf%     28.14  
  171/729        subproblem          -inf    -122.42372       inf%     28.25  
  172/729        subproblem          -inf    -122.42372       inf%     28.36  
  173/729        subproblem          -inf    -122.42372       inf%     28.47  
  174/729        subproblem          -inf    -122.42372       inf%     28.58  
  175/729        subproblem          -inf    -122.42372       inf%     28.69  
  176/729        subproblem          -inf    -122.42372       inf%     28.83  
  177/729        subproblem          -inf    -122.42372       inf%     28.94  
  178/729        subproblem          -inf    -122.42372       inf%     29.05  
  179/729        subproblem          -inf    -122.42372       inf%     29.16  
  180/729        subproblem          -inf    -122.42372       inf%     29.27  
  181/729        subproblem          -inf    -122.42372       inf%     29.37  
  182/729        subproblem          -inf    -122.42372       inf%     29.48  
  183/729        subproblem          -inf    -122.42372       inf%     29.59  
  184/729        subproblem          -inf    -122.42372       inf%     29.70  
  185/729        subproblem          -inf    -122.42372       inf%     29.83  
  186/729        subproblem          -inf    -122.42372       inf%     29.93  
  187/729        subproblem          -inf    -122.42372       inf%     30.04  
  188/729        subproblem          -inf    -122.42372       inf%     30.15  
  189/729        subproblem          -inf    -122.42372       inf%     30.26  
  190/729        subproblem          -inf    -122.42372       inf%     30.36  
  191/729        subproblem          -inf    -122.42372       inf%     30.47  
  192/729        subproblem          -inf    -122.42372       inf%     30.58  
  193/729        subproblem          -inf    -122.42372       inf%     30.68  
  194/729        subproblem          -inf    -122.42372       inf%     30.83  
  195/729        subproblem          -inf    -122.42372       inf%     30.94  
  196/729        subproblem          -inf    -122.42372       inf%     31.05  
  197/729        subproblem          -inf    -122.42372       inf%     31.16  
  198/729        subproblem          -inf    -122.42372       inf%     31.27  
  199/729        subproblem          -inf    -122.42372       inf%     31.38  
  200/729        subproblem          -inf    -122.42372       inf%     31.48  
  201/729        subproblem          -inf    -122.42372       inf%     31.59  
  202/729        subproblem          -inf    -122.42372       inf%     31.72  
  203/729        subproblem          -inf    -122.42372       inf%     31.83  
  204/729        subproblem          -inf    -122.42372       inf%     31.94  
  205/729        subproblem          -inf    -122.42372       inf%     32.05  
  206/729        subproblem          -inf    -122.42372       inf%     32.16  
  207/729        subproblem          -inf    -122.42372       inf%     32.27  
  208/729        subproblem          -inf    -122.42372       inf%     32.38  
  209/729        subproblem          -inf    -122.42372       inf%     32.49  
  210/729        subproblem          -inf    -122.42372       inf%     32.60  
  211/729        subproblem          -inf    -122.42372       inf%     32.73  
  212/729        subproblem          -inf    -122.42372       inf%     32.84  
  213/729        subproblem          -inf    -122.42372       inf%     32.95  
  214/729        subproblem          -inf    -122.42372       inf%     33.06  
  215/729        subproblem          -inf    -122.42372       inf%     33.17  
  216/729        subproblem          -inf    -122.42372       inf%     33.28  
  217/729        subproblem          -inf    -122.42372       inf%     33.39  
  218/729        subproblem          -inf    -122.42372       inf%     33.50  
  219/729        subproblem          -inf    -122.42372       inf%     33.63  
  220/729        subproblem          -inf    -122.42372       inf%     33.74  
  221/729        subproblem          -inf    -122.42372       inf%     33.85  
  222/729        subproblem          -inf    -122.42372       inf%     33.96  
  223/729        subproblem          -inf    -122.42372       inf%     34.07  
  224/729        subproblem          -inf    -122.42372       inf%     34.18  
  225/729        subproblem          -inf    -122.42372       inf%     34.28  
  226/729        subproblem          -inf    -122.42372       inf%     34.39  
  227/729        subproblem          -inf    -122.42372       inf%     34.50  
  228/729        subproblem          -inf    -122.42372       inf%     34.62  
  229/729        subproblem          -inf    -122.42372       inf%     34.73  
  230/729        subproblem          -inf    -122.42372       inf%     34.84  
  231/729        subproblem          -inf    -122.42372       inf%     34.95  
  232/729        subproblem          -inf    -122.42372       inf%     35.06  
  233/729        subproblem          -inf    -122.42372       inf%     35.17  
  234/729        subproblem          -inf    -122.42372       inf%     35.28  
  235/729        subproblem          -inf    -122.42372       inf%     35.39  
  236/729        subproblem          -inf    -122.42372       inf%     35.52  
  237/729        subproblem          -inf    -122.42372       inf%     35.63  
  238/729        subproblem          -inf    -122.42372       inf%     35.74  
  239/729        subproblem          -inf    -122.42372       inf%     35.85  
  240/729        subproblem          -inf    -122.42372       inf%     35.96  
  241/729        subproblem          -inf    -122.42372       inf%     36.07  
  242/729        subproblem          -inf    -122.42372       inf%     36.18  
  243/729        subproblem          -inf    -122.42372       inf%     36.30  
  244/729        subproblem          -inf    -122.42372       inf%     36.44  
  245/729        subproblem          -inf    -122.42372       inf%     36.54  
  246/729        subproblem          -inf    -122.42372       inf%     36.65  
  247/729        subproblem          -inf    -122.42372       inf%     36.76  
  248/729        subproblem          -inf    -122.42372       inf%     36.87  
  249/729        subproblem          -inf    -122.42372       inf%     36.98  
  250/729        subproblem          -inf    -122.42372       inf%     37.08  
  251/729        subproblem          -inf    -122.42372       inf%     37.21  
  252/729        subproblem          -inf    -122.42372       inf%     37.32  
  253/729        subproblem          -inf    -122.42372       inf%     37.45  
  254/729        subproblem          -inf    -122.42372       inf%     37.56  
  255/729        subproblem          -inf    -122.42372       inf%     37.67  
  256/729        subproblem          -inf    -122.42372       inf%     37.77  
  257/729        subproblem          -inf    -122.42372       inf%     37.89  
  258/729        subproblem          -inf    -122.42372       inf%     38.00  
  259/729        subproblem          -inf    -122.42372       inf%     38.11  
  260/729        subproblem          -inf    -122.42372       inf%     38.23  
  261/729        subproblem          -inf    -122.42372       inf%     38.34  
  262/729        subproblem          -inf    -122.42372       inf%     38.48  
  263/729        subproblem          -inf    -122.42372       inf%     38.59  
  264/729        subproblem          -inf    -122.42372       inf%     38.70  
  265/729        subproblem          -inf    -122.42372       inf%     38.80  
  266/729        subproblem          -inf    -122.42372       inf%     38.91  
  267/729        subproblem          -inf    -122.42372       inf%     39.01  
  268/729        subproblem          -inf    -122.42372       inf%     39.12  
  269/729        subproblem          -inf    -122.42372       inf%     39.23  
  270/729        subproblem          -inf    -122.42372       inf%     39.34  
  271/729        subproblem          -inf    -122.42372       inf%     39.47  
  272/729        subproblem          -inf    -122.42372       inf%     39.58  
  273/729        subproblem          -inf    -122.42372       inf%     39.69  
  274/729        subproblem          -inf    -122.42372       inf%     39.80  
  275/729        subproblem          -inf    -122.42372       inf%     39.91  
  276/729        subproblem          -inf    -122.42372       inf%     40.02  
  277/729        subproblem          -inf    -122.42372       inf%     40.13  
  278/729        subproblem          -inf    -122.42372       inf%     40.23  
  279/729        subproblem          -inf    -122.42372       inf%     40.37  
  280/729        subproblem          -inf    -122.42372       inf%     40.48  
  281/729        subproblem          -inf    -122.42372       inf%     40.58  
  282/729        subproblem          -inf    -122.42372       inf%     40.69  
  283/729        subproblem          -inf    -122.42372       inf%     40.80  
  284/729        subproblem          -inf    -122.42372       inf%     40.91  
  285/729        subproblem          -inf    -122.42372       inf%     41.02  
  286/729        subproblem          -inf    -122.42372       inf%     41.12  
  287/729        subproblem          -inf    -122.42372       inf%     41.23  
  288/729        subproblem          -inf    -122.42372       inf%     41.37  
  289/729        subproblem          -inf    -122.42372       inf%     41.47  
  290/729        subproblem          -inf    -122.42372       inf%     41.58  
  291/729        subproblem          -inf    -122.42372       inf%     41.69  
  292/729        subproblem          -inf    -122.42372       inf%     41.79  
  293/729        subproblem          -inf    -122.42372       inf%     41.90  
  294/729        subproblem          -inf    -122.42372       inf%     42.01  
  295/729        subproblem          -inf    -122.42372       inf%     42.12  
  296/729        subproblem          -inf    -122.42372       inf%     42.22  
  297/729        subproblem          -inf    -122.42372       inf%     42.35  
  298/729        subproblem          -inf    -122.42372       inf%     42.45  
  299/729        subproblem          -inf    -122.42372       inf%     42.56  
  300/729        subproblem          -inf    -122.42372       inf%     42.67  
  301/729        subproblem          -inf    -122.42372       inf%     42.78  
  302/729        subproblem          -inf    -122.42372       inf%     42.89  
  303/729        subproblem          -inf    -122.42372       inf%     43.00  
  304/729        subproblem          -inf    -122.42372       inf%     43.11  
  305/729        subproblem          -inf    -122.42372       inf%     43.21  
  306/729        subproblem          -inf    -122.42372       inf%     43.35  
  307/729        subproblem          -inf    -122.42372       inf%     43.46  
  308/729        subproblem          -inf    -122.42372       inf%     43.57  
  309/729        subproblem          -inf    -122.42372       inf%     43.68  
  310/729        subproblem          -inf    -122.42372       inf%     43.78  
  311/729        subproblem          -inf    -122.42372       inf%     43.89  
  312/729        subproblem          -inf    -122.42372       inf%     44.00  
  313/729        subproblem          -inf    -122.42372       inf%     44.11  
  314/729        subproblem          -inf    -122.42372       inf%     44.24  
  315/729        subproblem          -inf    -122.42372       inf%     44.35  
  316/729        subproblem          -inf    -122.42372       inf%     44.46  
  317/729        subproblem          -inf    -122.42372       inf%     44.56  
  318/729        subproblem          -inf    -122.42372       inf%     44.67  
  319/729        subproblem          -inf    -122.42372       inf%     44.78  
  320/729        subproblem          -inf    -122.42372       inf%     44.89  
  321/729        subproblem          -inf    -122.42372       inf%     45.00  
  322/729        subproblem          -inf    -122.42372       inf%     45.11  
  323/729        subproblem          -inf    -122.42372       inf%     45.24  
  324/729        subproblem          -inf    -122.42372       inf%     45.35  
  325/729        subproblem          -inf    -122.42372       inf%     45.45  
  326/729        subproblem          -inf    -122.42372       inf%     45.55  
  327/729        subproblem          -inf    -122.42372       inf%     45.66  
  328/729        subproblem          -inf    -122.42372       inf%     45.76  
  329/729        subproblem          -inf    -122.42372       inf%     45.86  
  330/729        subproblem          -inf    -122.42372       inf%     45.97  
  331/729        subproblem          -inf    -122.42372       inf%     46.10  
  332/729        subproblem          -inf    -122.42372       inf%     46.20  
  333/729        subproblem          -inf    -122.42372       inf%     46.30  
  334/729        subproblem          -inf    -122.42372       inf%     46.40  
  335/729        subproblem          -inf    -122.42372       inf%     46.51  
  336/729        subproblem          -inf    -122.42372       inf%     46.62  
  337/729        subproblem          -inf    -122.42372       inf%     46.72  
  338/729        subproblem          -inf    -122.42372       inf%     46.82  
  339/729        subproblem          -inf    -122.42372       inf%     46.93  
  340/729        subproblem          -inf    -122.42372       inf%     47.05  
  341/729        subproblem          -inf    -122.42372       inf%     47.16  
  342/729        subproblem          -inf    -122.42372       inf%     47.26  
  343/729        subproblem          -inf    -122.42372       inf%     47.36  
  344/729        subproblem          -inf    -122.42372       inf%     47.47  
  345/729        subproblem          -inf    -122.42372       inf%     47.57  
  346/729        subproblem          -inf    -122.42372       inf%     47.67  
  347/729        subproblem          -inf    -122.42372       inf%     47.78  
  348/729        subproblem          -inf    -122.42372       inf%     47.88  
  349/729        subproblem          -inf    -122.42372       inf%     48.01  
  350/729        subproblem          -inf    -122.42372       inf%     48.12  
  351/729        subproblem          -inf    -122.42372       inf%     48.22  
  352/729        subproblem          -inf    -122.42372       inf%     48.33  
  353/729        subproblem          -inf    -122.42372       inf%     48.43  
  354/729        subproblem          -inf    -122.42372       inf%     48.53  
  355/729        subproblem          -inf    -122.42372       inf%     48.64  
  356/729        subproblem          -inf    -122.42372       inf%     48.76  
  357/729        subproblem          -inf    -122.42372       inf%     48.87  
  358/729        subproblem          -inf    -122.42372       inf%     48.99  
  359/729        subproblem          -inf    -122.42372       inf%     49.12  
  360/729        subproblem          -inf    -122.42372       inf%     49.24  
  361/729        subproblem          -inf    -122.42372       inf%     49.34  
  362/729        subproblem          -inf    -122.42372       inf%     49.45  
  363/729        subproblem          -inf    -122.42372       inf%     49.55  
  364/729        subproblem          -inf    -122.42372       inf%     49.65  
  365/729        subproblem          -inf    -122.42372       inf%     49.75  
  366/729        subproblem          -inf    -122.42372       inf%     49.88  
  367/729        subproblem          -inf    -122.42372       inf%     49.98  
  368/729        subproblem          -inf    -122.42372       inf%     50.09  
  369/729        subproblem          -inf    -122.42372       inf%     50.19  
  370/729        subproblem          -inf    -122.42372       inf%     50.29  
  371/729        subproblem          -inf    -122.42372       inf%     50.39  
  372/729        subproblem          -inf    -122.42372       inf%     50.50  
  373/729        subproblem          -inf    -122.42372       inf%     50.60  
  374/729        subproblem          -inf    -122.42372       inf%     50.71  
  375/729        subproblem          -inf    -122.42372       inf%     50.83  
  376/729        subproblem          -inf    -122.42372       inf%     50.94  
  377/729        subproblem          -inf    -122.42372       inf%     51.04  
  378/729        subproblem          -inf    -122.42372       inf%     51.15  
  379/729        subproblem          -inf    -122.42372       inf%     51.25  
  380/729        subproblem          -inf    -122.42372       inf%     51.35  
  381/729        subproblem          -inf    -122.42372       inf%     51.46  
  382/729        subproblem          -inf    -122.42372       inf%     51.56  
  383/729        subproblem          -inf    -122.42372       inf%     51.66  
  384/729        subproblem          -inf    -122.42372       inf%     51.79  
  385/729        subproblem          -inf    -122.42372       inf%     51.90  
  386/729        subproblem          -inf    -122.42372       inf%     52.00  
  387/729        subproblem          -inf    -122.42372       inf%     52.10  
  388/729        subproblem          -inf    -122.42372       inf%     52.20  
  389/729        subproblem          -inf    -122.42372       inf%     52.30  
  390/729        subproblem          -inf    -122.42372       inf%     52.40  
  391/729        subproblem          -inf    -122.42372       inf%     52.51  
  392/729        subproblem          -inf    -122.42372       inf%     52.61  
  393/729        subproblem          -inf    -122.42372       inf%     52.74  
  394/729        subproblem          -inf    -122.42372       inf%     52.84  
  395/729        subproblem          -inf    -122.42372       inf%     52.95  
  396/729        subproblem          -inf    -122.42372       inf%     53.05  
  397/729        subproblem          -inf    -122.42372       inf%     53.15  
  398/729        subproblem          -inf    -122.42372       inf%     53.25  
  399/729        subproblem          -inf    -122.42372       inf%     53.36  
  400/729        subproblem          -inf    -122.42372       inf%     53.46  
  401/729        subproblem          -inf    -122.42372       inf%     53.56  
  402/729        subproblem          -inf    -122.42372       inf%     53.69  
  403/729        subproblem          -inf    -122.42372       inf%     53.79  
  404/729        subproblem          -inf    -122.42372       inf%     53.89  
  405/729        subproblem          -inf    -122.42372       inf%     53.99  
  406/729        subproblem          -inf    -122.42372       inf%     54.10  
  407/729        subproblem          -inf    -122.42372       inf%     54.20  
  408/729        subproblem          -inf    -122.42372       inf%     54.31  
  409/729        subproblem          -inf    -122.42372       inf%     54.42  
  410/729        subproblem          -inf    -122.42372       inf%     54.55  
  411/729        subproblem          -inf    -122.42372       inf%     54.65  
  412/729        subproblem          -inf    -122.42372       inf%     54.76  
  413/729        subproblem          -inf    -122.42372       inf%     54.87  
  414/729        subproblem          -inf    -122.42372       inf%     54.98  
  415/729        subproblem          -inf    -122.42372       inf%     55.08  
  416/729        subproblem          -inf    -122.42372       inf%     55.19  
  417/729        subproblem          -inf    -122.42372       inf%     55.29  
  418/729        subproblem          -inf    -122.42372       inf%     55.43  
  419/729        subproblem          -inf    -122.42372       inf%     55.54  
  420/729        subproblem          -inf    -122.42372       inf%     55.65  
  421/729        subproblem          -inf    -122.42372       inf%     55.76  
  422/729        subproblem          -inf    -122.42372       inf%     55.86  
  423/729        subproblem          -inf    -122.42372       inf%     55.97  
  424/729        subproblem          -inf    -122.42372       inf%     56.08  
  425/729        subproblem          -inf    -122.42372       inf%     56.19  
  426/729        subproblem          -inf    -122.42372       inf%     56.30  
  427/729        subproblem          -inf    -122.42372       inf%     56.43  
  428/729        subproblem          -inf    -122.42372       inf%     56.54  
  429/729        subproblem          -inf    -122.42372       inf%     56.65  
  430/729        subproblem          -inf    -122.42372       inf%     56.75  
  431/729        subproblem          -inf    -122.42372       inf%     56.86  
  432/729        subproblem          -inf    -122.42372       inf%     56.97  
  433/729        subproblem          -inf    -122.42372       inf%     57.08  
  434/729        subproblem          -inf    -122.42372       inf%     57.18  
  435/729        subproblem          -inf    -122.42372       inf%     57.29  
  436/729        subproblem          -inf    -122.42372       inf%     57.42  
  437/729        subproblem          -inf    -122.42372       inf%     57.52  
  438/729        subproblem          -inf    -122.42372       inf%     57.63  
  439/729        subproblem          -inf    -122.42372       inf%     57.73  
  440/729        subproblem          -inf    -122.42372       inf%     57.84  
  441/729        subproblem          -inf    -122.42372       inf%     57.94  
  442/729        subproblem          -inf    -122.42372       inf%     58.04  
  443/729        subproblem          -inf    -122.42372       inf%     58.15  
  444/729        subproblem          -inf    -122.42372       inf%     58.27  
  445/729        subproblem          -inf    -122.42372       inf%     58.37  
  446/729        subproblem          -inf    -122.42372       inf%     58.48  
  447/729        subproblem          -inf    -122.42372       inf%     58.58  
  448/729        subproblem          -inf    -122.42372       inf%     58.68  
  449/729        subproblem          -inf    -122.42372       inf%     58.79  
  450/729        subproblem          -inf    -122.42372       inf%     58.89  
  451/729        subproblem          -inf    -122.42372       inf%     58.99  
  452/729        subproblem          -inf    -122.42372       inf%     59.09  
  453/729        subproblem          -inf    -122.42372       inf%     59.22  
  454/729        subproblem          -inf    -122.42372       inf%     59.32  
  455/729        subproblem          -inf    -122.42372       inf%     59.42  
  456/729        subproblem          -inf    -122.42372       inf%     59.53  
  457/729        subproblem          -inf    -122.42372       inf%     59.63  
  458/729        subproblem          -inf    -122.42372       inf%     59.73  
  459/729        subproblem          -inf    -122.42372       inf%     59.83  
  460/729        subproblem          -inf    -122.42372       inf%     59.94  
  461/729        subproblem          -inf    -122.42372       inf%     60.05  
  462/729        subproblem          -inf    -122.42372       inf%     60.17  
  463/729        subproblem          -inf    -122.42372       inf%     60.28  
  464/729        subproblem          -inf    -122.42372       inf%     60.38  
  465/729        subproblem          -inf    -122.42372       inf%     60.49  
  466/729        subproblem          -inf    -122.42372       inf%     60.59  
  467/729        subproblem          -inf    -122.42372       inf%     60.70  
  468/729        subproblem          -inf    -122.42372       inf%     60.81  
  469/729        subproblem          -inf    -122.42372       inf%     60.91  
  470/729        subproblem          -inf    -122.42372       inf%     61.04  
  471/729        subproblem          -inf    -122.42372       inf%     61.14  
  472/729        subproblem          -inf    -122.42372       inf%     61.24  
  473/729        subproblem          -inf    -122.42372       inf%     61.35  
  474/729        subproblem          -inf    -122.42372       inf%     61.45  
  475/729        subproblem          -inf    -122.42372       inf%     61.55  
  476/729        subproblem          -inf    -122.42372       inf%     61.66  
  477/729        subproblem          -inf    -122.42372       inf%     61.76  
  478/729        subproblem          -inf    -122.42372       inf%     61.86  
  479/729        subproblem          -inf    -122.42372       inf%     61.99  
  480/729        subproblem          -inf    -122.42372       inf%     62.09  
  481/729        subproblem          -inf    -122.42372       inf%     62.20  
  482/729        subproblem          -inf    -122.42372       inf%     62.30  
  483/729        subproblem          -inf    -122.42372       inf%     62.41  
  484/729        subproblem          -inf    -122.42372       inf%     62.51  
  485/729        subproblem          -inf    -122.42372       inf%     62.62  
  486/729        subproblem          -inf    -122.42372       inf%     63.29  
  487/729        subproblem          -inf    -122.42372       inf%     63.97  
  488/729        subproblem          -inf    -122.42372       inf%     64.08  
  489/729        subproblem          -inf    -122.42372       inf%     64.19  
  490/729        subproblem          -inf    -122.42372       inf%     64.30  
  491/729        subproblem          -inf    -122.42372       inf%     64.44  
  492/729        subproblem          -inf    -122.42372       inf%     64.55  
  493/729        subproblem          -inf    -122.42372       inf%     64.66  
  494/729        subproblem          -inf    -122.42372       inf%     64.77  
  495/729        subproblem          -inf    -122.42372       inf%     64.88  
  496/729        subproblem          -inf    -122.42372       inf%     64.98  
  497/729        subproblem          -inf    -122.42372       inf%     65.09  
  498/729        subproblem          -inf    -122.42372       inf%     65.20  
  499/729        subproblem          -inf    -122.42372       inf%     65.33  
  500/729        subproblem          -inf    -122.42372       inf%     65.44  
  501/729        subproblem          -inf    -122.42372       inf%     65.55  
  502/729        subproblem          -inf    -122.42372       inf%     65.66  
  503/729        subproblem          -inf    -122.42372       inf%     65.77  
  504/729        subproblem          -inf    -122.42372       inf%     65.88  
  505/729        subproblem          -inf    -122.42372       inf%     65.99  
  506/729        subproblem          -inf    -122.42372       inf%     66.10  
  507/729        subproblem          -inf    -122.42372       inf%     66.21  
  508/729        subproblem          -inf    -122.42372       inf%     66.34  
  509/729        subproblem          -inf    -122.42372       inf%     66.45  
  510/729        subproblem          -inf    -122.42372       inf%     66.56  
  511/729        subproblem          -inf    -122.42372       inf%     66.67  
  512/729        subproblem          -inf    -122.42372       inf%     66.78  
  513/729        subproblem          -inf    -122.42372       inf%     66.88  
  514/729        subproblem          -inf    -122.42372       inf%     66.99  
  515/729        subproblem          -inf    -122.42372       inf%     67.10  
  516/729        subproblem          -inf    -122.42372       inf%     67.22  
  517/729        subproblem          -inf    -122.42372       inf%     67.33  
  518/729        subproblem          -inf    -122.42372       inf%     67.43  
  519/729        subproblem          -inf    -122.42372       inf%     67.54  
  520/729        subproblem          -inf    -122.42372       inf%     67.65  
  521/729        subproblem          -inf    -122.42372       inf%     67.75  
  522/729        subproblem          -inf    -122.42372       inf%     67.86  
  523/729        subproblem          -inf    -122.42372       inf%     67.97  
  524/729        subproblem          -inf    -122.42372       inf%     68.07  
  525/729        subproblem          -inf    -122.42372       inf%     68.20  
  526/729        subproblem          -inf    -122.42372       inf%     68.30  
  527/729        subproblem          -inf    -122.42372       inf%     68.42  
  528/729        subproblem          -inf    -122.42372       inf%     68.53  
  529/729        subproblem          -inf    -122.42372       inf%     68.63  
  530/729        subproblem          -inf    -122.42372       inf%     68.75  
  531/729        subproblem          -inf    -122.42372       inf%     68.86  
  532/729        subproblem          -inf    -122.42372       inf%     68.96  
  533/729        subproblem          -inf    -122.42372       inf%     69.07  
  534/729        subproblem          -inf    -122.42372       inf%     69.19  
  535/729        subproblem          -inf    -122.42372       inf%     69.30  
  536/729        subproblem          -inf    -122.42372       inf%     69.41  
  537/729        subproblem          -inf    -122.42372       inf%     69.52  
  538/729        subproblem          -inf    -122.42372       inf%     69.63  
  539/729        subproblem          -inf    -122.42372       inf%     69.74  
  540/729        subproblem          -inf    -122.42372       inf%     69.85  
  541/729        subproblem          -inf    -122.42372       inf%     69.96  
  542/729        subproblem          -inf    -122.42372       inf%     70.09  
  543/729        subproblem          -inf    -122.42372       inf%     70.20  
  544/729        subproblem          -inf    -122.42372       inf%     70.31  
  545/729        subproblem          -inf    -122.42372       inf%     70.42  
  546/729        subproblem          -inf    -122.42372       inf%     70.53  
  547/729        subproblem          -inf    -122.42372       inf%     70.63  
  548/729        subproblem          -inf    -122.42372       inf%     70.74  
  549/729        subproblem          -inf    -122.42372       inf%     70.85  
  550/729        subproblem          -inf    -122.42372       inf%     70.96  
  551/729        subproblem          -inf    -122.42372       inf%     71.09  
  552/729        subproblem          -inf    -122.42372       inf%     71.20  
  553/729        subproblem          -inf    -122.42372       inf%     71.30  
  554/729        subproblem          -inf    -122.42372       inf%     71.41  
  555/729        subproblem          -inf    -122.42372       inf%     71.52  
  556/729        subproblem          -inf    -122.42372       inf%     71.62  
  557/729        subproblem          -inf    -122.42372       inf%     71.73  
  558/729        subproblem          -inf    -122.42372       inf%     71.84  
  559/729        subproblem          -inf    -122.42372       inf%     71.97  
  560/729        subproblem          -inf    -122.42372       inf%     72.08  
  561/729        subproblem          -inf    -122.42372       inf%     72.19  
  562/729        subproblem          -inf    -122.42372       inf%     72.30  
  563/729        subproblem          -inf    -122.42372       inf%     72.40  
  564/729        subproblem          -inf    -122.42372       inf%     72.51  
  565/729        subproblem          -inf    -122.42372       inf%     72.62  
  566/729        subproblem          -inf    -122.42372       inf%     72.73  
  567/729        subproblem          -inf    -122.42372       inf%     72.84  
  568/729        subproblem          -inf    -122.42372       inf%     72.96  
  569/729        subproblem          -inf    -122.42372       inf%     73.06  
  570/729        subproblem          -inf    -122.42372       inf%     73.16  
  571/729        subproblem          -inf    -122.42372       inf%     73.26  
  572/729        subproblem          -inf    -122.42372       inf%     73.36  
  573/729        subproblem          -inf    -122.42372       inf%     73.46  
  574/729        subproblem          -inf    -122.42372       inf%     73.56  
  575/729        subproblem          -inf    -122.42372       inf%     73.66  
  576/729        subproblem          -inf    -122.42372       inf%     73.78  
  577/729        subproblem          -inf    -122.42372       inf%     73.88  
  578/729        subproblem          -inf    -122.42372       inf%     73.98  
  579/729        subproblem          -inf    -122.42372       inf%     74.08  
  580/729        subproblem          -inf    -122.42372       inf%     74.18  
  581/729        subproblem          -inf    -122.42372       inf%     74.28  
  582/729        subproblem          -inf    -122.42372       inf%     74.38  
  583/729        subproblem          -inf    -122.42372       inf%     74.48  
  584/729        subproblem          -inf    -122.42372       inf%     74.58  
  585/729        subproblem          -inf    -122.42372       inf%     74.70  
  586/729        subproblem          -inf    -122.42372       inf%     74.80  
  587/729        subproblem          -inf    -122.42372       inf%     74.90  
  588/729        subproblem          -inf    -122.42372       inf%     75.00  
  589/729        subproblem          -inf    -122.42372       inf%     75.10  
  590/729        subproblem          -inf    -122.42372       inf%     75.20  
  591/729        subproblem          -inf    -122.42372       inf%     75.30  
  592/729        subproblem          -inf    -122.42372       inf%     75.40  
  593/729        subproblem          -inf    -122.42372       inf%     75.49  
  594/729        subproblem          -inf    -122.42372       inf%     75.61  
  595/729        subproblem          -inf    -122.42372       inf%     75.71  
  596/729        subproblem          -inf    -122.42372       inf%     75.81  
  597/729        subproblem          -inf    -122.42372       inf%     75.91  
  598/729        subproblem          -inf    -122.42372       inf%     76.02  
  599/729        subproblem          -inf    -122.42372       inf%     76.12  
  600/729        subproblem          -inf    -122.42372       inf%     76.22  
  601/729        subproblem          -inf    -122.42372       inf%     76.32  
  602/729        subproblem          -inf    -122.42372       inf%     76.44  
  603/729        subproblem          -inf    -122.42372       inf%     76.54  
  604/729        subproblem          -inf    -122.42372       inf%     76.63  
  605/729        subproblem          -inf    -122.42372       inf%     76.73  
  606/729        subproblem          -inf    -122.42372       inf%     76.83  
  607/729        subproblem          -inf    -122.42372       inf%     76.93  
  608/729        subproblem          -inf    -122.42372       inf%     77.03  
  609/729        subproblem          -inf    -122.42372       inf%     77.13  
  610/729        subproblem          -inf    -122.42372       inf%     77.23  
  611/729        subproblem          -inf    -122.42372       inf%     77.35  
  612/729        subproblem          -inf    -122.42372       inf%     77.45  
  613/729        subproblem          -inf    -122.42372       inf%     77.55  
  614/729        subproblem          -inf    -122.42372       inf%     77.64  
  615/729        subproblem          -inf    -122.42372       inf%     77.74  
  616/729        subproblem          -inf    -122.42372       inf%     77.84  
  617/729        subproblem          -inf    -122.42372       inf%     77.94  
  618/729        subproblem          -inf    -122.42372       inf%     78.04  
  619/729        subproblem          -inf    -122.42372       inf%     78.16  
  620/729        subproblem          -inf    -122.42372       inf%     78.26  
  621/729        subproblem          -inf    -122.42372       inf%     78.36  
  622/729        subproblem          -inf    -122.42372       inf%     78.46  
  623/729        subproblem          -inf    -122.42372       inf%     78.56  
  624/729        subproblem          -inf    -122.42372       inf%     78.65  
  625/729        subproblem          -inf    -122.42372       inf%     78.75  
  626/729        subproblem          -inf    -122.42372       inf%     78.85  
  627/729        subproblem          -inf    -122.42372       inf%     78.95  
  628/729        subproblem          -inf    -122.42372       inf%     79.07  
  629/729        subproblem          -inf    -122.42372       inf%     79.17  
  630/729        subproblem          -inf    -122.42372       inf%     79.27  
  631/729        subproblem          -inf    -122.42372       inf%     79.36  
  632/729        subproblem          -inf    -122.42372       inf%     79.46  
  633/729        subproblem          -inf    -122.42372       inf%     79.56  
  634/729        subproblem          -inf    -122.42372       inf%     79.66  
  635/729        subproblem          -inf    -122.42372       inf%     79.76  
  636/729        subproblem          -inf    -122.42372       inf%     79.86  
  637/729        subproblem          -inf    -122.42372       inf%     79.97  
  638/729        subproblem          -inf    -122.42372       inf%     80.07  
  639/729        subproblem          -inf    -122.42372       inf%     80.17  
  640/729        subproblem          -inf    -122.42372       inf%     80.27  
  641/729        subproblem          -inf    -122.42372       inf%     80.37  
  642/729        subproblem          -inf    -122.42372       inf%     80.47  
  643/729        subproblem          -inf    -122.42372       inf%     80.57  
  644/729        subproblem          -inf    -122.42372       inf%     80.66  
  645/729        subproblem          -inf    -122.42372       inf%     80.76  
  646/729        subproblem          -inf    -122.42372       inf%     80.88  
  647/729        subproblem          -inf    -122.42372       inf%     80.98  
  648/729        subproblem          -inf    -122.42372       inf%     81.08  
  649/729        subproblem          -inf    -122.42372       inf%     81.19  
  650/729        subproblem          -inf    -122.42372       inf%     81.30  
  651/729        subproblem          -inf    -122.42372       inf%     81.40  
  652/729        subproblem          -inf    -122.42372       inf%     81.51  
  653/729        subproblem          -inf    -122.42372       inf%     81.62  
  654/729        subproblem          -inf    -122.42372       inf%     81.75  
  655/729        subproblem          -inf    -122.42372       inf%     81.86  
  656/729        subproblem          -inf    -122.42372       inf%     81.96  
  657/729        subproblem          -inf    -122.42372       inf%     82.07  
  658/729        subproblem          -inf    -122.42372       inf%     82.17  
  659/729        subproblem          -inf    -122.42372       inf%     82.28  
  660/729        subproblem          -inf    -122.42372       inf%     82.38  
  661/729        subproblem          -inf    -122.42372       inf%     82.49  
  662/729        subproblem          -inf    -122.42372       inf%     82.59  
  663/729        subproblem          -inf    -122.42372       inf%     82.72  
  664/729        subproblem          -inf    -122.42372       inf%     82.82  
  665/729        subproblem          -inf    -122.42372       inf%     82.93  
  666/729        subproblem          -inf    -122.42372       inf%     83.04  
  667/729        subproblem          -inf    -122.42372       inf%     83.15  
  668/729        subproblem          -inf    -122.42372       inf%     83.25  
  669/729        subproblem          -inf    -122.42372       inf%     83.36  
  670/729        subproblem          -inf    -122.42372       inf%     83.47  
  671/729        subproblem          -inf    -122.42372       inf%     83.59  
  672/729        subproblem          -inf    -122.42372       inf%     83.70  
  673/729        subproblem          -inf    -122.42372       inf%     83.81  
  674/729        subproblem          -inf    -122.42372       inf%     83.91  
  675/729        subproblem          -inf    -122.42372       inf%     84.02  
  676/729        subproblem          -inf    -122.42372       inf%     84.12  
  677/729        subproblem          -inf    -122.42372       inf%     84.22  
  678/729        subproblem          -inf    -122.42372       inf%     84.32  
  679/729        subproblem          -inf    -122.42372       inf%     84.42  
  680/729        subproblem          -inf    -122.42372       inf%     84.54  
  681/729        subproblem          -inf    -122.42372       inf%     84.64  
  682/729        subproblem          -inf    -122.42372       inf%     84.74  
  683/729        subproblem          -inf    -122.42372       inf%     84.84  
  684/729        subproblem          -inf    -122.42372       inf%     84.93  
  685/729        subproblem          -inf    -122.42372       inf%     85.03  
  686/729        subproblem          -inf    -122.42372       inf%     85.14  
  687/729        subproblem          -inf    -122.42372       inf%     85.24  
  688/729        subproblem          -inf    -122.42372       inf%     85.35  
  689/729        subproblem          -inf    -122.42372       inf%     85.45  
  690/729        subproblem          -inf    -122.42372       inf%     85.55  
  691/729        subproblem          -inf    -122.42372       inf%     85.65  
  692/729        subproblem          -inf    -122.42372       inf%     85.75  
  693/729        subproblem          -inf    -122.42372       inf%     85.85  
  694/729        subproblem          -inf    -122.42372       inf%     85.95  
  695/729        subproblem          -inf    -122.42372       inf%     86.05  
  696/729        subproblem          -inf    -122.42372       inf%     86.15  
  697/729        subproblem          -inf    -122.42372       inf%     86.27  
  698/729        subproblem          -inf    -122.42372       inf%     86.37  
  699/729        subproblem          -inf    -122.42372       inf%     86.47  
  700/729        subproblem          -inf    -122.42372       inf%     86.57  
  701/729        subproblem          -inf    -122.42372       inf%     86.67  
  702/729        subproblem          -inf    -122.42372       inf%     86.77  
  703/729        subproblem          -inf    -122.42372       inf%     86.87  
  704/729        subproblem          -inf    -122.42372       inf%     86.98  
  705/729        subproblem          -inf    -122.42372       inf%     87.09  
  706/729        subproblem          -inf    -122.42372       inf%     87.22  
  707/729        subproblem          -inf    -122.42372       inf%     87.32  
  708/729        subproblem          -inf    -122.42372       inf%     87.43  
  709/729        subproblem          -inf    -122.42372       inf%     87.54  
  710/729        subproblem          -inf    -122.42372       inf%     87.64  
  711/729        subproblem          -inf    -122.42372       inf%     87.75  
  712/729        subproblem          -inf    -122.42372       inf%     87.85  
  713/729        subproblem          -inf    -122.42372       inf%     87.96  
  714/729        subproblem          -inf    -122.42372       inf%     88.08  
  715/729        subproblem          -inf    -122.42372       inf%     88.18  
  716/729        subproblem          -inf    -122.42372       inf%     88.28  
  717/729        subproblem          -inf    -122.42372       inf%     88.38  
  718/729        subproblem          -inf    -122.42372       inf%     88.48  
  719/729        subproblem          -inf    -122.42372       inf%     88.58  
  720/729        subproblem          -inf    -122.42372       inf%     88.69  
  721/729        subproblem          -inf    -122.42372       inf%     88.80  
  722/729        subproblem          -inf    -122.42372       inf%     88.91  
  723/729        subproblem          -inf    -122.42372       inf%     89.03  
  724/729        subproblem          -inf    -122.42372       inf%     89.14  
  725/729        subproblem          -inf    -122.42372       inf%     89.24  
  726/729        subproblem          -inf    -122.42372       inf%     89.34  
  727/729        subproblem          -inf    -122.42372       inf%     89.45  
  728/729        subproblem          -inf    -122.42372       inf%     89.56  
  729/729        subproblem          -inf    -122.42372       inf%     89.66  
  729/729                      -122.42372    -122.42372      0.00%     89.66  
GDPopt exiting--all discrete solutions have been enumerated.

Solved in 729 iterations and 89.66410 seconds
Optimal objective value -122.4237210778
Relative optimality gap 0.00000%

Problem: 
- Name: unknown
  Lower bound: -122.42372107778134
  Upper bound: -122.42372107778134
  Number of objectives: 1
  Number of constraints: 1911
  Number of variables: 1113
  Number of binary variables: 15
  Number of integer variables: 0
  Number of continuous variables: 1098
  Number of nonzeros: None
  Sense: 1
  Number of disjunctions: 6
Solver: 
- Name: GDPopt (22, 5, 13) - enumerate
  Status: ok
  User time: 89.66406436730176
  Wallclock time: 89.66406436730176
  Termination condition: optimal
  Iterations: 729
  Timing: main_timer_start_time: 5822938.542092978
nlp: 89.52275961916894
total: 89.66406436730176

