Starting GDPopt version 22.5.13 using enumerate algorithm
iterlim: None
time_limit: 900
tee: true
logger: <Logger pyomo.contrib.gdpopt (INFO)>
nlp_solver: gams
nlp_solver_args:
  solver: conopt
minlp_solver: baron
minlp_solver_args:
local_minlp_solver: bonmin
local_minlp_solver_args:
small_dual_tolerance: 1e-08
integer_tolerance: 1e-05
constraint_tolerance: 1e-06
variable_tolerance: 1e-08
subproblem_initialization_method: <function restore_vars_to_original_values_enumerate at 0x7f8ce73663e0>
call_before_subproblem_solve: <class 'pyomo.contrib.gdpopt.util._DoNothing'>
call_after_subproblem_solve: <class 'pyomo.contrib.gdpopt.util._DoNothing'>
call_after_subproblem_feasible: <class 'pyomo.contrib.gdpopt.util._DoNothing'>
force_subproblem_nlp: false
subproblem_presolve: true
tighten_nlp_var_bounds: false
round_discrete_vars: true
max_fbbt_iterations: 3
mip_solver: gurobi
mip_solver_args:

If you use this software, you may cite the following:
            - Implementation:
            Chen, Q; Johnson, ES; Bernal, DE; Valentin, R; Kale, S;
            Bates, J; Siirola, JD; Grossmann, IE.
            Pyomo.GDP: an ecosystem for logic based modeling and optimization
            development.
            Optimization and Engineering, 2021.
Original model has 1911 constraints (1365 nonlinear) and 6 disjunctions, with 1113 variables, of which 15 are binary, 0 are integer, and 1098 are continuous.
    1/729        subproblem          -inf     -18.88710       inf%      0.81  *
    2/729        subproblem          -inf     -19.61756       inf%      1.45  *
    3/729        subproblem          -inf     -19.61756       inf%      1.56  
    4/729        subproblem          -inf     -19.61756       inf%      1.67  
    5/729        subproblem          -inf     -22.48668       inf%      2.29  *
    6/729        subproblem          -inf     -22.48668       inf%      2.92  
    7/729        subproblem          -inf     -22.48668       inf%      3.03  
    8/729        subproblem          -inf     -22.48668       inf%      3.14  
    9/729        subproblem          -inf     -22.48668       inf%      3.25  
   10/729        subproblem          -inf     -22.48668       inf%      3.36  
   11/729        subproblem          -inf     -22.48668       inf%      3.47  
   12/729        subproblem          -inf     -22.48668       inf%      3.58  
   13/729        subproblem          -inf     -22.48668       inf%      3.69  
   14/729        subproblem          -inf     -29.87264       inf%      4.36  *
   15/729        subproblem          -inf     -29.87264       inf%      4.96  
   16/729        subproblem          -inf     -29.87264       inf%      5.07  
   17/729        subproblem          -inf     -29.87264       inf%      5.21  
   18/729        subproblem          -inf     -29.87264       inf%      5.81  
   19/729        subproblem          -inf     -29.87264       inf%      5.92  
   20/729        subproblem          -inf     -29.87264       inf%      6.02  
   21/729        subproblem          -inf     -29.87264       inf%      6.13  
   22/729        subproblem          -inf     -29.87264       inf%      6.24  
   23/729        subproblem          -inf     -29.87264       inf%      6.37  
   24/729        subproblem          -inf     -29.87264       inf%      6.48  
   25/729        subproblem          -inf     -29.87264       inf%      6.59  
   26/729        subproblem          -inf     -29.87264       inf%      6.69  
   27/729        subproblem          -inf     -29.87264       inf%      6.80  
   28/729        subproblem          -inf     -29.87264       inf%      6.91  
   29/729        subproblem          -inf     -29.87264       inf%      7.01  
   30/729        subproblem          -inf     -29.87264       inf%      7.12  
   31/729        subproblem          -inf     -29.87264       inf%      7.22  
   32/729        subproblem          -inf     -29.87264       inf%      7.35  
   33/729        subproblem          -inf     -29.87264       inf%      7.46  
   34/729        subproblem          -inf     -29.87264       inf%      7.56  
   35/729        subproblem          -inf     -29.87264       inf%      7.67  
   36/729        subproblem          -inf     -29.87264       inf%      7.77  
   37/729        subproblem          -inf     -29.87264       inf%      7.88  
   38/729        subproblem          -inf     -29.87264       inf%      7.98  
   39/729        subproblem          -inf     -29.87264       inf%      8.09  
   40/729        subproblem          -inf     -29.87264       inf%      8.21  
   41/729        subproblem          -inf     -56.58952       inf%      8.85  *
   42/729        subproblem          -inf     -56.58952       inf%      9.46  
   43/729        subproblem          -inf     -56.58952       inf%      9.56  
   44/729        subproblem          -inf     -56.58952       inf%      9.70  
   45/729        subproblem          -inf     -56.58952       inf%     10.30  
   46/729        subproblem          -inf     -56.58952       inf%     10.40  
   47/729        subproblem          -inf     -56.58952       inf%     10.51  
   48/729        subproblem          -inf     -56.58952       inf%     10.61  
   49/729        subproblem          -inf     -56.58952       inf%     10.72  
   50/729        subproblem          -inf     -56.58952       inf%     10.85  
   51/729        subproblem          -inf     -56.58952       inf%     10.96  
   52/729        subproblem          -inf     -56.58952       inf%     11.07  
   53/729        subproblem          -inf     -56.58952       inf%     11.18  
   54/729        subproblem          -inf     -56.58952       inf%     11.78  
   55/729        subproblem          -inf     -56.58952       inf%     11.89  
   56/729        subproblem          -inf     -56.58952       inf%     12.02  
   57/729        subproblem          -inf     -56.58952       inf%     12.13  
   58/729        subproblem          -inf     -56.58952       inf%     12.24  
   59/729        subproblem          -inf     -56.58952       inf%     12.35  
   60/729        subproblem          -inf     -56.58952       inf%     12.45  
   61/729        subproblem          -inf     -56.58952       inf%     12.56  
   62/729        subproblem          -inf     -56.58952       inf%     12.67  
   63/729        subproblem          -inf     -56.58952       inf%     12.78  
   64/729        subproblem          -inf     -56.58952       inf%     12.91  
   65/729        subproblem          -inf     -56.58952       inf%     13.01  
   66/729        subproblem          -inf     -56.58952       inf%     13.12  
   67/729        subproblem          -inf     -56.58952       inf%     13.22  
   68/729        subproblem          -inf     -56.58952       inf%     13.33  
   69/729        subproblem          -inf     -56.58952       inf%     13.44  
   70/729        subproblem          -inf     -56.58952       inf%     13.55  
   71/729        subproblem          -inf     -56.58952       inf%     13.66  
   72/729        subproblem          -inf     -56.58952       inf%     13.78  
   73/729        subproblem          -inf     -56.58952       inf%     13.89  
   74/729        subproblem          -inf     -56.58952       inf%     14.00  
   75/729        subproblem          -inf     -56.58952       inf%     14.11  
   76/729        subproblem          -inf     -56.58952       inf%     14.21  
   77/729        subproblem          -inf     -56.58952       inf%     14.32  
   78/729        subproblem          -inf     -56.58952       inf%     14.43  
   79/729        subproblem          -inf     -56.58952       inf%     14.54  
   80/729        subproblem          -inf     -56.58952       inf%     14.65  
   81/729        subproblem          -inf     -56.58952       inf%     14.77  
   82/729        subproblem          -inf     -56.58952       inf%     14.88  
   83/729        subproblem          -inf     -56.58952       inf%     14.99  
   84/729        subproblem          -inf     -56.58952       inf%     15.09  
   85/729        subproblem          -inf     -56.58952       inf%     15.20  
   86/729        subproblem          -inf     -56.58952       inf%     15.30  
   87/729        subproblem          -inf     -56.58952       inf%     15.41  
   88/729        subproblem          -inf     -56.58952       inf%     15.51  
   89/729        subproblem          -inf     -56.58952       inf%     15.64  
   90/729        subproblem          -inf     -56.58952       inf%     15.74  
   91/729        subproblem          -inf     -56.58952       inf%     15.85  
   92/729        subproblem          -inf     -56.58952       inf%     15.96  
   93/729        subproblem          -inf     -56.58952       inf%     16.06  
   94/729        subproblem          -inf     -56.58952       inf%     16.17  
   95/729        subproblem          -inf     -56.58952       inf%     16.27  
   96/729        subproblem          -inf     -56.58952       inf%     16.38  
   97/729        subproblem          -inf     -56.58952       inf%     16.50  
   98/729        subproblem          -inf     -56.58952       inf%     16.61  
   99/729        subproblem          -inf     -56.58952       inf%     16.71  
  100/729        subproblem          -inf     -56.58952       inf%     16.82  
  101/729        subproblem          -inf     -56.58952       inf%     16.92  
  102/729        subproblem          -inf     -56.58952       inf%     17.03  
  103/729        subproblem          -inf     -56.58952       inf%     17.13  
  104/729        subproblem          -inf     -56.58952       inf%     17.24  
  105/729        subproblem          -inf     -56.58952       inf%     17.34  
  106/729        subproblem          -inf     -56.58952       inf%     17.46  
  107/729        subproblem          -inf     -56.58952       inf%     17.57  
  108/729        subproblem          -inf     -56.58952       inf%     17.68  
  109/729        subproblem          -inf     -56.58952       inf%     17.78  
  110/729        subproblem          -inf     -56.58952       inf%     17.89  
  111/729        subproblem          -inf     -56.58952       inf%     18.00  
  112/729        subproblem          -inf     -56.58952       inf%     18.10  
  113/729        subproblem          -inf     -56.58952       inf%     18.21  
  114/729        subproblem          -inf     -56.58952       inf%     18.31  
  115/729        subproblem          -inf     -56.58952       inf%     18.44  
  116/729        subproblem          -inf     -56.58952       inf%     18.54  
  117/729        subproblem          -inf     -56.58952       inf%     18.65  
  118/729        subproblem          -inf     -56.58952       inf%     18.75  
  119/729        subproblem          -inf     -56.58952       inf%     18.86  
  120/729        subproblem          -inf     -56.58952       inf%     18.97  
  121/729        subproblem          -inf     -56.58952       inf%     19.07  
  122/729        subproblem          -inf     -70.78653       inf%     19.76  *
  123/729        subproblem          -inf    -122.42372       inf%     20.37  *
  124/729        subproblem          -inf    -122.42372       inf%     20.47  
  125/729        subproblem          -inf    -122.42372       inf%     20.59  
  126/729        subproblem          -inf    -122.42372       inf%     21.22  
  127/729        subproblem          -inf    -122.42372       inf%     21.32  
  128/729        subproblem          -inf    -122.42372       inf%     21.43  
  129/729        subproblem          -inf    -122.42372       inf%     21.53  
  130/729        subproblem          -inf    -122.42372       inf%     21.64  
  131/729        subproblem          -inf    -122.42372       inf%     21.75  
  132/729        subproblem          -inf    -122.42372       inf%     21.87  
  133/729        subproblem          -inf    -122.42372       inf%     21.99  
  134/729        subproblem          -inf    -122.42372       inf%     22.11  
  135/729        subproblem          -inf    -122.42372       inf%     22.70  
  136/729        subproblem          -inf    -122.42372       inf%     22.81  
  137/729        subproblem          -inf    -122.42372       inf%     22.91  
  138/729        subproblem          -inf    -122.42372       inf%     23.02  
  139/729        subproblem          -inf    -122.42372       inf%     23.15  
  140/729        subproblem          -inf    -122.42372       inf%     23.25  
  141/729        subproblem          -inf    -122.42372       inf%     23.36  
  142/729        subproblem          -inf    -122.42372       inf%     23.46  
  143/729        subproblem          -inf    -122.42372       inf%     23.57  
  144/729        subproblem          -inf    -122.42372       inf%     23.67  
  145/729        subproblem          -inf    -122.42372       inf%     23.78  
  146/729        subproblem          -inf    -122.42372       inf%     23.88  
  147/729        subproblem          -inf    -122.42372       inf%     23.99  
  148/729        subproblem          -inf    -122.42372       inf%     24.11  
  149/729        subproblem          -inf    -122.42372       inf%     24.22  
  150/729        subproblem          -inf    -122.42372       inf%     24.34  
  151/729        subproblem          -inf    -122.42372       inf%     24.44  
  152/729        subproblem          -inf    -122.42372       inf%     24.56  
  153/729        subproblem          -inf    -122.42372       inf%     24.67  
  154/729        subproblem          -inf    -122.42372       inf%     24.77  
  155/729        subproblem          -inf    -122.42372       inf%     24.88  
  156/729        subproblem          -inf    -122.42372       inf%     24.98  
  157/729        subproblem          -inf    -122.42372       inf%     25.11  
  158/729        subproblem          -inf    -122.42372       inf%     25.22  
  159/729        subproblem          -inf    -122.42372       inf%     25.33  
  160/729        subproblem          -inf    -122.42372       inf%     25.44  
  161/729        subproblem          -inf    -122.42372       inf%     25.55  
  162/729        subproblem          -inf    -122.42372       inf%     26.14  
  163/729        subproblem          -inf    -122.42372       inf%     26.27  
  164/729        subproblem          -inf    -122.42372       inf%     26.38  
  165/729        subproblem          -inf    -122.42372       inf%     26.48  
  166/729        subproblem          -inf    -122.42372       inf%     26.59  
  167/729        subproblem          -inf    -122.42372       inf%     26.70  
  168/729        subproblem          -inf    -122.42372       inf%     26.81  
  169/729        subproblem          -inf    -122.42372       inf%     26.92  
  170/729        subproblem          -inf    -122.42372       inf%     27.02  
  171/729        subproblem          -inf    -122.42372       inf%     27.15  
  172/729        subproblem          -inf    -122.42372       inf%     27.26  
  173/729        subproblem          -inf    -122.42372       inf%     27.37  
  174/729        subproblem          -inf    -122.42372       inf%     27.47  
  175/729        subproblem          -inf    -122.42372       inf%     27.58  
  176/729        subproblem          -inf    -122.42372       inf%     27.69  
  177/729        subproblem          -inf    -122.42372       inf%     27.79  
  178/729        subproblem          -inf    -122.42372       inf%     27.90  
  179/729        subproblem          -inf    -122.42372       inf%     28.03  
  180/729        subproblem          -inf    -122.42372       inf%     28.13  
  181/729        subproblem          -inf    -122.42372       inf%     28.24  
  182/729        subproblem          -inf    -122.42372       inf%     28.35  
  183/729        subproblem          -inf    -122.42372       inf%     28.46  
  184/729        subproblem          -inf    -122.42372       inf%     28.56  
  185/729        subproblem          -inf    -122.42372       inf%     28.67  
  186/729        subproblem          -inf    -122.42372       inf%     28.78  
  187/729        subproblem          -inf    -122.42372       inf%     28.89  
  188/729        subproblem          -inf    -122.42372       inf%     29.02  
  189/729        subproblem          -inf    -122.42372       inf%     29.12  
  190/729        subproblem          -inf    -122.42372       inf%     29.23  
  191/729        subproblem          -inf    -122.42372       inf%     29.34  
  192/729        subproblem          -inf    -122.42372       inf%     29.45  
  193/729        subproblem          -inf    -122.42372       inf%     29.56  
  194/729        subproblem          -inf    -122.42372       inf%     29.66  
  195/729        subproblem          -inf    -122.42372       inf%     29.77  
  196/729        subproblem          -inf    -122.42372       inf%     29.90  
  197/729        subproblem          -inf    -122.42372       inf%     30.00  
  198/729        subproblem          -inf    -122.42372       inf%     30.11  
  199/729        subproblem          -inf    -122.42372       inf%     30.22  
  200/729        subproblem          -inf    -122.42372       inf%     30.32  
  201/729        subproblem          -inf    -122.42372       inf%     30.43  
  202/729        subproblem          -inf    -122.42372       inf%     30.54  
  203/729        subproblem          -inf    -122.42372       inf%     30.65  
  204/729        subproblem          -inf    -122.42372       inf%     30.75  
  205/729        subproblem          -inf    -122.42372       inf%     30.88  
  206/729        subproblem          -inf    -122.42372       inf%     30.99  
  207/729        subproblem          -inf    -122.42372       inf%     31.10  
  208/729        subproblem          -inf    -122.42372       inf%     31.21  
  209/729        subproblem          -inf    -122.42372       inf%     31.31  
  210/729        subproblem          -inf    -122.42372       inf%     31.42  
  211/729        subproblem          -inf    -122.42372       inf%     31.53  
  212/729        subproblem          -inf    -122.42372       inf%     31.63  
  213/729        subproblem          -inf    -122.42372       inf%     31.76  
  214/729        subproblem          -inf    -122.42372       inf%     31.87  
  215/729        subproblem          -inf    -122.42372       inf%     31.98  
  216/729        subproblem          -inf    -122.42372       inf%     32.08  
  217/729        subproblem          -inf    -122.42372       inf%     32.19  
  218/729        subproblem          -inf    -122.42372       inf%     32.30  
  219/729        subproblem          -inf    -122.42372       inf%     32.41  
  220/729        subproblem          -inf    -122.42372       inf%     32.52  
  221/729        subproblem          -inf    -122.42372       inf%     32.63  
  222/729        subproblem          -inf    -122.42372       inf%     32.75  
  223/729        subproblem          -inf    -122.42372       inf%     32.86  
  224/729        subproblem          -inf    -122.42372       inf%     32.97  
  225/729        subproblem          -inf    -122.42372       inf%     33.08  
  226/729        subproblem          -inf    -122.42372       inf%     33.19  
  227/729        subproblem          -inf    -122.42372       inf%     33.30  
  228/729        subproblem          -inf    -122.42372       inf%     33.41  
  229/729        subproblem          -inf    -122.42372       inf%     33.51  
  230/729        subproblem          -inf    -122.42372       inf%     33.62  
  231/729        subproblem          -inf    -122.42372       inf%     33.75  
  232/729        subproblem          -inf    -122.42372       inf%     33.86  
  233/729        subproblem          -inf    -122.42372       inf%     33.97  
  234/729        subproblem          -inf    -122.42372       inf%     34.07  
  235/729        subproblem          -inf    -122.42372       inf%     34.18  
  236/729        subproblem          -inf    -122.42372       inf%     34.29  
  237/729        subproblem          -inf    -122.42372       inf%     34.40  
  238/729        subproblem          -inf    -122.42372       inf%     34.51  
  239/729        subproblem          -inf    -122.42372       inf%     34.62  
  240/729        subproblem          -inf    -122.42372       inf%     34.74  
  241/729        subproblem          -inf    -122.42372       inf%     34.85  
  242/729        subproblem          -inf    -122.42372       inf%     34.96  
  243/729        subproblem          -inf    -122.42372       inf%     35.07  
  244/729        subproblem          -inf    -122.42372       inf%     35.17  
  245/729        subproblem          -inf    -122.42372       inf%     35.28  
  246/729        subproblem          -inf    -122.42372       inf%     35.38  
  247/729        subproblem          -inf    -122.42372       inf%     35.49  
  248/729        subproblem          -inf    -122.42372       inf%     35.61  
  249/729        subproblem          -inf    -122.42372       inf%     35.72  
  250/729        subproblem          -inf    -122.42372       inf%     35.82  
  251/729        subproblem          -inf    -122.42372       inf%     35.93  
  252/729        subproblem          -inf    -122.42372       inf%     36.03  
  253/729        subproblem          -inf    -122.42372       inf%     36.14  
  254/729        subproblem          -inf    -122.42372       inf%     36.24  
  255/729        subproblem          -inf    -122.42372       inf%     36.35  
  256/729        subproblem          -inf    -122.42372       inf%     36.45  
  257/729        subproblem          -inf    -122.42372       inf%     36.58  
  258/729        subproblem          -inf    -122.42372       inf%     36.68  
  259/729        subproblem          -inf    -122.42372       inf%     36.79  
  260/729        subproblem          -inf    -122.42372       inf%     36.89  
  261/729        subproblem          -inf    -122.42372       inf%     37.00  
  262/729        subproblem          -inf    -122.42372       inf%     37.11  
  263/729        subproblem          -inf    -122.42372       inf%     37.21  
  264/729        subproblem          -inf    -122.42372       inf%     37.31  
  265/729        subproblem          -inf    -122.42372       inf%     37.44  
  266/729        subproblem          -inf    -122.42372       inf%     37.54  
  267/729        subproblem          -inf    -122.42372       inf%     37.65  
  268/729        subproblem          -inf    -122.42372       inf%     37.76  
  269/729        subproblem          -inf    -122.42372       inf%     37.86  
  270/729        subproblem          -inf    -122.42372       inf%     37.97  
  271/729        subproblem          -inf    -122.42372       inf%     38.07  
  272/729        subproblem          -inf    -122.42372       inf%     38.18  
  273/729        subproblem          -inf    -122.42372       inf%     38.31  
  274/729        subproblem          -inf    -122.42372       inf%     38.41  
  275/729        subproblem          -inf    -122.42372       inf%     38.52  
  276/729        subproblem          -inf    -122.42372       inf%     38.62  
  277/729        subproblem          -inf    -122.42372       inf%     38.73  
  278/729        subproblem          -inf    -122.42372       inf%     38.83  
  279/729        subproblem          -inf    -122.42372       inf%     38.93  
  280/729        subproblem          -inf    -122.42372       inf%     39.04  
  281/729        subproblem          -inf    -122.42372       inf%     39.14  
  282/729        subproblem          -inf    -122.42372       inf%     39.27  
  283/729        subproblem          -inf    -122.42372       inf%     39.37  
  284/729        subproblem          -inf    -122.42372       inf%     39.48  
  285/729        subproblem          -inf    -122.42372       inf%     39.58  
  286/729        subproblem          -inf    -122.42372       inf%     39.69  
  287/729        subproblem          -inf    -122.42372       inf%     39.79  
  288/729        subproblem          -inf    -122.42372       inf%     39.89  
  289/729        subproblem          -inf    -122.42372       inf%     40.00  
  290/729        subproblem          -inf    -122.42372       inf%     40.12  
  291/729        subproblem          -inf    -122.42372       inf%     40.23  
  292/729        subproblem          -inf    -122.42372       inf%     40.33  
  293/729        subproblem          -inf    -122.42372       inf%     40.44  
  294/729        subproblem          -inf    -122.42372       inf%     40.54  
  295/729        subproblem          -inf    -122.42372       inf%     40.65  
  296/729        subproblem          -inf    -122.42372       inf%     40.75  
  297/729        subproblem          -inf    -122.42372       inf%     40.86  
  298/729        subproblem          -inf    -122.42372       inf%     40.96  
  299/729        subproblem          -inf    -122.42372       inf%     41.09  
  300/729        subproblem          -inf    -122.42372       inf%     41.19  
  301/729        subproblem          -inf    -122.42372       inf%     41.30  
  302/729        subproblem          -inf    -122.42372       inf%     41.40  
  303/729        subproblem          -inf    -122.42372       inf%     41.51  
  304/729        subproblem          -inf    -122.42372       inf%     41.61  
  305/729        subproblem          -inf    -122.42372       inf%     41.72  
  306/729        subproblem          -inf    -122.42372       inf%     41.82  
  307/729        subproblem          -inf    -122.42372       inf%     41.93  
  308/729        subproblem          -inf    -122.42372       inf%     42.05  
  309/729        subproblem          -inf    -122.42372       inf%     42.16  
  310/729        subproblem          -inf    -122.42372       inf%     42.26  
  311/729        subproblem          -inf    -122.42372       inf%     42.36  
  312/729        subproblem          -inf    -122.42372       inf%     42.47  
  313/729        subproblem          -inf    -122.42372       inf%     42.57  
  314/729        subproblem          -inf    -122.42372       inf%     42.68  
  315/729        subproblem          -inf    -122.42372       inf%     42.78  
  316/729        subproblem          -inf    -122.42372       inf%     42.91  
  317/729        subproblem          -inf    -122.42372       inf%     43.01  
  318/729        subproblem          -inf    -122.42372       inf%     43.12  
  319/729        subproblem          -inf    -122.42372       inf%     43.22  
  320/729        subproblem          -inf    -122.42372       inf%     43.33  
  321/729        subproblem          -inf    -122.42372       inf%     43.43  
  322/729        subproblem          -inf    -122.42372       inf%     43.54  
  323/729        subproblem          -inf    -122.42372       inf%     43.64  
  324/729        subproblem          -inf    -122.42372       inf%     43.75  
  325/729        subproblem          -inf    -122.42372       inf%     43.87  
  326/729        subproblem          -inf    -122.42372       inf%     43.97  
  327/729        subproblem          -inf    -122.42372       inf%     44.07  
  328/729        subproblem          -inf    -122.42372       inf%     44.17  
  329/729        subproblem          -inf    -122.42372       inf%     44.27  
  330/729        subproblem          -inf    -122.42372       inf%     44.37  
  331/729        subproblem          -inf    -122.42372       inf%     44.47  
  332/729        subproblem          -inf    -122.42372       inf%     44.57  
  333/729        subproblem          -inf    -122.42372       inf%     44.67  
  334/729        subproblem          -inf    -122.42372       inf%     44.79  
  335/729        subproblem          -inf    -122.42372       inf%     44.89  
  336/729        subproblem          -inf    -122.42372       inf%     44.99  
  337/729        subproblem          -inf    -122.42372       inf%     45.09  
  338/729        subproblem          -inf    -122.42372       inf%     45.19  
  339/729        subproblem          -inf    -122.42372       inf%     45.29  
  340/729        subproblem          -inf    -122.42372       inf%     45.39  
  341/729        subproblem          -inf    -122.42372       inf%     45.49  
  342/729        subproblem          -inf    -122.42372       inf%     45.61  
  343/729        subproblem          -inf    -122.42372       inf%     45.71  
  344/729        subproblem          -inf    -122.42372       inf%     45.81  
  345/729        subproblem          -inf    -122.42372       inf%     45.91  
  346/729        subproblem          -inf    -122.42372       inf%     46.01  
  347/729        subproblem          -inf    -122.42372       inf%     46.11  
  348/729        subproblem          -inf    -122.42372       inf%     46.21  
  349/729        subproblem          -inf    -122.42372       inf%     46.31  
  350/729        subproblem          -inf    -122.42372       inf%     46.41  
  351/729        subproblem          -inf    -122.42372       inf%     46.53  
  352/729        subproblem          -inf    -122.42372       inf%     46.63  
  353/729        subproblem          -inf    -122.42372       inf%     46.73  
  354/729        subproblem          -inf    -122.42372       inf%     46.83  
  355/729        subproblem          -inf    -122.42372       inf%     46.93  
  356/729        subproblem          -inf    -122.42372       inf%     47.03  
  357/729        subproblem          -inf    -122.42372       inf%     47.13  
  358/729        subproblem          -inf    -122.42372       inf%     47.23  
  359/729        subproblem          -inf    -122.42372       inf%     47.33  
  360/729        subproblem          -inf    -122.42372       inf%     47.45  
  361/729        subproblem          -inf    -122.42372       inf%     47.55  
  362/729        subproblem          -inf    -122.42372       inf%     47.65  
  363/729        subproblem          -inf    -122.42372       inf%     47.75  
  364/729        subproblem          -inf    -122.42372       inf%     47.85  
  365/729        subproblem          -inf    -122.42372       inf%     47.95  
  366/729        subproblem          -inf    -122.42372       inf%     48.05  
  367/729        subproblem          -inf    -122.42372       inf%     48.15  
  368/729        subproblem          -inf    -122.42372       inf%     48.27  
  369/729        subproblem          -inf    -122.42372       inf%     48.37  
  370/729        subproblem          -inf    -122.42372       inf%     48.47  
  371/729        subproblem          -inf    -122.42372       inf%     48.57  
  372/729        subproblem          -inf    -122.42372       inf%     48.66  
  373/729        subproblem          -inf    -122.42372       inf%     48.77  
  374/729        subproblem          -inf    -122.42372       inf%     48.86  
  375/729        subproblem          -inf    -122.42372       inf%     48.96  
  376/729        subproblem          -inf    -122.42372       inf%     49.06  
  377/729        subproblem          -inf    -122.42372       inf%     49.18  
  378/729        subproblem          -inf    -122.42372       inf%     49.28  
  379/729        subproblem          -inf    -122.42372       inf%     49.38  
  380/729        subproblem          -inf    -122.42372       inf%     49.48  
  381/729        subproblem          -inf    -122.42372       inf%     49.58  
  382/729        subproblem          -inf    -122.42372       inf%     49.68  
  383/729        subproblem          -inf    -122.42372       inf%     49.78  
  384/729        subproblem          -inf    -122.42372       inf%     49.88  
  385/729        subproblem          -inf    -122.42372       inf%     49.98  
  386/729        subproblem          -inf    -122.42372       inf%     50.11  
  387/729        subproblem          -inf    -122.42372       inf%     50.21  
  388/729        subproblem          -inf    -122.42372       inf%     50.31  
  389/729        subproblem          -inf    -122.42372       inf%     50.41  
  390/729        subproblem          -inf    -122.42372       inf%     50.51  
  391/729        subproblem          -inf    -122.42372       inf%     50.61  
  392/729        subproblem          -inf    -122.42372       inf%     50.71  
  393/729        subproblem          -inf    -122.42372       inf%     50.81  
  394/729        subproblem          -inf    -122.42372       inf%     50.93  
  395/729        subproblem          -inf    -122.42372       inf%     51.03  
  396/729        subproblem          -inf    -122.42372       inf%     51.13  
  397/729        subproblem          -inf    -122.42372       inf%     51.23  
  398/729        subproblem          -inf    -122.42372       inf%     51.33  
  399/729        subproblem          -inf    -122.42372       inf%     51.43  
  400/729        subproblem          -inf    -122.42372       inf%     51.52  
  401/729        subproblem          -inf    -122.42372       inf%     51.62  
  402/729        subproblem          -inf    -122.42372       inf%     51.72  
  403/729        subproblem          -inf    -122.42372       inf%     51.84  
  404/729        subproblem          -inf    -122.42372       inf%     51.94  
  405/729        subproblem          -inf    -122.42372       inf%     52.04  
  406/729        subproblem          -inf    -122.42372       inf%     52.15  
  407/729        subproblem          -inf    -122.42372       inf%     52.25  
  408/729        subproblem          -inf    -122.42372       inf%     52.36  
  409/729        subproblem          -inf    -122.42372       inf%     52.46  
  410/729        subproblem          -inf    -122.42372       inf%     52.56  
  411/729        subproblem          -inf    -122.42372       inf%     52.67  
  412/729        subproblem          -inf    -122.42372       inf%     52.79  
  413/729        subproblem          -inf    -122.42372       inf%     52.90  
  414/729        subproblem          -inf    -122.42372       inf%     53.00  
  415/729        subproblem          -inf    -122.42372       inf%     53.11  
  416/729        subproblem          -inf    -122.42372       inf%     53.21  
  417/729        subproblem          -inf    -122.42372       inf%     53.32  
  418/729        subproblem          -inf    -122.42372       inf%     53.42  
  419/729        subproblem          -inf    -122.42372       inf%     53.52  
  420/729        subproblem          -inf    -122.42372       inf%     53.65  
  421/729        subproblem          -inf    -122.42372       inf%     53.75  
  422/729        subproblem          -inf    -122.42372       inf%     53.86  
  423/729        subproblem          -inf    -122.42372       inf%     53.96  
  424/729        subproblem          -inf    -122.42372       inf%     54.07  
  425/729        subproblem          -inf    -122.42372       inf%     54.17  
  426/729        subproblem          -inf    -122.42372       inf%     54.27  
  427/729        subproblem          -inf    -122.42372       inf%     54.38  
  428/729        subproblem          -inf    -122.42372       inf%     54.48  
  429/729        subproblem          -inf    -122.42372       inf%     54.61  
  430/729        subproblem          -inf    -122.42372       inf%     54.71  
  431/729        subproblem          -inf    -122.42372       inf%     54.81  
  432/729        subproblem          -inf    -122.42372       inf%     54.92  
  433/729        subproblem          -inf    -122.42372       inf%     55.02  
  434/729        subproblem          -inf    -122.42372       inf%     55.12  
  435/729        subproblem          -inf    -122.42372       inf%     55.22  
  436/729        subproblem          -inf    -122.42372       inf%     55.32  
  437/729        subproblem          -inf    -122.42372       inf%     55.42  
  438/729        subproblem          -inf    -122.42372       inf%     55.54  
  439/729        subproblem          -inf    -122.42372       inf%     55.64  
  440/729        subproblem          -inf    -122.42372       inf%     55.74  
  441/729        subproblem          -inf    -122.42372       inf%     55.84  
  442/729        subproblem          -inf    -122.42372       inf%     55.95  
  443/729        subproblem          -inf    -122.42372       inf%     56.05  
  444/729        subproblem          -inf    -122.42372       inf%     56.15  
  445/729        subproblem          -inf    -122.42372       inf%     56.25  
  446/729        subproblem          -inf    -122.42372       inf%     56.37  
  447/729        subproblem          -inf    -122.42372       inf%     56.47  
  448/729        subproblem          -inf    -122.42372       inf%     56.57  
  449/729        subproblem          -inf    -122.42372       inf%     56.67  
  450/729        subproblem          -inf    -122.42372       inf%     56.77  
  451/729        subproblem          -inf    -122.42372       inf%     56.87  
  452/729        subproblem          -inf    -122.42372       inf%     56.97  
  453/729        subproblem          -inf    -122.42372       inf%     57.07  
  454/729        subproblem          -inf    -122.42372       inf%     57.17  
  455/729        subproblem          -inf    -122.42372       inf%     57.29  
  456/729        subproblem          -inf    -122.42372       inf%     57.39  
  457/729        subproblem          -inf    -122.42372       inf%     57.49  
  458/729        subproblem          -inf    -122.42372       inf%     57.59  
  459/729        subproblem          -inf    -122.42372       inf%     57.69  
  460/729        subproblem          -inf    -122.42372       inf%     57.79  
  461/729        subproblem          -inf    -122.42372       inf%     57.90  
  462/729        subproblem          -inf    -122.42372       inf%     58.00  
  463/729        subproblem          -inf    -122.42372       inf%     58.10  
  464/729        subproblem          -inf    -122.42372       inf%     58.23  
  465/729        subproblem          -inf    -122.42372       inf%     58.33  
  466/729        subproblem          -inf    -122.42372       inf%     58.44  
  467/729        subproblem          -inf    -122.42372       inf%     58.54  
  468/729        subproblem          -inf    -122.42372       inf%     58.64  
  469/729        subproblem          -inf    -122.42372       inf%     58.75  
  470/729        subproblem          -inf    -122.42372       inf%     58.85  
  471/729        subproblem          -inf    -122.42372       inf%     58.95  
  472/729        subproblem          -inf    -122.42372       inf%     59.07  
  473/729        subproblem          -inf    -122.42372       inf%     59.17  
  474/729        subproblem          -inf    -122.42372       inf%     59.27  
  475/729        subproblem          -inf    -122.42372       inf%     59.37  
  476/729        subproblem          -inf    -122.42372       inf%     59.47  
  477/729        subproblem          -inf    -122.42372       inf%     59.57  
  478/729        subproblem          -inf    -122.42372       inf%     59.67  
  479/729        subproblem          -inf    -122.42372       inf%     59.78  
  480/729        subproblem          -inf    -122.42372       inf%     59.90  
  481/729        subproblem          -inf    -122.42372       inf%     60.00  
  482/729        subproblem          -inf    -122.42372       inf%     60.10  
  483/729        subproblem          -inf    -122.42372       inf%     60.20  
  484/729        subproblem          -inf    -122.42372       inf%     60.30  
  485/729        subproblem          -inf    -122.42372       inf%     60.41  
  486/729        subproblem          -inf    -122.42372       inf%     61.00  
  487/729        subproblem          -inf    -122.42372       inf%     61.62  
  488/729        subproblem          -inf    -122.42372       inf%     61.74  
  489/729        subproblem          -inf    -122.42372       inf%     61.85  
  490/729        subproblem          -inf    -122.42372       inf%     61.96  
  491/729        subproblem          -inf    -122.42372       inf%     62.07  
  492/729        subproblem          -inf    -122.42372       inf%     62.18  
  493/729        subproblem          -inf    -122.42372       inf%     62.31  
  494/729        subproblem          -inf    -122.42372       inf%     62.42  
  495/729        subproblem          -inf    -122.42372       inf%     62.53  
  496/729        subproblem          -inf    -122.42372       inf%     62.64  
  497/729        subproblem          -inf    -122.42372       inf%     62.75  
  498/729        subproblem          -inf    -122.42372       inf%     62.85  
  499/729        subproblem          -inf    -122.42372       inf%     62.96  
  500/729        subproblem          -inf    -122.42372       inf%     63.07  
  501/729        subproblem          -inf    -122.42372       inf%     63.20  
  502/729        subproblem          -inf    -122.42372       inf%     63.31  
  503/729        subproblem          -inf    -122.42372       inf%     63.42  
  504/729        subproblem          -inf    -122.42372       inf%     63.54  
  505/729        subproblem          -inf    -122.42372       inf%     63.65  
  506/729        subproblem          -inf    -122.42372       inf%     63.76  
  507/729        subproblem          -inf    -122.42372       inf%     63.87  
  508/729        subproblem          -inf    -122.42372       inf%     63.97  
  509/729        subproblem          -inf    -122.42372       inf%     64.10  
  510/729        subproblem          -inf    -122.42372       inf%     64.21  
  511/729        subproblem          -inf    -122.42372       inf%     64.32  
  512/729        subproblem          -inf    -122.42372       inf%     64.43  
  513/729        subproblem          -inf    -122.42372       inf%     64.54  
  514/729        subproblem          -inf    -122.42372       inf%     64.65  
  515/729        subproblem          -inf    -122.42372       inf%     64.76  
  516/729        subproblem          -inf    -122.42372       inf%     64.86  
  517/729        subproblem          -inf    -122.42372       inf%     64.97  
  518/729        subproblem          -inf    -122.42372       inf%     65.10  
  519/729        subproblem          -inf    -122.42372       inf%     65.20  
  520/729        subproblem          -inf    -122.42372       inf%     65.31  
  521/729        subproblem          -inf    -122.42372       inf%     65.41  
  522/729        subproblem          -inf    -122.42372       inf%     65.52  
  523/729        subproblem          -inf    -122.42372       inf%     65.63  
  524/729        subproblem          -inf    -122.42372       inf%     65.73  
  525/729        subproblem          -inf    -122.42372       inf%     65.84  
  526/729        subproblem          -inf    -122.42372       inf%     65.96  
  527/729        subproblem          -inf    -122.42372       inf%     66.08  
  528/729        subproblem          -inf    -122.42372       inf%     66.19  
  529/729        subproblem          -inf    -122.42372       inf%     66.29  
  530/729        subproblem          -inf    -122.42372       inf%     66.41  
  531/729        subproblem          -inf    -122.42372       inf%     66.52  
  532/729        subproblem          -inf    -122.42372       inf%     66.63  
  533/729        subproblem          -inf    -122.42372       inf%     66.73  
  534/729        subproblem          -inf    -122.42372       inf%     66.84  
  535/729        subproblem          -inf    -122.42372       inf%     66.97  
  536/729        subproblem          -inf    -122.42372       inf%     67.08  
  537/729        subproblem          -inf    -122.42372       inf%     67.19  
  538/729        subproblem          -inf    -122.42372       inf%     67.30  
  539/729        subproblem          -inf    -122.42372       inf%     67.41  
  540/729        subproblem          -inf    -122.42372       inf%     67.52  
  541/729        subproblem          -inf    -122.42372       inf%     67.63  
  542/729        subproblem          -inf    -122.42372       inf%     67.74  
  543/729        subproblem          -inf    -122.42372       inf%     67.87  
  544/729        subproblem          -inf    -122.42372       inf%     67.97  
  545/729        subproblem          -inf    -122.42372       inf%     68.08  
  546/729        subproblem          -inf    -122.42372       inf%     68.19  
  547/729        subproblem          -inf    -122.42372       inf%     68.30  
  548/729        subproblem          -inf    -122.42372       inf%     68.41  
  549/729        subproblem          -inf    -122.42372       inf%     68.51  
  550/729        subproblem          -inf    -122.42372       inf%     68.62  
  551/729        subproblem          -inf    -122.42372       inf%     68.73  
  552/729        subproblem          -inf    -122.42372       inf%     68.85  
  553/729        subproblem          -inf    -122.42372       inf%     68.96  
  554/729        subproblem          -inf    -122.42372       inf%     69.07  
  555/729        subproblem          -inf    -122.42372       inf%     69.18  
  556/729        subproblem          -inf    -122.42372       inf%     69.28  
  557/729        subproblem          -inf    -122.42372       inf%     69.39  
  558/729        subproblem          -inf    -122.42372       inf%     69.50  
  559/729        subproblem          -inf    -122.42372       inf%     69.61  
  560/729        subproblem          -inf    -122.42372       inf%     69.72  
  561/729        subproblem          -inf    -122.42372       inf%     69.85  
  562/729        subproblem          -inf    -122.42372       inf%     69.95  
  563/729        subproblem          -inf    -122.42372       inf%     70.06  
  564/729        subproblem          -inf    -122.42372       inf%     70.17  
  565/729        subproblem          -inf    -122.42372       inf%     70.28  
  566/729        subproblem          -inf    -122.42372       inf%     70.39  
  567/729        subproblem          -inf    -122.42372       inf%     70.50  
  568/729        subproblem          -inf    -122.42372       inf%     70.60  
  569/729        subproblem          -inf    -122.42372       inf%     70.71  
  570/729        subproblem          -inf    -122.42372       inf%     70.82  
  571/729        subproblem          -inf    -122.42372       inf%     70.92  
  572/729        subproblem          -inf    -122.42372       inf%     71.02  
  573/729        subproblem          -inf    -122.42372       inf%     71.12  
  574/729        subproblem          -inf    -122.42372       inf%     71.22  
  575/729        subproblem          -inf    -122.42372       inf%     71.32  
  576/729        subproblem          -inf    -122.42372       inf%     71.42  
  577/729        subproblem          -inf    -122.42372       inf%     71.52  
  578/729        subproblem          -inf    -122.42372       inf%     71.64  
  579/729        subproblem          -inf    -122.42372       inf%     71.74  
  580/729        subproblem          -inf    -122.42372       inf%     71.84  
  581/729        subproblem          -inf    -122.42372       inf%     71.94  
  582/729        subproblem          -inf    -122.42372       inf%     72.04  
  583/729        subproblem          -inf    -122.42372       inf%     72.14  
  584/729        subproblem          -inf    -122.42372       inf%     72.24  
  585/729        subproblem          -inf    -122.42372       inf%     72.34  
  586/729        subproblem          -inf    -122.42372       inf%     72.46  
  587/729        subproblem          -inf    -122.42372       inf%     72.57  
  588/729        subproblem          -inf    -122.42372       inf%     72.67  
  589/729        subproblem          -inf    -122.42372       inf%     72.77  
  590/729        subproblem          -inf    -122.42372       inf%     72.87  
  591/729        subproblem          -inf    -122.42372       inf%     72.97  
  592/729        subproblem          -inf    -122.42372       inf%     73.07  
  593/729        subproblem          -inf    -122.42372       inf%     73.17  
  594/729        subproblem          -inf    -122.42372       inf%     73.27  
  595/729        subproblem          -inf    -122.42372       inf%     73.38  
  596/729        subproblem          -inf    -122.42372       inf%     73.48  
  597/729        subproblem          -inf    -122.42372       inf%     73.58  
  598/729        subproblem          -inf    -122.42372       inf%     73.68  
  599/729        subproblem          -inf    -122.42372       inf%     73.78  
  600/729        subproblem          -inf    -122.42372       inf%     73.88  
  601/729        subproblem          -inf    -122.42372       inf%     73.99  
  602/729        subproblem          -inf    -122.42372       inf%     74.08  
  603/729        subproblem          -inf    -122.42372       inf%     74.18  
  604/729        subproblem          -inf    -122.42372       inf%     74.30  
  605/729        subproblem          -inf    -122.42372       inf%     74.40  
  606/729        subproblem          -inf    -122.42372       inf%     74.50  
  607/729        subproblem          -inf    -122.42372       inf%     74.60  
  608/729        subproblem          -inf    -122.42372       inf%     74.70  
  609/729        subproblem          -inf    -122.42372       inf%     74.80  
  610/729        subproblem          -inf    -122.42372       inf%     74.90  
  611/729        subproblem          -inf    -122.42372       inf%     75.00  
  612/729        subproblem          -inf    -122.42372       inf%     75.12  
  613/729        subproblem          -inf    -122.42372       inf%     75.22  
  614/729        subproblem          -inf    -122.42372       inf%     75.32  
  615/729        subproblem          -inf    -122.42372       inf%     75.42  
  616/729        subproblem          -inf    -122.42372       inf%     75.52  
  617/729        subproblem          -inf    -122.42372       inf%     75.62  
  618/729        subproblem          -inf    -122.42372       inf%     75.72  
  619/729        subproblem          -inf    -122.42372       inf%     75.82  
  620/729        subproblem          -inf    -122.42372       inf%     75.92  
  621/729        subproblem          -inf    -122.42372       inf%     76.04  
  622/729        subproblem          -inf    -122.42372       inf%     76.14  
  623/729        subproblem          -inf    -122.42372       inf%     76.24  
  624/729        subproblem          -inf    -122.42372       inf%     76.34  
  625/729        subproblem          -inf    -122.42372       inf%     76.44  
  626/729        subproblem          -inf    -122.42372       inf%     76.54  
  627/729        subproblem          -inf    -122.42372       inf%     76.64  
  628/729        subproblem          -inf    -122.42372       inf%     76.74  
  629/729        subproblem          -inf    -122.42372       inf%     76.85  
  630/729        subproblem          -inf    -122.42372       inf%     76.96  
  631/729        subproblem          -inf    -122.42372       inf%     77.07  
  632/729        subproblem          -inf    -122.42372       inf%     77.17  
  633/729        subproblem          -inf    -122.42372       inf%     77.27  
  634/729        subproblem          -inf    -122.42372       inf%     77.37  
  635/729        subproblem          -inf    -122.42372       inf%     77.46  
  636/729        subproblem          -inf    -122.42372       inf%     77.57  
  637/729        subproblem          -inf    -122.42372       inf%     77.66  
  638/729        subproblem          -inf    -122.42372       inf%     77.76  
  639/729        subproblem          -inf    -122.42372       inf%     77.88  
  640/729        subproblem          -inf    -122.42372       inf%     77.98  
  641/729        subproblem          -inf    -122.42372       inf%     78.08  
  642/729        subproblem          -inf    -122.42372       inf%     78.18  
  643/729        subproblem          -inf    -122.42372       inf%     78.28  
  644/729        subproblem          -inf    -122.42372       inf%     78.38  
  645/729        subproblem          -inf    -122.42372       inf%     78.48  
  646/729        subproblem          -inf    -122.42372       inf%     78.58  
  647/729        subproblem          -inf    -122.42372       inf%     78.68  
  648/729        subproblem          -inf    -122.42372       inf%     78.80  
  649/729        subproblem          -inf    -122.42372       inf%     78.91  
  650/729        subproblem          -inf    -122.42372       inf%     79.02  
  651/729        subproblem          -inf    -122.42372       inf%     79.12  
  652/729        subproblem          -inf    -122.42372       inf%     79.23  
  653/729        subproblem          -inf    -122.42372       inf%     79.34  
  654/729        subproblem          -inf    -122.42372       inf%     79.45  
  655/729        subproblem          -inf    -122.42372       inf%     79.56  
  656/729        subproblem          -inf    -122.42372       inf%     79.68  
  657/729        subproblem          -inf    -122.42372       inf%     79.79  
  658/729        subproblem          -inf    -122.42372       inf%     79.90  
  659/729        subproblem          -inf    -122.42372       inf%     80.01  
  660/729        subproblem          -inf    -122.42372       inf%     80.12  
  661/729        subproblem          -inf    -122.42372       inf%     80.22  
  662/729        subproblem          -inf    -122.42372       inf%     80.33  
  663/729        subproblem          -inf    -122.42372       inf%     80.44  
  664/729        subproblem          -inf    -122.42372       inf%     80.55  
  665/729        subproblem          -inf    -122.42372       inf%     80.67  
  666/729        subproblem          -inf    -122.42372       inf%     80.78  
  667/729        subproblem          -inf    -122.42372       inf%     80.89  
  668/729        subproblem          -inf    -122.42372       inf%     81.00  
  669/729        subproblem          -inf    -122.42372       inf%     81.11  
  670/729        subproblem          -inf    -122.42372       inf%     81.21  
  671/729        subproblem          -inf    -122.42372       inf%     81.32  
  672/729        subproblem          -inf    -122.42372       inf%     81.43  
  673/729        subproblem          -inf    -122.42372       inf%     81.55  
  674/729        subproblem          -inf    -122.42372       inf%     81.66  
  675/729        subproblem          -inf    -122.42372       inf%     81.77  
  676/729        subproblem          -inf    -122.42372       inf%     81.87  
  677/729        subproblem          -inf    -122.42372       inf%     81.97  
  678/729        subproblem          -inf    -122.42372       inf%     82.07  
  679/729        subproblem          -inf    -122.42372       inf%     82.17  
  680/729        subproblem          -inf    -122.42372       inf%     82.27  
  681/729        subproblem          -inf    -122.42372       inf%     82.36  
  682/729        subproblem          -inf    -122.42372       inf%     82.49  
  683/729        subproblem          -inf    -122.42372       inf%     82.58  
  684/729        subproblem          -inf    -122.42372       inf%     82.69  
  685/729        subproblem          -inf    -122.42372       inf%     82.79  
  686/729        subproblem          -inf    -122.42372       inf%     82.89  
  687/729        subproblem          -inf    -122.42372       inf%     82.99  
  688/729        subproblem          -inf    -122.42372       inf%     83.09  
  689/729        subproblem          -inf    -122.42372       inf%     83.19  
  690/729        subproblem          -inf    -122.42372       inf%     83.29  
  691/729        subproblem          -inf    -122.42372       inf%     83.41  
  692/729        subproblem          -inf    -122.42372       inf%     83.50  
  693/729        subproblem          -inf    -122.42372       inf%     83.60  
  694/729        subproblem          -inf    -122.42372       inf%     83.70  
  695/729        subproblem          -inf    -122.42372       inf%     83.80  
  696/729        subproblem          -inf    -122.42372       inf%     83.90  
  697/729        subproblem          -inf    -122.42372       inf%     84.01  
  698/729        subproblem          -inf    -122.42372       inf%     84.10  
  699/729        subproblem          -inf    -122.42372       inf%     84.22  
  700/729        subproblem          -inf    -122.42372       inf%     84.32  
  701/729        subproblem          -inf    -122.42372       inf%     84.42  
  702/729        subproblem          -inf    -122.42372       inf%     84.52  
  703/729        subproblem          -inf    -122.42372       inf%     84.63  
  704/729        subproblem          -inf    -122.42372       inf%     84.73  
  705/729        subproblem          -inf    -122.42372       inf%     84.84  
  706/729        subproblem          -inf    -122.42372       inf%     84.95  
  707/729        subproblem          -inf    -122.42372       inf%     85.06  
  708/729        subproblem          -inf    -122.42372       inf%     85.18  
  709/729        subproblem          -inf    -122.42372       inf%     85.29  
  710/729        subproblem          -inf    -122.42372       inf%     85.39  
  711/729        subproblem          -inf    -122.42372       inf%     85.50  
  712/729        subproblem          -inf    -122.42372       inf%     85.60  
  713/729        subproblem          -inf    -122.42372       inf%     85.70  
  714/729        subproblem          -inf    -122.42372       inf%     85.80  
  715/729        subproblem          -inf    -122.42372       inf%     85.90  
  716/729        subproblem          -inf    -122.42372       inf%     86.00  
  717/729        subproblem          -inf    -122.42372       inf%     86.12  
  718/729        subproblem          -inf    -122.42372       inf%     86.22  
  719/729        subproblem          -inf    -122.42372       inf%     86.32  
  720/729        subproblem          -inf    -122.42372       inf%     86.42  
  721/729        subproblem          -inf    -122.42372       inf%     86.53  
  722/729        subproblem          -inf    -122.42372       inf%     86.64  
  723/729        subproblem          -inf    -122.42372       inf%     86.74  
  724/729        subproblem          -inf    -122.42372       inf%     86.85  
  725/729        subproblem          -inf    -122.42372       inf%     86.95  
  726/729        subproblem          -inf    -122.42372       inf%     87.07  
  727/729        subproblem          -inf    -122.42372       inf%     87.17  
  728/729        subproblem          -inf    -122.42372       inf%     87.28  
  729/729        subproblem          -inf    -122.42372       inf%     87.38  
  729/729                      -122.42372    -122.42372      0.00%     87.38  
GDPopt exiting--all discrete solutions have been enumerated.

Solved in 729 iterations and 87.38335 seconds
Optimal objective value -122.4237212158
Relative optimality gap 0.00000%

Problem: 
- Name: unknown
  Lower bound: -122.42372121584258
  Upper bound: -122.42372121584258
  Number of objectives: 1
  Number of constraints: 1911
  Number of variables: 1113
  Number of binary variables: 15
  Number of integer variables: 0
  Number of continuous variables: 1098
  Number of nonzeros: None
  Sense: 1
  Number of disjunctions: 6
Solver: 
- Name: GDPopt (22, 5, 13) - enumerate
  Status: ok
  User time: 87.38331494294107
  Wallclock time: 87.38331494294107
  Termination condition: optimal
  Iterations: 729
  Timing: main_timer_start_time: 5823028.277228847
nlp: 87.24453808646649
total: 87.38331494294107

